[2023-12-07T17:02:42.492+0000] {taskinstance.py:1159} INFO - Dependencies all met for dep_context=non-requeueable deps ti=<TaskInstance: my_scraping_dag.get_category_urls manual__2023-12-07T16:59:48.184075+00:00 [queued]>
[2023-12-07T17:02:42.496+0000] {taskinstance.py:1159} INFO - Dependencies all met for dep_context=requeueable deps ti=<TaskInstance: my_scraping_dag.get_category_urls manual__2023-12-07T16:59:48.184075+00:00 [queued]>
[2023-12-07T17:02:42.496+0000] {taskinstance.py:1361} INFO - Starting attempt 1 of 1
[2023-12-07T17:02:42.502+0000] {taskinstance.py:1382} INFO - Executing <Task(PythonOperator): get_category_urls> on 2023-12-07 16:59:48.184075+00:00
[2023-12-07T17:02:42.505+0000] {standard_task_runner.py:57} INFO - Started process 6784 to run task
[2023-12-07T17:02:42.509+0000] {standard_task_runner.py:84} INFO - Running: ['***', 'tasks', 'run', 'my_scraping_dag', 'get_category_urls', 'manual__2023-12-07T16:59:48.184075+00:00', '--job-id', '1842', '--raw', '--subdir', 'DAGS_FOLDER/main.py', '--cfg-path', '/tmp/tmphsqra_72']
[2023-12-07T17:02:42.513+0000] {standard_task_runner.py:85} INFO - Job 1842: Subtask get_category_urls
[2023-12-07T17:02:42.542+0000] {task_command.py:416} INFO - Running <TaskInstance: my_scraping_dag.get_category_urls manual__2023-12-07T16:59:48.184075+00:00 [running]> on host 63b0c7e341c0
[2023-12-07T17:02:42.587+0000] {taskinstance.py:1662} INFO - Exporting env vars: AIRFLOW_CTX_DAG_OWNER='***' AIRFLOW_CTX_DAG_ID='my_scraping_dag' AIRFLOW_CTX_TASK_ID='get_category_urls' AIRFLOW_CTX_EXECUTION_DATE='2023-12-07T16:59:48.184075+00:00' AIRFLOW_CTX_TRY_NUMBER='1' AIRFLOW_CTX_DAG_RUN_ID='manual__2023-12-07T16:59:48.184075+00:00'
[2023-12-07T17:02:42.588+0000] {taskinstance.py:1937} ERROR - Task failed with exception
Traceback (most recent call last):
  File "/home/airflow/.local/lib/python3.8/site-packages/airflow/operators/python.py", line 192, in execute
    return_value = self.execute_callable()
  File "/home/airflow/.local/lib/python3.8/site-packages/airflow/operators/python.py", line 209, in execute_callable
    return self.python_callable(*self.op_args, **self.op_kwargs)
  File "/opt/airflow/dags/main.py", line 46, in get_category_urls
    soup = get_soup(base_url, headers)
  File "/opt/airflow/dags/main.py", line 41, in get_soup
    response = requests.get(base_url, headers=headers)
  File "/home/airflow/.local/lib/python3.8/site-packages/requests/api.py", line 73, in get
    return request("get", url, params=params, **kwargs)
  File "/home/airflow/.local/lib/python3.8/site-packages/requests/api.py", line 59, in request
    return session.request(method=method, url=url, **kwargs)
  File "/home/airflow/.local/lib/python3.8/site-packages/requests/sessions.py", line 575, in request
    prep = self.prepare_request(req)
  File "/home/airflow/.local/lib/python3.8/site-packages/requests/sessions.py", line 486, in prepare_request
    p.prepare(
  File "/home/airflow/.local/lib/python3.8/site-packages/requests/models.py", line 369, in prepare
    self.prepare_headers(headers)
  File "/home/airflow/.local/lib/python3.8/site-packages/requests/models.py", line 489, in prepare_headers
    for header in headers.items():
AttributeError: 'str' object has no attribute 'items'
[2023-12-07T17:02:42.593+0000] {taskinstance.py:1400} INFO - Marking task as FAILED. dag_id=my_scraping_dag, task_id=get_category_urls, execution_date=20231207T165948, start_date=20231207T170242, end_date=20231207T170242
[2023-12-07T17:02:42.598+0000] {standard_task_runner.py:104} ERROR - Failed to execute job 1842 for task get_category_urls ('str' object has no attribute 'items'; 6784)
[2023-12-07T17:02:42.602+0000] {local_task_job_runner.py:228} INFO - Task exited with return code 1
[2023-12-07T17:02:42.633+0000] {taskinstance.py:2778} INFO - 0 downstream tasks scheduled from follow-on schedule check
