[2023-12-07T14:45:48.858+0000] {taskinstance.py:1159} INFO - Dependencies all met for dep_context=non-requeueable deps ti=<TaskInstance: my_scraping_dag.main_task scheduled__2023-02-19T00:00:00+00:00 [queued]>
[2023-12-07T14:45:48.862+0000] {taskinstance.py:1159} INFO - Dependencies all met for dep_context=requeueable deps ti=<TaskInstance: my_scraping_dag.main_task scheduled__2023-02-19T00:00:00+00:00 [queued]>
[2023-12-07T14:45:48.862+0000] {taskinstance.py:1361} INFO - Starting attempt 1 of 1
[2023-12-07T14:45:48.868+0000] {taskinstance.py:1382} INFO - Executing <Task(PythonOperator): main_task> on 2023-02-19 00:00:00+00:00
[2023-12-07T14:45:48.870+0000] {standard_task_runner.py:57} INFO - Started process 489 to run task
[2023-12-07T14:45:48.873+0000] {standard_task_runner.py:84} INFO - Running: ['***', 'tasks', 'run', 'my_scraping_dag', 'main_task', 'scheduled__2023-02-19T00:00:00+00:00', '--job-id', '61', '--raw', '--subdir', 'DAGS_FOLDER/main.py', '--cfg-path', '/tmp/tmpn8nfnuda']
[2023-12-07T14:45:48.874+0000] {standard_task_runner.py:85} INFO - Job 61: Subtask main_task
[2023-12-07T14:45:48.906+0000] {task_command.py:416} INFO - Running <TaskInstance: my_scraping_dag.main_task scheduled__2023-02-19T00:00:00+00:00 [running]> on host 63b0c7e341c0
[2023-12-07T14:45:48.935+0000] {taskinstance.py:1662} INFO - Exporting env vars: AIRFLOW_CTX_DAG_OWNER='***' AIRFLOW_CTX_DAG_ID='my_scraping_dag' AIRFLOW_CTX_TASK_ID='main_task' AIRFLOW_CTX_EXECUTION_DATE='2023-02-19T00:00:00+00:00' AIRFLOW_CTX_TRY_NUMBER='1' AIRFLOW_CTX_DAG_RUN_ID='scheduled__2023-02-19T00:00:00+00:00'
[2023-12-07T14:45:48.936+0000] {taskinstance.py:1937} ERROR - Task failed with exception
Traceback (most recent call last):
  File "/usr/local/lib/python3.8/configparser.py", line 846, in items
    d.update(self._sections[section])
KeyError: 'web'

During handling of the above exception, another exception occurred:

Traceback (most recent call last):
  File "/home/airflow/.local/lib/python3.8/site-packages/airflow/operators/python.py", line 192, in execute
    return_value = self.execute_callable()
  File "/home/airflow/.local/lib/python3.8/site-packages/airflow/operators/python.py", line 209, in execute_callable
    return self.python_callable(*self.op_args, **self.op_kwargs)
  File "/opt/airflow/dags/main.py", line 61, in main
    config = get_config('web')
  File "/opt/airflow/dags/main.py", line 23, in get_config
    return {key: value for key, value in parser.items(section)}
  File "/usr/local/lib/python3.8/configparser.py", line 849, in items
    raise NoSectionError(section)
configparser.NoSectionError: No section: 'web'
[2023-12-07T14:45:48.940+0000] {taskinstance.py:1400} INFO - Marking task as FAILED. dag_id=my_scraping_dag, task_id=main_task, execution_date=20230219T000000, start_date=20231207T144548, end_date=20231207T144548
[2023-12-07T14:45:48.945+0000] {standard_task_runner.py:104} ERROR - Failed to execute job 61 for task main_task (No section: 'web'; 489)
[2023-12-07T14:45:48.965+0000] {local_task_job_runner.py:228} INFO - Task exited with return code 1
[2023-12-07T14:45:48.977+0000] {taskinstance.py:2778} INFO - 0 downstream tasks scheduled from follow-on schedule check
[2023-12-07T14:51:36.165+0000] {taskinstance.py:1159} INFO - Dependencies all met for dep_context=non-requeueable deps ti=<TaskInstance: my_scraping_dag.main_task scheduled__2023-02-19T00:00:00+00:00 [queued]>
[2023-12-07T14:51:36.169+0000] {taskinstance.py:1159} INFO - Dependencies all met for dep_context=requeueable deps ti=<TaskInstance: my_scraping_dag.main_task scheduled__2023-02-19T00:00:00+00:00 [queued]>
[2023-12-07T14:51:36.169+0000] {taskinstance.py:1361} INFO - Starting attempt 1 of 1
[2023-12-07T14:51:36.174+0000] {taskinstance.py:1382} INFO - Executing <Task(PythonOperator): main_task> on 2023-02-19 00:00:00+00:00
[2023-12-07T14:51:36.176+0000] {standard_task_runner.py:57} INFO - Started process 836 to run task
[2023-12-07T14:51:36.178+0000] {standard_task_runner.py:84} INFO - Running: ['***', 'tasks', 'run', 'my_scraping_dag', 'main_task', 'scheduled__2023-02-19T00:00:00+00:00', '--job-id', '160', '--raw', '--subdir', 'DAGS_FOLDER/main.py', '--cfg-path', '/tmp/tmpr6m1hj5c']
[2023-12-07T14:51:36.180+0000] {standard_task_runner.py:85} INFO - Job 160: Subtask main_task
[2023-12-07T14:51:36.201+0000] {task_command.py:416} INFO - Running <TaskInstance: my_scraping_dag.main_task scheduled__2023-02-19T00:00:00+00:00 [running]> on host 63b0c7e341c0
[2023-12-07T14:51:36.233+0000] {taskinstance.py:1662} INFO - Exporting env vars: AIRFLOW_CTX_DAG_OWNER='***' AIRFLOW_CTX_DAG_ID='my_scraping_dag' AIRFLOW_CTX_TASK_ID='main_task' AIRFLOW_CTX_EXECUTION_DATE='2023-02-19T00:00:00+00:00' AIRFLOW_CTX_TRY_NUMBER='1' AIRFLOW_CTX_DAG_RUN_ID='scheduled__2023-02-19T00:00:00+00:00'
[2023-12-07T14:51:36.234+0000] {taskinstance.py:1937} ERROR - Task failed with exception
Traceback (most recent call last):
  File "/usr/local/lib/python3.8/configparser.py", line 846, in items
    d.update(self._sections[section])
KeyError: 'web'

During handling of the above exception, another exception occurred:

Traceback (most recent call last):
  File "/home/airflow/.local/lib/python3.8/site-packages/airflow/operators/python.py", line 192, in execute
    return_value = self.execute_callable()
  File "/home/airflow/.local/lib/python3.8/site-packages/airflow/operators/python.py", line 209, in execute_callable
    return self.python_callable(*self.op_args, **self.op_kwargs)
  File "/opt/airflow/dags/main.py", line 61, in main
    config = get_config('web')
  File "/opt/airflow/dags/main.py", line 23, in get_config
    return {key: value for key, value in parser.items(section)}
  File "/usr/local/lib/python3.8/configparser.py", line 849, in items
    raise NoSectionError(section)
configparser.NoSectionError: No section: 'web'
[2023-12-07T14:51:36.239+0000] {taskinstance.py:1400} INFO - Marking task as FAILED. dag_id=my_scraping_dag, task_id=main_task, execution_date=20230219T000000, start_date=20231207T145136, end_date=20231207T145136
[2023-12-07T14:51:36.245+0000] {standard_task_runner.py:104} ERROR - Failed to execute job 160 for task main_task (No section: 'web'; 836)
[2023-12-07T14:51:36.273+0000] {local_task_job_runner.py:228} INFO - Task exited with return code 1
[2023-12-07T14:51:36.287+0000] {taskinstance.py:2778} INFO - 0 downstream tasks scheduled from follow-on schedule check
[2023-12-07T15:00:05.048+0000] {taskinstance.py:1159} INFO - Dependencies all met for dep_context=non-requeueable deps ti=<TaskInstance: my_scraping_dag.main_task scheduled__2023-02-19T00:00:00+00:00 [queued]>
[2023-12-07T15:00:05.052+0000] {taskinstance.py:1159} INFO - Dependencies all met for dep_context=requeueable deps ti=<TaskInstance: my_scraping_dag.main_task scheduled__2023-02-19T00:00:00+00:00 [queued]>
[2023-12-07T15:00:05.053+0000] {taskinstance.py:1361} INFO - Starting attempt 1 of 1
[2023-12-07T15:00:05.059+0000] {taskinstance.py:1382} INFO - Executing <Task(PythonOperator): main_task> on 2023-02-19 00:00:00+00:00
[2023-12-07T15:00:05.061+0000] {standard_task_runner.py:57} INFO - Started process 1475 to run task
[2023-12-07T15:00:05.063+0000] {standard_task_runner.py:84} INFO - Running: ['***', 'tasks', 'run', 'my_scraping_dag', 'main_task', 'scheduled__2023-02-19T00:00:00+00:00', '--job-id', '364', '--raw', '--subdir', 'DAGS_FOLDER/main.py', '--cfg-path', '/tmp/tmply4gcjnt']
[2023-12-07T15:00:05.065+0000] {standard_task_runner.py:85} INFO - Job 364: Subtask main_task
[2023-12-07T15:00:05.090+0000] {task_command.py:416} INFO - Running <TaskInstance: my_scraping_dag.main_task scheduled__2023-02-19T00:00:00+00:00 [running]> on host 63b0c7e341c0
[2023-12-07T15:00:05.124+0000] {taskinstance.py:1662} INFO - Exporting env vars: AIRFLOW_CTX_DAG_OWNER='***' AIRFLOW_CTX_DAG_ID='my_scraping_dag' AIRFLOW_CTX_TASK_ID='main_task' AIRFLOW_CTX_EXECUTION_DATE='2023-02-19T00:00:00+00:00' AIRFLOW_CTX_TRY_NUMBER='1' AIRFLOW_CTX_DAG_RUN_ID='scheduled__2023-02-19T00:00:00+00:00'
[2023-12-07T15:00:05.125+0000] {taskinstance.py:1937} ERROR - Task failed with exception
Traceback (most recent call last):
  File "/usr/local/lib/python3.8/configparser.py", line 846, in items
    d.update(self._sections[section])
KeyError: 'web'

During handling of the above exception, another exception occurred:

Traceback (most recent call last):
  File "/home/airflow/.local/lib/python3.8/site-packages/airflow/operators/python.py", line 192, in execute
    return_value = self.execute_callable()
  File "/home/airflow/.local/lib/python3.8/site-packages/airflow/operators/python.py", line 209, in execute_callable
    return self.python_callable(*self.op_args, **self.op_kwargs)
  File "/opt/airflow/dags/main.py", line 60, in main
    config = get_config('web')
  File "/opt/airflow/dags/main.py", line 22, in get_config
    return {key: value for key, value in parser.items(section)}
  File "/usr/local/lib/python3.8/configparser.py", line 849, in items
    raise NoSectionError(section)
configparser.NoSectionError: No section: 'web'
[2023-12-07T15:00:05.131+0000] {taskinstance.py:1400} INFO - Marking task as FAILED. dag_id=my_scraping_dag, task_id=main_task, execution_date=20230219T000000, start_date=20231207T150005, end_date=20231207T150005
[2023-12-07T15:00:05.137+0000] {standard_task_runner.py:104} ERROR - Failed to execute job 364 for task main_task (No section: 'web'; 1475)
[2023-12-07T15:00:05.156+0000] {local_task_job_runner.py:228} INFO - Task exited with return code 1
[2023-12-07T15:00:05.193+0000] {taskinstance.py:2778} INFO - 0 downstream tasks scheduled from follow-on schedule check
[2023-12-07T15:10:51.269+0000] {taskinstance.py:1159} INFO - Dependencies all met for dep_context=non-requeueable deps ti=<TaskInstance: my_scraping_dag.main_task scheduled__2023-02-19T00:00:00+00:00 [queued]>
[2023-12-07T15:10:51.275+0000] {taskinstance.py:1159} INFO - Dependencies all met for dep_context=requeueable deps ti=<TaskInstance: my_scraping_dag.main_task scheduled__2023-02-19T00:00:00+00:00 [queued]>
[2023-12-07T15:10:51.275+0000] {taskinstance.py:1361} INFO - Starting attempt 1 of 1
[2023-12-07T15:10:51.284+0000] {taskinstance.py:1382} INFO - Executing <Task(PythonOperator): main_task> on 2023-02-19 00:00:00+00:00
[2023-12-07T15:10:51.287+0000] {standard_task_runner.py:57} INFO - Started process 1942 to run task
[2023-12-07T15:10:51.290+0000] {standard_task_runner.py:84} INFO - Running: ['***', 'tasks', 'run', 'my_scraping_dag', 'main_task', 'scheduled__2023-02-19T00:00:00+00:00', '--job-id', '471', '--raw', '--subdir', 'DAGS_FOLDER/main.py', '--cfg-path', '/tmp/tmpqlwl3q3v']
[2023-12-07T15:10:51.292+0000] {standard_task_runner.py:85} INFO - Job 471: Subtask main_task
[2023-12-07T15:10:51.318+0000] {task_command.py:416} INFO - Running <TaskInstance: my_scraping_dag.main_task scheduled__2023-02-19T00:00:00+00:00 [running]> on host 63b0c7e341c0
[2023-12-07T15:10:51.356+0000] {taskinstance.py:1662} INFO - Exporting env vars: AIRFLOW_CTX_DAG_OWNER='***' AIRFLOW_CTX_DAG_ID='my_scraping_dag' AIRFLOW_CTX_TASK_ID='main_task' AIRFLOW_CTX_EXECUTION_DATE='2023-02-19T00:00:00+00:00' AIRFLOW_CTX_TRY_NUMBER='1' AIRFLOW_CTX_DAG_RUN_ID='scheduled__2023-02-19T00:00:00+00:00'
[2023-12-07T15:10:51.357+0000] {taskinstance.py:1937} ERROR - Task failed with exception
Traceback (most recent call last):
  File "/usr/local/lib/python3.8/configparser.py", line 846, in items
    d.update(self._sections[section])
KeyError: 'web'

During handling of the above exception, another exception occurred:

Traceback (most recent call last):
  File "/home/airflow/.local/lib/python3.8/site-packages/airflow/operators/python.py", line 192, in execute
    return_value = self.execute_callable()
  File "/home/airflow/.local/lib/python3.8/site-packages/airflow/operators/python.py", line 209, in execute_callable
    return self.python_callable(*self.op_args, **self.op_kwargs)
  File "/opt/airflow/dags/main.py", line 63, in main
    config = get_config('web')
  File "/opt/airflow/dags/main.py", line 14, in get_config
    return {key: value for key, value in parser.items(section)}
  File "/usr/local/lib/python3.8/configparser.py", line 849, in items
    raise NoSectionError(section)
configparser.NoSectionError: No section: 'web'
[2023-12-07T15:10:51.361+0000] {taskinstance.py:1400} INFO - Marking task as FAILED. dag_id=my_scraping_dag, task_id=main_task, execution_date=20230219T000000, start_date=20231207T151051, end_date=20231207T151051
[2023-12-07T15:10:51.366+0000] {standard_task_runner.py:104} ERROR - Failed to execute job 471 for task main_task (No section: 'web'; 1942)
[2023-12-07T15:10:51.383+0000] {local_task_job_runner.py:228} INFO - Task exited with return code 1
[2023-12-07T15:10:51.392+0000] {taskinstance.py:2778} INFO - 0 downstream tasks scheduled from follow-on schedule check
[2023-12-07T15:12:16.660+0000] {taskinstance.py:1159} INFO - Dependencies all met for dep_context=non-requeueable deps ti=<TaskInstance: my_scraping_dag.main_task scheduled__2023-02-19T00:00:00+00:00 [queued]>
[2023-12-07T15:12:16.665+0000] {taskinstance.py:1159} INFO - Dependencies all met for dep_context=requeueable deps ti=<TaskInstance: my_scraping_dag.main_task scheduled__2023-02-19T00:00:00+00:00 [queued]>
[2023-12-07T15:12:16.665+0000] {taskinstance.py:1361} INFO - Starting attempt 1 of 1
[2023-12-07T15:12:16.672+0000] {taskinstance.py:1382} INFO - Executing <Task(PythonOperator): main_task> on 2023-02-19 00:00:00+00:00
[2023-12-07T15:12:16.675+0000] {standard_task_runner.py:57} INFO - Started process 2169 to run task
[2023-12-07T15:12:16.677+0000] {standard_task_runner.py:84} INFO - Running: ['***', 'tasks', 'run', 'my_scraping_dag', 'main_task', 'scheduled__2023-02-19T00:00:00+00:00', '--job-id', '560', '--raw', '--subdir', 'DAGS_FOLDER/main.py', '--cfg-path', '/tmp/tmpy76xnj_p']
[2023-12-07T15:12:16.679+0000] {standard_task_runner.py:85} INFO - Job 560: Subtask main_task
[2023-12-07T15:12:16.704+0000] {task_command.py:416} INFO - Running <TaskInstance: my_scraping_dag.main_task scheduled__2023-02-19T00:00:00+00:00 [running]> on host 63b0c7e341c0
[2023-12-07T15:12:16.744+0000] {taskinstance.py:1662} INFO - Exporting env vars: AIRFLOW_CTX_DAG_OWNER='***' AIRFLOW_CTX_DAG_ID='my_scraping_dag' AIRFLOW_CTX_TASK_ID='main_task' AIRFLOW_CTX_EXECUTION_DATE='2023-02-19T00:00:00+00:00' AIRFLOW_CTX_TRY_NUMBER='1' AIRFLOW_CTX_DAG_RUN_ID='scheduled__2023-02-19T00:00:00+00:00'
[2023-12-07T15:12:16.746+0000] {taskinstance.py:1937} ERROR - Task failed with exception
Traceback (most recent call last):
  File "/usr/local/lib/python3.8/configparser.py", line 846, in items
    d.update(self._sections[section])
KeyError: 'web'

During handling of the above exception, another exception occurred:

Traceback (most recent call last):
  File "/home/airflow/.local/lib/python3.8/site-packages/airflow/operators/python.py", line 192, in execute
    return_value = self.execute_callable()
  File "/home/airflow/.local/lib/python3.8/site-packages/airflow/operators/python.py", line 209, in execute_callable
    return self.python_callable(*self.op_args, **self.op_kwargs)
  File "/opt/airflow/dags/main.py", line 63, in main
    config = get_config('web')
  File "/opt/airflow/dags/main.py", line 14, in get_config
    return {key: value for key, value in parser.items(section)}
  File "/usr/local/lib/python3.8/configparser.py", line 849, in items
    raise NoSectionError(section)
configparser.NoSectionError: No section: 'web'
[2023-12-07T15:12:16.752+0000] {taskinstance.py:1400} INFO - Marking task as FAILED. dag_id=my_scraping_dag, task_id=main_task, execution_date=20230219T000000, start_date=20231207T151216, end_date=20231207T151216
[2023-12-07T15:12:16.756+0000] {standard_task_runner.py:104} ERROR - Failed to execute job 560 for task main_task (No section: 'web'; 2169)
[2023-12-07T15:12:16.769+0000] {local_task_job_runner.py:228} INFO - Task exited with return code 1
[2023-12-07T15:12:16.777+0000] {taskinstance.py:2778} INFO - 0 downstream tasks scheduled from follow-on schedule check
[2023-12-07T16:31:22.964+0000] {taskinstance.py:1159} INFO - Dependencies all met for dep_context=non-requeueable deps ti=<TaskInstance: my_scraping_dag.main_task scheduled__2023-02-19T00:00:00+00:00 [queued]>
[2023-12-07T16:31:22.967+0000] {taskinstance.py:1159} INFO - Dependencies all met for dep_context=requeueable deps ti=<TaskInstance: my_scraping_dag.main_task scheduled__2023-02-19T00:00:00+00:00 [queued]>
[2023-12-07T16:31:22.967+0000] {taskinstance.py:1361} INFO - Starting attempt 1 of 1
[2023-12-07T16:31:22.973+0000] {taskinstance.py:1382} INFO - Executing <Task(PythonOperator): main_task> on 2023-02-19 00:00:00+00:00
[2023-12-07T16:31:22.975+0000] {standard_task_runner.py:57} INFO - Started process 3611 to run task
[2023-12-07T16:31:22.977+0000] {standard_task_runner.py:84} INFO - Running: ['***', 'tasks', 'run', 'my_scraping_dag', 'main_task', 'scheduled__2023-02-19T00:00:00+00:00', '--job-id', '638', '--raw', '--subdir', 'DAGS_FOLDER/main.py', '--cfg-path', '/tmp/tmp79nz4c98']
[2023-12-07T16:31:22.979+0000] {standard_task_runner.py:85} INFO - Job 638: Subtask main_task
[2023-12-07T16:31:23.001+0000] {task_command.py:416} INFO - Running <TaskInstance: my_scraping_dag.main_task scheduled__2023-02-19T00:00:00+00:00 [running]> on host 63b0c7e341c0
[2023-12-07T16:31:23.032+0000] {taskinstance.py:1662} INFO - Exporting env vars: AIRFLOW_CTX_DAG_OWNER='***' AIRFLOW_CTX_DAG_ID='my_scraping_dag' AIRFLOW_CTX_TASK_ID='main_task' AIRFLOW_CTX_EXECUTION_DATE='2023-02-19T00:00:00+00:00' AIRFLOW_CTX_TRY_NUMBER='1' AIRFLOW_CTX_DAG_RUN_ID='scheduled__2023-02-19T00:00:00+00:00'
[2023-12-07T16:31:23.032+0000] {taskinstance.py:1937} ERROR - Task failed with exception
Traceback (most recent call last):
  File "/usr/local/lib/python3.8/configparser.py", line 846, in items
    d.update(self._sections[section])
KeyError: 'web'

During handling of the above exception, another exception occurred:

Traceback (most recent call last):
  File "/home/airflow/.local/lib/python3.8/site-packages/airflow/operators/python.py", line 192, in execute
    return_value = self.execute_callable()
  File "/home/airflow/.local/lib/python3.8/site-packages/airflow/operators/python.py", line 209, in execute_callable
    return self.python_callable(*self.op_args, **self.op_kwargs)
  File "/opt/airflow/dags/main.py", line 60, in main
    config = get_config('web')
  File "/opt/airflow/dags/main.py", line 22, in get_config
    return {key: value for key, value in parser.items(section)}
  File "/usr/local/lib/python3.8/configparser.py", line 849, in items
    raise NoSectionError(section)
configparser.NoSectionError: No section: 'web'
[2023-12-07T16:31:23.036+0000] {taskinstance.py:1400} INFO - Marking task as FAILED. dag_id=my_scraping_dag, task_id=main_task, execution_date=20230219T000000, start_date=20231207T163122, end_date=20231207T163123
[2023-12-07T16:31:23.040+0000] {standard_task_runner.py:104} ERROR - Failed to execute job 638 for task main_task (No section: 'web'; 3611)
[2023-12-07T16:31:23.070+0000] {local_task_job_runner.py:228} INFO - Task exited with return code 1
[2023-12-07T16:31:23.081+0000] {taskinstance.py:2778} INFO - 0 downstream tasks scheduled from follow-on schedule check
[2023-12-07T16:41:03.983+0000] {taskinstance.py:1159} INFO - Dependencies all met for dep_context=non-requeueable deps ti=<TaskInstance: my_scraping_dag.main_task scheduled__2023-02-19T00:00:00+00:00 [queued]>
[2023-12-07T16:41:03.988+0000] {taskinstance.py:1159} INFO - Dependencies all met for dep_context=requeueable deps ti=<TaskInstance: my_scraping_dag.main_task scheduled__2023-02-19T00:00:00+00:00 [queued]>
[2023-12-07T16:41:03.988+0000] {taskinstance.py:1361} INFO - Starting attempt 1 of 1
[2023-12-07T16:41:03.997+0000] {taskinstance.py:1382} INFO - Executing <Task(PythonOperator): main_task> on 2023-02-19 00:00:00+00:00
[2023-12-07T16:41:04.000+0000] {standard_task_runner.py:57} INFO - Started process 4528 to run task
[2023-12-07T16:41:04.003+0000] {standard_task_runner.py:84} INFO - Running: ['***', 'tasks', 'run', 'my_scraping_dag', 'main_task', 'scheduled__2023-02-19T00:00:00+00:00', '--job-id', '980', '--raw', '--subdir', 'DAGS_FOLDER/main.py', '--cfg-path', '/tmp/tmpgvh5ik8h']
[2023-12-07T16:41:04.005+0000] {standard_task_runner.py:85} INFO - Job 980: Subtask main_task
[2023-12-07T16:41:04.034+0000] {task_command.py:416} INFO - Running <TaskInstance: my_scraping_dag.main_task scheduled__2023-02-19T00:00:00+00:00 [running]> on host 63b0c7e341c0
[2023-12-07T16:41:04.078+0000] {taskinstance.py:1662} INFO - Exporting env vars: AIRFLOW_CTX_DAG_OWNER='***' AIRFLOW_CTX_DAG_ID='my_scraping_dag' AIRFLOW_CTX_TASK_ID='main_task' AIRFLOW_CTX_EXECUTION_DATE='2023-02-19T00:00:00+00:00' AIRFLOW_CTX_TRY_NUMBER='1' AIRFLOW_CTX_DAG_RUN_ID='scheduled__2023-02-19T00:00:00+00:00'
[2023-12-07T16:41:04.079+0000] {taskinstance.py:1937} ERROR - Task failed with exception
Traceback (most recent call last):
  File "/usr/local/lib/python3.8/configparser.py", line 846, in items
    d.update(self._sections[section])
KeyError: 'web'

During handling of the above exception, another exception occurred:

Traceback (most recent call last):
  File "/home/airflow/.local/lib/python3.8/site-packages/airflow/operators/python.py", line 192, in execute
    return_value = self.execute_callable()
  File "/home/airflow/.local/lib/python3.8/site-packages/airflow/operators/python.py", line 209, in execute_callable
    return self.python_callable(*self.op_args, **self.op_kwargs)
  File "/opt/airflow/dags/main.py", line 60, in main
    config = get_config('web')
  File "/opt/airflow/dags/main.py", line 22, in get_config
    return {key: value for key, value in parser.items(section)}
  File "/usr/local/lib/python3.8/configparser.py", line 849, in items
    raise NoSectionError(section)
configparser.NoSectionError: No section: 'web'
[2023-12-07T16:41:04.083+0000] {taskinstance.py:1400} INFO - Marking task as FAILED. dag_id=my_scraping_dag, task_id=main_task, execution_date=20230219T000000, start_date=20231207T164103, end_date=20231207T164104
[2023-12-07T16:41:04.088+0000] {standard_task_runner.py:104} ERROR - Failed to execute job 980 for task main_task (No section: 'web'; 4528)
[2023-12-07T16:41:04.095+0000] {local_task_job_runner.py:228} INFO - Task exited with return code 1
[2023-12-07T16:41:04.110+0000] {taskinstance.py:2778} INFO - 0 downstream tasks scheduled from follow-on schedule check
[2023-12-07T17:00:09.711+0000] {taskinstance.py:1159} INFO - Dependencies all met for dep_context=non-requeueable deps ti=<TaskInstance: my_scraping_dag.main_task scheduled__2023-02-19T00:00:00+00:00 [queued]>
[2023-12-07T17:00:09.715+0000] {taskinstance.py:1159} INFO - Dependencies all met for dep_context=requeueable deps ti=<TaskInstance: my_scraping_dag.main_task scheduled__2023-02-19T00:00:00+00:00 [queued]>
[2023-12-07T17:00:09.716+0000] {taskinstance.py:1361} INFO - Starting attempt 1 of 1
[2023-12-07T17:00:09.722+0000] {taskinstance.py:1382} INFO - Executing <Task(PythonOperator): main_task> on 2023-02-19 00:00:00+00:00
[2023-12-07T17:00:09.724+0000] {standard_task_runner.py:57} INFO - Started process 5691 to run task
[2023-12-07T17:00:09.726+0000] {standard_task_runner.py:84} INFO - Running: ['***', 'tasks', 'run', 'my_scraping_dag', 'main_task', 'scheduled__2023-02-19T00:00:00+00:00', '--job-id', '1324', '--raw', '--subdir', 'DAGS_FOLDER/main.py', '--cfg-path', '/tmp/tmpsjjeq34e']
[2023-12-07T17:00:09.728+0000] {standard_task_runner.py:85} INFO - Job 1324: Subtask main_task
[2023-12-07T17:00:09.752+0000] {task_command.py:416} INFO - Running <TaskInstance: my_scraping_dag.main_task scheduled__2023-02-19T00:00:00+00:00 [running]> on host 63b0c7e341c0
[2023-12-07T17:00:09.789+0000] {taskinstance.py:1662} INFO - Exporting env vars: AIRFLOW_CTX_DAG_OWNER='***' AIRFLOW_CTX_DAG_ID='my_scraping_dag' AIRFLOW_CTX_TASK_ID='main_task' AIRFLOW_CTX_EXECUTION_DATE='2023-02-19T00:00:00+00:00' AIRFLOW_CTX_TRY_NUMBER='1' AIRFLOW_CTX_DAG_RUN_ID='scheduled__2023-02-19T00:00:00+00:00'
[2023-12-07T17:00:09.812+0000] {taskinstance.py:1937} ERROR - Task failed with exception
Traceback (most recent call last):
  File "/home/airflow/.local/lib/python3.8/site-packages/airflow/operators/python.py", line 192, in execute
    return_value = self.execute_callable()
  File "/home/airflow/.local/lib/python3.8/site-packages/airflow/operators/python.py", line 209, in execute_callable
    return self.python_callable(*self.op_args, **self.op_kwargs)
  File "/opt/airflow/dags/main.py", line 33, in main
    'host': get_config('localhost'),
  File "/opt/airflow/dags/main.py", line 20, in get_config
    return Variable.get(key)
  File "/home/airflow/.local/lib/python3.8/site-packages/airflow/models/variable.py", line 140, in get
    raise KeyError(f"Variable {key} does not exist")
KeyError: 'Variable localhost does not exist'
[2023-12-07T17:00:09.818+0000] {taskinstance.py:1400} INFO - Marking task as FAILED. dag_id=my_scraping_dag, task_id=main_task, execution_date=20230219T000000, start_date=20231207T170009, end_date=20231207T170009
[2023-12-07T17:00:09.826+0000] {standard_task_runner.py:104} ERROR - Failed to execute job 1324 for task main_task ('Variable localhost does not exist'; 5691)
[2023-12-07T17:00:09.859+0000] {local_task_job_runner.py:228} INFO - Task exited with return code 1
[2023-12-07T17:00:09.895+0000] {taskinstance.py:2778} INFO - 0 downstream tasks scheduled from follow-on schedule check
[2023-12-07T17:03:31.138+0000] {taskinstance.py:1159} INFO - Dependencies all met for dep_context=non-requeueable deps ti=<TaskInstance: my_scraping_dag.main_task scheduled__2023-02-19T00:00:00+00:00 [queued]>
[2023-12-07T17:03:31.147+0000] {taskinstance.py:1159} INFO - Dependencies all met for dep_context=requeueable deps ti=<TaskInstance: my_scraping_dag.main_task scheduled__2023-02-19T00:00:00+00:00 [queued]>
[2023-12-07T17:03:31.149+0000] {taskinstance.py:1361} INFO - Starting attempt 1 of 1
[2023-12-07T17:03:31.164+0000] {taskinstance.py:1382} INFO - Executing <Task(PythonOperator): main_task> on 2023-02-19 00:00:00+00:00
[2023-12-07T17:03:31.168+0000] {standard_task_runner.py:57} INFO - Started process 6991 to run task
[2023-12-07T17:03:31.171+0000] {standard_task_runner.py:84} INFO - Running: ['***', 'tasks', 'run', 'my_scraping_dag', 'main_task', 'scheduled__2023-02-19T00:00:00+00:00', '--job-id', '1937', '--raw', '--subdir', 'DAGS_FOLDER/main.py', '--cfg-path', '/tmp/tmph7rruszy']
[2023-12-07T17:03:31.176+0000] {standard_task_runner.py:85} INFO - Job 1937: Subtask main_task
[2023-12-07T17:03:31.225+0000] {task_command.py:416} INFO - Running <TaskInstance: my_scraping_dag.main_task scheduled__2023-02-19T00:00:00+00:00 [running]> on host 63b0c7e341c0
[2023-12-07T17:03:31.282+0000] {taskinstance.py:1662} INFO - Exporting env vars: AIRFLOW_CTX_DAG_OWNER='***' AIRFLOW_CTX_DAG_ID='my_scraping_dag' AIRFLOW_CTX_TASK_ID='main_task' AIRFLOW_CTX_EXECUTION_DATE='2023-02-19T00:00:00+00:00' AIRFLOW_CTX_TRY_NUMBER='1' AIRFLOW_CTX_DAG_RUN_ID='scheduled__2023-02-19T00:00:00+00:00'
[2023-12-07T17:03:31.318+0000] {logging_mixin.py:154} INFO - base_url: https://tuncbotanik.com
[2023-12-07T17:03:31.320+0000] {python.py:194} INFO - Done. Returned value was: ('https://tuncbotanik.com', {'User-Agent': 'Mozilla/5.0 (Macintosh; Intel Mac OS X 10_15_7) AppleWebKit/537.36 (KHTML, like Gecko) Chrome/119.0.0.0 Safari/537.36', 'Accept-Language': 'tr-TR,tr;q=0.9,en-US;q=0.8,en;q=0.7'}, {'dbname': 'plant', 'user': 'aozgokme', 'password': '***', 'host': 'localhost', 'port': '5432'})
[2023-12-07T17:03:31.356+0000] {taskinstance.py:1400} INFO - Marking task as SUCCESS. dag_id=my_scraping_dag, task_id=main_task, execution_date=20230219T000000, start_date=20231207T170331, end_date=20231207T170331
[2023-12-07T17:03:31.428+0000] {local_task_job_runner.py:228} INFO - Task exited with return code 0
[2023-12-07T17:03:31.512+0000] {taskinstance.py:2778} INFO - 0 downstream tasks scheduled from follow-on schedule check
[2023-12-07T17:18:29.458+0000] {taskinstance.py:1159} INFO - Dependencies all met for dep_context=non-requeueable deps ti=<TaskInstance: my_scraping_dag.main_task scheduled__2023-02-19T00:00:00+00:00 [queued]>
[2023-12-07T17:18:29.463+0000] {taskinstance.py:1159} INFO - Dependencies all met for dep_context=requeueable deps ti=<TaskInstance: my_scraping_dag.main_task scheduled__2023-02-19T00:00:00+00:00 [queued]>
[2023-12-07T17:18:29.463+0000] {taskinstance.py:1361} INFO - Starting attempt 1 of 1
[2023-12-07T17:18:29.471+0000] {taskinstance.py:1382} INFO - Executing <Task(PythonOperator): main_task> on 2023-02-19 00:00:00+00:00
[2023-12-07T17:18:29.474+0000] {standard_task_runner.py:57} INFO - Started process 8643 to run task
[2023-12-07T17:18:29.476+0000] {standard_task_runner.py:84} INFO - Running: ['***', 'tasks', 'run', 'my_scraping_dag', 'main_task', 'scheduled__2023-02-19T00:00:00+00:00', '--job-id', '2579', '--raw', '--subdir', 'DAGS_FOLDER/main.py', '--cfg-path', '/tmp/tmp0nx4u3hn']
[2023-12-07T17:18:29.478+0000] {standard_task_runner.py:85} INFO - Job 2579: Subtask main_task
[2023-12-07T17:18:29.511+0000] {task_command.py:416} INFO - Running <TaskInstance: my_scraping_dag.main_task scheduled__2023-02-19T00:00:00+00:00 [running]> on host 63b0c7e341c0
[2023-12-07T17:18:29.559+0000] {taskinstance.py:1662} INFO - Exporting env vars: AIRFLOW_CTX_DAG_OWNER='***' AIRFLOW_CTX_DAG_ID='my_scraping_dag' AIRFLOW_CTX_TASK_ID='main_task' AIRFLOW_CTX_EXECUTION_DATE='2023-02-19T00:00:00+00:00' AIRFLOW_CTX_TRY_NUMBER='1' AIRFLOW_CTX_DAG_RUN_ID='scheduled__2023-02-19T00:00:00+00:00'
[2023-12-07T17:18:30.289+0000] {taskinstance.py:1937} ERROR - Task failed with exception
Traceback (most recent call last):
  File "/home/airflow/.local/lib/python3.8/site-packages/airflow/operators/python.py", line 192, in execute
    return_value = self.execute_callable()
  File "/home/airflow/.local/lib/python3.8/site-packages/airflow/operators/python.py", line 209, in execute_callable
    return self.python_callable(*self.op_args, **self.op_kwargs)
  File "/opt/airflow/dags/main.py", line 80, in main
    insert_data_to_db(products, db_params)
  File "/opt/airflow/dags/main.py", line 43, in insert_data_to_db
    with psycopg2.connect(**db_params) as conn:
  File "/home/airflow/.local/lib/python3.8/site-packages/psycopg2/__init__.py", line 122, in connect
    conn = _connect(dsn, connection_factory=connection_factory, **kwasync)
psycopg2.OperationalError: connection to server at "localhost" (127.0.0.1), port 5432 failed: Connection refused
	Is the server running on that host and accepting TCP/IP connections?
connection to server at "localhost" (::1), port 5432 failed: Cannot assign requested address
	Is the server running on that host and accepting TCP/IP connections?

[2023-12-07T17:18:30.330+0000] {taskinstance.py:1400} INFO - Marking task as FAILED. dag_id=my_scraping_dag, task_id=main_task, execution_date=20230219T000000, start_date=20231207T171829, end_date=20231207T171830
[2023-12-07T17:18:30.356+0000] {standard_task_runner.py:104} ERROR - Failed to execute job 2579 for task main_task (connection to server at "localhost" (127.0.0.1), port 5432 failed: Connection refused
	Is the server running on that host and accepting TCP/IP connections?
connection to server at "localhost" (::1), port 5432 failed: Cannot assign requested address
	Is the server running on that host and accepting TCP/IP connections?
; 8643)
[2023-12-07T17:18:30.381+0000] {local_task_job_runner.py:228} INFO - Task exited with return code 1
[2023-12-07T17:18:30.424+0000] {taskinstance.py:2778} INFO - 0 downstream tasks scheduled from follow-on schedule check
[2023-12-07T17:22:47.647+0000] {taskinstance.py:1159} INFO - Dependencies all met for dep_context=non-requeueable deps ti=<TaskInstance: my_scraping_dag.main_task scheduled__2023-02-19T00:00:00+00:00 [queued]>
[2023-12-07T17:22:47.652+0000] {taskinstance.py:1159} INFO - Dependencies all met for dep_context=requeueable deps ti=<TaskInstance: my_scraping_dag.main_task scheduled__2023-02-19T00:00:00+00:00 [queued]>
[2023-12-07T17:22:47.653+0000] {taskinstance.py:1361} INFO - Starting attempt 1 of 1
[2023-12-07T17:22:47.660+0000] {taskinstance.py:1382} INFO - Executing <Task(PythonOperator): main_task> on 2023-02-19 00:00:00+00:00
[2023-12-07T17:22:47.663+0000] {standard_task_runner.py:57} INFO - Started process 9434 to run task
[2023-12-07T17:22:47.668+0000] {standard_task_runner.py:84} INFO - Running: ['***', 'tasks', 'run', 'my_scraping_dag', 'main_task', 'scheduled__2023-02-19T00:00:00+00:00', '--job-id', '2921', '--raw', '--subdir', 'DAGS_FOLDER/main.py', '--cfg-path', '/tmp/tmpbcagmqo1']
[2023-12-07T17:22:47.671+0000] {standard_task_runner.py:85} INFO - Job 2921: Subtask main_task
[2023-12-07T17:22:47.703+0000] {task_command.py:416} INFO - Running <TaskInstance: my_scraping_dag.main_task scheduled__2023-02-19T00:00:00+00:00 [running]> on host 63b0c7e341c0
[2023-12-07T17:22:47.768+0000] {taskinstance.py:1662} INFO - Exporting env vars: AIRFLOW_CTX_DAG_OWNER='***' AIRFLOW_CTX_DAG_ID='my_scraping_dag' AIRFLOW_CTX_TASK_ID='main_task' AIRFLOW_CTX_EXECUTION_DATE='2023-02-19T00:00:00+00:00' AIRFLOW_CTX_TRY_NUMBER='1' AIRFLOW_CTX_DAG_RUN_ID='scheduled__2023-02-19T00:00:00+00:00'
[2023-12-07T17:22:48.543+0000] {taskinstance.py:1937} ERROR - Task failed with exception
Traceback (most recent call last):
  File "/home/airflow/.local/lib/python3.8/site-packages/airflow/operators/python.py", line 192, in execute
    return_value = self.execute_callable()
  File "/home/airflow/.local/lib/python3.8/site-packages/airflow/operators/python.py", line 209, in execute_callable
    return self.python_callable(*self.op_args, **self.op_kwargs)
  File "/opt/airflow/dags/main.py", line 73, in main
    insert_data_to_db(products, db_params)
  File "/opt/airflow/dags/main.py", line 40, in insert_data_to_db
    with psycopg2.connect(**db_params) as conn:
  File "/home/airflow/.local/lib/python3.8/site-packages/psycopg2/__init__.py", line 122, in connect
    conn = _connect(dsn, connection_factory=connection_factory, **kwasync)
psycopg2.OperationalError: connection to server at "localhost" (127.0.0.1), port 5432 failed: Connection refused
	Is the server running on that host and accepting TCP/IP connections?
connection to server at "localhost" (::1), port 5432 failed: Cannot assign requested address
	Is the server running on that host and accepting TCP/IP connections?

[2023-12-07T17:22:48.556+0000] {taskinstance.py:1400} INFO - Marking task as FAILED. dag_id=my_scraping_dag, task_id=main_task, execution_date=20230219T000000, start_date=20231207T172247, end_date=20231207T172248
[2023-12-07T17:22:48.580+0000] {standard_task_runner.py:104} ERROR - Failed to execute job 2921 for task main_task (connection to server at "localhost" (127.0.0.1), port 5432 failed: Connection refused
	Is the server running on that host and accepting TCP/IP connections?
connection to server at "localhost" (::1), port 5432 failed: Cannot assign requested address
	Is the server running on that host and accepting TCP/IP connections?
; 9434)
[2023-12-07T17:22:48.610+0000] {local_task_job_runner.py:228} INFO - Task exited with return code 1
[2023-12-07T17:22:48.631+0000] {taskinstance.py:2778} INFO - 0 downstream tasks scheduled from follow-on schedule check
[2023-12-07T17:28:28.578+0000] {taskinstance.py:1159} INFO - Dependencies all met for dep_context=non-requeueable deps ti=<TaskInstance: my_scraping_dag.main_task scheduled__2023-02-19T00:00:00+00:00 [queued]>
[2023-12-07T17:28:28.588+0000] {taskinstance.py:1159} INFO - Dependencies all met for dep_context=requeueable deps ti=<TaskInstance: my_scraping_dag.main_task scheduled__2023-02-19T00:00:00+00:00 [queued]>
[2023-12-07T17:28:28.589+0000] {taskinstance.py:1361} INFO - Starting attempt 1 of 1
[2023-12-07T17:28:28.601+0000] {taskinstance.py:1382} INFO - Executing <Task(PythonOperator): main_task> on 2023-02-19 00:00:00+00:00
[2023-12-07T17:28:28.606+0000] {standard_task_runner.py:57} INFO - Started process 10280 to run task
[2023-12-07T17:28:28.609+0000] {standard_task_runner.py:84} INFO - Running: ['***', 'tasks', 'run', 'my_scraping_dag', 'main_task', 'scheduled__2023-02-19T00:00:00+00:00', '--job-id', '3263', '--raw', '--subdir', 'DAGS_FOLDER/main.py', '--cfg-path', '/tmp/tmp4cj9wa8h']
[2023-12-07T17:28:28.612+0000] {standard_task_runner.py:85} INFO - Job 3263: Subtask main_task
[2023-12-07T17:28:28.651+0000] {task_command.py:416} INFO - Running <TaskInstance: my_scraping_dag.main_task scheduled__2023-02-19T00:00:00+00:00 [running]> on host 63b0c7e341c0
[2023-12-07T17:28:28.715+0000] {taskinstance.py:1662} INFO - Exporting env vars: AIRFLOW_CTX_DAG_OWNER='***' AIRFLOW_CTX_DAG_ID='my_scraping_dag' AIRFLOW_CTX_TASK_ID='main_task' AIRFLOW_CTX_EXECUTION_DATE='2023-02-19T00:00:00+00:00' AIRFLOW_CTX_TRY_NUMBER='1' AIRFLOW_CTX_DAG_RUN_ID='scheduled__2023-02-19T00:00:00+00:00'
[2023-12-07T17:28:29.509+0000] {taskinstance.py:1937} ERROR - Task failed with exception
Traceback (most recent call last):
  File "/home/airflow/.local/lib/python3.8/site-packages/airflow/operators/python.py", line 192, in execute
    return_value = self.execute_callable()
  File "/home/airflow/.local/lib/python3.8/site-packages/airflow/operators/python.py", line 209, in execute_callable
    return self.python_callable(*self.op_args, **self.op_kwargs)
  File "/opt/airflow/dags/main.py", line 73, in main
    insert_data_to_db(products, db_params)
  File "/opt/airflow/dags/main.py", line 40, in insert_data_to_db
    with psycopg2.connect(**db_params) as conn:
  File "/home/airflow/.local/lib/python3.8/site-packages/psycopg2/__init__.py", line 122, in connect
    conn = _connect(dsn, connection_factory=connection_factory, **kwasync)
psycopg2.OperationalError: connection to server at "localhost" (127.0.0.1), port 5432 failed: Connection refused
	Is the server running on that host and accepting TCP/IP connections?
connection to server at "localhost" (::1), port 5432 failed: Cannot assign requested address
	Is the server running on that host and accepting TCP/IP connections?

[2023-12-07T17:28:29.525+0000] {taskinstance.py:1400} INFO - Marking task as FAILED. dag_id=my_scraping_dag, task_id=main_task, execution_date=20230219T000000, start_date=20231207T172828, end_date=20231207T172829
[2023-12-07T17:28:29.536+0000] {standard_task_runner.py:104} ERROR - Failed to execute job 3263 for task main_task (connection to server at "localhost" (127.0.0.1), port 5432 failed: Connection refused
	Is the server running on that host and accepting TCP/IP connections?
connection to server at "localhost" (::1), port 5432 failed: Cannot assign requested address
	Is the server running on that host and accepting TCP/IP connections?
; 10280)
[2023-12-07T17:28:29.556+0000] {local_task_job_runner.py:228} INFO - Task exited with return code 1
[2023-12-07T17:28:29.571+0000] {taskinstance.py:2778} INFO - 0 downstream tasks scheduled from follow-on schedule check
[2023-12-09T07:34:18.779+0000] {taskinstance.py:1159} INFO - Dependencies all met for dep_context=non-requeueable deps ti=<TaskInstance: my_scraping_dag.main_task scheduled__2023-02-19T00:00:00+00:00 [queued]>
[2023-12-09T07:34:18.784+0000] {taskinstance.py:1159} INFO - Dependencies all met for dep_context=requeueable deps ti=<TaskInstance: my_scraping_dag.main_task scheduled__2023-02-19T00:00:00+00:00 [queued]>
[2023-12-09T07:34:18.785+0000] {taskinstance.py:1361} INFO - Starting attempt 1 of 1
[2023-12-09T07:34:18.792+0000] {taskinstance.py:1382} INFO - Executing <Task(PythonOperator): main_task> on 2023-02-19 00:00:00+00:00
[2023-12-09T07:34:18.795+0000] {standard_task_runner.py:57} INFO - Started process 692 to run task
[2023-12-09T07:34:18.798+0000] {standard_task_runner.py:84} INFO - Running: ['***', 'tasks', 'run', 'my_scraping_dag', 'main_task', 'scheduled__2023-02-19T00:00:00+00:00', '--job-id', '53', '--raw', '--subdir', 'DAGS_FOLDER/main.py', '--cfg-path', '/tmp/tmpe9zgpmw6']
[2023-12-09T07:34:18.800+0000] {standard_task_runner.py:85} INFO - Job 53: Subtask main_task
[2023-12-09T07:34:18.828+0000] {task_command.py:416} INFO - Running <TaskInstance: my_scraping_dag.main_task scheduled__2023-02-19T00:00:00+00:00 [running]> on host 36b5ef2505c9
[2023-12-09T07:34:18.869+0000] {taskinstance.py:1662} INFO - Exporting env vars: AIRFLOW_CTX_DAG_OWNER='***' AIRFLOW_CTX_DAG_ID='my_scraping_dag' AIRFLOW_CTX_TASK_ID='main_task' AIRFLOW_CTX_EXECUTION_DATE='2023-02-19T00:00:00+00:00' AIRFLOW_CTX_TRY_NUMBER='1' AIRFLOW_CTX_DAG_RUN_ID='scheduled__2023-02-19T00:00:00+00:00'
[2023-12-09T07:34:18.874+0000] {taskinstance.py:1937} ERROR - Task failed with exception
Traceback (most recent call last):
  File "/home/airflow/.local/lib/python3.8/site-packages/airflow/operators/python.py", line 192, in execute
    return_value = self.execute_callable()
  File "/home/airflow/.local/lib/python3.8/site-packages/airflow/operators/python.py", line 209, in execute_callable
    return self.python_callable(*self.op_args, **self.op_kwargs)
  File "/opt/airflow/dags/main.py", line 64, in main
    base_url = Variable.get('base_url')
  File "/home/airflow/.local/lib/python3.8/site-packages/airflow/models/variable.py", line 140, in get
    raise KeyError(f"Variable {key} does not exist")
KeyError: 'Variable base_url does not exist'
[2023-12-09T07:34:18.879+0000] {taskinstance.py:1400} INFO - Marking task as FAILED. dag_id=my_scraping_dag, task_id=main_task, execution_date=20230219T000000, start_date=20231209T073418, end_date=20231209T073418
[2023-12-09T07:34:18.887+0000] {standard_task_runner.py:104} ERROR - Failed to execute job 53 for task main_task ('Variable base_url does not exist'; 692)
[2023-12-09T07:34:18.930+0000] {local_task_job_runner.py:228} INFO - Task exited with return code 1
[2023-12-09T07:34:18.940+0000] {taskinstance.py:2778} INFO - 0 downstream tasks scheduled from follow-on schedule check
