[2023-12-07T14:52:15.249+0000] {taskinstance.py:1159} INFO - Dependencies all met for dep_context=non-requeueable deps ti=<TaskInstance: my_scraping_dag.main_task scheduled__2023-04-10T00:00:00+00:00 [queued]>
[2023-12-07T14:52:15.254+0000] {taskinstance.py:1159} INFO - Dependencies all met for dep_context=requeueable deps ti=<TaskInstance: my_scraping_dag.main_task scheduled__2023-04-10T00:00:00+00:00 [queued]>
[2023-12-07T14:52:15.254+0000] {taskinstance.py:1361} INFO - Starting attempt 1 of 1
[2023-12-07T14:52:15.262+0000] {taskinstance.py:1382} INFO - Executing <Task(PythonOperator): main_task> on 2023-04-10 00:00:00+00:00
[2023-12-07T14:52:15.265+0000] {standard_task_runner.py:57} INFO - Started process 961 to run task
[2023-12-07T14:52:15.267+0000] {standard_task_runner.py:84} INFO - Running: ['***', 'tasks', 'run', 'my_scraping_dag', 'main_task', 'scheduled__2023-04-10T00:00:00+00:00', '--job-id', '210', '--raw', '--subdir', 'DAGS_FOLDER/main.py', '--cfg-path', '/tmp/tmpqm7qocr_']
[2023-12-07T14:52:15.269+0000] {standard_task_runner.py:85} INFO - Job 210: Subtask main_task
[2023-12-07T14:52:15.305+0000] {task_command.py:416} INFO - Running <TaskInstance: my_scraping_dag.main_task scheduled__2023-04-10T00:00:00+00:00 [running]> on host 63b0c7e341c0
[2023-12-07T14:52:15.351+0000] {taskinstance.py:1662} INFO - Exporting env vars: AIRFLOW_CTX_DAG_OWNER='***' AIRFLOW_CTX_DAG_ID='my_scraping_dag' AIRFLOW_CTX_TASK_ID='main_task' AIRFLOW_CTX_EXECUTION_DATE='2023-04-10T00:00:00+00:00' AIRFLOW_CTX_TRY_NUMBER='1' AIRFLOW_CTX_DAG_RUN_ID='scheduled__2023-04-10T00:00:00+00:00'
[2023-12-07T14:52:15.352+0000] {taskinstance.py:1937} ERROR - Task failed with exception
Traceback (most recent call last):
  File "/usr/local/lib/python3.8/configparser.py", line 846, in items
    d.update(self._sections[section])
KeyError: 'web'

During handling of the above exception, another exception occurred:

Traceback (most recent call last):
  File "/home/airflow/.local/lib/python3.8/site-packages/airflow/operators/python.py", line 192, in execute
    return_value = self.execute_callable()
  File "/home/airflow/.local/lib/python3.8/site-packages/airflow/operators/python.py", line 209, in execute_callable
    return self.python_callable(*self.op_args, **self.op_kwargs)
  File "/opt/airflow/dags/main.py", line 61, in main
    config = get_config('web')
  File "/opt/airflow/dags/main.py", line 23, in get_config
    return {key: value for key, value in parser.items(section)}
  File "/usr/local/lib/python3.8/configparser.py", line 849, in items
    raise NoSectionError(section)
configparser.NoSectionError: No section: 'web'
[2023-12-07T14:52:15.358+0000] {taskinstance.py:1400} INFO - Marking task as FAILED. dag_id=my_scraping_dag, task_id=main_task, execution_date=20230410T000000, start_date=20231207T145215, end_date=20231207T145215
[2023-12-07T14:52:15.363+0000] {standard_task_runner.py:104} ERROR - Failed to execute job 210 for task main_task (No section: 'web'; 961)
[2023-12-07T14:52:15.399+0000] {local_task_job_runner.py:228} INFO - Task exited with return code 1
[2023-12-07T14:52:15.455+0000] {taskinstance.py:2778} INFO - 0 downstream tasks scheduled from follow-on schedule check
[2023-12-07T15:00:25.409+0000] {taskinstance.py:1159} INFO - Dependencies all met for dep_context=non-requeueable deps ti=<TaskInstance: my_scraping_dag.main_task scheduled__2023-04-10T00:00:00+00:00 [queued]>
[2023-12-07T15:00:25.413+0000] {taskinstance.py:1159} INFO - Dependencies all met for dep_context=requeueable deps ti=<TaskInstance: my_scraping_dag.main_task scheduled__2023-04-10T00:00:00+00:00 [queued]>
[2023-12-07T15:00:25.414+0000] {taskinstance.py:1361} INFO - Starting attempt 1 of 1
[2023-12-07T15:00:25.421+0000] {taskinstance.py:1382} INFO - Executing <Task(PythonOperator): main_task> on 2023-04-10 00:00:00+00:00
[2023-12-07T15:00:25.423+0000] {standard_task_runner.py:57} INFO - Started process 1576 to run task
[2023-12-07T15:00:25.427+0000] {standard_task_runner.py:84} INFO - Running: ['***', 'tasks', 'run', 'my_scraping_dag', 'main_task', 'scheduled__2023-04-10T00:00:00+00:00', '--job-id', '415', '--raw', '--subdir', 'DAGS_FOLDER/main.py', '--cfg-path', '/tmp/tmp84v9dp_k']
[2023-12-07T15:00:25.430+0000] {standard_task_runner.py:85} INFO - Job 415: Subtask main_task
[2023-12-07T15:00:25.459+0000] {task_command.py:416} INFO - Running <TaskInstance: my_scraping_dag.main_task scheduled__2023-04-10T00:00:00+00:00 [running]> on host 63b0c7e341c0
[2023-12-07T15:00:25.504+0000] {taskinstance.py:1662} INFO - Exporting env vars: AIRFLOW_CTX_DAG_OWNER='***' AIRFLOW_CTX_DAG_ID='my_scraping_dag' AIRFLOW_CTX_TASK_ID='main_task' AIRFLOW_CTX_EXECUTION_DATE='2023-04-10T00:00:00+00:00' AIRFLOW_CTX_TRY_NUMBER='1' AIRFLOW_CTX_DAG_RUN_ID='scheduled__2023-04-10T00:00:00+00:00'
[2023-12-07T15:00:25.505+0000] {taskinstance.py:1937} ERROR - Task failed with exception
Traceback (most recent call last):
  File "/usr/local/lib/python3.8/configparser.py", line 846, in items
    d.update(self._sections[section])
KeyError: 'web'

During handling of the above exception, another exception occurred:

Traceback (most recent call last):
  File "/home/airflow/.local/lib/python3.8/site-packages/airflow/operators/python.py", line 192, in execute
    return_value = self.execute_callable()
  File "/home/airflow/.local/lib/python3.8/site-packages/airflow/operators/python.py", line 209, in execute_callable
    return self.python_callable(*self.op_args, **self.op_kwargs)
  File "/opt/airflow/dags/main.py", line 60, in main
    config = get_config('web')
  File "/opt/airflow/dags/main.py", line 22, in get_config
    return {key: value for key, value in parser.items(section)}
  File "/usr/local/lib/python3.8/configparser.py", line 849, in items
    raise NoSectionError(section)
configparser.NoSectionError: No section: 'web'
[2023-12-07T15:00:25.510+0000] {taskinstance.py:1400} INFO - Marking task as FAILED. dag_id=my_scraping_dag, task_id=main_task, execution_date=20230410T000000, start_date=20231207T150025, end_date=20231207T150025
[2023-12-07T15:00:25.544+0000] {standard_task_runner.py:104} ERROR - Failed to execute job 415 for task main_task (No section: 'web'; 1576)
[2023-12-07T15:00:25.559+0000] {local_task_job_runner.py:228} INFO - Task exited with return code 1
[2023-12-07T15:00:25.576+0000] {taskinstance.py:2778} INFO - 0 downstream tasks scheduled from follow-on schedule check
[2023-12-07T16:32:10.119+0000] {taskinstance.py:1159} INFO - Dependencies all met for dep_context=non-requeueable deps ti=<TaskInstance: my_scraping_dag.main_task scheduled__2023-04-10T00:00:00+00:00 [queued]>
[2023-12-07T16:32:10.131+0000] {taskinstance.py:1159} INFO - Dependencies all met for dep_context=requeueable deps ti=<TaskInstance: my_scraping_dag.main_task scheduled__2023-04-10T00:00:00+00:00 [queued]>
[2023-12-07T16:32:10.132+0000] {taskinstance.py:1361} INFO - Starting attempt 1 of 1
[2023-12-07T16:32:10.159+0000] {taskinstance.py:1382} INFO - Executing <Task(PythonOperator): main_task> on 2023-04-10 00:00:00+00:00
[2023-12-07T16:32:10.164+0000] {standard_task_runner.py:57} INFO - Started process 3733 to run task
[2023-12-07T16:32:10.167+0000] {standard_task_runner.py:84} INFO - Running: ['***', 'tasks', 'run', 'my_scraping_dag', 'main_task', 'scheduled__2023-04-10T00:00:00+00:00', '--job-id', '688', '--raw', '--subdir', 'DAGS_FOLDER/main.py', '--cfg-path', '/tmp/tmpm7esfgiz']
[2023-12-07T16:32:10.170+0000] {standard_task_runner.py:85} INFO - Job 688: Subtask main_task
[2023-12-07T16:32:10.218+0000] {task_command.py:416} INFO - Running <TaskInstance: my_scraping_dag.main_task scheduled__2023-04-10T00:00:00+00:00 [running]> on host 63b0c7e341c0
[2023-12-07T16:32:10.286+0000] {taskinstance.py:1662} INFO - Exporting env vars: AIRFLOW_CTX_DAG_OWNER='***' AIRFLOW_CTX_DAG_ID='my_scraping_dag' AIRFLOW_CTX_TASK_ID='main_task' AIRFLOW_CTX_EXECUTION_DATE='2023-04-10T00:00:00+00:00' AIRFLOW_CTX_TRY_NUMBER='1' AIRFLOW_CTX_DAG_RUN_ID='scheduled__2023-04-10T00:00:00+00:00'
[2023-12-07T16:32:10.288+0000] {taskinstance.py:1937} ERROR - Task failed with exception
Traceback (most recent call last):
  File "/usr/local/lib/python3.8/configparser.py", line 846, in items
    d.update(self._sections[section])
KeyError: 'web'

During handling of the above exception, another exception occurred:

Traceback (most recent call last):
  File "/home/airflow/.local/lib/python3.8/site-packages/airflow/operators/python.py", line 192, in execute
    return_value = self.execute_callable()
  File "/home/airflow/.local/lib/python3.8/site-packages/airflow/operators/python.py", line 209, in execute_callable
    return self.python_callable(*self.op_args, **self.op_kwargs)
  File "/opt/airflow/dags/main.py", line 60, in main
    config = get_config('web')
  File "/opt/airflow/dags/main.py", line 22, in get_config
    return {key: value for key, value in parser.items(section)}
  File "/usr/local/lib/python3.8/configparser.py", line 849, in items
    raise NoSectionError(section)
configparser.NoSectionError: No section: 'web'
[2023-12-07T16:32:10.297+0000] {taskinstance.py:1400} INFO - Marking task as FAILED. dag_id=my_scraping_dag, task_id=main_task, execution_date=20230410T000000, start_date=20231207T163210, end_date=20231207T163210
[2023-12-07T16:32:10.318+0000] {standard_task_runner.py:104} ERROR - Failed to execute job 688 for task main_task (No section: 'web'; 3733)
[2023-12-07T16:32:10.344+0000] {local_task_job_runner.py:228} INFO - Task exited with return code 1
[2023-12-07T16:32:10.366+0000] {taskinstance.py:2778} INFO - 0 downstream tasks scheduled from follow-on schedule check
[2023-12-07T16:41:26.842+0000] {taskinstance.py:1159} INFO - Dependencies all met for dep_context=non-requeueable deps ti=<TaskInstance: my_scraping_dag.main_task scheduled__2023-04-10T00:00:00+00:00 [queued]>
[2023-12-07T16:41:26.847+0000] {taskinstance.py:1159} INFO - Dependencies all met for dep_context=requeueable deps ti=<TaskInstance: my_scraping_dag.main_task scheduled__2023-04-10T00:00:00+00:00 [queued]>
[2023-12-07T16:41:26.847+0000] {taskinstance.py:1361} INFO - Starting attempt 1 of 1
[2023-12-07T16:41:26.854+0000] {taskinstance.py:1382} INFO - Executing <Task(PythonOperator): main_task> on 2023-04-10 00:00:00+00:00
[2023-12-07T16:41:26.856+0000] {standard_task_runner.py:57} INFO - Started process 4639 to run task
[2023-12-07T16:41:26.859+0000] {standard_task_runner.py:84} INFO - Running: ['***', 'tasks', 'run', 'my_scraping_dag', 'main_task', 'scheduled__2023-04-10T00:00:00+00:00', '--job-id', '1030', '--raw', '--subdir', 'DAGS_FOLDER/main.py', '--cfg-path', '/tmp/tmp5cuiyls0']
[2023-12-07T16:41:26.860+0000] {standard_task_runner.py:85} INFO - Job 1030: Subtask main_task
[2023-12-07T16:41:26.887+0000] {task_command.py:416} INFO - Running <TaskInstance: my_scraping_dag.main_task scheduled__2023-04-10T00:00:00+00:00 [running]> on host 63b0c7e341c0
[2023-12-07T16:41:26.918+0000] {taskinstance.py:1662} INFO - Exporting env vars: AIRFLOW_CTX_DAG_OWNER='***' AIRFLOW_CTX_DAG_ID='my_scraping_dag' AIRFLOW_CTX_TASK_ID='main_task' AIRFLOW_CTX_EXECUTION_DATE='2023-04-10T00:00:00+00:00' AIRFLOW_CTX_TRY_NUMBER='1' AIRFLOW_CTX_DAG_RUN_ID='scheduled__2023-04-10T00:00:00+00:00'
[2023-12-07T16:41:26.920+0000] {taskinstance.py:1937} ERROR - Task failed with exception
Traceback (most recent call last):
  File "/usr/local/lib/python3.8/configparser.py", line 846, in items
    d.update(self._sections[section])
KeyError: 'web'

During handling of the above exception, another exception occurred:

Traceback (most recent call last):
  File "/home/airflow/.local/lib/python3.8/site-packages/airflow/operators/python.py", line 192, in execute
    return_value = self.execute_callable()
  File "/home/airflow/.local/lib/python3.8/site-packages/airflow/operators/python.py", line 209, in execute_callable
    return self.python_callable(*self.op_args, **self.op_kwargs)
  File "/opt/airflow/dags/main.py", line 60, in main
    config = get_config('web')
  File "/opt/airflow/dags/main.py", line 22, in get_config
    return {key: value for key, value in parser.items(section)}
  File "/usr/local/lib/python3.8/configparser.py", line 849, in items
    raise NoSectionError(section)
configparser.NoSectionError: No section: 'web'
[2023-12-07T16:41:26.925+0000] {taskinstance.py:1400} INFO - Marking task as FAILED. dag_id=my_scraping_dag, task_id=main_task, execution_date=20230410T000000, start_date=20231207T164126, end_date=20231207T164126
[2023-12-07T16:41:26.929+0000] {standard_task_runner.py:104} ERROR - Failed to execute job 1030 for task main_task (No section: 'web'; 4639)
[2023-12-07T16:41:26.951+0000] {local_task_job_runner.py:228} INFO - Task exited with return code 1
[2023-12-07T16:41:26.975+0000] {taskinstance.py:2778} INFO - 0 downstream tasks scheduled from follow-on schedule check
[2023-12-07T17:00:30.955+0000] {taskinstance.py:1159} INFO - Dependencies all met for dep_context=non-requeueable deps ti=<TaskInstance: my_scraping_dag.main_task scheduled__2023-04-10T00:00:00+00:00 [queued]>
[2023-12-07T17:00:30.960+0000] {taskinstance.py:1159} INFO - Dependencies all met for dep_context=requeueable deps ti=<TaskInstance: my_scraping_dag.main_task scheduled__2023-04-10T00:00:00+00:00 [queued]>
[2023-12-07T17:00:30.960+0000] {taskinstance.py:1361} INFO - Starting attempt 1 of 1
[2023-12-07T17:00:30.993+0000] {taskinstance.py:1382} INFO - Executing <Task(PythonOperator): main_task> on 2023-04-10 00:00:00+00:00
[2023-12-07T17:00:30.995+0000] {standard_task_runner.py:57} INFO - Started process 5790 to run task
[2023-12-07T17:00:30.998+0000] {standard_task_runner.py:84} INFO - Running: ['***', 'tasks', 'run', 'my_scraping_dag', 'main_task', 'scheduled__2023-04-10T00:00:00+00:00', '--job-id', '1374', '--raw', '--subdir', 'DAGS_FOLDER/main.py', '--cfg-path', '/tmp/tmp010qkzd2']
[2023-12-07T17:00:31.000+0000] {standard_task_runner.py:85} INFO - Job 1374: Subtask main_task
[2023-12-07T17:00:31.029+0000] {task_command.py:416} INFO - Running <TaskInstance: my_scraping_dag.main_task scheduled__2023-04-10T00:00:00+00:00 [running]> on host 63b0c7e341c0
[2023-12-07T17:00:31.072+0000] {taskinstance.py:1662} INFO - Exporting env vars: AIRFLOW_CTX_DAG_OWNER='***' AIRFLOW_CTX_DAG_ID='my_scraping_dag' AIRFLOW_CTX_TASK_ID='main_task' AIRFLOW_CTX_EXECUTION_DATE='2023-04-10T00:00:00+00:00' AIRFLOW_CTX_TRY_NUMBER='1' AIRFLOW_CTX_DAG_RUN_ID='scheduled__2023-04-10T00:00:00+00:00'
[2023-12-07T17:00:31.101+0000] {taskinstance.py:1937} ERROR - Task failed with exception
Traceback (most recent call last):
  File "/home/airflow/.local/lib/python3.8/site-packages/airflow/operators/python.py", line 192, in execute
    return_value = self.execute_callable()
  File "/home/airflow/.local/lib/python3.8/site-packages/airflow/operators/python.py", line 209, in execute_callable
    return self.python_callable(*self.op_args, **self.op_kwargs)
  File "/opt/airflow/dags/main.py", line 33, in main
    'host': get_config('localhost'),
  File "/opt/airflow/dags/main.py", line 20, in get_config
    return Variable.get(key)
  File "/home/airflow/.local/lib/python3.8/site-packages/airflow/models/variable.py", line 140, in get
    raise KeyError(f"Variable {key} does not exist")
KeyError: 'Variable localhost does not exist'
[2023-12-07T17:00:31.108+0000] {taskinstance.py:1400} INFO - Marking task as FAILED. dag_id=my_scraping_dag, task_id=main_task, execution_date=20230410T000000, start_date=20231207T170030, end_date=20231207T170031
[2023-12-07T17:00:31.128+0000] {standard_task_runner.py:104} ERROR - Failed to execute job 1374 for task main_task ('Variable localhost does not exist'; 5790)
[2023-12-07T17:00:31.171+0000] {local_task_job_runner.py:228} INFO - Task exited with return code 1
[2023-12-07T17:00:31.192+0000] {taskinstance.py:2778} INFO - 0 downstream tasks scheduled from follow-on schedule check
[2023-12-07T17:03:47.387+0000] {taskinstance.py:1159} INFO - Dependencies all met for dep_context=non-requeueable deps ti=<TaskInstance: my_scraping_dag.main_task scheduled__2023-04-10T00:00:00+00:00 [queued]>
[2023-12-07T17:03:47.392+0000] {taskinstance.py:1159} INFO - Dependencies all met for dep_context=requeueable deps ti=<TaskInstance: my_scraping_dag.main_task scheduled__2023-04-10T00:00:00+00:00 [queued]>
[2023-12-07T17:03:47.393+0000] {taskinstance.py:1361} INFO - Starting attempt 1 of 1
[2023-12-07T17:03:47.409+0000] {taskinstance.py:1382} INFO - Executing <Task(PythonOperator): main_task> on 2023-04-10 00:00:00+00:00
[2023-12-07T17:03:47.412+0000] {standard_task_runner.py:57} INFO - Started process 7203 to run task
[2023-12-07T17:03:47.416+0000] {standard_task_runner.py:84} INFO - Running: ['***', 'tasks', 'run', 'my_scraping_dag', 'main_task', 'scheduled__2023-04-10T00:00:00+00:00', '--job-id', '2038', '--raw', '--subdir', 'DAGS_FOLDER/main.py', '--cfg-path', '/tmp/tmphofc94a5']
[2023-12-07T17:03:47.418+0000] {standard_task_runner.py:85} INFO - Job 2038: Subtask main_task
[2023-12-07T17:03:47.447+0000] {task_command.py:416} INFO - Running <TaskInstance: my_scraping_dag.main_task scheduled__2023-04-10T00:00:00+00:00 [running]> on host 63b0c7e341c0
[2023-12-07T17:03:47.488+0000] {taskinstance.py:1662} INFO - Exporting env vars: AIRFLOW_CTX_DAG_OWNER='***' AIRFLOW_CTX_DAG_ID='my_scraping_dag' AIRFLOW_CTX_TASK_ID='main_task' AIRFLOW_CTX_EXECUTION_DATE='2023-04-10T00:00:00+00:00' AIRFLOW_CTX_TRY_NUMBER='1' AIRFLOW_CTX_DAG_RUN_ID='scheduled__2023-04-10T00:00:00+00:00'
[2023-12-07T17:03:47.506+0000] {logging_mixin.py:154} INFO - base_url: https://tuncbotanik.com
[2023-12-07T17:03:47.507+0000] {python.py:194} INFO - Done. Returned value was: ('https://tuncbotanik.com', {'User-Agent': 'Mozilla/5.0 (Macintosh; Intel Mac OS X 10_15_7) AppleWebKit/537.36 (KHTML, like Gecko) Chrome/119.0.0.0 Safari/537.36', 'Accept-Language': 'tr-TR,tr;q=0.9,en-US;q=0.8,en;q=0.7'}, {'dbname': 'plant', 'user': 'aozgokme', 'password': '***', 'host': 'localhost', 'port': '5432'})
[2023-12-07T17:03:47.533+0000] {taskinstance.py:1400} INFO - Marking task as SUCCESS. dag_id=my_scraping_dag, task_id=main_task, execution_date=20230410T000000, start_date=20231207T170347, end_date=20231207T170347
[2023-12-07T17:03:47.587+0000] {local_task_job_runner.py:228} INFO - Task exited with return code 0
[2023-12-07T17:03:47.603+0000] {taskinstance.py:2778} INFO - 1 downstream tasks scheduled from follow-on schedule check
[2023-12-07T17:18:38.623+0000] {taskinstance.py:1159} INFO - Dependencies all met for dep_context=non-requeueable deps ti=<TaskInstance: my_scraping_dag.main_task scheduled__2023-04-10T00:00:00+00:00 [queued]>
[2023-12-07T17:18:38.632+0000] {taskinstance.py:1159} INFO - Dependencies all met for dep_context=requeueable deps ti=<TaskInstance: my_scraping_dag.main_task scheduled__2023-04-10T00:00:00+00:00 [queued]>
[2023-12-07T17:18:38.632+0000] {taskinstance.py:1361} INFO - Starting attempt 1 of 1
[2023-12-07T17:18:38.643+0000] {taskinstance.py:1382} INFO - Executing <Task(PythonOperator): main_task> on 2023-04-10 00:00:00+00:00
[2023-12-07T17:18:38.647+0000] {standard_task_runner.py:57} INFO - Started process 8743 to run task
[2023-12-07T17:18:38.652+0000] {standard_task_runner.py:84} INFO - Running: ['***', 'tasks', 'run', 'my_scraping_dag', 'main_task', 'scheduled__2023-04-10T00:00:00+00:00', '--job-id', '2629', '--raw', '--subdir', 'DAGS_FOLDER/main.py', '--cfg-path', '/tmp/tmphjpqdu38']
[2023-12-07T17:18:38.655+0000] {standard_task_runner.py:85} INFO - Job 2629: Subtask main_task
[2023-12-07T17:18:38.693+0000] {task_command.py:416} INFO - Running <TaskInstance: my_scraping_dag.main_task scheduled__2023-04-10T00:00:00+00:00 [running]> on host 63b0c7e341c0
[2023-12-07T17:18:38.751+0000] {taskinstance.py:1662} INFO - Exporting env vars: AIRFLOW_CTX_DAG_OWNER='***' AIRFLOW_CTX_DAG_ID='my_scraping_dag' AIRFLOW_CTX_TASK_ID='main_task' AIRFLOW_CTX_EXECUTION_DATE='2023-04-10T00:00:00+00:00' AIRFLOW_CTX_TRY_NUMBER='1' AIRFLOW_CTX_DAG_RUN_ID='scheduled__2023-04-10T00:00:00+00:00'
[2023-12-07T17:18:39.597+0000] {taskinstance.py:1937} ERROR - Task failed with exception
Traceback (most recent call last):
  File "/home/airflow/.local/lib/python3.8/site-packages/airflow/operators/python.py", line 192, in execute
    return_value = self.execute_callable()
  File "/home/airflow/.local/lib/python3.8/site-packages/airflow/operators/python.py", line 209, in execute_callable
    return self.python_callable(*self.op_args, **self.op_kwargs)
  File "/opt/airflow/dags/main.py", line 80, in main
    insert_data_to_db(products, db_params)
  File "/opt/airflow/dags/main.py", line 43, in insert_data_to_db
    with psycopg2.connect(**db_params) as conn:
  File "/home/airflow/.local/lib/python3.8/site-packages/psycopg2/__init__.py", line 122, in connect
    conn = _connect(dsn, connection_factory=connection_factory, **kwasync)
psycopg2.OperationalError: connection to server at "localhost" (127.0.0.1), port 5432 failed: Connection refused
	Is the server running on that host and accepting TCP/IP connections?
connection to server at "localhost" (::1), port 5432 failed: Cannot assign requested address
	Is the server running on that host and accepting TCP/IP connections?

[2023-12-07T17:18:39.609+0000] {taskinstance.py:1400} INFO - Marking task as FAILED. dag_id=my_scraping_dag, task_id=main_task, execution_date=20230410T000000, start_date=20231207T171838, end_date=20231207T171839
[2023-12-07T17:18:39.616+0000] {standard_task_runner.py:104} ERROR - Failed to execute job 2629 for task main_task (connection to server at "localhost" (127.0.0.1), port 5432 failed: Connection refused
	Is the server running on that host and accepting TCP/IP connections?
connection to server at "localhost" (::1), port 5432 failed: Cannot assign requested address
	Is the server running on that host and accepting TCP/IP connections?
; 8743)
[2023-12-07T17:18:39.633+0000] {local_task_job_runner.py:228} INFO - Task exited with return code 1
[2023-12-07T17:18:39.647+0000] {taskinstance.py:2778} INFO - 0 downstream tasks scheduled from follow-on schedule check
[2023-12-07T17:22:57.741+0000] {taskinstance.py:1159} INFO - Dependencies all met for dep_context=non-requeueable deps ti=<TaskInstance: my_scraping_dag.main_task scheduled__2023-04-10T00:00:00+00:00 [queued]>
[2023-12-07T17:22:57.746+0000] {taskinstance.py:1159} INFO - Dependencies all met for dep_context=requeueable deps ti=<TaskInstance: my_scraping_dag.main_task scheduled__2023-04-10T00:00:00+00:00 [queued]>
[2023-12-07T17:22:57.746+0000] {taskinstance.py:1361} INFO - Starting attempt 1 of 1
[2023-12-07T17:22:57.753+0000] {taskinstance.py:1382} INFO - Executing <Task(PythonOperator): main_task> on 2023-04-10 00:00:00+00:00
[2023-12-07T17:22:57.756+0000] {standard_task_runner.py:57} INFO - Started process 9549 to run task
[2023-12-07T17:22:57.759+0000] {standard_task_runner.py:84} INFO - Running: ['***', 'tasks', 'run', 'my_scraping_dag', 'main_task', 'scheduled__2023-04-10T00:00:00+00:00', '--job-id', '2971', '--raw', '--subdir', 'DAGS_FOLDER/main.py', '--cfg-path', '/tmp/tmpux0ltu47']
[2023-12-07T17:22:57.761+0000] {standard_task_runner.py:85} INFO - Job 2971: Subtask main_task
[2023-12-07T17:22:57.791+0000] {task_command.py:416} INFO - Running <TaskInstance: my_scraping_dag.main_task scheduled__2023-04-10T00:00:00+00:00 [running]> on host 63b0c7e341c0
[2023-12-07T17:22:57.833+0000] {taskinstance.py:1662} INFO - Exporting env vars: AIRFLOW_CTX_DAG_OWNER='***' AIRFLOW_CTX_DAG_ID='my_scraping_dag' AIRFLOW_CTX_TASK_ID='main_task' AIRFLOW_CTX_EXECUTION_DATE='2023-04-10T00:00:00+00:00' AIRFLOW_CTX_TRY_NUMBER='1' AIRFLOW_CTX_DAG_RUN_ID='scheduled__2023-04-10T00:00:00+00:00'
[2023-12-07T17:22:58.577+0000] {taskinstance.py:1937} ERROR - Task failed with exception
Traceback (most recent call last):
  File "/home/airflow/.local/lib/python3.8/site-packages/airflow/operators/python.py", line 192, in execute
    return_value = self.execute_callable()
  File "/home/airflow/.local/lib/python3.8/site-packages/airflow/operators/python.py", line 209, in execute_callable
    return self.python_callable(*self.op_args, **self.op_kwargs)
  File "/opt/airflow/dags/main.py", line 73, in main
    insert_data_to_db(products, db_params)
  File "/opt/airflow/dags/main.py", line 40, in insert_data_to_db
    with psycopg2.connect(**db_params) as conn:
  File "/home/airflow/.local/lib/python3.8/site-packages/psycopg2/__init__.py", line 122, in connect
    conn = _connect(dsn, connection_factory=connection_factory, **kwasync)
psycopg2.OperationalError: connection to server at "localhost" (127.0.0.1), port 5432 failed: Connection refused
	Is the server running on that host and accepting TCP/IP connections?
connection to server at "localhost" (::1), port 5432 failed: Cannot assign requested address
	Is the server running on that host and accepting TCP/IP connections?

[2023-12-07T17:22:58.587+0000] {taskinstance.py:1400} INFO - Marking task as FAILED. dag_id=my_scraping_dag, task_id=main_task, execution_date=20230410T000000, start_date=20231207T172257, end_date=20231207T172258
[2023-12-07T17:22:58.595+0000] {standard_task_runner.py:104} ERROR - Failed to execute job 2971 for task main_task (connection to server at "localhost" (127.0.0.1), port 5432 failed: Connection refused
	Is the server running on that host and accepting TCP/IP connections?
connection to server at "localhost" (::1), port 5432 failed: Cannot assign requested address
	Is the server running on that host and accepting TCP/IP connections?
; 9549)
[2023-12-07T17:22:58.617+0000] {local_task_job_runner.py:228} INFO - Task exited with return code 1
[2023-12-07T17:22:58.627+0000] {taskinstance.py:2778} INFO - 0 downstream tasks scheduled from follow-on schedule check
[2023-12-07T17:28:38.746+0000] {taskinstance.py:1159} INFO - Dependencies all met for dep_context=non-requeueable deps ti=<TaskInstance: my_scraping_dag.main_task scheduled__2023-04-10T00:00:00+00:00 [queued]>
[2023-12-07T17:28:38.751+0000] {taskinstance.py:1159} INFO - Dependencies all met for dep_context=requeueable deps ti=<TaskInstance: my_scraping_dag.main_task scheduled__2023-04-10T00:00:00+00:00 [queued]>
[2023-12-07T17:28:38.752+0000] {taskinstance.py:1361} INFO - Starting attempt 1 of 1
[2023-12-07T17:28:38.760+0000] {taskinstance.py:1382} INFO - Executing <Task(PythonOperator): main_task> on 2023-04-10 00:00:00+00:00
[2023-12-07T17:28:38.762+0000] {standard_task_runner.py:57} INFO - Started process 10380 to run task
[2023-12-07T17:28:38.764+0000] {standard_task_runner.py:84} INFO - Running: ['***', 'tasks', 'run', 'my_scraping_dag', 'main_task', 'scheduled__2023-04-10T00:00:00+00:00', '--job-id', '3313', '--raw', '--subdir', 'DAGS_FOLDER/main.py', '--cfg-path', '/tmp/tmpxdv1bban']
[2023-12-07T17:28:38.766+0000] {standard_task_runner.py:85} INFO - Job 3313: Subtask main_task
[2023-12-07T17:28:38.801+0000] {task_command.py:416} INFO - Running <TaskInstance: my_scraping_dag.main_task scheduled__2023-04-10T00:00:00+00:00 [running]> on host 63b0c7e341c0
[2023-12-07T17:28:38.843+0000] {taskinstance.py:1662} INFO - Exporting env vars: AIRFLOW_CTX_DAG_OWNER='***' AIRFLOW_CTX_DAG_ID='my_scraping_dag' AIRFLOW_CTX_TASK_ID='main_task' AIRFLOW_CTX_EXECUTION_DATE='2023-04-10T00:00:00+00:00' AIRFLOW_CTX_TRY_NUMBER='1' AIRFLOW_CTX_DAG_RUN_ID='scheduled__2023-04-10T00:00:00+00:00'
[2023-12-07T17:28:39.597+0000] {taskinstance.py:1937} ERROR - Task failed with exception
Traceback (most recent call last):
  File "/home/airflow/.local/lib/python3.8/site-packages/airflow/operators/python.py", line 192, in execute
    return_value = self.execute_callable()
  File "/home/airflow/.local/lib/python3.8/site-packages/airflow/operators/python.py", line 209, in execute_callable
    return self.python_callable(*self.op_args, **self.op_kwargs)
  File "/opt/airflow/dags/main.py", line 73, in main
    insert_data_to_db(products, db_params)
  File "/opt/airflow/dags/main.py", line 40, in insert_data_to_db
    with psycopg2.connect(**db_params) as conn:
  File "/home/airflow/.local/lib/python3.8/site-packages/psycopg2/__init__.py", line 122, in connect
    conn = _connect(dsn, connection_factory=connection_factory, **kwasync)
psycopg2.OperationalError: connection to server at "localhost" (127.0.0.1), port 5432 failed: Connection refused
	Is the server running on that host and accepting TCP/IP connections?
connection to server at "localhost" (::1), port 5432 failed: Cannot assign requested address
	Is the server running on that host and accepting TCP/IP connections?

[2023-12-07T17:28:39.603+0000] {taskinstance.py:1400} INFO - Marking task as FAILED. dag_id=my_scraping_dag, task_id=main_task, execution_date=20230410T000000, start_date=20231207T172838, end_date=20231207T172839
[2023-12-07T17:28:39.609+0000] {standard_task_runner.py:104} ERROR - Failed to execute job 3313 for task main_task (connection to server at "localhost" (127.0.0.1), port 5432 failed: Connection refused
	Is the server running on that host and accepting TCP/IP connections?
connection to server at "localhost" (::1), port 5432 failed: Cannot assign requested address
	Is the server running on that host and accepting TCP/IP connections?
; 10380)
[2023-12-07T17:28:39.627+0000] {local_task_job_runner.py:228} INFO - Task exited with return code 1
[2023-12-07T17:28:39.641+0000] {taskinstance.py:2778} INFO - 0 downstream tasks scheduled from follow-on schedule check
[2023-12-09T07:34:33.972+0000] {taskinstance.py:1159} INFO - Dependencies all met for dep_context=non-requeueable deps ti=<TaskInstance: my_scraping_dag.main_task scheduled__2023-04-10T00:00:00+00:00 [queued]>
[2023-12-09T07:34:33.977+0000] {taskinstance.py:1159} INFO - Dependencies all met for dep_context=requeueable deps ti=<TaskInstance: my_scraping_dag.main_task scheduled__2023-04-10T00:00:00+00:00 [queued]>
[2023-12-09T07:34:33.978+0000] {taskinstance.py:1361} INFO - Starting attempt 1 of 1
[2023-12-09T07:34:33.986+0000] {taskinstance.py:1382} INFO - Executing <Task(PythonOperator): main_task> on 2023-04-10 00:00:00+00:00
[2023-12-09T07:34:33.988+0000] {standard_task_runner.py:57} INFO - Started process 797 to run task
[2023-12-09T07:34:33.992+0000] {standard_task_runner.py:84} INFO - Running: ['***', 'tasks', 'run', 'my_scraping_dag', 'main_task', 'scheduled__2023-04-10T00:00:00+00:00', '--job-id', '103', '--raw', '--subdir', 'DAGS_FOLDER/main.py', '--cfg-path', '/tmp/tmp4e7dxdyb']
[2023-12-09T07:34:33.994+0000] {standard_task_runner.py:85} INFO - Job 103: Subtask main_task
[2023-12-09T07:34:34.019+0000] {task_command.py:416} INFO - Running <TaskInstance: my_scraping_dag.main_task scheduled__2023-04-10T00:00:00+00:00 [running]> on host 36b5ef2505c9
[2023-12-09T07:34:34.059+0000] {taskinstance.py:1662} INFO - Exporting env vars: AIRFLOW_CTX_DAG_OWNER='***' AIRFLOW_CTX_DAG_ID='my_scraping_dag' AIRFLOW_CTX_TASK_ID='main_task' AIRFLOW_CTX_EXECUTION_DATE='2023-04-10T00:00:00+00:00' AIRFLOW_CTX_TRY_NUMBER='1' AIRFLOW_CTX_DAG_RUN_ID='scheduled__2023-04-10T00:00:00+00:00'
[2023-12-09T07:34:34.063+0000] {taskinstance.py:1937} ERROR - Task failed with exception
Traceback (most recent call last):
  File "/home/airflow/.local/lib/python3.8/site-packages/airflow/operators/python.py", line 192, in execute
    return_value = self.execute_callable()
  File "/home/airflow/.local/lib/python3.8/site-packages/airflow/operators/python.py", line 209, in execute_callable
    return self.python_callable(*self.op_args, **self.op_kwargs)
  File "/opt/airflow/dags/main.py", line 64, in main
    base_url = Variable.get('base_url')
  File "/home/airflow/.local/lib/python3.8/site-packages/airflow/models/variable.py", line 140, in get
    raise KeyError(f"Variable {key} does not exist")
KeyError: 'Variable base_url does not exist'
[2023-12-09T07:34:34.068+0000] {taskinstance.py:1400} INFO - Marking task as FAILED. dag_id=my_scraping_dag, task_id=main_task, execution_date=20230410T000000, start_date=20231209T073433, end_date=20231209T073434
[2023-12-09T07:34:34.072+0000] {standard_task_runner.py:104} ERROR - Failed to execute job 103 for task main_task ('Variable base_url does not exist'; 797)
[2023-12-09T07:34:34.083+0000] {local_task_job_runner.py:228} INFO - Task exited with return code 1
[2023-12-09T07:34:34.092+0000] {taskinstance.py:2778} INFO - 0 downstream tasks scheduled from follow-on schedule check
