[2023-11-19T11:59:01.200+0000] {processor.py:157} INFO - Started process (PID=75) to work on /home/airflow/.local/lib/python3.8/site-packages/airflow/example_dags/example_time_delta_sensor_async.py
[2023-11-19T11:59:01.201+0000] {processor.py:829} INFO - Processing file /home/airflow/.local/lib/python3.8/site-packages/airflow/example_dags/example_time_delta_sensor_async.py for tasks to queue
[2023-11-19T11:59:01.202+0000] {logging_mixin.py:154} INFO - [2023-11-19T11:59:01.202+0000] {dagbag.py:536} INFO - Filling up the DagBag from /home/airflow/.local/lib/python3.8/site-packages/airflow/example_dags/example_time_delta_sensor_async.py
[2023-11-19T11:59:01.205+0000] {processor.py:839} INFO - DAG(s) dict_keys(['example_time_delta_sensor_async']) retrieved from /home/airflow/.local/lib/python3.8/site-packages/airflow/example_dags/example_time_delta_sensor_async.py
[2023-11-19T11:59:01.258+0000] {logging_mixin.py:154} INFO - [2023-11-19T11:59:01.258+0000] {manager.py:499} INFO - Created Permission View: %s
[2023-11-19T11:59:01.262+0000] {logging_mixin.py:154} INFO - [2023-11-19T11:59:01.262+0000] {manager.py:499} INFO - Created Permission View: %s
[2023-11-19T11:59:01.264+0000] {logging_mixin.py:154} INFO - [2023-11-19T11:59:01.264+0000] {manager.py:499} INFO - Created Permission View: %s
[2023-11-19T11:59:01.264+0000] {logging_mixin.py:154} INFO - [2023-11-19T11:59:01.264+0000] {dag.py:2941} INFO - Sync 1 DAGs
[2023-11-19T11:59:01.269+0000] {logging_mixin.py:154} INFO - [2023-11-19T11:59:01.269+0000] {dag.py:2963} INFO - Creating ORM DAG for example_time_delta_sensor_async
[2023-11-19T11:59:01.270+0000] {logging_mixin.py:154} INFO - [2023-11-19T11:59:01.270+0000] {dag.py:3722} INFO - Setting next_dagrun for example_time_delta_sensor_async to None, run_after=None
[2023-11-19T11:59:01.277+0000] {processor.py:179} INFO - Processing /home/airflow/.local/lib/python3.8/site-packages/airflow/example_dags/example_time_delta_sensor_async.py took 0.079 seconds
[2023-11-19T11:59:32.080+0000] {processor.py:157} INFO - Started process (PID=129) to work on /home/airflow/.local/lib/python3.8/site-packages/airflow/example_dags/example_time_delta_sensor_async.py
[2023-11-19T11:59:32.081+0000] {processor.py:829} INFO - Processing file /home/airflow/.local/lib/python3.8/site-packages/airflow/example_dags/example_time_delta_sensor_async.py for tasks to queue
[2023-11-19T11:59:32.082+0000] {logging_mixin.py:154} INFO - [2023-11-19T11:59:32.082+0000] {dagbag.py:536} INFO - Filling up the DagBag from /home/airflow/.local/lib/python3.8/site-packages/airflow/example_dags/example_time_delta_sensor_async.py
[2023-11-19T11:59:32.084+0000] {processor.py:839} INFO - DAG(s) dict_keys(['example_time_delta_sensor_async']) retrieved from /home/airflow/.local/lib/python3.8/site-packages/airflow/example_dags/example_time_delta_sensor_async.py
[2023-11-19T11:59:32.095+0000] {logging_mixin.py:154} INFO - [2023-11-19T11:59:32.095+0000] {dag.py:2941} INFO - Sync 1 DAGs
[2023-11-19T11:59:32.101+0000] {logging_mixin.py:154} INFO - [2023-11-19T11:59:32.101+0000] {dag.py:3722} INFO - Setting next_dagrun for example_time_delta_sensor_async to None, run_after=None
[2023-11-19T11:59:32.108+0000] {processor.py:179} INFO - Processing /home/airflow/.local/lib/python3.8/site-packages/airflow/example_dags/example_time_delta_sensor_async.py took 0.030 seconds
[2023-11-19T12:00:02.571+0000] {processor.py:157} INFO - Started process (PID=183) to work on /home/airflow/.local/lib/python3.8/site-packages/airflow/example_dags/example_time_delta_sensor_async.py
[2023-11-19T12:00:02.572+0000] {processor.py:829} INFO - Processing file /home/airflow/.local/lib/python3.8/site-packages/airflow/example_dags/example_time_delta_sensor_async.py for tasks to queue
[2023-11-19T12:00:02.573+0000] {logging_mixin.py:154} INFO - [2023-11-19T12:00:02.573+0000] {dagbag.py:536} INFO - Filling up the DagBag from /home/airflow/.local/lib/python3.8/site-packages/airflow/example_dags/example_time_delta_sensor_async.py
[2023-11-19T12:00:02.575+0000] {processor.py:839} INFO - DAG(s) dict_keys(['example_time_delta_sensor_async']) retrieved from /home/airflow/.local/lib/python3.8/site-packages/airflow/example_dags/example_time_delta_sensor_async.py
[2023-11-19T12:00:02.586+0000] {logging_mixin.py:154} INFO - [2023-11-19T12:00:02.586+0000] {dag.py:2941} INFO - Sync 1 DAGs
[2023-11-19T12:00:02.592+0000] {logging_mixin.py:154} INFO - [2023-11-19T12:00:02.592+0000] {dag.py:3722} INFO - Setting next_dagrun for example_time_delta_sensor_async to None, run_after=None
[2023-11-19T12:00:02.600+0000] {processor.py:179} INFO - Processing /home/airflow/.local/lib/python3.8/site-packages/airflow/example_dags/example_time_delta_sensor_async.py took 0.030 seconds
[2023-11-19T12:00:33.078+0000] {processor.py:157} INFO - Started process (PID=237) to work on /home/airflow/.local/lib/python3.8/site-packages/airflow/example_dags/example_time_delta_sensor_async.py
[2023-11-19T12:00:33.078+0000] {processor.py:829} INFO - Processing file /home/airflow/.local/lib/python3.8/site-packages/airflow/example_dags/example_time_delta_sensor_async.py for tasks to queue
[2023-11-19T12:00:33.079+0000] {logging_mixin.py:154} INFO - [2023-11-19T12:00:33.079+0000] {dagbag.py:536} INFO - Filling up the DagBag from /home/airflow/.local/lib/python3.8/site-packages/airflow/example_dags/example_time_delta_sensor_async.py
[2023-11-19T12:00:33.082+0000] {processor.py:839} INFO - DAG(s) dict_keys(['example_time_delta_sensor_async']) retrieved from /home/airflow/.local/lib/python3.8/site-packages/airflow/example_dags/example_time_delta_sensor_async.py
[2023-11-19T12:00:33.091+0000] {logging_mixin.py:154} INFO - [2023-11-19T12:00:33.091+0000] {dag.py:2941} INFO - Sync 1 DAGs
[2023-11-19T12:00:33.096+0000] {logging_mixin.py:154} INFO - [2023-11-19T12:00:33.096+0000] {dag.py:3722} INFO - Setting next_dagrun for example_time_delta_sensor_async to None, run_after=None
[2023-11-19T12:00:33.103+0000] {processor.py:179} INFO - Processing /home/airflow/.local/lib/python3.8/site-packages/airflow/example_dags/example_time_delta_sensor_async.py took 0.027 seconds
[2023-11-19T12:01:03.747+0000] {processor.py:157} INFO - Started process (PID=291) to work on /home/airflow/.local/lib/python3.8/site-packages/airflow/example_dags/example_time_delta_sensor_async.py
[2023-11-19T12:01:03.748+0000] {processor.py:829} INFO - Processing file /home/airflow/.local/lib/python3.8/site-packages/airflow/example_dags/example_time_delta_sensor_async.py for tasks to queue
[2023-11-19T12:01:03.749+0000] {logging_mixin.py:154} INFO - [2023-11-19T12:01:03.749+0000] {dagbag.py:536} INFO - Filling up the DagBag from /home/airflow/.local/lib/python3.8/site-packages/airflow/example_dags/example_time_delta_sensor_async.py
[2023-11-19T12:01:03.751+0000] {processor.py:839} INFO - DAG(s) dict_keys(['example_time_delta_sensor_async']) retrieved from /home/airflow/.local/lib/python3.8/site-packages/airflow/example_dags/example_time_delta_sensor_async.py
[2023-11-19T12:01:03.761+0000] {logging_mixin.py:154} INFO - [2023-11-19T12:01:03.760+0000] {dag.py:2941} INFO - Sync 1 DAGs
[2023-11-19T12:01:03.766+0000] {logging_mixin.py:154} INFO - [2023-11-19T12:01:03.766+0000] {dag.py:3722} INFO - Setting next_dagrun for example_time_delta_sensor_async to None, run_after=None
[2023-11-19T12:01:03.773+0000] {processor.py:179} INFO - Processing /home/airflow/.local/lib/python3.8/site-packages/airflow/example_dags/example_time_delta_sensor_async.py took 0.028 seconds
[2023-11-19T12:01:34.376+0000] {processor.py:157} INFO - Started process (PID=345) to work on /home/airflow/.local/lib/python3.8/site-packages/airflow/example_dags/example_time_delta_sensor_async.py
[2023-11-19T12:01:34.376+0000] {processor.py:829} INFO - Processing file /home/airflow/.local/lib/python3.8/site-packages/airflow/example_dags/example_time_delta_sensor_async.py for tasks to queue
[2023-11-19T12:01:34.377+0000] {logging_mixin.py:154} INFO - [2023-11-19T12:01:34.377+0000] {dagbag.py:536} INFO - Filling up the DagBag from /home/airflow/.local/lib/python3.8/site-packages/airflow/example_dags/example_time_delta_sensor_async.py
[2023-11-19T12:01:34.380+0000] {processor.py:839} INFO - DAG(s) dict_keys(['example_time_delta_sensor_async']) retrieved from /home/airflow/.local/lib/python3.8/site-packages/airflow/example_dags/example_time_delta_sensor_async.py
[2023-11-19T12:01:34.389+0000] {logging_mixin.py:154} INFO - [2023-11-19T12:01:34.389+0000] {dag.py:2941} INFO - Sync 1 DAGs
[2023-11-19T12:01:34.394+0000] {logging_mixin.py:154} INFO - [2023-11-19T12:01:34.394+0000] {dag.py:3722} INFO - Setting next_dagrun for example_time_delta_sensor_async to None, run_after=None
[2023-11-19T12:01:34.401+0000] {processor.py:179} INFO - Processing /home/airflow/.local/lib/python3.8/site-packages/airflow/example_dags/example_time_delta_sensor_async.py took 0.027 seconds
