[2023-11-19T11:58:59.901+0000] {processor.py:157} INFO - Started process (PID=54) to work on /home/airflow/.local/lib/python3.8/site-packages/airflow/example_dags/example_params_ui_tutorial.py
[2023-11-19T11:58:59.902+0000] {processor.py:829} INFO - Processing file /home/airflow/.local/lib/python3.8/site-packages/airflow/example_dags/example_params_ui_tutorial.py for tasks to queue
[2023-11-19T11:58:59.905+0000] {logging_mixin.py:154} INFO - [2023-11-19T11:58:59.905+0000] {dagbag.py:536} INFO - Filling up the DagBag from /home/airflow/.local/lib/python3.8/site-packages/airflow/example_dags/example_params_ui_tutorial.py
[2023-11-19T11:58:59.928+0000] {processor.py:839} INFO - DAG(s) dict_keys(['example_params_ui_tutorial']) retrieved from /home/airflow/.local/lib/python3.8/site-packages/airflow/example_dags/example_params_ui_tutorial.py
[2023-11-19T11:58:59.995+0000] {logging_mixin.py:154} INFO - [2023-11-19T11:58:59.995+0000] {manager.py:499} INFO - Created Permission View: %s
[2023-11-19T11:59:00.000+0000] {logging_mixin.py:154} INFO - [2023-11-19T11:58:59.999+0000] {manager.py:499} INFO - Created Permission View: %s
[2023-11-19T11:59:00.002+0000] {logging_mixin.py:154} INFO - [2023-11-19T11:59:00.002+0000] {manager.py:499} INFO - Created Permission View: %s
[2023-11-19T11:59:00.003+0000] {logging_mixin.py:154} INFO - [2023-11-19T11:59:00.003+0000] {dag.py:2941} INFO - Sync 1 DAGs
[2023-11-19T11:59:00.008+0000] {logging_mixin.py:154} INFO - [2023-11-19T11:59:00.008+0000] {dag.py:2963} INFO - Creating ORM DAG for example_params_ui_tutorial
[2023-11-19T11:59:00.009+0000] {logging_mixin.py:154} INFO - [2023-11-19T11:59:00.009+0000] {dag.py:3722} INFO - Setting next_dagrun for example_params_ui_tutorial to None, run_after=None
[2023-11-19T11:59:00.017+0000] {processor.py:179} INFO - Processing /home/airflow/.local/lib/python3.8/site-packages/airflow/example_dags/example_params_ui_tutorial.py took 0.119 seconds
[2023-11-19T11:59:30.483+0000] {processor.py:157} INFO - Started process (PID=108) to work on /home/airflow/.local/lib/python3.8/site-packages/airflow/example_dags/example_params_ui_tutorial.py
[2023-11-19T11:59:30.484+0000] {processor.py:829} INFO - Processing file /home/airflow/.local/lib/python3.8/site-packages/airflow/example_dags/example_params_ui_tutorial.py for tasks to queue
[2023-11-19T11:59:30.485+0000] {logging_mixin.py:154} INFO - [2023-11-19T11:59:30.485+0000] {dagbag.py:536} INFO - Filling up the DagBag from /home/airflow/.local/lib/python3.8/site-packages/airflow/example_dags/example_params_ui_tutorial.py
[2023-11-19T11:59:30.501+0000] {processor.py:839} INFO - DAG(s) dict_keys(['example_params_ui_tutorial']) retrieved from /home/airflow/.local/lib/python3.8/site-packages/airflow/example_dags/example_params_ui_tutorial.py
[2023-11-19T11:59:30.522+0000] {logging_mixin.py:154} INFO - [2023-11-19T11:59:30.522+0000] {dag.py:2941} INFO - Sync 1 DAGs
[2023-11-19T11:59:30.527+0000] {logging_mixin.py:154} INFO - [2023-11-19T11:59:30.527+0000] {dag.py:3722} INFO - Setting next_dagrun for example_params_ui_tutorial to None, run_after=None
[2023-11-19T11:59:30.534+0000] {processor.py:179} INFO - Processing /home/airflow/.local/lib/python3.8/site-packages/airflow/example_dags/example_params_ui_tutorial.py took 0.052 seconds
[2023-11-19T12:00:01.027+0000] {processor.py:157} INFO - Started process (PID=162) to work on /home/airflow/.local/lib/python3.8/site-packages/airflow/example_dags/example_params_ui_tutorial.py
[2023-11-19T12:00:01.027+0000] {processor.py:829} INFO - Processing file /home/airflow/.local/lib/python3.8/site-packages/airflow/example_dags/example_params_ui_tutorial.py for tasks to queue
[2023-11-19T12:00:01.029+0000] {logging_mixin.py:154} INFO - [2023-11-19T12:00:01.028+0000] {dagbag.py:536} INFO - Filling up the DagBag from /home/airflow/.local/lib/python3.8/site-packages/airflow/example_dags/example_params_ui_tutorial.py
[2023-11-19T12:00:01.045+0000] {processor.py:839} INFO - DAG(s) dict_keys(['example_params_ui_tutorial']) retrieved from /home/airflow/.local/lib/python3.8/site-packages/airflow/example_dags/example_params_ui_tutorial.py
[2023-11-19T12:00:01.067+0000] {logging_mixin.py:154} INFO - [2023-11-19T12:00:01.067+0000] {dag.py:2941} INFO - Sync 1 DAGs
[2023-11-19T12:00:01.073+0000] {logging_mixin.py:154} INFO - [2023-11-19T12:00:01.073+0000] {dag.py:3722} INFO - Setting next_dagrun for example_params_ui_tutorial to None, run_after=None
[2023-11-19T12:00:01.082+0000] {processor.py:179} INFO - Processing /home/airflow/.local/lib/python3.8/site-packages/airflow/example_dags/example_params_ui_tutorial.py took 0.057 seconds
[2023-11-19T12:00:31.558+0000] {processor.py:157} INFO - Started process (PID=216) to work on /home/airflow/.local/lib/python3.8/site-packages/airflow/example_dags/example_params_ui_tutorial.py
[2023-11-19T12:00:31.559+0000] {processor.py:829} INFO - Processing file /home/airflow/.local/lib/python3.8/site-packages/airflow/example_dags/example_params_ui_tutorial.py for tasks to queue
[2023-11-19T12:00:31.560+0000] {logging_mixin.py:154} INFO - [2023-11-19T12:00:31.560+0000] {dagbag.py:536} INFO - Filling up the DagBag from /home/airflow/.local/lib/python3.8/site-packages/airflow/example_dags/example_params_ui_tutorial.py
[2023-11-19T12:00:31.575+0000] {processor.py:839} INFO - DAG(s) dict_keys(['example_params_ui_tutorial']) retrieved from /home/airflow/.local/lib/python3.8/site-packages/airflow/example_dags/example_params_ui_tutorial.py
[2023-11-19T12:00:31.596+0000] {logging_mixin.py:154} INFO - [2023-11-19T12:00:31.596+0000] {dag.py:2941} INFO - Sync 1 DAGs
[2023-11-19T12:00:31.601+0000] {logging_mixin.py:154} INFO - [2023-11-19T12:00:31.601+0000] {dag.py:3722} INFO - Setting next_dagrun for example_params_ui_tutorial to None, run_after=None
[2023-11-19T12:00:31.608+0000] {processor.py:179} INFO - Processing /home/airflow/.local/lib/python3.8/site-packages/airflow/example_dags/example_params_ui_tutorial.py took 0.051 seconds
[2023-11-19T12:01:02.187+0000] {processor.py:157} INFO - Started process (PID=270) to work on /home/airflow/.local/lib/python3.8/site-packages/airflow/example_dags/example_params_ui_tutorial.py
[2023-11-19T12:01:02.187+0000] {processor.py:829} INFO - Processing file /home/airflow/.local/lib/python3.8/site-packages/airflow/example_dags/example_params_ui_tutorial.py for tasks to queue
[2023-11-19T12:01:02.188+0000] {logging_mixin.py:154} INFO - [2023-11-19T12:01:02.188+0000] {dagbag.py:536} INFO - Filling up the DagBag from /home/airflow/.local/lib/python3.8/site-packages/airflow/example_dags/example_params_ui_tutorial.py
[2023-11-19T12:01:02.204+0000] {processor.py:839} INFO - DAG(s) dict_keys(['example_params_ui_tutorial']) retrieved from /home/airflow/.local/lib/python3.8/site-packages/airflow/example_dags/example_params_ui_tutorial.py
[2023-11-19T12:01:02.225+0000] {logging_mixin.py:154} INFO - [2023-11-19T12:01:02.224+0000] {dag.py:2941} INFO - Sync 1 DAGs
[2023-11-19T12:01:02.230+0000] {logging_mixin.py:154} INFO - [2023-11-19T12:01:02.230+0000] {dag.py:3722} INFO - Setting next_dagrun for example_params_ui_tutorial to None, run_after=None
[2023-11-19T12:01:02.237+0000] {processor.py:179} INFO - Processing /home/airflow/.local/lib/python3.8/site-packages/airflow/example_dags/example_params_ui_tutorial.py took 0.052 seconds
[2023-11-19T12:01:32.759+0000] {processor.py:157} INFO - Started process (PID=324) to work on /home/airflow/.local/lib/python3.8/site-packages/airflow/example_dags/example_params_ui_tutorial.py
[2023-11-19T12:01:32.760+0000] {processor.py:829} INFO - Processing file /home/airflow/.local/lib/python3.8/site-packages/airflow/example_dags/example_params_ui_tutorial.py for tasks to queue
[2023-11-19T12:01:32.761+0000] {logging_mixin.py:154} INFO - [2023-11-19T12:01:32.761+0000] {dagbag.py:536} INFO - Filling up the DagBag from /home/airflow/.local/lib/python3.8/site-packages/airflow/example_dags/example_params_ui_tutorial.py
[2023-11-19T12:01:32.777+0000] {processor.py:839} INFO - DAG(s) dict_keys(['example_params_ui_tutorial']) retrieved from /home/airflow/.local/lib/python3.8/site-packages/airflow/example_dags/example_params_ui_tutorial.py
[2023-11-19T12:01:32.798+0000] {logging_mixin.py:154} INFO - [2023-11-19T12:01:32.798+0000] {dag.py:2941} INFO - Sync 1 DAGs
[2023-11-19T12:01:32.803+0000] {logging_mixin.py:154} INFO - [2023-11-19T12:01:32.803+0000] {dag.py:3722} INFO - Setting next_dagrun for example_params_ui_tutorial to None, run_after=None
[2023-11-19T12:01:32.810+0000] {processor.py:179} INFO - Processing /home/airflow/.local/lib/python3.8/site-packages/airflow/example_dags/example_params_ui_tutorial.py took 0.052 seconds
