[2023-11-19T11:58:58.574+0000] {processor.py:157} INFO - Started process (PID=36) to work on /home/airflow/.local/lib/python3.8/site-packages/airflow/example_dags/example_nested_branch_dag.py
[2023-11-19T11:58:58.575+0000] {processor.py:829} INFO - Processing file /home/airflow/.local/lib/python3.8/site-packages/airflow/example_dags/example_nested_branch_dag.py for tasks to queue
[2023-11-19T11:58:58.577+0000] {logging_mixin.py:154} INFO - [2023-11-19T11:58:58.577+0000] {dagbag.py:536} INFO - Filling up the DagBag from /home/airflow/.local/lib/python3.8/site-packages/airflow/example_dags/example_nested_branch_dag.py
[2023-11-19T11:58:58.589+0000] {processor.py:839} INFO - DAG(s) dict_keys(['example_nested_branch_dag']) retrieved from /home/airflow/.local/lib/python3.8/site-packages/airflow/example_dags/example_nested_branch_dag.py
[2023-11-19T11:58:58.707+0000] {logging_mixin.py:154} INFO - [2023-11-19T11:58:58.707+0000] {manager.py:499} INFO - Created Permission View: %s
[2023-11-19T11:58:58.712+0000] {logging_mixin.py:154} INFO - [2023-11-19T11:58:58.712+0000] {manager.py:499} INFO - Created Permission View: %s
[2023-11-19T11:58:58.715+0000] {logging_mixin.py:154} INFO - [2023-11-19T11:58:58.715+0000] {manager.py:499} INFO - Created Permission View: %s
[2023-11-19T11:58:58.715+0000] {logging_mixin.py:154} INFO - [2023-11-19T11:58:58.715+0000] {dag.py:2941} INFO - Sync 1 DAGs
[2023-11-19T11:58:58.721+0000] {logging_mixin.py:154} INFO - [2023-11-19T11:58:58.721+0000] {dag.py:2963} INFO - Creating ORM DAG for example_nested_branch_dag
[2023-11-19T11:58:58.727+0000] {logging_mixin.py:154} INFO - [2023-11-19T11:58:58.727+0000] {dag.py:3722} INFO - Setting next_dagrun for example_nested_branch_dag to 2023-11-18T00:00:00+00:00, run_after=2023-11-19T00:00:00+00:00
[2023-11-19T11:58:58.736+0000] {processor.py:179} INFO - Processing /home/airflow/.local/lib/python3.8/site-packages/airflow/example_dags/example_nested_branch_dag.py took 0.166 seconds
[2023-11-19T11:59:28.836+0000] {processor.py:157} INFO - Started process (PID=90) to work on /home/airflow/.local/lib/python3.8/site-packages/airflow/example_dags/example_nested_branch_dag.py
[2023-11-19T11:59:28.838+0000] {processor.py:829} INFO - Processing file /home/airflow/.local/lib/python3.8/site-packages/airflow/example_dags/example_nested_branch_dag.py for tasks to queue
[2023-11-19T11:59:28.840+0000] {logging_mixin.py:154} INFO - [2023-11-19T11:59:28.840+0000] {dagbag.py:536} INFO - Filling up the DagBag from /home/airflow/.local/lib/python3.8/site-packages/airflow/example_dags/example_nested_branch_dag.py
[2023-11-19T11:59:28.850+0000] {processor.py:839} INFO - DAG(s) dict_keys(['example_nested_branch_dag']) retrieved from /home/airflow/.local/lib/python3.8/site-packages/airflow/example_dags/example_nested_branch_dag.py
[2023-11-19T11:59:28.868+0000] {logging_mixin.py:154} INFO - [2023-11-19T11:59:28.868+0000] {dag.py:2941} INFO - Sync 1 DAGs
[2023-11-19T11:59:28.882+0000] {logging_mixin.py:154} INFO - [2023-11-19T11:59:28.881+0000] {dag.py:3722} INFO - Setting next_dagrun for example_nested_branch_dag to 2023-11-18T00:00:00+00:00, run_after=2023-11-19T00:00:00+00:00
[2023-11-19T11:59:28.890+0000] {processor.py:179} INFO - Processing /home/airflow/.local/lib/python3.8/site-packages/airflow/example_dags/example_nested_branch_dag.py took 0.060 seconds
[2023-11-19T11:59:59.500+0000] {processor.py:157} INFO - Started process (PID=144) to work on /home/airflow/.local/lib/python3.8/site-packages/airflow/example_dags/example_nested_branch_dag.py
[2023-11-19T11:59:59.502+0000] {processor.py:829} INFO - Processing file /home/airflow/.local/lib/python3.8/site-packages/airflow/example_dags/example_nested_branch_dag.py for tasks to queue
[2023-11-19T11:59:59.505+0000] {logging_mixin.py:154} INFO - [2023-11-19T11:59:59.505+0000] {dagbag.py:536} INFO - Filling up the DagBag from /home/airflow/.local/lib/python3.8/site-packages/airflow/example_dags/example_nested_branch_dag.py
[2023-11-19T11:59:59.515+0000] {processor.py:839} INFO - DAG(s) dict_keys(['example_nested_branch_dag']) retrieved from /home/airflow/.local/lib/python3.8/site-packages/airflow/example_dags/example_nested_branch_dag.py
[2023-11-19T11:59:59.533+0000] {logging_mixin.py:154} INFO - [2023-11-19T11:59:59.533+0000] {dag.py:2941} INFO - Sync 1 DAGs
[2023-11-19T11:59:59.546+0000] {logging_mixin.py:154} INFO - [2023-11-19T11:59:59.546+0000] {dag.py:3722} INFO - Setting next_dagrun for example_nested_branch_dag to 2023-11-18T00:00:00+00:00, run_after=2023-11-19T00:00:00+00:00
[2023-11-19T11:59:59.554+0000] {processor.py:179} INFO - Processing /home/airflow/.local/lib/python3.8/site-packages/airflow/example_dags/example_nested_branch_dag.py took 0.059 seconds
[2023-11-19T12:00:29.990+0000] {processor.py:157} INFO - Started process (PID=198) to work on /home/airflow/.local/lib/python3.8/site-packages/airflow/example_dags/example_nested_branch_dag.py
[2023-11-19T12:00:29.992+0000] {processor.py:829} INFO - Processing file /home/airflow/.local/lib/python3.8/site-packages/airflow/example_dags/example_nested_branch_dag.py for tasks to queue
[2023-11-19T12:00:29.995+0000] {logging_mixin.py:154} INFO - [2023-11-19T12:00:29.994+0000] {dagbag.py:536} INFO - Filling up the DagBag from /home/airflow/.local/lib/python3.8/site-packages/airflow/example_dags/example_nested_branch_dag.py
[2023-11-19T12:00:30.006+0000] {processor.py:839} INFO - DAG(s) dict_keys(['example_nested_branch_dag']) retrieved from /home/airflow/.local/lib/python3.8/site-packages/airflow/example_dags/example_nested_branch_dag.py
[2023-11-19T12:00:30.022+0000] {logging_mixin.py:154} INFO - [2023-11-19T12:00:30.022+0000] {dag.py:2941} INFO - Sync 1 DAGs
[2023-11-19T12:00:30.035+0000] {logging_mixin.py:154} INFO - [2023-11-19T12:00:30.035+0000] {dag.py:3722} INFO - Setting next_dagrun for example_nested_branch_dag to 2023-11-18T00:00:00+00:00, run_after=2023-11-19T00:00:00+00:00
[2023-11-19T12:00:30.043+0000] {processor.py:179} INFO - Processing /home/airflow/.local/lib/python3.8/site-packages/airflow/example_dags/example_nested_branch_dag.py took 0.060 seconds
[2023-11-19T12:01:00.543+0000] {processor.py:157} INFO - Started process (PID=252) to work on /home/airflow/.local/lib/python3.8/site-packages/airflow/example_dags/example_nested_branch_dag.py
[2023-11-19T12:01:00.545+0000] {processor.py:829} INFO - Processing file /home/airflow/.local/lib/python3.8/site-packages/airflow/example_dags/example_nested_branch_dag.py for tasks to queue
[2023-11-19T12:01:00.548+0000] {logging_mixin.py:154} INFO - [2023-11-19T12:01:00.548+0000] {dagbag.py:536} INFO - Filling up the DagBag from /home/airflow/.local/lib/python3.8/site-packages/airflow/example_dags/example_nested_branch_dag.py
[2023-11-19T12:01:00.558+0000] {processor.py:839} INFO - DAG(s) dict_keys(['example_nested_branch_dag']) retrieved from /home/airflow/.local/lib/python3.8/site-packages/airflow/example_dags/example_nested_branch_dag.py
[2023-11-19T12:01:00.575+0000] {logging_mixin.py:154} INFO - [2023-11-19T12:01:00.575+0000] {dag.py:2941} INFO - Sync 1 DAGs
[2023-11-19T12:01:00.588+0000] {logging_mixin.py:154} INFO - [2023-11-19T12:01:00.588+0000] {dag.py:3722} INFO - Setting next_dagrun for example_nested_branch_dag to 2023-11-18T00:00:00+00:00, run_after=2023-11-19T00:00:00+00:00
[2023-11-19T12:01:00.597+0000] {processor.py:179} INFO - Processing /home/airflow/.local/lib/python3.8/site-packages/airflow/example_dags/example_nested_branch_dag.py took 0.060 seconds
[2023-11-19T12:01:31.189+0000] {processor.py:157} INFO - Started process (PID=306) to work on /home/airflow/.local/lib/python3.8/site-packages/airflow/example_dags/example_nested_branch_dag.py
[2023-11-19T12:01:31.190+0000] {processor.py:829} INFO - Processing file /home/airflow/.local/lib/python3.8/site-packages/airflow/example_dags/example_nested_branch_dag.py for tasks to queue
[2023-11-19T12:01:31.193+0000] {logging_mixin.py:154} INFO - [2023-11-19T12:01:31.193+0000] {dagbag.py:536} INFO - Filling up the DagBag from /home/airflow/.local/lib/python3.8/site-packages/airflow/example_dags/example_nested_branch_dag.py
[2023-11-19T12:01:31.204+0000] {processor.py:839} INFO - DAG(s) dict_keys(['example_nested_branch_dag']) retrieved from /home/airflow/.local/lib/python3.8/site-packages/airflow/example_dags/example_nested_branch_dag.py
[2023-11-19T12:01:31.221+0000] {logging_mixin.py:154} INFO - [2023-11-19T12:01:31.221+0000] {dag.py:2941} INFO - Sync 1 DAGs
[2023-11-19T12:01:31.235+0000] {logging_mixin.py:154} INFO - [2023-11-19T12:01:31.235+0000] {dag.py:3722} INFO - Setting next_dagrun for example_nested_branch_dag to 2023-11-18T00:00:00+00:00, run_after=2023-11-19T00:00:00+00:00
[2023-11-19T12:01:31.243+0000] {processor.py:179} INFO - Processing /home/airflow/.local/lib/python3.8/site-packages/airflow/example_dags/example_nested_branch_dag.py took 0.061 seconds
