[2023-11-19T11:58:59.147+0000] {processor.py:157} INFO - Started process (PID=42) to work on /home/airflow/.local/lib/python3.8/site-packages/airflow/example_dags/example_branch_python_dop_operator_3.py
[2023-11-19T11:58:59.148+0000] {processor.py:829} INFO - Processing file /home/airflow/.local/lib/python3.8/site-packages/airflow/example_dags/example_branch_python_dop_operator_3.py for tasks to queue
[2023-11-19T11:58:59.151+0000] {logging_mixin.py:154} INFO - [2023-11-19T11:58:59.151+0000] {dagbag.py:536} INFO - Filling up the DagBag from /home/airflow/.local/lib/python3.8/site-packages/airflow/example_dags/example_branch_python_dop_operator_3.py
[2023-11-19T11:58:59.158+0000] {processor.py:839} INFO - DAG(s) dict_keys(['example_branch_dop_operator_v3']) retrieved from /home/airflow/.local/lib/python3.8/site-packages/airflow/example_dags/example_branch_python_dop_operator_3.py
[2023-11-19T11:58:59.220+0000] {logging_mixin.py:154} INFO - [2023-11-19T11:58:59.220+0000] {manager.py:499} INFO - Created Permission View: %s
[2023-11-19T11:58:59.224+0000] {logging_mixin.py:154} INFO - [2023-11-19T11:58:59.224+0000] {manager.py:499} INFO - Created Permission View: %s
[2023-11-19T11:58:59.227+0000] {logging_mixin.py:154} INFO - [2023-11-19T11:58:59.227+0000] {manager.py:499} INFO - Created Permission View: %s
[2023-11-19T11:58:59.227+0000] {logging_mixin.py:154} INFO - [2023-11-19T11:58:59.227+0000] {dag.py:2941} INFO - Sync 1 DAGs
[2023-11-19T11:58:59.233+0000] {logging_mixin.py:154} INFO - [2023-11-19T11:58:59.233+0000] {dag.py:2963} INFO - Creating ORM DAG for example_branch_dop_operator_v3
[2023-11-19T11:58:59.240+0000] {logging_mixin.py:154} INFO - [2023-11-19T11:58:59.240+0000] {dag.py:3722} INFO - Setting next_dagrun for example_branch_dop_operator_v3 to 2023-11-19T11:57:00+00:00, run_after=2023-11-19T11:58:00+00:00
[2023-11-19T11:58:59.248+0000] {processor.py:179} INFO - Processing /home/airflow/.local/lib/python3.8/site-packages/airflow/example_dags/example_branch_python_dop_operator_3.py took 0.103 seconds
[2023-11-19T11:59:30.043+0000] {processor.py:157} INFO - Started process (PID=96) to work on /home/airflow/.local/lib/python3.8/site-packages/airflow/example_dags/example_branch_python_dop_operator_3.py
[2023-11-19T11:59:30.043+0000] {processor.py:829} INFO - Processing file /home/airflow/.local/lib/python3.8/site-packages/airflow/example_dags/example_branch_python_dop_operator_3.py for tasks to queue
[2023-11-19T11:59:30.044+0000] {logging_mixin.py:154} INFO - [2023-11-19T11:59:30.044+0000] {dagbag.py:536} INFO - Filling up the DagBag from /home/airflow/.local/lib/python3.8/site-packages/airflow/example_dags/example_branch_python_dop_operator_3.py
[2023-11-19T11:59:30.049+0000] {processor.py:839} INFO - DAG(s) dict_keys(['example_branch_dop_operator_v3']) retrieved from /home/airflow/.local/lib/python3.8/site-packages/airflow/example_dags/example_branch_python_dop_operator_3.py
[2023-11-19T11:59:30.059+0000] {logging_mixin.py:154} INFO - [2023-11-19T11:59:30.059+0000] {dag.py:2941} INFO - Sync 1 DAGs
[2023-11-19T11:59:30.071+0000] {logging_mixin.py:154} INFO - [2023-11-19T11:59:30.071+0000] {dag.py:3722} INFO - Setting next_dagrun for example_branch_dop_operator_v3 to 2023-11-19T11:58:00+00:00, run_after=2023-11-19T11:59:00+00:00
[2023-11-19T11:59:30.079+0000] {processor.py:179} INFO - Processing /home/airflow/.local/lib/python3.8/site-packages/airflow/example_dags/example_branch_python_dop_operator_3.py took 0.037 seconds
[2023-11-19T12:00:00.713+0000] {processor.py:157} INFO - Started process (PID=150) to work on /home/airflow/.local/lib/python3.8/site-packages/airflow/example_dags/example_branch_python_dop_operator_3.py
[2023-11-19T12:00:00.713+0000] {processor.py:829} INFO - Processing file /home/airflow/.local/lib/python3.8/site-packages/airflow/example_dags/example_branch_python_dop_operator_3.py for tasks to queue
[2023-11-19T12:00:00.714+0000] {logging_mixin.py:154} INFO - [2023-11-19T12:00:00.714+0000] {dagbag.py:536} INFO - Filling up the DagBag from /home/airflow/.local/lib/python3.8/site-packages/airflow/example_dags/example_branch_python_dop_operator_3.py
[2023-11-19T12:00:00.719+0000] {processor.py:839} INFO - DAG(s) dict_keys(['example_branch_dop_operator_v3']) retrieved from /home/airflow/.local/lib/python3.8/site-packages/airflow/example_dags/example_branch_python_dop_operator_3.py
[2023-11-19T12:00:00.729+0000] {logging_mixin.py:154} INFO - [2023-11-19T12:00:00.729+0000] {dag.py:2941} INFO - Sync 1 DAGs
[2023-11-19T12:00:00.741+0000] {logging_mixin.py:154} INFO - [2023-11-19T12:00:00.741+0000] {dag.py:3722} INFO - Setting next_dagrun for example_branch_dop_operator_v3 to 2023-11-19T11:59:00+00:00, run_after=2023-11-19T12:00:00+00:00
[2023-11-19T12:00:00.748+0000] {processor.py:179} INFO - Processing /home/airflow/.local/lib/python3.8/site-packages/airflow/example_dags/example_branch_python_dop_operator_3.py took 0.037 seconds
[2023-11-19T12:00:31.156+0000] {processor.py:157} INFO - Started process (PID=204) to work on /home/airflow/.local/lib/python3.8/site-packages/airflow/example_dags/example_branch_python_dop_operator_3.py
[2023-11-19T12:00:31.156+0000] {processor.py:829} INFO - Processing file /home/airflow/.local/lib/python3.8/site-packages/airflow/example_dags/example_branch_python_dop_operator_3.py for tasks to queue
[2023-11-19T12:00:31.157+0000] {logging_mixin.py:154} INFO - [2023-11-19T12:00:31.157+0000] {dagbag.py:536} INFO - Filling up the DagBag from /home/airflow/.local/lib/python3.8/site-packages/airflow/example_dags/example_branch_python_dop_operator_3.py
[2023-11-19T12:00:31.162+0000] {processor.py:839} INFO - DAG(s) dict_keys(['example_branch_dop_operator_v3']) retrieved from /home/airflow/.local/lib/python3.8/site-packages/airflow/example_dags/example_branch_python_dop_operator_3.py
[2023-11-19T12:00:31.172+0000] {logging_mixin.py:154} INFO - [2023-11-19T12:00:31.172+0000] {dag.py:2941} INFO - Sync 1 DAGs
[2023-11-19T12:00:31.183+0000] {logging_mixin.py:154} INFO - [2023-11-19T12:00:31.183+0000] {dag.py:3722} INFO - Setting next_dagrun for example_branch_dop_operator_v3 to 2023-11-19T11:59:00+00:00, run_after=2023-11-19T12:00:00+00:00
[2023-11-19T12:00:31.190+0000] {processor.py:179} INFO - Processing /home/airflow/.local/lib/python3.8/site-packages/airflow/example_dags/example_branch_python_dop_operator_3.py took 0.036 seconds
[2023-11-19T12:01:01.754+0000] {processor.py:157} INFO - Started process (PID=258) to work on /home/airflow/.local/lib/python3.8/site-packages/airflow/example_dags/example_branch_python_dop_operator_3.py
[2023-11-19T12:01:01.754+0000] {processor.py:829} INFO - Processing file /home/airflow/.local/lib/python3.8/site-packages/airflow/example_dags/example_branch_python_dop_operator_3.py for tasks to queue
[2023-11-19T12:01:01.755+0000] {logging_mixin.py:154} INFO - [2023-11-19T12:01:01.755+0000] {dagbag.py:536} INFO - Filling up the DagBag from /home/airflow/.local/lib/python3.8/site-packages/airflow/example_dags/example_branch_python_dop_operator_3.py
[2023-11-19T12:01:01.759+0000] {processor.py:839} INFO - DAG(s) dict_keys(['example_branch_dop_operator_v3']) retrieved from /home/airflow/.local/lib/python3.8/site-packages/airflow/example_dags/example_branch_python_dop_operator_3.py
[2023-11-19T12:01:01.769+0000] {logging_mixin.py:154} INFO - [2023-11-19T12:01:01.769+0000] {dag.py:2941} INFO - Sync 1 DAGs
[2023-11-19T12:01:01.780+0000] {logging_mixin.py:154} INFO - [2023-11-19T12:01:01.780+0000] {dag.py:3722} INFO - Setting next_dagrun for example_branch_dop_operator_v3 to 2023-11-19T12:00:00+00:00, run_after=2023-11-19T12:01:00+00:00
[2023-11-19T12:01:01.788+0000] {processor.py:179} INFO - Processing /home/airflow/.local/lib/python3.8/site-packages/airflow/example_dags/example_branch_python_dop_operator_3.py took 0.036 seconds
[2023-11-19T12:01:32.402+0000] {processor.py:157} INFO - Started process (PID=312) to work on /home/airflow/.local/lib/python3.8/site-packages/airflow/example_dags/example_branch_python_dop_operator_3.py
[2023-11-19T12:01:32.403+0000] {processor.py:829} INFO - Processing file /home/airflow/.local/lib/python3.8/site-packages/airflow/example_dags/example_branch_python_dop_operator_3.py for tasks to queue
[2023-11-19T12:01:32.404+0000] {logging_mixin.py:154} INFO - [2023-11-19T12:01:32.404+0000] {dagbag.py:536} INFO - Filling up the DagBag from /home/airflow/.local/lib/python3.8/site-packages/airflow/example_dags/example_branch_python_dop_operator_3.py
[2023-11-19T12:01:32.408+0000] {processor.py:839} INFO - DAG(s) dict_keys(['example_branch_dop_operator_v3']) retrieved from /home/airflow/.local/lib/python3.8/site-packages/airflow/example_dags/example_branch_python_dop_operator_3.py
[2023-11-19T12:01:32.418+0000] {logging_mixin.py:154} INFO - [2023-11-19T12:01:32.418+0000] {dag.py:2941} INFO - Sync 1 DAGs
[2023-11-19T12:01:32.429+0000] {logging_mixin.py:154} INFO - [2023-11-19T12:01:32.429+0000] {dag.py:3722} INFO - Setting next_dagrun for example_branch_dop_operator_v3 to 2023-11-19T12:00:00+00:00, run_after=2023-11-19T12:01:00+00:00
[2023-11-19T12:01:32.437+0000] {processor.py:179} INFO - Processing /home/airflow/.local/lib/python3.8/site-packages/airflow/example_dags/example_branch_python_dop_operator_3.py took 0.037 seconds
