[2023-11-19T11:59:01.120+0000] {processor.py:157} INFO - Started process (PID=74) to work on /home/airflow/.local/lib/python3.8/site-packages/airflow/example_dags/tutorial_taskflow_api.py
[2023-11-19T11:59:01.120+0000] {processor.py:829} INFO - Processing file /home/airflow/.local/lib/python3.8/site-packages/airflow/example_dags/tutorial_taskflow_api.py for tasks to queue
[2023-11-19T11:59:01.122+0000] {logging_mixin.py:154} INFO - [2023-11-19T11:59:01.121+0000] {dagbag.py:536} INFO - Filling up the DagBag from /home/airflow/.local/lib/python3.8/site-packages/airflow/example_dags/tutorial_taskflow_api.py
[2023-11-19T11:59:01.125+0000] {processor.py:839} INFO - DAG(s) dict_keys(['tutorial_taskflow_api']) retrieved from /home/airflow/.local/lib/python3.8/site-packages/airflow/example_dags/tutorial_taskflow_api.py
[2023-11-19T11:59:01.170+0000] {logging_mixin.py:154} INFO - [2023-11-19T11:59:01.170+0000] {manager.py:499} INFO - Created Permission View: %s
[2023-11-19T11:59:01.174+0000] {logging_mixin.py:154} INFO - [2023-11-19T11:59:01.174+0000] {manager.py:499} INFO - Created Permission View: %s
[2023-11-19T11:59:01.176+0000] {logging_mixin.py:154} INFO - [2023-11-19T11:59:01.176+0000] {manager.py:499} INFO - Created Permission View: %s
[2023-11-19T11:59:01.176+0000] {logging_mixin.py:154} INFO - [2023-11-19T11:59:01.176+0000] {dag.py:2941} INFO - Sync 1 DAGs
[2023-11-19T11:59:01.181+0000] {logging_mixin.py:154} INFO - [2023-11-19T11:59:01.181+0000] {dag.py:2963} INFO - Creating ORM DAG for tutorial_taskflow_api
[2023-11-19T11:59:01.181+0000] {logging_mixin.py:154} INFO - [2023-11-19T11:59:01.181+0000] {dag.py:3722} INFO - Setting next_dagrun for tutorial_taskflow_api to None, run_after=None
[2023-11-19T11:59:01.188+0000] {processor.py:179} INFO - Processing /home/airflow/.local/lib/python3.8/site-packages/airflow/example_dags/tutorial_taskflow_api.py took 0.069 seconds
[2023-11-19T11:59:32.044+0000] {processor.py:157} INFO - Started process (PID=128) to work on /home/airflow/.local/lib/python3.8/site-packages/airflow/example_dags/tutorial_taskflow_api.py
[2023-11-19T11:59:32.044+0000] {processor.py:829} INFO - Processing file /home/airflow/.local/lib/python3.8/site-packages/airflow/example_dags/tutorial_taskflow_api.py for tasks to queue
[2023-11-19T11:59:32.045+0000] {logging_mixin.py:154} INFO - [2023-11-19T11:59:32.045+0000] {dagbag.py:536} INFO - Filling up the DagBag from /home/airflow/.local/lib/python3.8/site-packages/airflow/example_dags/tutorial_taskflow_api.py
[2023-11-19T11:59:32.048+0000] {processor.py:839} INFO - DAG(s) dict_keys(['tutorial_taskflow_api']) retrieved from /home/airflow/.local/lib/python3.8/site-packages/airflow/example_dags/tutorial_taskflow_api.py
[2023-11-19T11:59:32.058+0000] {logging_mixin.py:154} INFO - [2023-11-19T11:59:32.058+0000] {dag.py:2941} INFO - Sync 1 DAGs
[2023-11-19T11:59:32.064+0000] {logging_mixin.py:154} INFO - [2023-11-19T11:59:32.064+0000] {dag.py:3722} INFO - Setting next_dagrun for tutorial_taskflow_api to None, run_after=None
[2023-11-19T11:59:32.071+0000] {processor.py:179} INFO - Processing /home/airflow/.local/lib/python3.8/site-packages/airflow/example_dags/tutorial_taskflow_api.py took 0.029 seconds
[2023-11-19T12:00:02.536+0000] {processor.py:157} INFO - Started process (PID=182) to work on /home/airflow/.local/lib/python3.8/site-packages/airflow/example_dags/tutorial_taskflow_api.py
[2023-11-19T12:00:02.536+0000] {processor.py:829} INFO - Processing file /home/airflow/.local/lib/python3.8/site-packages/airflow/example_dags/tutorial_taskflow_api.py for tasks to queue
[2023-11-19T12:00:02.537+0000] {logging_mixin.py:154} INFO - [2023-11-19T12:00:02.537+0000] {dagbag.py:536} INFO - Filling up the DagBag from /home/airflow/.local/lib/python3.8/site-packages/airflow/example_dags/tutorial_taskflow_api.py
[2023-11-19T12:00:02.540+0000] {processor.py:839} INFO - DAG(s) dict_keys(['tutorial_taskflow_api']) retrieved from /home/airflow/.local/lib/python3.8/site-packages/airflow/example_dags/tutorial_taskflow_api.py
[2023-11-19T12:00:02.549+0000] {logging_mixin.py:154} INFO - [2023-11-19T12:00:02.549+0000] {dag.py:2941} INFO - Sync 1 DAGs
[2023-11-19T12:00:02.555+0000] {logging_mixin.py:154} INFO - [2023-11-19T12:00:02.554+0000] {dag.py:3722} INFO - Setting next_dagrun for tutorial_taskflow_api to None, run_after=None
[2023-11-19T12:00:02.562+0000] {processor.py:179} INFO - Processing /home/airflow/.local/lib/python3.8/site-packages/airflow/example_dags/tutorial_taskflow_api.py took 0.028 seconds
[2023-11-19T12:00:33.041+0000] {processor.py:157} INFO - Started process (PID=236) to work on /home/airflow/.local/lib/python3.8/site-packages/airflow/example_dags/tutorial_taskflow_api.py
[2023-11-19T12:00:33.042+0000] {processor.py:829} INFO - Processing file /home/airflow/.local/lib/python3.8/site-packages/airflow/example_dags/tutorial_taskflow_api.py for tasks to queue
[2023-11-19T12:00:33.043+0000] {logging_mixin.py:154} INFO - [2023-11-19T12:00:33.043+0000] {dagbag.py:536} INFO - Filling up the DagBag from /home/airflow/.local/lib/python3.8/site-packages/airflow/example_dags/tutorial_taskflow_api.py
[2023-11-19T12:00:33.046+0000] {processor.py:839} INFO - DAG(s) dict_keys(['tutorial_taskflow_api']) retrieved from /home/airflow/.local/lib/python3.8/site-packages/airflow/example_dags/tutorial_taskflow_api.py
[2023-11-19T12:00:33.054+0000] {logging_mixin.py:154} INFO - [2023-11-19T12:00:33.054+0000] {dag.py:2941} INFO - Sync 1 DAGs
[2023-11-19T12:00:33.060+0000] {logging_mixin.py:154} INFO - [2023-11-19T12:00:33.060+0000] {dag.py:3722} INFO - Setting next_dagrun for tutorial_taskflow_api to None, run_after=None
[2023-11-19T12:00:33.067+0000] {processor.py:179} INFO - Processing /home/airflow/.local/lib/python3.8/site-packages/airflow/example_dags/tutorial_taskflow_api.py took 0.028 seconds
[2023-11-19T12:01:03.743+0000] {processor.py:157} INFO - Started process (PID=290) to work on /home/airflow/.local/lib/python3.8/site-packages/airflow/example_dags/tutorial_taskflow_api.py
[2023-11-19T12:01:03.743+0000] {processor.py:829} INFO - Processing file /home/airflow/.local/lib/python3.8/site-packages/airflow/example_dags/tutorial_taskflow_api.py for tasks to queue
[2023-11-19T12:01:03.744+0000] {logging_mixin.py:154} INFO - [2023-11-19T12:01:03.744+0000] {dagbag.py:536} INFO - Filling up the DagBag from /home/airflow/.local/lib/python3.8/site-packages/airflow/example_dags/tutorial_taskflow_api.py
[2023-11-19T12:01:03.748+0000] {processor.py:839} INFO - DAG(s) dict_keys(['tutorial_taskflow_api']) retrieved from /home/airflow/.local/lib/python3.8/site-packages/airflow/example_dags/tutorial_taskflow_api.py
[2023-11-19T12:01:03.757+0000] {logging_mixin.py:154} INFO - [2023-11-19T12:01:03.757+0000] {dag.py:2941} INFO - Sync 1 DAGs
[2023-11-19T12:01:03.763+0000] {logging_mixin.py:154} INFO - [2023-11-19T12:01:03.763+0000] {dag.py:3722} INFO - Setting next_dagrun for tutorial_taskflow_api to None, run_after=None
[2023-11-19T12:01:03.770+0000] {processor.py:179} INFO - Processing /home/airflow/.local/lib/python3.8/site-packages/airflow/example_dags/tutorial_taskflow_api.py took 0.029 seconds
[2023-11-19T12:01:34.339+0000] {processor.py:157} INFO - Started process (PID=344) to work on /home/airflow/.local/lib/python3.8/site-packages/airflow/example_dags/tutorial_taskflow_api.py
[2023-11-19T12:01:34.339+0000] {processor.py:829} INFO - Processing file /home/airflow/.local/lib/python3.8/site-packages/airflow/example_dags/tutorial_taskflow_api.py for tasks to queue
[2023-11-19T12:01:34.340+0000] {logging_mixin.py:154} INFO - [2023-11-19T12:01:34.340+0000] {dagbag.py:536} INFO - Filling up the DagBag from /home/airflow/.local/lib/python3.8/site-packages/airflow/example_dags/tutorial_taskflow_api.py
[2023-11-19T12:01:34.343+0000] {processor.py:839} INFO - DAG(s) dict_keys(['tutorial_taskflow_api']) retrieved from /home/airflow/.local/lib/python3.8/site-packages/airflow/example_dags/tutorial_taskflow_api.py
[2023-11-19T12:01:34.352+0000] {logging_mixin.py:154} INFO - [2023-11-19T12:01:34.352+0000] {dag.py:2941} INFO - Sync 1 DAGs
[2023-11-19T12:01:34.358+0000] {logging_mixin.py:154} INFO - [2023-11-19T12:01:34.357+0000] {dag.py:3722} INFO - Setting next_dagrun for tutorial_taskflow_api to None, run_after=None
[2023-11-19T12:01:34.365+0000] {processor.py:179} INFO - Processing /home/airflow/.local/lib/python3.8/site-packages/airflow/example_dags/tutorial_taskflow_api.py took 0.028 seconds
