[2023-12-07T14:45:52.777+0000] {taskinstance.py:1159} INFO - Dependencies all met for dep_context=non-requeueable deps ti=<TaskInstance: my_scraping_dag.main_task scheduled__2023-02-23T00:00:00+00:00 [queued]>
[2023-12-07T14:45:52.782+0000] {taskinstance.py:1159} INFO - Dependencies all met for dep_context=requeueable deps ti=<TaskInstance: my_scraping_dag.main_task scheduled__2023-02-23T00:00:00+00:00 [queued]>
[2023-12-07T14:45:52.782+0000] {taskinstance.py:1361} INFO - Starting attempt 1 of 1
[2023-12-07T14:45:52.787+0000] {taskinstance.py:1382} INFO - Executing <Task(PythonOperator): main_task> on 2023-02-23 00:00:00+00:00
[2023-12-07T14:45:52.790+0000] {standard_task_runner.py:57} INFO - Started process 497 to run task
[2023-12-07T14:45:52.791+0000] {standard_task_runner.py:84} INFO - Running: ['***', 'tasks', 'run', 'my_scraping_dag', 'main_task', 'scheduled__2023-02-23T00:00:00+00:00', '--job-id', '65', '--raw', '--subdir', 'DAGS_FOLDER/main.py', '--cfg-path', '/tmp/tmp7rnvrjva']
[2023-12-07T14:45:52.793+0000] {standard_task_runner.py:85} INFO - Job 65: Subtask main_task
[2023-12-07T14:45:52.815+0000] {task_command.py:416} INFO - Running <TaskInstance: my_scraping_dag.main_task scheduled__2023-02-23T00:00:00+00:00 [running]> on host 63b0c7e341c0
[2023-12-07T14:45:52.844+0000] {taskinstance.py:1662} INFO - Exporting env vars: AIRFLOW_CTX_DAG_OWNER='***' AIRFLOW_CTX_DAG_ID='my_scraping_dag' AIRFLOW_CTX_TASK_ID='main_task' AIRFLOW_CTX_EXECUTION_DATE='2023-02-23T00:00:00+00:00' AIRFLOW_CTX_TRY_NUMBER='1' AIRFLOW_CTX_DAG_RUN_ID='scheduled__2023-02-23T00:00:00+00:00'
[2023-12-07T14:45:52.844+0000] {taskinstance.py:1937} ERROR - Task failed with exception
Traceback (most recent call last):
  File "/usr/local/lib/python3.8/configparser.py", line 846, in items
    d.update(self._sections[section])
KeyError: 'web'

During handling of the above exception, another exception occurred:

Traceback (most recent call last):
  File "/home/airflow/.local/lib/python3.8/site-packages/airflow/operators/python.py", line 192, in execute
    return_value = self.execute_callable()
  File "/home/airflow/.local/lib/python3.8/site-packages/airflow/operators/python.py", line 209, in execute_callable
    return self.python_callable(*self.op_args, **self.op_kwargs)
  File "/opt/airflow/dags/main.py", line 61, in main
    config = get_config('web')
  File "/opt/airflow/dags/main.py", line 23, in get_config
    return {key: value for key, value in parser.items(section)}
  File "/usr/local/lib/python3.8/configparser.py", line 849, in items
    raise NoSectionError(section)
configparser.NoSectionError: No section: 'web'
[2023-12-07T14:45:52.848+0000] {taskinstance.py:1400} INFO - Marking task as FAILED. dag_id=my_scraping_dag, task_id=main_task, execution_date=20230223T000000, start_date=20231207T144552, end_date=20231207T144552
[2023-12-07T14:45:52.852+0000] {standard_task_runner.py:104} ERROR - Failed to execute job 65 for task main_task (No section: 'web'; 497)
[2023-12-07T14:45:52.886+0000] {local_task_job_runner.py:228} INFO - Task exited with return code 1
[2023-12-07T14:45:52.897+0000] {taskinstance.py:2778} INFO - 0 downstream tasks scheduled from follow-on schedule check
[2023-12-07T14:51:54.062+0000] {taskinstance.py:1159} INFO - Dependencies all met for dep_context=non-requeueable deps ti=<TaskInstance: my_scraping_dag.main_task scheduled__2023-02-23T00:00:00+00:00 [queued]>
[2023-12-07T14:51:54.067+0000] {taskinstance.py:1159} INFO - Dependencies all met for dep_context=requeueable deps ti=<TaskInstance: my_scraping_dag.main_task scheduled__2023-02-23T00:00:00+00:00 [queued]>
[2023-12-07T14:51:54.068+0000] {taskinstance.py:1361} INFO - Starting attempt 1 of 1
[2023-12-07T14:51:54.078+0000] {taskinstance.py:1382} INFO - Executing <Task(PythonOperator): main_task> on 2023-02-23 00:00:00+00:00
[2023-12-07T14:51:54.080+0000] {standard_task_runner.py:57} INFO - Started process 862 to run task
[2023-12-07T14:51:54.083+0000] {standard_task_runner.py:84} INFO - Running: ['***', 'tasks', 'run', 'my_scraping_dag', 'main_task', 'scheduled__2023-02-23T00:00:00+00:00', '--job-id', '164', '--raw', '--subdir', 'DAGS_FOLDER/main.py', '--cfg-path', '/tmp/tmpqr32telv']
[2023-12-07T14:51:54.085+0000] {standard_task_runner.py:85} INFO - Job 164: Subtask main_task
[2023-12-07T14:51:54.113+0000] {task_command.py:416} INFO - Running <TaskInstance: my_scraping_dag.main_task scheduled__2023-02-23T00:00:00+00:00 [running]> on host 63b0c7e341c0
[2023-12-07T14:51:54.157+0000] {taskinstance.py:1662} INFO - Exporting env vars: AIRFLOW_CTX_DAG_OWNER='***' AIRFLOW_CTX_DAG_ID='my_scraping_dag' AIRFLOW_CTX_TASK_ID='main_task' AIRFLOW_CTX_EXECUTION_DATE='2023-02-23T00:00:00+00:00' AIRFLOW_CTX_TRY_NUMBER='1' AIRFLOW_CTX_DAG_RUN_ID='scheduled__2023-02-23T00:00:00+00:00'
[2023-12-07T14:51:54.158+0000] {taskinstance.py:1937} ERROR - Task failed with exception
Traceback (most recent call last):
  File "/usr/local/lib/python3.8/configparser.py", line 846, in items
    d.update(self._sections[section])
KeyError: 'web'

During handling of the above exception, another exception occurred:

Traceback (most recent call last):
  File "/home/airflow/.local/lib/python3.8/site-packages/airflow/operators/python.py", line 192, in execute
    return_value = self.execute_callable()
  File "/home/airflow/.local/lib/python3.8/site-packages/airflow/operators/python.py", line 209, in execute_callable
    return self.python_callable(*self.op_args, **self.op_kwargs)
  File "/opt/airflow/dags/main.py", line 61, in main
    config = get_config('web')
  File "/opt/airflow/dags/main.py", line 23, in get_config
    return {key: value for key, value in parser.items(section)}
  File "/usr/local/lib/python3.8/configparser.py", line 849, in items
    raise NoSectionError(section)
configparser.NoSectionError: No section: 'web'
[2023-12-07T14:51:54.164+0000] {taskinstance.py:1400} INFO - Marking task as FAILED. dag_id=my_scraping_dag, task_id=main_task, execution_date=20230223T000000, start_date=20231207T145154, end_date=20231207T145154
[2023-12-07T14:51:54.170+0000] {standard_task_runner.py:104} ERROR - Failed to execute job 164 for task main_task (No section: 'web'; 862)
[2023-12-07T14:51:54.176+0000] {local_task_job_runner.py:228} INFO - Task exited with return code 1
[2023-12-07T14:51:54.189+0000] {taskinstance.py:2778} INFO - 0 downstream tasks scheduled from follow-on schedule check
[2023-12-07T15:00:05.199+0000] {taskinstance.py:1159} INFO - Dependencies all met for dep_context=non-requeueable deps ti=<TaskInstance: my_scraping_dag.main_task scheduled__2023-02-23T00:00:00+00:00 [queued]>
[2023-12-07T15:00:05.205+0000] {taskinstance.py:1159} INFO - Dependencies all met for dep_context=requeueable deps ti=<TaskInstance: my_scraping_dag.main_task scheduled__2023-02-23T00:00:00+00:00 [queued]>
[2023-12-07T15:00:05.205+0000] {taskinstance.py:1361} INFO - Starting attempt 1 of 1
[2023-12-07T15:00:05.213+0000] {taskinstance.py:1382} INFO - Executing <Task(PythonOperator): main_task> on 2023-02-23 00:00:00+00:00
[2023-12-07T15:00:05.216+0000] {standard_task_runner.py:57} INFO - Started process 1482 to run task
[2023-12-07T15:00:05.218+0000] {standard_task_runner.py:84} INFO - Running: ['***', 'tasks', 'run', 'my_scraping_dag', 'main_task', 'scheduled__2023-02-23T00:00:00+00:00', '--job-id', '368', '--raw', '--subdir', 'DAGS_FOLDER/main.py', '--cfg-path', '/tmp/tmp1e4hz3y8']
[2023-12-07T15:00:05.220+0000] {standard_task_runner.py:85} INFO - Job 368: Subtask main_task
[2023-12-07T15:00:05.242+0000] {task_command.py:416} INFO - Running <TaskInstance: my_scraping_dag.main_task scheduled__2023-02-23T00:00:00+00:00 [running]> on host 63b0c7e341c0
[2023-12-07T15:00:05.279+0000] {taskinstance.py:1662} INFO - Exporting env vars: AIRFLOW_CTX_DAG_OWNER='***' AIRFLOW_CTX_DAG_ID='my_scraping_dag' AIRFLOW_CTX_TASK_ID='main_task' AIRFLOW_CTX_EXECUTION_DATE='2023-02-23T00:00:00+00:00' AIRFLOW_CTX_TRY_NUMBER='1' AIRFLOW_CTX_DAG_RUN_ID='scheduled__2023-02-23T00:00:00+00:00'
[2023-12-07T15:00:05.280+0000] {taskinstance.py:1937} ERROR - Task failed with exception
Traceback (most recent call last):
  File "/usr/local/lib/python3.8/configparser.py", line 846, in items
    d.update(self._sections[section])
KeyError: 'web'

During handling of the above exception, another exception occurred:

Traceback (most recent call last):
  File "/home/airflow/.local/lib/python3.8/site-packages/airflow/operators/python.py", line 192, in execute
    return_value = self.execute_callable()
  File "/home/airflow/.local/lib/python3.8/site-packages/airflow/operators/python.py", line 209, in execute_callable
    return self.python_callable(*self.op_args, **self.op_kwargs)
  File "/opt/airflow/dags/main.py", line 60, in main
    config = get_config('web')
  File "/opt/airflow/dags/main.py", line 22, in get_config
    return {key: value for key, value in parser.items(section)}
  File "/usr/local/lib/python3.8/configparser.py", line 849, in items
    raise NoSectionError(section)
configparser.NoSectionError: No section: 'web'
[2023-12-07T15:00:05.284+0000] {taskinstance.py:1400} INFO - Marking task as FAILED. dag_id=my_scraping_dag, task_id=main_task, execution_date=20230223T000000, start_date=20231207T150005, end_date=20231207T150005
[2023-12-07T15:00:05.290+0000] {standard_task_runner.py:104} ERROR - Failed to execute job 368 for task main_task (No section: 'web'; 1482)
[2023-12-07T15:00:05.310+0000] {local_task_job_runner.py:228} INFO - Task exited with return code 1
[2023-12-07T15:00:05.326+0000] {taskinstance.py:2778} INFO - 0 downstream tasks scheduled from follow-on schedule check
[2023-12-07T15:10:53.552+0000] {taskinstance.py:1159} INFO - Dependencies all met for dep_context=non-requeueable deps ti=<TaskInstance: my_scraping_dag.main_task scheduled__2023-02-23T00:00:00+00:00 [queued]>
[2023-12-07T15:10:53.557+0000] {taskinstance.py:1159} INFO - Dependencies all met for dep_context=requeueable deps ti=<TaskInstance: my_scraping_dag.main_task scheduled__2023-02-23T00:00:00+00:00 [queued]>
[2023-12-07T15:10:53.557+0000] {taskinstance.py:1361} INFO - Starting attempt 1 of 1
[2023-12-07T15:10:53.564+0000] {taskinstance.py:1382} INFO - Executing <Task(PythonOperator): main_task> on 2023-02-23 00:00:00+00:00
[2023-12-07T15:10:53.567+0000] {standard_task_runner.py:57} INFO - Started process 1953 to run task
[2023-12-07T15:10:53.569+0000] {standard_task_runner.py:84} INFO - Running: ['***', 'tasks', 'run', 'my_scraping_dag', 'main_task', 'scheduled__2023-02-23T00:00:00+00:00', '--job-id', '475', '--raw', '--subdir', 'DAGS_FOLDER/main.py', '--cfg-path', '/tmp/tmpo6b4acug']
[2023-12-07T15:10:53.571+0000] {standard_task_runner.py:85} INFO - Job 475: Subtask main_task
[2023-12-07T15:10:53.598+0000] {task_command.py:416} INFO - Running <TaskInstance: my_scraping_dag.main_task scheduled__2023-02-23T00:00:00+00:00 [running]> on host 63b0c7e341c0
[2023-12-07T15:10:53.642+0000] {taskinstance.py:1662} INFO - Exporting env vars: AIRFLOW_CTX_DAG_OWNER='***' AIRFLOW_CTX_DAG_ID='my_scraping_dag' AIRFLOW_CTX_TASK_ID='main_task' AIRFLOW_CTX_EXECUTION_DATE='2023-02-23T00:00:00+00:00' AIRFLOW_CTX_TRY_NUMBER='1' AIRFLOW_CTX_DAG_RUN_ID='scheduled__2023-02-23T00:00:00+00:00'
[2023-12-07T15:10:53.643+0000] {taskinstance.py:1937} ERROR - Task failed with exception
Traceback (most recent call last):
  File "/usr/local/lib/python3.8/configparser.py", line 846, in items
    d.update(self._sections[section])
KeyError: 'web'

During handling of the above exception, another exception occurred:

Traceback (most recent call last):
  File "/home/airflow/.local/lib/python3.8/site-packages/airflow/operators/python.py", line 192, in execute
    return_value = self.execute_callable()
  File "/home/airflow/.local/lib/python3.8/site-packages/airflow/operators/python.py", line 209, in execute_callable
    return self.python_callable(*self.op_args, **self.op_kwargs)
  File "/opt/airflow/dags/main.py", line 63, in main
    config = get_config('web')
  File "/opt/airflow/dags/main.py", line 14, in get_config
    return {key: value for key, value in parser.items(section)}
  File "/usr/local/lib/python3.8/configparser.py", line 849, in items
    raise NoSectionError(section)
configparser.NoSectionError: No section: 'web'
[2023-12-07T15:10:53.652+0000] {taskinstance.py:1400} INFO - Marking task as FAILED. dag_id=my_scraping_dag, task_id=main_task, execution_date=20230223T000000, start_date=20231207T151053, end_date=20231207T151053
[2023-12-07T15:10:53.679+0000] {standard_task_runner.py:104} ERROR - Failed to execute job 475 for task main_task (No section: 'web'; 1953)
[2023-12-07T15:10:53.701+0000] {local_task_job_runner.py:228} INFO - Task exited with return code 1
[2023-12-07T15:10:53.711+0000] {taskinstance.py:2778} INFO - 0 downstream tasks scheduled from follow-on schedule check
[2023-12-07T15:12:16.832+0000] {taskinstance.py:1159} INFO - Dependencies all met for dep_context=non-requeueable deps ti=<TaskInstance: my_scraping_dag.main_task scheduled__2023-02-23T00:00:00+00:00 [queued]>
[2023-12-07T15:12:16.836+0000] {taskinstance.py:1159} INFO - Dependencies all met for dep_context=requeueable deps ti=<TaskInstance: my_scraping_dag.main_task scheduled__2023-02-23T00:00:00+00:00 [queued]>
[2023-12-07T15:12:16.836+0000] {taskinstance.py:1361} INFO - Starting attempt 1 of 1
[2023-12-07T15:12:16.842+0000] {taskinstance.py:1382} INFO - Executing <Task(PythonOperator): main_task> on 2023-02-23 00:00:00+00:00
[2023-12-07T15:12:16.844+0000] {standard_task_runner.py:57} INFO - Started process 2174 to run task
[2023-12-07T15:12:16.846+0000] {standard_task_runner.py:84} INFO - Running: ['***', 'tasks', 'run', 'my_scraping_dag', 'main_task', 'scheduled__2023-02-23T00:00:00+00:00', '--job-id', '564', '--raw', '--subdir', 'DAGS_FOLDER/main.py', '--cfg-path', '/tmp/tmpw0cx6ied']
[2023-12-07T15:12:16.847+0000] {standard_task_runner.py:85} INFO - Job 564: Subtask main_task
[2023-12-07T15:12:16.869+0000] {task_command.py:416} INFO - Running <TaskInstance: my_scraping_dag.main_task scheduled__2023-02-23T00:00:00+00:00 [running]> on host 63b0c7e341c0
[2023-12-07T15:12:16.897+0000] {taskinstance.py:1662} INFO - Exporting env vars: AIRFLOW_CTX_DAG_OWNER='***' AIRFLOW_CTX_DAG_ID='my_scraping_dag' AIRFLOW_CTX_TASK_ID='main_task' AIRFLOW_CTX_EXECUTION_DATE='2023-02-23T00:00:00+00:00' AIRFLOW_CTX_TRY_NUMBER='1' AIRFLOW_CTX_DAG_RUN_ID='scheduled__2023-02-23T00:00:00+00:00'
[2023-12-07T15:12:16.898+0000] {taskinstance.py:1937} ERROR - Task failed with exception
Traceback (most recent call last):
  File "/usr/local/lib/python3.8/configparser.py", line 846, in items
    d.update(self._sections[section])
KeyError: 'web'

During handling of the above exception, another exception occurred:

Traceback (most recent call last):
  File "/home/airflow/.local/lib/python3.8/site-packages/airflow/operators/python.py", line 192, in execute
    return_value = self.execute_callable()
  File "/home/airflow/.local/lib/python3.8/site-packages/airflow/operators/python.py", line 209, in execute_callable
    return self.python_callable(*self.op_args, **self.op_kwargs)
  File "/opt/airflow/dags/main.py", line 63, in main
    config = get_config('web')
  File "/opt/airflow/dags/main.py", line 14, in get_config
    return {key: value for key, value in parser.items(section)}
  File "/usr/local/lib/python3.8/configparser.py", line 849, in items
    raise NoSectionError(section)
configparser.NoSectionError: No section: 'web'
[2023-12-07T15:12:16.902+0000] {taskinstance.py:1400} INFO - Marking task as FAILED. dag_id=my_scraping_dag, task_id=main_task, execution_date=20230223T000000, start_date=20231207T151216, end_date=20231207T151216
[2023-12-07T15:12:16.906+0000] {standard_task_runner.py:104} ERROR - Failed to execute job 564 for task main_task (No section: 'web'; 2174)
[2023-12-07T15:12:16.939+0000] {local_task_job_runner.py:228} INFO - Task exited with return code 1
[2023-12-07T15:12:16.946+0000] {taskinstance.py:2778} INFO - 0 downstream tasks scheduled from follow-on schedule check
[2023-12-07T16:31:27.086+0000] {taskinstance.py:1159} INFO - Dependencies all met for dep_context=non-requeueable deps ti=<TaskInstance: my_scraping_dag.main_task scheduled__2023-02-23T00:00:00+00:00 [queued]>
[2023-12-07T16:31:27.090+0000] {taskinstance.py:1159} INFO - Dependencies all met for dep_context=requeueable deps ti=<TaskInstance: my_scraping_dag.main_task scheduled__2023-02-23T00:00:00+00:00 [queued]>
[2023-12-07T16:31:27.091+0000] {taskinstance.py:1361} INFO - Starting attempt 1 of 1
[2023-12-07T16:31:27.096+0000] {taskinstance.py:1382} INFO - Executing <Task(PythonOperator): main_task> on 2023-02-23 00:00:00+00:00
[2023-12-07T16:31:27.098+0000] {standard_task_runner.py:57} INFO - Started process 3618 to run task
[2023-12-07T16:31:27.101+0000] {standard_task_runner.py:84} INFO - Running: ['***', 'tasks', 'run', 'my_scraping_dag', 'main_task', 'scheduled__2023-02-23T00:00:00+00:00', '--job-id', '642', '--raw', '--subdir', 'DAGS_FOLDER/main.py', '--cfg-path', '/tmp/tmpr9m6hvo8']
[2023-12-07T16:31:27.103+0000] {standard_task_runner.py:85} INFO - Job 642: Subtask main_task
[2023-12-07T16:31:27.127+0000] {task_command.py:416} INFO - Running <TaskInstance: my_scraping_dag.main_task scheduled__2023-02-23T00:00:00+00:00 [running]> on host 63b0c7e341c0
[2023-12-07T16:31:27.162+0000] {taskinstance.py:1662} INFO - Exporting env vars: AIRFLOW_CTX_DAG_OWNER='***' AIRFLOW_CTX_DAG_ID='my_scraping_dag' AIRFLOW_CTX_TASK_ID='main_task' AIRFLOW_CTX_EXECUTION_DATE='2023-02-23T00:00:00+00:00' AIRFLOW_CTX_TRY_NUMBER='1' AIRFLOW_CTX_DAG_RUN_ID='scheduled__2023-02-23T00:00:00+00:00'
[2023-12-07T16:31:27.162+0000] {taskinstance.py:1937} ERROR - Task failed with exception
Traceback (most recent call last):
  File "/usr/local/lib/python3.8/configparser.py", line 846, in items
    d.update(self._sections[section])
KeyError: 'web'

During handling of the above exception, another exception occurred:

Traceback (most recent call last):
  File "/home/airflow/.local/lib/python3.8/site-packages/airflow/operators/python.py", line 192, in execute
    return_value = self.execute_callable()
  File "/home/airflow/.local/lib/python3.8/site-packages/airflow/operators/python.py", line 209, in execute_callable
    return self.python_callable(*self.op_args, **self.op_kwargs)
  File "/opt/airflow/dags/main.py", line 60, in main
    config = get_config('web')
  File "/opt/airflow/dags/main.py", line 22, in get_config
    return {key: value for key, value in parser.items(section)}
  File "/usr/local/lib/python3.8/configparser.py", line 849, in items
    raise NoSectionError(section)
configparser.NoSectionError: No section: 'web'
[2023-12-07T16:31:27.167+0000] {taskinstance.py:1400} INFO - Marking task as FAILED. dag_id=my_scraping_dag, task_id=main_task, execution_date=20230223T000000, start_date=20231207T163127, end_date=20231207T163127
[2023-12-07T16:31:27.171+0000] {standard_task_runner.py:104} ERROR - Failed to execute job 642 for task main_task (No section: 'web'; 3618)
[2023-12-07T16:31:27.195+0000] {local_task_job_runner.py:228} INFO - Task exited with return code 1
[2023-12-07T16:31:27.207+0000] {taskinstance.py:2778} INFO - 0 downstream tasks scheduled from follow-on schedule check
[2023-12-07T16:41:04.177+0000] {taskinstance.py:1159} INFO - Dependencies all met for dep_context=non-requeueable deps ti=<TaskInstance: my_scraping_dag.main_task scheduled__2023-02-23T00:00:00+00:00 [queued]>
[2023-12-07T16:41:04.182+0000] {taskinstance.py:1159} INFO - Dependencies all met for dep_context=requeueable deps ti=<TaskInstance: my_scraping_dag.main_task scheduled__2023-02-23T00:00:00+00:00 [queued]>
[2023-12-07T16:41:04.183+0000] {taskinstance.py:1361} INFO - Starting attempt 1 of 1
[2023-12-07T16:41:04.190+0000] {taskinstance.py:1382} INFO - Executing <Task(PythonOperator): main_task> on 2023-02-23 00:00:00+00:00
[2023-12-07T16:41:04.193+0000] {standard_task_runner.py:57} INFO - Started process 4535 to run task
[2023-12-07T16:41:04.195+0000] {standard_task_runner.py:84} INFO - Running: ['***', 'tasks', 'run', 'my_scraping_dag', 'main_task', 'scheduled__2023-02-23T00:00:00+00:00', '--job-id', '984', '--raw', '--subdir', 'DAGS_FOLDER/main.py', '--cfg-path', '/tmp/tmpmw2c3yq1']
[2023-12-07T16:41:04.197+0000] {standard_task_runner.py:85} INFO - Job 984: Subtask main_task
[2023-12-07T16:41:04.222+0000] {task_command.py:416} INFO - Running <TaskInstance: my_scraping_dag.main_task scheduled__2023-02-23T00:00:00+00:00 [running]> on host 63b0c7e341c0
[2023-12-07T16:41:04.258+0000] {taskinstance.py:1662} INFO - Exporting env vars: AIRFLOW_CTX_DAG_OWNER='***' AIRFLOW_CTX_DAG_ID='my_scraping_dag' AIRFLOW_CTX_TASK_ID='main_task' AIRFLOW_CTX_EXECUTION_DATE='2023-02-23T00:00:00+00:00' AIRFLOW_CTX_TRY_NUMBER='1' AIRFLOW_CTX_DAG_RUN_ID='scheduled__2023-02-23T00:00:00+00:00'
[2023-12-07T16:41:04.260+0000] {taskinstance.py:1937} ERROR - Task failed with exception
Traceback (most recent call last):
  File "/usr/local/lib/python3.8/configparser.py", line 846, in items
    d.update(self._sections[section])
KeyError: 'web'

During handling of the above exception, another exception occurred:

Traceback (most recent call last):
  File "/home/airflow/.local/lib/python3.8/site-packages/airflow/operators/python.py", line 192, in execute
    return_value = self.execute_callable()
  File "/home/airflow/.local/lib/python3.8/site-packages/airflow/operators/python.py", line 209, in execute_callable
    return self.python_callable(*self.op_args, **self.op_kwargs)
  File "/opt/airflow/dags/main.py", line 60, in main
    config = get_config('web')
  File "/opt/airflow/dags/main.py", line 22, in get_config
    return {key: value for key, value in parser.items(section)}
  File "/usr/local/lib/python3.8/configparser.py", line 849, in items
    raise NoSectionError(section)
configparser.NoSectionError: No section: 'web'
[2023-12-07T16:41:04.265+0000] {taskinstance.py:1400} INFO - Marking task as FAILED. dag_id=my_scraping_dag, task_id=main_task, execution_date=20230223T000000, start_date=20231207T164104, end_date=20231207T164104
[2023-12-07T16:41:04.272+0000] {standard_task_runner.py:104} ERROR - Failed to execute job 984 for task main_task (No section: 'web'; 4535)
[2023-12-07T16:41:04.288+0000] {local_task_job_runner.py:228} INFO - Task exited with return code 1
[2023-12-07T16:41:04.319+0000] {taskinstance.py:2778} INFO - 0 downstream tasks scheduled from follow-on schedule check
[2023-12-07T17:00:09.897+0000] {taskinstance.py:1159} INFO - Dependencies all met for dep_context=non-requeueable deps ti=<TaskInstance: my_scraping_dag.main_task scheduled__2023-02-23T00:00:00+00:00 [queued]>
[2023-12-07T17:00:09.902+0000] {taskinstance.py:1159} INFO - Dependencies all met for dep_context=requeueable deps ti=<TaskInstance: my_scraping_dag.main_task scheduled__2023-02-23T00:00:00+00:00 [queued]>
[2023-12-07T17:00:09.903+0000] {taskinstance.py:1361} INFO - Starting attempt 1 of 1
[2023-12-07T17:00:09.912+0000] {taskinstance.py:1382} INFO - Executing <Task(PythonOperator): main_task> on 2023-02-23 00:00:00+00:00
[2023-12-07T17:00:09.916+0000] {standard_task_runner.py:57} INFO - Started process 5698 to run task
[2023-12-07T17:00:09.918+0000] {standard_task_runner.py:84} INFO - Running: ['***', 'tasks', 'run', 'my_scraping_dag', 'main_task', 'scheduled__2023-02-23T00:00:00+00:00', '--job-id', '1328', '--raw', '--subdir', 'DAGS_FOLDER/main.py', '--cfg-path', '/tmp/tmpho3d1ut2']
[2023-12-07T17:00:09.921+0000] {standard_task_runner.py:85} INFO - Job 1328: Subtask main_task
[2023-12-07T17:00:09.949+0000] {task_command.py:416} INFO - Running <TaskInstance: my_scraping_dag.main_task scheduled__2023-02-23T00:00:00+00:00 [running]> on host 63b0c7e341c0
[2023-12-07T17:00:09.986+0000] {taskinstance.py:1662} INFO - Exporting env vars: AIRFLOW_CTX_DAG_OWNER='***' AIRFLOW_CTX_DAG_ID='my_scraping_dag' AIRFLOW_CTX_TASK_ID='main_task' AIRFLOW_CTX_EXECUTION_DATE='2023-02-23T00:00:00+00:00' AIRFLOW_CTX_TRY_NUMBER='1' AIRFLOW_CTX_DAG_RUN_ID='scheduled__2023-02-23T00:00:00+00:00'
[2023-12-07T17:00:10.008+0000] {taskinstance.py:1937} ERROR - Task failed with exception
Traceback (most recent call last):
  File "/home/airflow/.local/lib/python3.8/site-packages/airflow/operators/python.py", line 192, in execute
    return_value = self.execute_callable()
  File "/home/airflow/.local/lib/python3.8/site-packages/airflow/operators/python.py", line 209, in execute_callable
    return self.python_callable(*self.op_args, **self.op_kwargs)
  File "/opt/airflow/dags/main.py", line 33, in main
    'host': get_config('localhost'),
  File "/opt/airflow/dags/main.py", line 20, in get_config
    return Variable.get(key)
  File "/home/airflow/.local/lib/python3.8/site-packages/airflow/models/variable.py", line 140, in get
    raise KeyError(f"Variable {key} does not exist")
KeyError: 'Variable localhost does not exist'
[2023-12-07T17:00:10.012+0000] {taskinstance.py:1400} INFO - Marking task as FAILED. dag_id=my_scraping_dag, task_id=main_task, execution_date=20230223T000000, start_date=20231207T170009, end_date=20231207T170010
[2023-12-07T17:00:10.017+0000] {standard_task_runner.py:104} ERROR - Failed to execute job 1328 for task main_task ('Variable localhost does not exist'; 5698)
[2023-12-07T17:00:10.052+0000] {local_task_job_runner.py:228} INFO - Task exited with return code 1
[2023-12-07T17:00:10.089+0000] {taskinstance.py:2778} INFO - 0 downstream tasks scheduled from follow-on schedule check
[2023-12-07T17:03:31.566+0000] {taskinstance.py:1159} INFO - Dependencies all met for dep_context=non-requeueable deps ti=<TaskInstance: my_scraping_dag.main_task scheduled__2023-02-23T00:00:00+00:00 [queued]>
[2023-12-07T17:03:31.573+0000] {taskinstance.py:1159} INFO - Dependencies all met for dep_context=requeueable deps ti=<TaskInstance: my_scraping_dag.main_task scheduled__2023-02-23T00:00:00+00:00 [queued]>
[2023-12-07T17:03:31.573+0000] {taskinstance.py:1361} INFO - Starting attempt 1 of 1
[2023-12-07T17:03:31.584+0000] {taskinstance.py:1382} INFO - Executing <Task(PythonOperator): main_task> on 2023-02-23 00:00:00+00:00
[2023-12-07T17:03:31.591+0000] {standard_task_runner.py:57} INFO - Started process 7008 to run task
[2023-12-07T17:03:31.603+0000] {standard_task_runner.py:84} INFO - Running: ['***', 'tasks', 'run', 'my_scraping_dag', 'main_task', 'scheduled__2023-02-23T00:00:00+00:00', '--job-id', '1945', '--raw', '--subdir', 'DAGS_FOLDER/main.py', '--cfg-path', '/tmp/tmp6hd76p33']
[2023-12-07T17:03:31.607+0000] {standard_task_runner.py:85} INFO - Job 1945: Subtask main_task
[2023-12-07T17:03:31.683+0000] {task_command.py:416} INFO - Running <TaskInstance: my_scraping_dag.main_task scheduled__2023-02-23T00:00:00+00:00 [running]> on host 63b0c7e341c0
[2023-12-07T17:03:31.771+0000] {taskinstance.py:1662} INFO - Exporting env vars: AIRFLOW_CTX_DAG_OWNER='***' AIRFLOW_CTX_DAG_ID='my_scraping_dag' AIRFLOW_CTX_TASK_ID='main_task' AIRFLOW_CTX_EXECUTION_DATE='2023-02-23T00:00:00+00:00' AIRFLOW_CTX_TRY_NUMBER='1' AIRFLOW_CTX_DAG_RUN_ID='scheduled__2023-02-23T00:00:00+00:00'
[2023-12-07T17:03:31.811+0000] {logging_mixin.py:154} INFO - base_url: https://tuncbotanik.com
[2023-12-07T17:03:31.813+0000] {python.py:194} INFO - Done. Returned value was: ('https://tuncbotanik.com', {'User-Agent': 'Mozilla/5.0 (Macintosh; Intel Mac OS X 10_15_7) AppleWebKit/537.36 (KHTML, like Gecko) Chrome/119.0.0.0 Safari/537.36', 'Accept-Language': 'tr-TR,tr;q=0.9,en-US;q=0.8,en;q=0.7'}, {'dbname': 'plant', 'user': 'aozgokme', 'password': '***', 'host': 'localhost', 'port': '5432'})
[2023-12-07T17:03:31.830+0000] {taskinstance.py:1400} INFO - Marking task as SUCCESS. dag_id=my_scraping_dag, task_id=main_task, execution_date=20230223T000000, start_date=20231207T170331, end_date=20231207T170331
[2023-12-07T17:03:31.852+0000] {local_task_job_runner.py:228} INFO - Task exited with return code 0
[2023-12-07T17:03:31.879+0000] {taskinstance.py:2778} INFO - 1 downstream tasks scheduled from follow-on schedule check
[2023-12-07T17:18:29.653+0000] {taskinstance.py:1159} INFO - Dependencies all met for dep_context=non-requeueable deps ti=<TaskInstance: my_scraping_dag.main_task scheduled__2023-02-23T00:00:00+00:00 [queued]>
[2023-12-07T17:18:29.659+0000] {taskinstance.py:1159} INFO - Dependencies all met for dep_context=requeueable deps ti=<TaskInstance: my_scraping_dag.main_task scheduled__2023-02-23T00:00:00+00:00 [queued]>
[2023-12-07T17:18:29.659+0000] {taskinstance.py:1361} INFO - Starting attempt 1 of 1
[2023-12-07T17:18:29.682+0000] {taskinstance.py:1382} INFO - Executing <Task(PythonOperator): main_task> on 2023-02-23 00:00:00+00:00
[2023-12-07T17:18:29.685+0000] {standard_task_runner.py:57} INFO - Started process 8650 to run task
[2023-12-07T17:18:29.687+0000] {standard_task_runner.py:84} INFO - Running: ['***', 'tasks', 'run', 'my_scraping_dag', 'main_task', 'scheduled__2023-02-23T00:00:00+00:00', '--job-id', '2583', '--raw', '--subdir', 'DAGS_FOLDER/main.py', '--cfg-path', '/tmp/tmppwm3613x']
[2023-12-07T17:18:29.689+0000] {standard_task_runner.py:85} INFO - Job 2583: Subtask main_task
[2023-12-07T17:18:29.717+0000] {task_command.py:416} INFO - Running <TaskInstance: my_scraping_dag.main_task scheduled__2023-02-23T00:00:00+00:00 [running]> on host 63b0c7e341c0
[2023-12-07T17:18:29.759+0000] {taskinstance.py:1662} INFO - Exporting env vars: AIRFLOW_CTX_DAG_OWNER='***' AIRFLOW_CTX_DAG_ID='my_scraping_dag' AIRFLOW_CTX_TASK_ID='main_task' AIRFLOW_CTX_EXECUTION_DATE='2023-02-23T00:00:00+00:00' AIRFLOW_CTX_TRY_NUMBER='1' AIRFLOW_CTX_DAG_RUN_ID='scheduled__2023-02-23T00:00:00+00:00'
[2023-12-07T17:18:30.542+0000] {taskinstance.py:1937} ERROR - Task failed with exception
Traceback (most recent call last):
  File "/home/airflow/.local/lib/python3.8/site-packages/airflow/operators/python.py", line 192, in execute
    return_value = self.execute_callable()
  File "/home/airflow/.local/lib/python3.8/site-packages/airflow/operators/python.py", line 209, in execute_callable
    return self.python_callable(*self.op_args, **self.op_kwargs)
  File "/opt/airflow/dags/main.py", line 80, in main
    insert_data_to_db(products, db_params)
  File "/opt/airflow/dags/main.py", line 43, in insert_data_to_db
    with psycopg2.connect(**db_params) as conn:
  File "/home/airflow/.local/lib/python3.8/site-packages/psycopg2/__init__.py", line 122, in connect
    conn = _connect(dsn, connection_factory=connection_factory, **kwasync)
psycopg2.OperationalError: connection to server at "localhost" (127.0.0.1), port 5432 failed: Connection refused
	Is the server running on that host and accepting TCP/IP connections?
connection to server at "localhost" (::1), port 5432 failed: Cannot assign requested address
	Is the server running on that host and accepting TCP/IP connections?

[2023-12-07T17:18:30.553+0000] {taskinstance.py:1400} INFO - Marking task as FAILED. dag_id=my_scraping_dag, task_id=main_task, execution_date=20230223T000000, start_date=20231207T171829, end_date=20231207T171830
[2023-12-07T17:18:30.568+0000] {standard_task_runner.py:104} ERROR - Failed to execute job 2583 for task main_task (connection to server at "localhost" (127.0.0.1), port 5432 failed: Connection refused
	Is the server running on that host and accepting TCP/IP connections?
connection to server at "localhost" (::1), port 5432 failed: Cannot assign requested address
	Is the server running on that host and accepting TCP/IP connections?
; 8650)
[2023-12-07T17:18:30.585+0000] {local_task_job_runner.py:228} INFO - Task exited with return code 1
[2023-12-07T17:18:30.596+0000] {taskinstance.py:2778} INFO - 0 downstream tasks scheduled from follow-on schedule check
[2023-12-07T17:22:47.941+0000] {taskinstance.py:1159} INFO - Dependencies all met for dep_context=non-requeueable deps ti=<TaskInstance: my_scraping_dag.main_task scheduled__2023-02-23T00:00:00+00:00 [queued]>
[2023-12-07T17:22:47.946+0000] {taskinstance.py:1159} INFO - Dependencies all met for dep_context=requeueable deps ti=<TaskInstance: my_scraping_dag.main_task scheduled__2023-02-23T00:00:00+00:00 [queued]>
[2023-12-07T17:22:47.947+0000] {taskinstance.py:1361} INFO - Starting attempt 1 of 1
[2023-12-07T17:22:47.958+0000] {taskinstance.py:1382} INFO - Executing <Task(PythonOperator): main_task> on 2023-02-23 00:00:00+00:00
[2023-12-07T17:22:47.962+0000] {standard_task_runner.py:57} INFO - Started process 9444 to run task
[2023-12-07T17:22:47.965+0000] {standard_task_runner.py:84} INFO - Running: ['***', 'tasks', 'run', 'my_scraping_dag', 'main_task', 'scheduled__2023-02-23T00:00:00+00:00', '--job-id', '2925', '--raw', '--subdir', 'DAGS_FOLDER/main.py', '--cfg-path', '/tmp/tmpfc0bkcob']
[2023-12-07T17:22:47.966+0000] {standard_task_runner.py:85} INFO - Job 2925: Subtask main_task
[2023-12-07T17:22:47.999+0000] {task_command.py:416} INFO - Running <TaskInstance: my_scraping_dag.main_task scheduled__2023-02-23T00:00:00+00:00 [running]> on host 63b0c7e341c0
[2023-12-07T17:22:48.055+0000] {taskinstance.py:1662} INFO - Exporting env vars: AIRFLOW_CTX_DAG_OWNER='***' AIRFLOW_CTX_DAG_ID='my_scraping_dag' AIRFLOW_CTX_TASK_ID='main_task' AIRFLOW_CTX_EXECUTION_DATE='2023-02-23T00:00:00+00:00' AIRFLOW_CTX_TRY_NUMBER='1' AIRFLOW_CTX_DAG_RUN_ID='scheduled__2023-02-23T00:00:00+00:00'
[2023-12-07T17:22:48.844+0000] {taskinstance.py:1937} ERROR - Task failed with exception
Traceback (most recent call last):
  File "/home/airflow/.local/lib/python3.8/site-packages/airflow/operators/python.py", line 192, in execute
    return_value = self.execute_callable()
  File "/home/airflow/.local/lib/python3.8/site-packages/airflow/operators/python.py", line 209, in execute_callable
    return self.python_callable(*self.op_args, **self.op_kwargs)
  File "/opt/airflow/dags/main.py", line 73, in main
    insert_data_to_db(products, db_params)
  File "/opt/airflow/dags/main.py", line 40, in insert_data_to_db
    with psycopg2.connect(**db_params) as conn:
  File "/home/airflow/.local/lib/python3.8/site-packages/psycopg2/__init__.py", line 122, in connect
    conn = _connect(dsn, connection_factory=connection_factory, **kwasync)
psycopg2.OperationalError: connection to server at "localhost" (127.0.0.1), port 5432 failed: Connection refused
	Is the server running on that host and accepting TCP/IP connections?
connection to server at "localhost" (::1), port 5432 failed: Cannot assign requested address
	Is the server running on that host and accepting TCP/IP connections?

[2023-12-07T17:22:48.849+0000] {taskinstance.py:1400} INFO - Marking task as FAILED. dag_id=my_scraping_dag, task_id=main_task, execution_date=20230223T000000, start_date=20231207T172247, end_date=20231207T172248
[2023-12-07T17:22:48.855+0000] {standard_task_runner.py:104} ERROR - Failed to execute job 2925 for task main_task (connection to server at "localhost" (127.0.0.1), port 5432 failed: Connection refused
	Is the server running on that host and accepting TCP/IP connections?
connection to server at "localhost" (::1), port 5432 failed: Cannot assign requested address
	Is the server running on that host and accepting TCP/IP connections?
; 9444)
[2023-12-07T17:22:48.867+0000] {local_task_job_runner.py:228} INFO - Task exited with return code 1
[2023-12-07T17:22:48.876+0000] {taskinstance.py:2778} INFO - 0 downstream tasks scheduled from follow-on schedule check
[2023-12-07T17:28:28.790+0000] {taskinstance.py:1159} INFO - Dependencies all met for dep_context=non-requeueable deps ti=<TaskInstance: my_scraping_dag.main_task scheduled__2023-02-23T00:00:00+00:00 [queued]>
[2023-12-07T17:28:28.796+0000] {taskinstance.py:1159} INFO - Dependencies all met for dep_context=requeueable deps ti=<TaskInstance: my_scraping_dag.main_task scheduled__2023-02-23T00:00:00+00:00 [queued]>
[2023-12-07T17:28:28.797+0000] {taskinstance.py:1361} INFO - Starting attempt 1 of 1
[2023-12-07T17:28:28.804+0000] {taskinstance.py:1382} INFO - Executing <Task(PythonOperator): main_task> on 2023-02-23 00:00:00+00:00
[2023-12-07T17:28:28.807+0000] {standard_task_runner.py:57} INFO - Started process 10288 to run task
[2023-12-07T17:28:28.810+0000] {standard_task_runner.py:84} INFO - Running: ['***', 'tasks', 'run', 'my_scraping_dag', 'main_task', 'scheduled__2023-02-23T00:00:00+00:00', '--job-id', '3267', '--raw', '--subdir', 'DAGS_FOLDER/main.py', '--cfg-path', '/tmp/tmpkcleeqr4']
[2023-12-07T17:28:28.811+0000] {standard_task_runner.py:85} INFO - Job 3267: Subtask main_task
[2023-12-07T17:28:28.845+0000] {task_command.py:416} INFO - Running <TaskInstance: my_scraping_dag.main_task scheduled__2023-02-23T00:00:00+00:00 [running]> on host 63b0c7e341c0
[2023-12-07T17:28:28.917+0000] {taskinstance.py:1662} INFO - Exporting env vars: AIRFLOW_CTX_DAG_OWNER='***' AIRFLOW_CTX_DAG_ID='my_scraping_dag' AIRFLOW_CTX_TASK_ID='main_task' AIRFLOW_CTX_EXECUTION_DATE='2023-02-23T00:00:00+00:00' AIRFLOW_CTX_TRY_NUMBER='1' AIRFLOW_CTX_DAG_RUN_ID='scheduled__2023-02-23T00:00:00+00:00'
[2023-12-07T17:28:29.665+0000] {taskinstance.py:1937} ERROR - Task failed with exception
Traceback (most recent call last):
  File "/home/airflow/.local/lib/python3.8/site-packages/airflow/operators/python.py", line 192, in execute
    return_value = self.execute_callable()
  File "/home/airflow/.local/lib/python3.8/site-packages/airflow/operators/python.py", line 209, in execute_callable
    return self.python_callable(*self.op_args, **self.op_kwargs)
  File "/opt/airflow/dags/main.py", line 73, in main
    insert_data_to_db(products, db_params)
  File "/opt/airflow/dags/main.py", line 40, in insert_data_to_db
    with psycopg2.connect(**db_params) as conn:
  File "/home/airflow/.local/lib/python3.8/site-packages/psycopg2/__init__.py", line 122, in connect
    conn = _connect(dsn, connection_factory=connection_factory, **kwasync)
psycopg2.OperationalError: connection to server at "localhost" (127.0.0.1), port 5432 failed: Connection refused
	Is the server running on that host and accepting TCP/IP connections?
connection to server at "localhost" (::1), port 5432 failed: Cannot assign requested address
	Is the server running on that host and accepting TCP/IP connections?

[2023-12-07T17:28:29.672+0000] {taskinstance.py:1400} INFO - Marking task as FAILED. dag_id=my_scraping_dag, task_id=main_task, execution_date=20230223T000000, start_date=20231207T172828, end_date=20231207T172829
[2023-12-07T17:28:29.683+0000] {standard_task_runner.py:104} ERROR - Failed to execute job 3267 for task main_task (connection to server at "localhost" (127.0.0.1), port 5432 failed: Connection refused
	Is the server running on that host and accepting TCP/IP connections?
connection to server at "localhost" (::1), port 5432 failed: Cannot assign requested address
	Is the server running on that host and accepting TCP/IP connections?
; 10288)
[2023-12-07T17:28:29.713+0000] {local_task_job_runner.py:228} INFO - Task exited with return code 1
[2023-12-07T17:28:29.721+0000] {taskinstance.py:2778} INFO - 0 downstream tasks scheduled from follow-on schedule check
