[2023-12-07T17:01:22.420+0000] {taskinstance.py:1159} INFO - Dependencies all met for dep_context=non-requeueable deps ti=<TaskInstance: my_scraping_dag.get_category_urls scheduled__2023-09-11T00:00:00+00:00 [queued]>
[2023-12-07T17:01:22.424+0000] {taskinstance.py:1159} INFO - Dependencies all met for dep_context=requeueable deps ti=<TaskInstance: my_scraping_dag.get_category_urls scheduled__2023-09-11T00:00:00+00:00 [queued]>
[2023-12-07T17:01:22.424+0000] {taskinstance.py:1361} INFO - Starting attempt 1 of 1
[2023-12-07T17:01:22.430+0000] {taskinstance.py:1382} INFO - Executing <Task(PythonOperator): get_category_urls> on 2023-09-11 00:00:00+00:00
[2023-12-07T17:01:22.432+0000] {standard_task_runner.py:57} INFO - Started process 6403 to run task
[2023-12-07T17:01:22.434+0000] {standard_task_runner.py:84} INFO - Running: ['***', 'tasks', 'run', 'my_scraping_dag', 'get_category_urls', 'scheduled__2023-09-11T00:00:00+00:00', '--job-id', '1669', '--raw', '--subdir', 'DAGS_FOLDER/main.py', '--cfg-path', '/tmp/tmpjn31bv0a']
[2023-12-07T17:01:22.436+0000] {standard_task_runner.py:85} INFO - Job 1669: Subtask get_category_urls
[2023-12-07T17:01:22.460+0000] {task_command.py:416} INFO - Running <TaskInstance: my_scraping_dag.get_category_urls scheduled__2023-09-11T00:00:00+00:00 [running]> on host 63b0c7e341c0
[2023-12-07T17:01:22.500+0000] {taskinstance.py:1662} INFO - Exporting env vars: AIRFLOW_CTX_DAG_OWNER='***' AIRFLOW_CTX_DAG_ID='my_scraping_dag' AIRFLOW_CTX_TASK_ID='get_category_urls' AIRFLOW_CTX_EXECUTION_DATE='2023-09-11T00:00:00+00:00' AIRFLOW_CTX_TRY_NUMBER='1' AIRFLOW_CTX_DAG_RUN_ID='scheduled__2023-09-11T00:00:00+00:00'
[2023-12-07T17:01:22.501+0000] {taskinstance.py:1937} ERROR - Task failed with exception
Traceback (most recent call last):
  File "/home/airflow/.local/lib/python3.8/site-packages/airflow/operators/python.py", line 192, in execute
    return_value = self.execute_callable()
  File "/home/airflow/.local/lib/python3.8/site-packages/airflow/operators/python.py", line 209, in execute_callable
    return self.python_callable(*self.op_args, **self.op_kwargs)
  File "/opt/airflow/dags/main.py", line 46, in get_category_urls
    soup = get_soup(base_url, headers)
  File "/opt/airflow/dags/main.py", line 41, in get_soup
    response = requests.get(url, headers=headers)
  File "/home/airflow/.local/lib/python3.8/site-packages/requests/api.py", line 73, in get
    return request("get", url, params=params, **kwargs)
  File "/home/airflow/.local/lib/python3.8/site-packages/requests/api.py", line 59, in request
    return session.request(method=method, url=url, **kwargs)
  File "/home/airflow/.local/lib/python3.8/site-packages/requests/sessions.py", line 575, in request
    prep = self.prepare_request(req)
  File "/home/airflow/.local/lib/python3.8/site-packages/requests/sessions.py", line 486, in prepare_request
    p.prepare(
  File "/home/airflow/.local/lib/python3.8/site-packages/requests/models.py", line 369, in prepare
    self.prepare_headers(headers)
  File "/home/airflow/.local/lib/python3.8/site-packages/requests/models.py", line 489, in prepare_headers
    for header in headers.items():
AttributeError: 'str' object has no attribute 'items'
[2023-12-07T17:01:22.505+0000] {taskinstance.py:1400} INFO - Marking task as FAILED. dag_id=my_scraping_dag, task_id=get_category_urls, execution_date=20230911T000000, start_date=20231207T170122, end_date=20231207T170122
[2023-12-07T17:01:22.509+0000] {standard_task_runner.py:104} ERROR - Failed to execute job 1669 for task get_category_urls ('str' object has no attribute 'items'; 6403)
[2023-12-07T17:01:22.526+0000] {local_task_job_runner.py:228} INFO - Task exited with return code 1
[2023-12-07T17:01:22.539+0000] {taskinstance.py:2778} INFO - 0 downstream tasks scheduled from follow-on schedule check
[2023-12-07T17:04:44.296+0000] {taskinstance.py:1159} INFO - Dependencies all met for dep_context=non-requeueable deps ti=<TaskInstance: my_scraping_dag.get_category_urls scheduled__2023-09-11T00:00:00+00:00 [queued]>
[2023-12-07T17:04:44.302+0000] {taskinstance.py:1159} INFO - Dependencies all met for dep_context=requeueable deps ti=<TaskInstance: my_scraping_dag.get_category_urls scheduled__2023-09-11T00:00:00+00:00 [queued]>
[2023-12-07T17:04:44.306+0000] {taskinstance.py:1361} INFO - Starting attempt 1 of 1
[2023-12-07T17:04:44.318+0000] {taskinstance.py:1382} INFO - Executing <Task(PythonOperator): get_category_urls> on 2023-09-11 00:00:00+00:00
[2023-12-07T17:04:44.323+0000] {standard_task_runner.py:57} INFO - Started process 7869 to run task
[2023-12-07T17:04:44.327+0000] {standard_task_runner.py:84} INFO - Running: ['***', 'tasks', 'run', 'my_scraping_dag', 'get_category_urls', 'scheduled__2023-09-11T00:00:00+00:00', '--job-id', '2359', '--raw', '--subdir', 'DAGS_FOLDER/main.py', '--cfg-path', '/tmp/tmptzhfv824']
[2023-12-07T17:04:44.329+0000] {standard_task_runner.py:85} INFO - Job 2359: Subtask get_category_urls
[2023-12-07T17:04:44.373+0000] {task_command.py:416} INFO - Running <TaskInstance: my_scraping_dag.get_category_urls scheduled__2023-09-11T00:00:00+00:00 [running]> on host 63b0c7e341c0
[2023-12-07T17:04:44.453+0000] {taskinstance.py:1662} INFO - Exporting env vars: AIRFLOW_CTX_DAG_OWNER='***' AIRFLOW_CTX_DAG_ID='my_scraping_dag' AIRFLOW_CTX_TASK_ID='get_category_urls' AIRFLOW_CTX_EXECUTION_DATE='2023-09-11T00:00:00+00:00' AIRFLOW_CTX_TRY_NUMBER='1' AIRFLOW_CTX_DAG_RUN_ID='scheduled__2023-09-11T00:00:00+00:00'
[2023-12-07T17:04:44.456+0000] {taskinstance.py:1937} ERROR - Task failed with exception
Traceback (most recent call last):
  File "/home/airflow/.local/lib/python3.8/site-packages/airflow/operators/python.py", line 192, in execute
    return_value = self.execute_callable()
  File "/home/airflow/.local/lib/python3.8/site-packages/airflow/operators/python.py", line 209, in execute_callable
    return self.python_callable(*self.op_args, **self.op_kwargs)
  File "/opt/airflow/dags/main.py", line 46, in get_category_urls
    soup = get_soup(base_url, headers)
  File "/opt/airflow/dags/main.py", line 41, in get_soup
    response = requests.get(base_url, headers=headers)
  File "/home/airflow/.local/lib/python3.8/site-packages/requests/api.py", line 73, in get
    return request("get", url, params=params, **kwargs)
  File "/home/airflow/.local/lib/python3.8/site-packages/requests/api.py", line 59, in request
    return session.request(method=method, url=url, **kwargs)
  File "/home/airflow/.local/lib/python3.8/site-packages/requests/sessions.py", line 575, in request
    prep = self.prepare_request(req)
  File "/home/airflow/.local/lib/python3.8/site-packages/requests/sessions.py", line 486, in prepare_request
    p.prepare(
  File "/home/airflow/.local/lib/python3.8/site-packages/requests/models.py", line 369, in prepare
    self.prepare_headers(headers)
  File "/home/airflow/.local/lib/python3.8/site-packages/requests/models.py", line 489, in prepare_headers
    for header in headers.items():
AttributeError: 'str' object has no attribute 'items'
[2023-12-07T17:04:44.467+0000] {taskinstance.py:1400} INFO - Marking task as FAILED. dag_id=my_scraping_dag, task_id=get_category_urls, execution_date=20230911T000000, start_date=20231207T170444, end_date=20231207T170444
[2023-12-07T17:04:44.476+0000] {standard_task_runner.py:104} ERROR - Failed to execute job 2359 for task get_category_urls ('str' object has no attribute 'items'; 7869)
[2023-12-07T17:04:44.504+0000] {local_task_job_runner.py:228} INFO - Task exited with return code 1
[2023-12-07T17:04:44.562+0000] {taskinstance.py:2778} INFO - 0 downstream tasks scheduled from follow-on schedule check
