[2023-12-07T14:52:41.322+0000] {taskinstance.py:1159} INFO - Dependencies all met for dep_context=non-requeueable deps ti=<TaskInstance: my_scraping_dag.main_task scheduled__2023-05-31T00:00:00+00:00 [queued]>
[2023-12-07T14:52:41.325+0000] {taskinstance.py:1159} INFO - Dependencies all met for dep_context=requeueable deps ti=<TaskInstance: my_scraping_dag.main_task scheduled__2023-05-31T00:00:00+00:00 [queued]>
[2023-12-07T14:52:41.326+0000] {taskinstance.py:1361} INFO - Starting attempt 1 of 1
[2023-12-07T14:52:41.331+0000] {taskinstance.py:1382} INFO - Executing <Task(PythonOperator): main_task> on 2023-05-31 00:00:00+00:00
[2023-12-07T14:52:41.334+0000] {standard_task_runner.py:57} INFO - Started process 1073 to run task
[2023-12-07T14:52:41.336+0000] {standard_task_runner.py:84} INFO - Running: ['***', 'tasks', 'run', 'my_scraping_dag', 'main_task', 'scheduled__2023-05-31T00:00:00+00:00', '--job-id', '261', '--raw', '--subdir', 'DAGS_FOLDER/main.py', '--cfg-path', '/tmp/tmpioucyznr']
[2023-12-07T14:52:41.337+0000] {standard_task_runner.py:85} INFO - Job 261: Subtask main_task
[2023-12-07T14:52:41.360+0000] {task_command.py:416} INFO - Running <TaskInstance: my_scraping_dag.main_task scheduled__2023-05-31T00:00:00+00:00 [running]> on host 63b0c7e341c0
[2023-12-07T14:52:41.390+0000] {taskinstance.py:1662} INFO - Exporting env vars: AIRFLOW_CTX_DAG_OWNER='***' AIRFLOW_CTX_DAG_ID='my_scraping_dag' AIRFLOW_CTX_TASK_ID='main_task' AIRFLOW_CTX_EXECUTION_DATE='2023-05-31T00:00:00+00:00' AIRFLOW_CTX_TRY_NUMBER='1' AIRFLOW_CTX_DAG_RUN_ID='scheduled__2023-05-31T00:00:00+00:00'
[2023-12-07T14:52:41.391+0000] {taskinstance.py:1937} ERROR - Task failed with exception
Traceback (most recent call last):
  File "/usr/local/lib/python3.8/configparser.py", line 846, in items
    d.update(self._sections[section])
KeyError: 'web'

During handling of the above exception, another exception occurred:

Traceback (most recent call last):
  File "/home/airflow/.local/lib/python3.8/site-packages/airflow/operators/python.py", line 192, in execute
    return_value = self.execute_callable()
  File "/home/airflow/.local/lib/python3.8/site-packages/airflow/operators/python.py", line 209, in execute_callable
    return self.python_callable(*self.op_args, **self.op_kwargs)
  File "/opt/airflow/dags/main.py", line 61, in main
    config = get_config('web')
  File "/opt/airflow/dags/main.py", line 23, in get_config
    return {key: value for key, value in parser.items(section)}
  File "/usr/local/lib/python3.8/configparser.py", line 849, in items
    raise NoSectionError(section)
configparser.NoSectionError: No section: 'web'
[2023-12-07T14:52:41.395+0000] {taskinstance.py:1400} INFO - Marking task as FAILED. dag_id=my_scraping_dag, task_id=main_task, execution_date=20230531T000000, start_date=20231207T145241, end_date=20231207T145241
[2023-12-07T14:52:41.399+0000] {standard_task_runner.py:104} ERROR - Failed to execute job 261 for task main_task (No section: 'web'; 1073)
[2023-12-07T14:52:41.428+0000] {local_task_job_runner.py:228} INFO - Task exited with return code 1
[2023-12-07T14:52:41.439+0000] {taskinstance.py:2778} INFO - 0 downstream tasks scheduled from follow-on schedule check
[2023-12-07T16:32:31.350+0000] {taskinstance.py:1159} INFO - Dependencies all met for dep_context=non-requeueable deps ti=<TaskInstance: my_scraping_dag.main_task scheduled__2023-05-31T00:00:00+00:00 [queued]>
[2023-12-07T16:32:31.354+0000] {taskinstance.py:1159} INFO - Dependencies all met for dep_context=requeueable deps ti=<TaskInstance: my_scraping_dag.main_task scheduled__2023-05-31T00:00:00+00:00 [queued]>
[2023-12-07T16:32:31.355+0000] {taskinstance.py:1361} INFO - Starting attempt 1 of 1
[2023-12-07T16:32:31.363+0000] {taskinstance.py:1382} INFO - Executing <Task(PythonOperator): main_task> on 2023-05-31 00:00:00+00:00
[2023-12-07T16:32:31.366+0000] {standard_task_runner.py:57} INFO - Started process 3842 to run task
[2023-12-07T16:32:31.368+0000] {standard_task_runner.py:84} INFO - Running: ['***', 'tasks', 'run', 'my_scraping_dag', 'main_task', 'scheduled__2023-05-31T00:00:00+00:00', '--job-id', '739', '--raw', '--subdir', 'DAGS_FOLDER/main.py', '--cfg-path', '/tmp/tmp_0h5494r']
[2023-12-07T16:32:31.370+0000] {standard_task_runner.py:85} INFO - Job 739: Subtask main_task
[2023-12-07T16:32:31.397+0000] {task_command.py:416} INFO - Running <TaskInstance: my_scraping_dag.main_task scheduled__2023-05-31T00:00:00+00:00 [running]> on host 63b0c7e341c0
[2023-12-07T16:32:31.432+0000] {taskinstance.py:1662} INFO - Exporting env vars: AIRFLOW_CTX_DAG_OWNER='***' AIRFLOW_CTX_DAG_ID='my_scraping_dag' AIRFLOW_CTX_TASK_ID='main_task' AIRFLOW_CTX_EXECUTION_DATE='2023-05-31T00:00:00+00:00' AIRFLOW_CTX_TRY_NUMBER='1' AIRFLOW_CTX_DAG_RUN_ID='scheduled__2023-05-31T00:00:00+00:00'
[2023-12-07T16:32:31.433+0000] {taskinstance.py:1937} ERROR - Task failed with exception
Traceback (most recent call last):
  File "/usr/local/lib/python3.8/configparser.py", line 846, in items
    d.update(self._sections[section])
KeyError: 'web'

During handling of the above exception, another exception occurred:

Traceback (most recent call last):
  File "/home/airflow/.local/lib/python3.8/site-packages/airflow/operators/python.py", line 192, in execute
    return_value = self.execute_callable()
  File "/home/airflow/.local/lib/python3.8/site-packages/airflow/operators/python.py", line 209, in execute_callable
    return self.python_callable(*self.op_args, **self.op_kwargs)
  File "/opt/airflow/dags/main.py", line 60, in main
    config = get_config('web')
  File "/opt/airflow/dags/main.py", line 22, in get_config
    return {key: value for key, value in parser.items(section)}
  File "/usr/local/lib/python3.8/configparser.py", line 849, in items
    raise NoSectionError(section)
configparser.NoSectionError: No section: 'web'
[2023-12-07T16:32:31.438+0000] {taskinstance.py:1400} INFO - Marking task as FAILED. dag_id=my_scraping_dag, task_id=main_task, execution_date=20230531T000000, start_date=20231207T163231, end_date=20231207T163231
[2023-12-07T16:32:31.443+0000] {standard_task_runner.py:104} ERROR - Failed to execute job 739 for task main_task (No section: 'web'; 3842)
[2023-12-07T16:32:31.461+0000] {local_task_job_runner.py:228} INFO - Task exited with return code 1
[2023-12-07T16:32:31.495+0000] {taskinstance.py:2778} INFO - 0 downstream tasks scheduled from follow-on schedule check
[2023-12-07T16:41:50.821+0000] {taskinstance.py:1159} INFO - Dependencies all met for dep_context=non-requeueable deps ti=<TaskInstance: my_scraping_dag.main_task scheduled__2023-05-31T00:00:00+00:00 [queued]>
[2023-12-07T16:41:50.825+0000] {taskinstance.py:1159} INFO - Dependencies all met for dep_context=requeueable deps ti=<TaskInstance: my_scraping_dag.main_task scheduled__2023-05-31T00:00:00+00:00 [queued]>
[2023-12-07T16:41:50.825+0000] {taskinstance.py:1361} INFO - Starting attempt 1 of 1
[2023-12-07T16:41:50.833+0000] {taskinstance.py:1382} INFO - Executing <Task(PythonOperator): main_task> on 2023-05-31 00:00:00+00:00
[2023-12-07T16:41:50.835+0000] {standard_task_runner.py:57} INFO - Started process 4753 to run task
[2023-12-07T16:41:50.837+0000] {standard_task_runner.py:84} INFO - Running: ['***', 'tasks', 'run', 'my_scraping_dag', 'main_task', 'scheduled__2023-05-31T00:00:00+00:00', '--job-id', '1084', '--raw', '--subdir', 'DAGS_FOLDER/main.py', '--cfg-path', '/tmp/tmp81dknxub']
[2023-12-07T16:41:50.839+0000] {standard_task_runner.py:85} INFO - Job 1084: Subtask main_task
[2023-12-07T16:41:50.869+0000] {task_command.py:416} INFO - Running <TaskInstance: my_scraping_dag.main_task scheduled__2023-05-31T00:00:00+00:00 [running]> on host 63b0c7e341c0
[2023-12-07T16:41:50.907+0000] {taskinstance.py:1662} INFO - Exporting env vars: AIRFLOW_CTX_DAG_OWNER='***' AIRFLOW_CTX_DAG_ID='my_scraping_dag' AIRFLOW_CTX_TASK_ID='main_task' AIRFLOW_CTX_EXECUTION_DATE='2023-05-31T00:00:00+00:00' AIRFLOW_CTX_TRY_NUMBER='1' AIRFLOW_CTX_DAG_RUN_ID='scheduled__2023-05-31T00:00:00+00:00'
[2023-12-07T16:41:50.909+0000] {taskinstance.py:1937} ERROR - Task failed with exception
Traceback (most recent call last):
  File "/usr/local/lib/python3.8/configparser.py", line 846, in items
    d.update(self._sections[section])
KeyError: 'web'

During handling of the above exception, another exception occurred:

Traceback (most recent call last):
  File "/home/airflow/.local/lib/python3.8/site-packages/airflow/operators/python.py", line 192, in execute
    return_value = self.execute_callable()
  File "/home/airflow/.local/lib/python3.8/site-packages/airflow/operators/python.py", line 209, in execute_callable
    return self.python_callable(*self.op_args, **self.op_kwargs)
  File "/opt/airflow/dags/main.py", line 60, in main
    config = get_config('web')
  File "/opt/airflow/dags/main.py", line 22, in get_config
    return {key: value for key, value in parser.items(section)}
  File "/usr/local/lib/python3.8/configparser.py", line 849, in items
    raise NoSectionError(section)
configparser.NoSectionError: No section: 'web'
[2023-12-07T16:41:50.916+0000] {taskinstance.py:1400} INFO - Marking task as FAILED. dag_id=my_scraping_dag, task_id=main_task, execution_date=20230531T000000, start_date=20231207T164150, end_date=20231207T164150
[2023-12-07T16:41:50.944+0000] {standard_task_runner.py:104} ERROR - Failed to execute job 1084 for task main_task (No section: 'web'; 4753)
[2023-12-07T16:41:50.970+0000] {local_task_job_runner.py:228} INFO - Task exited with return code 1
[2023-12-07T16:41:51.012+0000] {taskinstance.py:2778} INFO - 0 downstream tasks scheduled from follow-on schedule check
[2023-12-07T17:00:51.451+0000] {taskinstance.py:1159} INFO - Dependencies all met for dep_context=non-requeueable deps ti=<TaskInstance: my_scraping_dag.main_task scheduled__2023-05-31T00:00:00+00:00 [queued]>
[2023-12-07T17:00:51.456+0000] {taskinstance.py:1159} INFO - Dependencies all met for dep_context=requeueable deps ti=<TaskInstance: my_scraping_dag.main_task scheduled__2023-05-31T00:00:00+00:00 [queued]>
[2023-12-07T17:00:51.456+0000] {taskinstance.py:1361} INFO - Starting attempt 1 of 1
[2023-12-07T17:00:51.480+0000] {taskinstance.py:1382} INFO - Executing <Task(PythonOperator): main_task> on 2023-05-31 00:00:00+00:00
[2023-12-07T17:00:51.483+0000] {standard_task_runner.py:57} INFO - Started process 5971 to run task
[2023-12-07T17:00:51.486+0000] {standard_task_runner.py:84} INFO - Running: ['***', 'tasks', 'run', 'my_scraping_dag', 'main_task', 'scheduled__2023-05-31T00:00:00+00:00', '--job-id', '1458', '--raw', '--subdir', 'DAGS_FOLDER/main.py', '--cfg-path', '/tmp/tmpd10362ae']
[2023-12-07T17:00:51.488+0000] {standard_task_runner.py:85} INFO - Job 1458: Subtask main_task
[2023-12-07T17:00:51.520+0000] {task_command.py:416} INFO - Running <TaskInstance: my_scraping_dag.main_task scheduled__2023-05-31T00:00:00+00:00 [running]> on host 63b0c7e341c0
[2023-12-07T17:00:51.568+0000] {taskinstance.py:1662} INFO - Exporting env vars: AIRFLOW_CTX_DAG_OWNER='***' AIRFLOW_CTX_DAG_ID='my_scraping_dag' AIRFLOW_CTX_TASK_ID='main_task' AIRFLOW_CTX_EXECUTION_DATE='2023-05-31T00:00:00+00:00' AIRFLOW_CTX_TRY_NUMBER='1' AIRFLOW_CTX_DAG_RUN_ID='scheduled__2023-05-31T00:00:00+00:00'
[2023-12-07T17:00:51.613+0000] {logging_mixin.py:154} INFO - base_url: https://tuncbotanik.com
[2023-12-07T17:00:51.614+0000] {python.py:194} INFO - Done. Returned value was: ('https://tuncbotanik.com', {'User-Agent': 'Mozilla/5.0 (Macintosh; Intel Mac OS X 10_15_7) AppleWebKit/537.36 (KHTML, like Gecko) Chrome/119.0.0.0 Safari/537.36', 'Accept-Language': 'tr-TR,tr;q=0.9,en-US;q=0.8,en;q=0.7'}, {'dbname': 'plant', 'user': 'aozgokme', 'password': '***', 'host': 'localhost', 'port': '5432'})
[2023-12-07T17:00:51.642+0000] {taskinstance.py:1400} INFO - Marking task as SUCCESS. dag_id=my_scraping_dag, task_id=main_task, execution_date=20230531T000000, start_date=20231207T170051, end_date=20231207T170051
[2023-12-07T17:00:51.664+0000] {local_task_job_runner.py:228} INFO - Task exited with return code 0
[2023-12-07T17:00:51.704+0000] {taskinstance.py:2778} INFO - 0 downstream tasks scheduled from follow-on schedule check
[2023-12-07T17:04:03.540+0000] {taskinstance.py:1159} INFO - Dependencies all met for dep_context=non-requeueable deps ti=<TaskInstance: my_scraping_dag.main_task scheduled__2023-05-31T00:00:00+00:00 [queued]>
[2023-12-07T17:04:03.546+0000] {taskinstance.py:1159} INFO - Dependencies all met for dep_context=requeueable deps ti=<TaskInstance: my_scraping_dag.main_task scheduled__2023-05-31T00:00:00+00:00 [queued]>
[2023-12-07T17:04:03.547+0000] {taskinstance.py:1361} INFO - Starting attempt 1 of 1
[2023-12-07T17:04:03.595+0000] {taskinstance.py:1382} INFO - Executing <Task(PythonOperator): main_task> on 2023-05-31 00:00:00+00:00
[2023-12-07T17:04:03.601+0000] {standard_task_runner.py:57} INFO - Started process 7407 to run task
[2023-12-07T17:04:03.604+0000] {standard_task_runner.py:84} INFO - Running: ['***', 'tasks', 'run', 'my_scraping_dag', 'main_task', 'scheduled__2023-05-31T00:00:00+00:00', '--job-id', '2140', '--raw', '--subdir', 'DAGS_FOLDER/main.py', '--cfg-path', '/tmp/tmppgn3ubde']
[2023-12-07T17:04:03.608+0000] {standard_task_runner.py:85} INFO - Job 2140: Subtask main_task
[2023-12-07T17:04:03.645+0000] {task_command.py:416} INFO - Running <TaskInstance: my_scraping_dag.main_task scheduled__2023-05-31T00:00:00+00:00 [running]> on host 63b0c7e341c0
[2023-12-07T17:04:03.697+0000] {taskinstance.py:1662} INFO - Exporting env vars: AIRFLOW_CTX_DAG_OWNER='***' AIRFLOW_CTX_DAG_ID='my_scraping_dag' AIRFLOW_CTX_TASK_ID='main_task' AIRFLOW_CTX_EXECUTION_DATE='2023-05-31T00:00:00+00:00' AIRFLOW_CTX_TRY_NUMBER='1' AIRFLOW_CTX_DAG_RUN_ID='scheduled__2023-05-31T00:00:00+00:00'
[2023-12-07T17:04:03.724+0000] {logging_mixin.py:154} INFO - base_url: https://tuncbotanik.com
[2023-12-07T17:04:03.725+0000] {python.py:194} INFO - Done. Returned value was: ('https://tuncbotanik.com', {'User-Agent': 'Mozilla/5.0 (Macintosh; Intel Mac OS X 10_15_7) AppleWebKit/537.36 (KHTML, like Gecko) Chrome/119.0.0.0 Safari/537.36', 'Accept-Language': 'tr-TR,tr;q=0.9,en-US;q=0.8,en;q=0.7'}, {'dbname': 'plant', 'user': 'aozgokme', 'password': '***', 'host': 'localhost', 'port': '5432'})
[2023-12-07T17:04:03.749+0000] {taskinstance.py:1400} INFO - Marking task as SUCCESS. dag_id=my_scraping_dag, task_id=main_task, execution_date=20230531T000000, start_date=20231207T170403, end_date=20231207T170403
[2023-12-07T17:04:03.777+0000] {local_task_job_runner.py:228} INFO - Task exited with return code 0
[2023-12-07T17:04:03.793+0000] {taskinstance.py:2778} INFO - 1 downstream tasks scheduled from follow-on schedule check
[2023-12-07T17:18:48.064+0000] {taskinstance.py:1159} INFO - Dependencies all met for dep_context=non-requeueable deps ti=<TaskInstance: my_scraping_dag.main_task scheduled__2023-05-31T00:00:00+00:00 [queued]>
[2023-12-07T17:18:48.074+0000] {taskinstance.py:1159} INFO - Dependencies all met for dep_context=requeueable deps ti=<TaskInstance: my_scraping_dag.main_task scheduled__2023-05-31T00:00:00+00:00 [queued]>
[2023-12-07T17:18:48.076+0000] {taskinstance.py:1361} INFO - Starting attempt 1 of 1
[2023-12-07T17:18:48.114+0000] {taskinstance.py:1382} INFO - Executing <Task(PythonOperator): main_task> on 2023-05-31 00:00:00+00:00
[2023-12-07T17:18:48.117+0000] {standard_task_runner.py:57} INFO - Started process 8855 to run task
[2023-12-07T17:18:48.124+0000] {standard_task_runner.py:84} INFO - Running: ['***', 'tasks', 'run', 'my_scraping_dag', 'main_task', 'scheduled__2023-05-31T00:00:00+00:00', '--job-id', '2680', '--raw', '--subdir', 'DAGS_FOLDER/main.py', '--cfg-path', '/tmp/tmpigl8yv5j']
[2023-12-07T17:18:48.128+0000] {standard_task_runner.py:85} INFO - Job 2680: Subtask main_task
[2023-12-07T17:18:48.192+0000] {task_command.py:416} INFO - Running <TaskInstance: my_scraping_dag.main_task scheduled__2023-05-31T00:00:00+00:00 [running]> on host 63b0c7e341c0
[2023-12-07T17:18:48.275+0000] {taskinstance.py:1662} INFO - Exporting env vars: AIRFLOW_CTX_DAG_OWNER='***' AIRFLOW_CTX_DAG_ID='my_scraping_dag' AIRFLOW_CTX_TASK_ID='main_task' AIRFLOW_CTX_EXECUTION_DATE='2023-05-31T00:00:00+00:00' AIRFLOW_CTX_TRY_NUMBER='1' AIRFLOW_CTX_DAG_RUN_ID='scheduled__2023-05-31T00:00:00+00:00'
[2023-12-07T17:18:48.949+0000] {taskinstance.py:1937} ERROR - Task failed with exception
Traceback (most recent call last):
  File "/home/airflow/.local/lib/python3.8/site-packages/airflow/operators/python.py", line 192, in execute
    return_value = self.execute_callable()
  File "/home/airflow/.local/lib/python3.8/site-packages/airflow/operators/python.py", line 209, in execute_callable
    return self.python_callable(*self.op_args, **self.op_kwargs)
  File "/opt/airflow/dags/main.py", line 80, in main
    insert_data_to_db(products, db_params)
  File "/opt/airflow/dags/main.py", line 43, in insert_data_to_db
    with psycopg2.connect(**db_params) as conn:
  File "/home/airflow/.local/lib/python3.8/site-packages/psycopg2/__init__.py", line 122, in connect
    conn = _connect(dsn, connection_factory=connection_factory, **kwasync)
psycopg2.OperationalError: connection to server at "localhost" (127.0.0.1), port 5432 failed: Connection refused
	Is the server running on that host and accepting TCP/IP connections?
connection to server at "localhost" (::1), port 5432 failed: Cannot assign requested address
	Is the server running on that host and accepting TCP/IP connections?

[2023-12-07T17:18:48.954+0000] {taskinstance.py:1400} INFO - Marking task as FAILED. dag_id=my_scraping_dag, task_id=main_task, execution_date=20230531T000000, start_date=20231207T171848, end_date=20231207T171848
[2023-12-07T17:18:48.958+0000] {standard_task_runner.py:104} ERROR - Failed to execute job 2680 for task main_task (connection to server at "localhost" (127.0.0.1), port 5432 failed: Connection refused
	Is the server running on that host and accepting TCP/IP connections?
connection to server at "localhost" (::1), port 5432 failed: Cannot assign requested address
	Is the server running on that host and accepting TCP/IP connections?
; 8855)
[2023-12-07T17:18:48.983+0000] {local_task_job_runner.py:228} INFO - Task exited with return code 1
[2023-12-07T17:18:48.991+0000] {taskinstance.py:2778} INFO - 0 downstream tasks scheduled from follow-on schedule check
[2023-12-07T17:23:06.712+0000] {taskinstance.py:1159} INFO - Dependencies all met for dep_context=non-requeueable deps ti=<TaskInstance: my_scraping_dag.main_task scheduled__2023-05-31T00:00:00+00:00 [queued]>
[2023-12-07T17:23:06.716+0000] {taskinstance.py:1159} INFO - Dependencies all met for dep_context=requeueable deps ti=<TaskInstance: my_scraping_dag.main_task scheduled__2023-05-31T00:00:00+00:00 [queued]>
[2023-12-07T17:23:06.718+0000] {taskinstance.py:1361} INFO - Starting attempt 1 of 1
[2023-12-07T17:23:06.731+0000] {taskinstance.py:1382} INFO - Executing <Task(PythonOperator): main_task> on 2023-05-31 00:00:00+00:00
[2023-12-07T17:23:06.734+0000] {standard_task_runner.py:57} INFO - Started process 9650 to run task
[2023-12-07T17:23:06.737+0000] {standard_task_runner.py:84} INFO - Running: ['***', 'tasks', 'run', 'my_scraping_dag', 'main_task', 'scheduled__2023-05-31T00:00:00+00:00', '--job-id', '3022', '--raw', '--subdir', 'DAGS_FOLDER/main.py', '--cfg-path', '/tmp/tmpa1maoptm']
[2023-12-07T17:23:06.739+0000] {standard_task_runner.py:85} INFO - Job 3022: Subtask main_task
[2023-12-07T17:23:06.767+0000] {task_command.py:416} INFO - Running <TaskInstance: my_scraping_dag.main_task scheduled__2023-05-31T00:00:00+00:00 [running]> on host 63b0c7e341c0
[2023-12-07T17:23:06.811+0000] {taskinstance.py:1662} INFO - Exporting env vars: AIRFLOW_CTX_DAG_OWNER='***' AIRFLOW_CTX_DAG_ID='my_scraping_dag' AIRFLOW_CTX_TASK_ID='main_task' AIRFLOW_CTX_EXECUTION_DATE='2023-05-31T00:00:00+00:00' AIRFLOW_CTX_TRY_NUMBER='1' AIRFLOW_CTX_DAG_RUN_ID='scheduled__2023-05-31T00:00:00+00:00'
[2023-12-07T17:23:07.521+0000] {taskinstance.py:1937} ERROR - Task failed with exception
Traceback (most recent call last):
  File "/home/airflow/.local/lib/python3.8/site-packages/airflow/operators/python.py", line 192, in execute
    return_value = self.execute_callable()
  File "/home/airflow/.local/lib/python3.8/site-packages/airflow/operators/python.py", line 209, in execute_callable
    return self.python_callable(*self.op_args, **self.op_kwargs)
  File "/opt/airflow/dags/main.py", line 73, in main
    insert_data_to_db(products, db_params)
  File "/opt/airflow/dags/main.py", line 40, in insert_data_to_db
    with psycopg2.connect(**db_params) as conn:
  File "/home/airflow/.local/lib/python3.8/site-packages/psycopg2/__init__.py", line 122, in connect
    conn = _connect(dsn, connection_factory=connection_factory, **kwasync)
psycopg2.OperationalError: connection to server at "localhost" (127.0.0.1), port 5432 failed: Connection refused
	Is the server running on that host and accepting TCP/IP connections?
connection to server at "localhost" (::1), port 5432 failed: Cannot assign requested address
	Is the server running on that host and accepting TCP/IP connections?

[2023-12-07T17:23:07.525+0000] {taskinstance.py:1400} INFO - Marking task as FAILED. dag_id=my_scraping_dag, task_id=main_task, execution_date=20230531T000000, start_date=20231207T172306, end_date=20231207T172307
[2023-12-07T17:23:07.532+0000] {standard_task_runner.py:104} ERROR - Failed to execute job 3022 for task main_task (connection to server at "localhost" (127.0.0.1), port 5432 failed: Connection refused
	Is the server running on that host and accepting TCP/IP connections?
connection to server at "localhost" (::1), port 5432 failed: Cannot assign requested address
	Is the server running on that host and accepting TCP/IP connections?
; 9650)
[2023-12-07T17:23:07.558+0000] {local_task_job_runner.py:228} INFO - Task exited with return code 1
[2023-12-07T17:23:07.567+0000] {taskinstance.py:2778} INFO - 0 downstream tasks scheduled from follow-on schedule check
[2023-12-07T17:28:48.996+0000] {taskinstance.py:1159} INFO - Dependencies all met for dep_context=non-requeueable deps ti=<TaskInstance: my_scraping_dag.main_task scheduled__2023-05-31T00:00:00+00:00 [queued]>
[2023-12-07T17:28:49.001+0000] {taskinstance.py:1159} INFO - Dependencies all met for dep_context=requeueable deps ti=<TaskInstance: my_scraping_dag.main_task scheduled__2023-05-31T00:00:00+00:00 [queued]>
[2023-12-07T17:28:49.001+0000] {taskinstance.py:1361} INFO - Starting attempt 1 of 1
[2023-12-07T17:28:49.032+0000] {taskinstance.py:1382} INFO - Executing <Task(PythonOperator): main_task> on 2023-05-31 00:00:00+00:00
[2023-12-07T17:28:49.036+0000] {standard_task_runner.py:57} INFO - Started process 10486 to run task
[2023-12-07T17:28:49.038+0000] {standard_task_runner.py:84} INFO - Running: ['***', 'tasks', 'run', 'my_scraping_dag', 'main_task', 'scheduled__2023-05-31T00:00:00+00:00', '--job-id', '3364', '--raw', '--subdir', 'DAGS_FOLDER/main.py', '--cfg-path', '/tmp/tmp470_5kw5']
[2023-12-07T17:28:49.040+0000] {standard_task_runner.py:85} INFO - Job 3364: Subtask main_task
[2023-12-07T17:28:49.066+0000] {task_command.py:416} INFO - Running <TaskInstance: my_scraping_dag.main_task scheduled__2023-05-31T00:00:00+00:00 [running]> on host 63b0c7e341c0
[2023-12-07T17:28:49.107+0000] {taskinstance.py:1662} INFO - Exporting env vars: AIRFLOW_CTX_DAG_OWNER='***' AIRFLOW_CTX_DAG_ID='my_scraping_dag' AIRFLOW_CTX_TASK_ID='main_task' AIRFLOW_CTX_EXECUTION_DATE='2023-05-31T00:00:00+00:00' AIRFLOW_CTX_TRY_NUMBER='1' AIRFLOW_CTX_DAG_RUN_ID='scheduled__2023-05-31T00:00:00+00:00'
[2023-12-07T17:28:49.821+0000] {taskinstance.py:1937} ERROR - Task failed with exception
Traceback (most recent call last):
  File "/home/airflow/.local/lib/python3.8/site-packages/airflow/operators/python.py", line 192, in execute
    return_value = self.execute_callable()
  File "/home/airflow/.local/lib/python3.8/site-packages/airflow/operators/python.py", line 209, in execute_callable
    return self.python_callable(*self.op_args, **self.op_kwargs)
  File "/opt/airflow/dags/main.py", line 73, in main
    insert_data_to_db(products, db_params)
  File "/opt/airflow/dags/main.py", line 40, in insert_data_to_db
    with psycopg2.connect(**db_params) as conn:
  File "/home/airflow/.local/lib/python3.8/site-packages/psycopg2/__init__.py", line 122, in connect
    conn = _connect(dsn, connection_factory=connection_factory, **kwasync)
psycopg2.OperationalError: connection to server at "localhost" (127.0.0.1), port 5432 failed: Connection refused
	Is the server running on that host and accepting TCP/IP connections?
connection to server at "localhost" (::1), port 5432 failed: Cannot assign requested address
	Is the server running on that host and accepting TCP/IP connections?

[2023-12-07T17:28:49.828+0000] {taskinstance.py:1400} INFO - Marking task as FAILED. dag_id=my_scraping_dag, task_id=main_task, execution_date=20230531T000000, start_date=20231207T172848, end_date=20231207T172849
[2023-12-07T17:28:49.836+0000] {standard_task_runner.py:104} ERROR - Failed to execute job 3364 for task main_task (connection to server at "localhost" (127.0.0.1), port 5432 failed: Connection refused
	Is the server running on that host and accepting TCP/IP connections?
connection to server at "localhost" (::1), port 5432 failed: Cannot assign requested address
	Is the server running on that host and accepting TCP/IP connections?
; 10486)
[2023-12-07T17:28:49.853+0000] {local_task_job_runner.py:228} INFO - Task exited with return code 1
[2023-12-07T17:28:49.863+0000] {taskinstance.py:2778} INFO - 0 downstream tasks scheduled from follow-on schedule check
