[2023-12-07T14:45:27.330+0000] {taskinstance.py:1159} INFO - Dependencies all met for dep_context=non-requeueable deps ti=<TaskInstance: my_scraping_dag.main_task scheduled__2023-01-10T00:00:00+00:00 [queued]>
[2023-12-07T14:45:27.334+0000] {taskinstance.py:1159} INFO - Dependencies all met for dep_context=requeueable deps ti=<TaskInstance: my_scraping_dag.main_task scheduled__2023-01-10T00:00:00+00:00 [queued]>
[2023-12-07T14:45:27.334+0000] {taskinstance.py:1361} INFO - Starting attempt 1 of 1
[2023-12-07T14:45:27.342+0000] {taskinstance.py:1382} INFO - Executing <Task(PythonOperator): main_task> on 2023-01-10 00:00:00+00:00
[2023-12-07T14:45:27.345+0000] {standard_task_runner.py:57} INFO - Started process 400 to run task
[2023-12-07T14:45:27.347+0000] {standard_task_runner.py:84} INFO - Running: ['***', 'tasks', 'run', 'my_scraping_dag', 'main_task', 'scheduled__2023-01-10T00:00:00+00:00', '--job-id', '21', '--raw', '--subdir', 'DAGS_FOLDER/main.py', '--cfg-path', '/tmp/tmpsywu0qt6']
[2023-12-07T14:45:27.349+0000] {standard_task_runner.py:85} INFO - Job 21: Subtask main_task
[2023-12-07T14:45:27.374+0000] {task_command.py:416} INFO - Running <TaskInstance: my_scraping_dag.main_task scheduled__2023-01-10T00:00:00+00:00 [running]> on host 63b0c7e341c0
[2023-12-07T14:45:27.411+0000] {taskinstance.py:1662} INFO - Exporting env vars: AIRFLOW_CTX_DAG_OWNER='***' AIRFLOW_CTX_DAG_ID='my_scraping_dag' AIRFLOW_CTX_TASK_ID='main_task' AIRFLOW_CTX_EXECUTION_DATE='2023-01-10T00:00:00+00:00' AIRFLOW_CTX_TRY_NUMBER='1' AIRFLOW_CTX_DAG_RUN_ID='scheduled__2023-01-10T00:00:00+00:00'
[2023-12-07T14:45:27.412+0000] {taskinstance.py:1937} ERROR - Task failed with exception
Traceback (most recent call last):
  File "/usr/local/lib/python3.8/configparser.py", line 846, in items
    d.update(self._sections[section])
KeyError: 'web'

During handling of the above exception, another exception occurred:

Traceback (most recent call last):
  File "/home/airflow/.local/lib/python3.8/site-packages/airflow/operators/python.py", line 192, in execute
    return_value = self.execute_callable()
  File "/home/airflow/.local/lib/python3.8/site-packages/airflow/operators/python.py", line 209, in execute_callable
    return self.python_callable(*self.op_args, **self.op_kwargs)
  File "/opt/airflow/dags/main.py", line 61, in main
    config = get_config('web')
  File "/opt/airflow/dags/main.py", line 23, in get_config
    return {key: value for key, value in parser.items(section)}
  File "/usr/local/lib/python3.8/configparser.py", line 849, in items
    raise NoSectionError(section)
configparser.NoSectionError: No section: 'web'
[2023-12-07T14:45:27.418+0000] {taskinstance.py:1400} INFO - Marking task as FAILED. dag_id=my_scraping_dag, task_id=main_task, execution_date=20230110T000000, start_date=20231207T144527, end_date=20231207T144527
[2023-12-07T14:45:27.422+0000] {standard_task_runner.py:104} ERROR - Failed to execute job 21 for task main_task (No section: 'web'; 400)
[2023-12-07T14:45:27.440+0000] {local_task_job_runner.py:228} INFO - Task exited with return code 1
[2023-12-07T14:45:27.454+0000] {taskinstance.py:2778} INFO - 0 downstream tasks scheduled from follow-on schedule check
[2023-12-07T14:49:07.015+0000] {taskinstance.py:1159} INFO - Dependencies all met for dep_context=non-requeueable deps ti=<TaskInstance: my_scraping_dag.main_task scheduled__2023-01-10T00:00:00+00:00 [queued]>
[2023-12-07T14:49:07.020+0000] {taskinstance.py:1159} INFO - Dependencies all met for dep_context=requeueable deps ti=<TaskInstance: my_scraping_dag.main_task scheduled__2023-01-10T00:00:00+00:00 [queued]>
[2023-12-07T14:49:07.020+0000] {taskinstance.py:1361} INFO - Starting attempt 1 of 1
[2023-12-07T14:49:07.027+0000] {taskinstance.py:1382} INFO - Executing <Task(PythonOperator): main_task> on 2023-01-10 00:00:00+00:00
[2023-12-07T14:49:07.030+0000] {standard_task_runner.py:57} INFO - Started process 673 to run task
[2023-12-07T14:49:07.032+0000] {standard_task_runner.py:84} INFO - Running: ['***', 'tasks', 'run', 'my_scraping_dag', 'main_task', 'scheduled__2023-01-10T00:00:00+00:00', '--job-id', '108', '--raw', '--subdir', 'DAGS_FOLDER/main.py', '--cfg-path', '/tmp/tmpfi2kxj7c']
[2023-12-07T14:49:07.035+0000] {standard_task_runner.py:85} INFO - Job 108: Subtask main_task
[2023-12-07T14:49:07.058+0000] {task_command.py:416} INFO - Running <TaskInstance: my_scraping_dag.main_task scheduled__2023-01-10T00:00:00+00:00 [running]> on host 63b0c7e341c0
[2023-12-07T14:49:07.089+0000] {taskinstance.py:1662} INFO - Exporting env vars: AIRFLOW_CTX_DAG_OWNER='***' AIRFLOW_CTX_DAG_ID='my_scraping_dag' AIRFLOW_CTX_TASK_ID='main_task' AIRFLOW_CTX_EXECUTION_DATE='2023-01-10T00:00:00+00:00' AIRFLOW_CTX_TRY_NUMBER='1' AIRFLOW_CTX_DAG_RUN_ID='scheduled__2023-01-10T00:00:00+00:00'
[2023-12-07T14:49:07.090+0000] {taskinstance.py:1937} ERROR - Task failed with exception
Traceback (most recent call last):
  File "/usr/local/lib/python3.8/configparser.py", line 846, in items
    d.update(self._sections[section])
KeyError: 'web'

During handling of the above exception, another exception occurred:

Traceback (most recent call last):
  File "/home/airflow/.local/lib/python3.8/site-packages/airflow/operators/python.py", line 192, in execute
    return_value = self.execute_callable()
  File "/home/airflow/.local/lib/python3.8/site-packages/airflow/operators/python.py", line 209, in execute_callable
    return self.python_callable(*self.op_args, **self.op_kwargs)
  File "/opt/airflow/dags/main.py", line 61, in main
    config = get_config('web')
  File "/opt/airflow/dags/main.py", line 23, in get_config
    return {key: value for key, value in parser.items(section)}
  File "/usr/local/lib/python3.8/configparser.py", line 849, in items
    raise NoSectionError(section)
configparser.NoSectionError: No section: 'web'
[2023-12-07T14:49:07.094+0000] {taskinstance.py:1400} INFO - Marking task as FAILED. dag_id=my_scraping_dag, task_id=main_task, execution_date=20230110T000000, start_date=20231207T144907, end_date=20231207T144907
[2023-12-07T14:49:07.098+0000] {standard_task_runner.py:104} ERROR - Failed to execute job 108 for task main_task (No section: 'web'; 673)
[2023-12-07T14:49:07.124+0000] {local_task_job_runner.py:228} INFO - Task exited with return code 1
[2023-12-07T14:49:07.136+0000] {taskinstance.py:2778} INFO - 0 downstream tasks scheduled from follow-on schedule check
[2023-12-07T14:51:17.027+0000] {taskinstance.py:1159} INFO - Dependencies all met for dep_context=non-requeueable deps ti=<TaskInstance: my_scraping_dag.main_task scheduled__2023-01-10T00:00:00+00:00 [queued]>
[2023-12-07T14:51:17.031+0000] {taskinstance.py:1159} INFO - Dependencies all met for dep_context=requeueable deps ti=<TaskInstance: my_scraping_dag.main_task scheduled__2023-01-10T00:00:00+00:00 [queued]>
[2023-12-07T14:51:17.031+0000] {taskinstance.py:1361} INFO - Starting attempt 1 of 1
[2023-12-07T14:51:17.036+0000] {taskinstance.py:1382} INFO - Executing <Task(PythonOperator): main_task> on 2023-01-10 00:00:00+00:00
[2023-12-07T14:51:17.039+0000] {standard_task_runner.py:57} INFO - Started process 744 to run task
[2023-12-07T14:51:17.041+0000] {standard_task_runner.py:84} INFO - Running: ['***', 'tasks', 'run', 'my_scraping_dag', 'main_task', 'scheduled__2023-01-10T00:00:00+00:00', '--job-id', '120', '--raw', '--subdir', 'DAGS_FOLDER/main.py', '--cfg-path', '/tmp/tmpm395_n3l']
[2023-12-07T14:51:17.042+0000] {standard_task_runner.py:85} INFO - Job 120: Subtask main_task
[2023-12-07T14:51:17.064+0000] {task_command.py:416} INFO - Running <TaskInstance: my_scraping_dag.main_task scheduled__2023-01-10T00:00:00+00:00 [running]> on host 63b0c7e341c0
[2023-12-07T14:51:17.092+0000] {taskinstance.py:1662} INFO - Exporting env vars: AIRFLOW_CTX_DAG_OWNER='***' AIRFLOW_CTX_DAG_ID='my_scraping_dag' AIRFLOW_CTX_TASK_ID='main_task' AIRFLOW_CTX_EXECUTION_DATE='2023-01-10T00:00:00+00:00' AIRFLOW_CTX_TRY_NUMBER='1' AIRFLOW_CTX_DAG_RUN_ID='scheduled__2023-01-10T00:00:00+00:00'
[2023-12-07T14:51:17.093+0000] {taskinstance.py:1937} ERROR - Task failed with exception
Traceback (most recent call last):
  File "/usr/local/lib/python3.8/configparser.py", line 846, in items
    d.update(self._sections[section])
KeyError: 'web'

During handling of the above exception, another exception occurred:

Traceback (most recent call last):
  File "/home/airflow/.local/lib/python3.8/site-packages/airflow/operators/python.py", line 192, in execute
    return_value = self.execute_callable()
  File "/home/airflow/.local/lib/python3.8/site-packages/airflow/operators/python.py", line 209, in execute_callable
    return self.python_callable(*self.op_args, **self.op_kwargs)
  File "/opt/airflow/dags/main.py", line 61, in main
    config = get_config('web')
  File "/opt/airflow/dags/main.py", line 23, in get_config
    return {key: value for key, value in parser.items(section)}
  File "/usr/local/lib/python3.8/configparser.py", line 849, in items
    raise NoSectionError(section)
configparser.NoSectionError: No section: 'web'
[2023-12-07T14:51:17.096+0000] {taskinstance.py:1400} INFO - Marking task as FAILED. dag_id=my_scraping_dag, task_id=main_task, execution_date=20230110T000000, start_date=20231207T145117, end_date=20231207T145117
[2023-12-07T14:51:17.100+0000] {standard_task_runner.py:104} ERROR - Failed to execute job 120 for task main_task (No section: 'web'; 744)
[2023-12-07T14:51:17.135+0000] {local_task_job_runner.py:228} INFO - Task exited with return code 1
[2023-12-07T14:51:17.146+0000] {taskinstance.py:2778} INFO - 0 downstream tasks scheduled from follow-on schedule check
[2023-12-07T14:59:44.504+0000] {taskinstance.py:1159} INFO - Dependencies all met for dep_context=non-requeueable deps ti=<TaskInstance: my_scraping_dag.main_task scheduled__2023-01-10T00:00:00+00:00 [queued]>
[2023-12-07T14:59:44.509+0000] {taskinstance.py:1159} INFO - Dependencies all met for dep_context=requeueable deps ti=<TaskInstance: my_scraping_dag.main_task scheduled__2023-01-10T00:00:00+00:00 [queued]>
[2023-12-07T14:59:44.509+0000] {taskinstance.py:1361} INFO - Starting attempt 1 of 1
[2023-12-07T14:59:44.514+0000] {taskinstance.py:1382} INFO - Executing <Task(PythonOperator): main_task> on 2023-01-10 00:00:00+00:00
[2023-12-07T14:59:44.517+0000] {standard_task_runner.py:57} INFO - Started process 1380 to run task
[2023-12-07T14:59:44.519+0000] {standard_task_runner.py:84} INFO - Running: ['***', 'tasks', 'run', 'my_scraping_dag', 'main_task', 'scheduled__2023-01-10T00:00:00+00:00', '--job-id', '324', '--raw', '--subdir', 'DAGS_FOLDER/main.py', '--cfg-path', '/tmp/tmp7425miee']
[2023-12-07T14:59:44.520+0000] {standard_task_runner.py:85} INFO - Job 324: Subtask main_task
[2023-12-07T14:59:44.542+0000] {task_command.py:416} INFO - Running <TaskInstance: my_scraping_dag.main_task scheduled__2023-01-10T00:00:00+00:00 [running]> on host 63b0c7e341c0
[2023-12-07T14:59:44.572+0000] {taskinstance.py:1662} INFO - Exporting env vars: AIRFLOW_CTX_DAG_OWNER='***' AIRFLOW_CTX_DAG_ID='my_scraping_dag' AIRFLOW_CTX_TASK_ID='main_task' AIRFLOW_CTX_EXECUTION_DATE='2023-01-10T00:00:00+00:00' AIRFLOW_CTX_TRY_NUMBER='1' AIRFLOW_CTX_DAG_RUN_ID='scheduled__2023-01-10T00:00:00+00:00'
[2023-12-07T14:59:44.573+0000] {taskinstance.py:1937} ERROR - Task failed with exception
Traceback (most recent call last):
  File "/usr/local/lib/python3.8/configparser.py", line 846, in items
    d.update(self._sections[section])
KeyError: 'web'

During handling of the above exception, another exception occurred:

Traceback (most recent call last):
  File "/home/airflow/.local/lib/python3.8/site-packages/airflow/operators/python.py", line 192, in execute
    return_value = self.execute_callable()
  File "/home/airflow/.local/lib/python3.8/site-packages/airflow/operators/python.py", line 209, in execute_callable
    return self.python_callable(*self.op_args, **self.op_kwargs)
  File "/opt/airflow/dags/main.py", line 60, in main
    config = get_config('web')
  File "/opt/airflow/dags/main.py", line 22, in get_config
    return {key: value for key, value in parser.items(section)}
  File "/usr/local/lib/python3.8/configparser.py", line 849, in items
    raise NoSectionError(section)
configparser.NoSectionError: No section: 'web'
[2023-12-07T14:59:44.577+0000] {taskinstance.py:1400} INFO - Marking task as FAILED. dag_id=my_scraping_dag, task_id=main_task, execution_date=20230110T000000, start_date=20231207T145944, end_date=20231207T145944
[2023-12-07T14:59:44.581+0000] {standard_task_runner.py:104} ERROR - Failed to execute job 324 for task main_task (No section: 'web'; 1380)
[2023-12-07T14:59:44.611+0000] {local_task_job_runner.py:228} INFO - Task exited with return code 1
[2023-12-07T14:59:44.623+0000] {taskinstance.py:2778} INFO - 0 downstream tasks scheduled from follow-on schedule check
[2023-12-07T15:10:41.967+0000] {taskinstance.py:1159} INFO - Dependencies all met for dep_context=non-requeueable deps ti=<TaskInstance: my_scraping_dag.main_task scheduled__2023-01-10T00:00:00+00:00 [queued]>
[2023-12-07T15:10:41.972+0000] {taskinstance.py:1159} INFO - Dependencies all met for dep_context=requeueable deps ti=<TaskInstance: my_scraping_dag.main_task scheduled__2023-01-10T00:00:00+00:00 [queued]>
[2023-12-07T15:10:41.973+0000] {taskinstance.py:1361} INFO - Starting attempt 1 of 1
[2023-12-07T15:10:41.979+0000] {taskinstance.py:1382} INFO - Executing <Task(PythonOperator): main_task> on 2023-01-10 00:00:00+00:00
[2023-12-07T15:10:41.982+0000] {standard_task_runner.py:57} INFO - Started process 1866 to run task
[2023-12-07T15:10:41.984+0000] {standard_task_runner.py:84} INFO - Running: ['***', 'tasks', 'run', 'my_scraping_dag', 'main_task', 'scheduled__2023-01-10T00:00:00+00:00', '--job-id', '431', '--raw', '--subdir', 'DAGS_FOLDER/main.py', '--cfg-path', '/tmp/tmphnhgy7um']
[2023-12-07T15:10:41.986+0000] {standard_task_runner.py:85} INFO - Job 431: Subtask main_task
[2023-12-07T15:10:42.010+0000] {task_command.py:416} INFO - Running <TaskInstance: my_scraping_dag.main_task scheduled__2023-01-10T00:00:00+00:00 [running]> on host 63b0c7e341c0
[2023-12-07T15:10:42.052+0000] {taskinstance.py:1662} INFO - Exporting env vars: AIRFLOW_CTX_DAG_OWNER='***' AIRFLOW_CTX_DAG_ID='my_scraping_dag' AIRFLOW_CTX_TASK_ID='main_task' AIRFLOW_CTX_EXECUTION_DATE='2023-01-10T00:00:00+00:00' AIRFLOW_CTX_TRY_NUMBER='1' AIRFLOW_CTX_DAG_RUN_ID='scheduled__2023-01-10T00:00:00+00:00'
[2023-12-07T15:10:42.053+0000] {taskinstance.py:1937} ERROR - Task failed with exception
Traceback (most recent call last):
  File "/usr/local/lib/python3.8/configparser.py", line 846, in items
    d.update(self._sections[section])
KeyError: 'web'

During handling of the above exception, another exception occurred:

Traceback (most recent call last):
  File "/home/airflow/.local/lib/python3.8/site-packages/airflow/operators/python.py", line 192, in execute
    return_value = self.execute_callable()
  File "/home/airflow/.local/lib/python3.8/site-packages/airflow/operators/python.py", line 209, in execute_callable
    return self.python_callable(*self.op_args, **self.op_kwargs)
  File "/opt/airflow/dags/main.py", line 63, in main
    config = get_config('web')
  File "/opt/airflow/dags/main.py", line 14, in get_config
    return {key: value for key, value in parser.items(section)}
  File "/usr/local/lib/python3.8/configparser.py", line 849, in items
    raise NoSectionError(section)
configparser.NoSectionError: No section: 'web'
[2023-12-07T15:10:42.058+0000] {taskinstance.py:1400} INFO - Marking task as FAILED. dag_id=my_scraping_dag, task_id=main_task, execution_date=20230110T000000, start_date=20231207T151041, end_date=20231207T151042
[2023-12-07T15:10:42.064+0000] {standard_task_runner.py:104} ERROR - Failed to execute job 431 for task main_task (No section: 'web'; 1866)
[2023-12-07T15:10:42.076+0000] {local_task_job_runner.py:228} INFO - Task exited with return code 1
[2023-12-07T15:10:42.089+0000] {taskinstance.py:2778} INFO - 0 downstream tasks scheduled from follow-on schedule check
[2023-12-07T15:12:03.093+0000] {taskinstance.py:1159} INFO - Dependencies all met for dep_context=non-requeueable deps ti=<TaskInstance: my_scraping_dag.main_task scheduled__2023-01-10T00:00:00+00:00 [queued]>
[2023-12-07T15:12:03.098+0000] {taskinstance.py:1159} INFO - Dependencies all met for dep_context=requeueable deps ti=<TaskInstance: my_scraping_dag.main_task scheduled__2023-01-10T00:00:00+00:00 [queued]>
[2023-12-07T15:12:03.099+0000] {taskinstance.py:1361} INFO - Starting attempt 1 of 1
[2023-12-07T15:12:03.107+0000] {taskinstance.py:1382} INFO - Executing <Task(PythonOperator): main_task> on 2023-01-10 00:00:00+00:00
[2023-12-07T15:12:03.110+0000] {standard_task_runner.py:57} INFO - Started process 2078 to run task
[2023-12-07T15:12:03.112+0000] {standard_task_runner.py:84} INFO - Running: ['***', 'tasks', 'run', 'my_scraping_dag', 'main_task', 'scheduled__2023-01-10T00:00:00+00:00', '--job-id', '520', '--raw', '--subdir', 'DAGS_FOLDER/main.py', '--cfg-path', '/tmp/tmpi4u88w54']
[2023-12-07T15:12:03.115+0000] {standard_task_runner.py:85} INFO - Job 520: Subtask main_task
[2023-12-07T15:12:03.144+0000] {task_command.py:416} INFO - Running <TaskInstance: my_scraping_dag.main_task scheduled__2023-01-10T00:00:00+00:00 [running]> on host 63b0c7e341c0
[2023-12-07T15:12:03.199+0000] {taskinstance.py:1662} INFO - Exporting env vars: AIRFLOW_CTX_DAG_OWNER='***' AIRFLOW_CTX_DAG_ID='my_scraping_dag' AIRFLOW_CTX_TASK_ID='main_task' AIRFLOW_CTX_EXECUTION_DATE='2023-01-10T00:00:00+00:00' AIRFLOW_CTX_TRY_NUMBER='1' AIRFLOW_CTX_DAG_RUN_ID='scheduled__2023-01-10T00:00:00+00:00'
[2023-12-07T15:12:03.202+0000] {taskinstance.py:1937} ERROR - Task failed with exception
Traceback (most recent call last):
  File "/usr/local/lib/python3.8/configparser.py", line 846, in items
    d.update(self._sections[section])
KeyError: 'web'

During handling of the above exception, another exception occurred:

Traceback (most recent call last):
  File "/home/airflow/.local/lib/python3.8/site-packages/airflow/operators/python.py", line 192, in execute
    return_value = self.execute_callable()
  File "/home/airflow/.local/lib/python3.8/site-packages/airflow/operators/python.py", line 209, in execute_callable
    return self.python_callable(*self.op_args, **self.op_kwargs)
  File "/opt/airflow/dags/main.py", line 63, in main
    config = get_config('web')
  File "/opt/airflow/dags/main.py", line 14, in get_config
    return {key: value for key, value in parser.items(section)}
  File "/usr/local/lib/python3.8/configparser.py", line 849, in items
    raise NoSectionError(section)
configparser.NoSectionError: No section: 'web'
[2023-12-07T15:12:03.209+0000] {taskinstance.py:1400} INFO - Marking task as FAILED. dag_id=my_scraping_dag, task_id=main_task, execution_date=20230110T000000, start_date=20231207T151203, end_date=20231207T151203
[2023-12-07T15:12:03.218+0000] {standard_task_runner.py:104} ERROR - Failed to execute job 520 for task main_task (No section: 'web'; 2078)
[2023-12-07T15:12:03.244+0000] {local_task_job_runner.py:228} INFO - Task exited with return code 1
[2023-12-07T15:12:03.278+0000] {taskinstance.py:2778} INFO - 0 downstream tasks scheduled from follow-on schedule check
[2023-12-07T16:30:46.762+0000] {taskinstance.py:1159} INFO - Dependencies all met for dep_context=non-requeueable deps ti=<TaskInstance: my_scraping_dag.main_task scheduled__2023-01-10T00:00:00+00:00 [queued]>
[2023-12-07T16:30:46.766+0000] {taskinstance.py:1159} INFO - Dependencies all met for dep_context=requeueable deps ti=<TaskInstance: my_scraping_dag.main_task scheduled__2023-01-10T00:00:00+00:00 [queued]>
[2023-12-07T16:30:46.767+0000] {taskinstance.py:1361} INFO - Starting attempt 1 of 1
[2023-12-07T16:30:46.772+0000] {taskinstance.py:1382} INFO - Executing <Task(PythonOperator): main_task> on 2023-01-10 00:00:00+00:00
[2023-12-07T16:30:46.774+0000] {standard_task_runner.py:57} INFO - Started process 3512 to run task
[2023-12-07T16:30:46.776+0000] {standard_task_runner.py:84} INFO - Running: ['***', 'tasks', 'run', 'my_scraping_dag', 'main_task', 'scheduled__2023-01-10T00:00:00+00:00', '--job-id', '598', '--raw', '--subdir', 'DAGS_FOLDER/main.py', '--cfg-path', '/tmp/tmpwkm6lhgv']
[2023-12-07T16:30:46.777+0000] {standard_task_runner.py:85} INFO - Job 598: Subtask main_task
[2023-12-07T16:30:46.802+0000] {task_command.py:416} INFO - Running <TaskInstance: my_scraping_dag.main_task scheduled__2023-01-10T00:00:00+00:00 [running]> on host 63b0c7e341c0
[2023-12-07T16:30:46.837+0000] {taskinstance.py:1662} INFO - Exporting env vars: AIRFLOW_CTX_DAG_OWNER='***' AIRFLOW_CTX_DAG_ID='my_scraping_dag' AIRFLOW_CTX_TASK_ID='main_task' AIRFLOW_CTX_EXECUTION_DATE='2023-01-10T00:00:00+00:00' AIRFLOW_CTX_TRY_NUMBER='1' AIRFLOW_CTX_DAG_RUN_ID='scheduled__2023-01-10T00:00:00+00:00'
[2023-12-07T16:30:46.838+0000] {taskinstance.py:1937} ERROR - Task failed with exception
Traceback (most recent call last):
  File "/usr/local/lib/python3.8/configparser.py", line 846, in items
    d.update(self._sections[section])
KeyError: 'web'

During handling of the above exception, another exception occurred:

Traceback (most recent call last):
  File "/home/airflow/.local/lib/python3.8/site-packages/airflow/operators/python.py", line 192, in execute
    return_value = self.execute_callable()
  File "/home/airflow/.local/lib/python3.8/site-packages/airflow/operators/python.py", line 209, in execute_callable
    return self.python_callable(*self.op_args, **self.op_kwargs)
  File "/opt/airflow/dags/main.py", line 60, in main
    config = get_config('web')
  File "/opt/airflow/dags/main.py", line 22, in get_config
    return {key: value for key, value in parser.items(section)}
  File "/usr/local/lib/python3.8/configparser.py", line 849, in items
    raise NoSectionError(section)
configparser.NoSectionError: No section: 'web'
[2023-12-07T16:30:46.842+0000] {taskinstance.py:1400} INFO - Marking task as FAILED. dag_id=my_scraping_dag, task_id=main_task, execution_date=20230110T000000, start_date=20231207T163046, end_date=20231207T163046
[2023-12-07T16:30:46.846+0000] {standard_task_runner.py:104} ERROR - Failed to execute job 598 for task main_task (No section: 'web'; 3512)
[2023-12-07T16:30:46.871+0000] {local_task_job_runner.py:228} INFO - Task exited with return code 1
[2023-12-07T16:30:46.883+0000] {taskinstance.py:2778} INFO - 0 downstream tasks scheduled from follow-on schedule check
[2023-12-07T16:40:43.261+0000] {taskinstance.py:1159} INFO - Dependencies all met for dep_context=non-requeueable deps ti=<TaskInstance: my_scraping_dag.main_task scheduled__2023-01-10T00:00:00+00:00 [queued]>
[2023-12-07T16:40:43.265+0000] {taskinstance.py:1159} INFO - Dependencies all met for dep_context=requeueable deps ti=<TaskInstance: my_scraping_dag.main_task scheduled__2023-01-10T00:00:00+00:00 [queued]>
[2023-12-07T16:40:43.265+0000] {taskinstance.py:1361} INFO - Starting attempt 1 of 1
[2023-12-07T16:40:43.271+0000] {taskinstance.py:1382} INFO - Executing <Task(PythonOperator): main_task> on 2023-01-10 00:00:00+00:00
[2023-12-07T16:40:43.273+0000] {standard_task_runner.py:57} INFO - Started process 4438 to run task
[2023-12-07T16:40:43.275+0000] {standard_task_runner.py:84} INFO - Running: ['***', 'tasks', 'run', 'my_scraping_dag', 'main_task', 'scheduled__2023-01-10T00:00:00+00:00', '--job-id', '940', '--raw', '--subdir', 'DAGS_FOLDER/main.py', '--cfg-path', '/tmp/tmp2yc5ybjj']
[2023-12-07T16:40:43.277+0000] {standard_task_runner.py:85} INFO - Job 940: Subtask main_task
[2023-12-07T16:40:43.297+0000] {task_command.py:416} INFO - Running <TaskInstance: my_scraping_dag.main_task scheduled__2023-01-10T00:00:00+00:00 [running]> on host 63b0c7e341c0
[2023-12-07T16:40:43.328+0000] {taskinstance.py:1662} INFO - Exporting env vars: AIRFLOW_CTX_DAG_OWNER='***' AIRFLOW_CTX_DAG_ID='my_scraping_dag' AIRFLOW_CTX_TASK_ID='main_task' AIRFLOW_CTX_EXECUTION_DATE='2023-01-10T00:00:00+00:00' AIRFLOW_CTX_TRY_NUMBER='1' AIRFLOW_CTX_DAG_RUN_ID='scheduled__2023-01-10T00:00:00+00:00'
[2023-12-07T16:40:43.329+0000] {taskinstance.py:1937} ERROR - Task failed with exception
Traceback (most recent call last):
  File "/usr/local/lib/python3.8/configparser.py", line 846, in items
    d.update(self._sections[section])
KeyError: 'web'

During handling of the above exception, another exception occurred:

Traceback (most recent call last):
  File "/home/airflow/.local/lib/python3.8/site-packages/airflow/operators/python.py", line 192, in execute
    return_value = self.execute_callable()
  File "/home/airflow/.local/lib/python3.8/site-packages/airflow/operators/python.py", line 209, in execute_callable
    return self.python_callable(*self.op_args, **self.op_kwargs)
  File "/opt/airflow/dags/main.py", line 60, in main
    config = get_config('web')
  File "/opt/airflow/dags/main.py", line 22, in get_config
    return {key: value for key, value in parser.items(section)}
  File "/usr/local/lib/python3.8/configparser.py", line 849, in items
    raise NoSectionError(section)
configparser.NoSectionError: No section: 'web'
[2023-12-07T16:40:43.333+0000] {taskinstance.py:1400} INFO - Marking task as FAILED. dag_id=my_scraping_dag, task_id=main_task, execution_date=20230110T000000, start_date=20231207T164043, end_date=20231207T164043
[2023-12-07T16:40:43.338+0000] {standard_task_runner.py:104} ERROR - Failed to execute job 940 for task main_task (No section: 'web'; 4438)
[2023-12-07T16:40:43.372+0000] {local_task_job_runner.py:228} INFO - Task exited with return code 1
[2023-12-07T16:40:43.384+0000] {taskinstance.py:2778} INFO - 0 downstream tasks scheduled from follow-on schedule check
[2023-12-07T16:59:49.076+0000] {taskinstance.py:1159} INFO - Dependencies all met for dep_context=non-requeueable deps ti=<TaskInstance: my_scraping_dag.main_task scheduled__2023-01-10T00:00:00+00:00 [queued]>
[2023-12-07T16:59:49.079+0000] {taskinstance.py:1159} INFO - Dependencies all met for dep_context=requeueable deps ti=<TaskInstance: my_scraping_dag.main_task scheduled__2023-01-10T00:00:00+00:00 [queued]>
[2023-12-07T16:59:49.079+0000] {taskinstance.py:1361} INFO - Starting attempt 1 of 1
[2023-12-07T16:59:49.085+0000] {taskinstance.py:1382} INFO - Executing <Task(PythonOperator): main_task> on 2023-01-10 00:00:00+00:00
[2023-12-07T16:59:49.087+0000] {standard_task_runner.py:57} INFO - Started process 5596 to run task
[2023-12-07T16:59:49.089+0000] {standard_task_runner.py:84} INFO - Running: ['***', 'tasks', 'run', 'my_scraping_dag', 'main_task', 'scheduled__2023-01-10T00:00:00+00:00', '--job-id', '1284', '--raw', '--subdir', 'DAGS_FOLDER/main.py', '--cfg-path', '/tmp/tmp2xwgufbp']
[2023-12-07T16:59:49.091+0000] {standard_task_runner.py:85} INFO - Job 1284: Subtask main_task
[2023-12-07T16:59:49.115+0000] {task_command.py:416} INFO - Running <TaskInstance: my_scraping_dag.main_task scheduled__2023-01-10T00:00:00+00:00 [running]> on host 63b0c7e341c0
[2023-12-07T16:59:49.144+0000] {taskinstance.py:1662} INFO - Exporting env vars: AIRFLOW_CTX_DAG_OWNER='***' AIRFLOW_CTX_DAG_ID='my_scraping_dag' AIRFLOW_CTX_TASK_ID='main_task' AIRFLOW_CTX_EXECUTION_DATE='2023-01-10T00:00:00+00:00' AIRFLOW_CTX_TRY_NUMBER='1' AIRFLOW_CTX_DAG_RUN_ID='scheduled__2023-01-10T00:00:00+00:00'
[2023-12-07T16:59:49.162+0000] {taskinstance.py:1937} ERROR - Task failed with exception
Traceback (most recent call last):
  File "/home/airflow/.local/lib/python3.8/site-packages/airflow/operators/python.py", line 192, in execute
    return_value = self.execute_callable()
  File "/home/airflow/.local/lib/python3.8/site-packages/airflow/operators/python.py", line 209, in execute_callable
    return self.python_callable(*self.op_args, **self.op_kwargs)
  File "/opt/airflow/dags/main.py", line 33, in main
    'host': get_config('localhost'),
  File "/opt/airflow/dags/main.py", line 20, in get_config
    return Variable.get(key)
  File "/home/airflow/.local/lib/python3.8/site-packages/airflow/models/variable.py", line 140, in get
    raise KeyError(f"Variable {key} does not exist")
KeyError: 'Variable localhost does not exist'
[2023-12-07T16:59:49.166+0000] {taskinstance.py:1400} INFO - Marking task as FAILED. dag_id=my_scraping_dag, task_id=main_task, execution_date=20230110T000000, start_date=20231207T165949, end_date=20231207T165949
[2023-12-07T16:59:49.171+0000] {standard_task_runner.py:104} ERROR - Failed to execute job 1284 for task main_task ('Variable localhost does not exist'; 5596)
[2023-12-07T16:59:49.181+0000] {local_task_job_runner.py:228} INFO - Task exited with return code 1
[2023-12-07T16:59:49.194+0000] {taskinstance.py:2778} INFO - 0 downstream tasks scheduled from follow-on schedule check
[2023-12-07T17:03:12.436+0000] {taskinstance.py:1159} INFO - Dependencies all met for dep_context=non-requeueable deps ti=<TaskInstance: my_scraping_dag.main_task scheduled__2023-01-10T00:00:00+00:00 [queued]>
[2023-12-07T17:03:12.442+0000] {taskinstance.py:1159} INFO - Dependencies all met for dep_context=requeueable deps ti=<TaskInstance: my_scraping_dag.main_task scheduled__2023-01-10T00:00:00+00:00 [queued]>
[2023-12-07T17:03:12.444+0000] {taskinstance.py:1361} INFO - Starting attempt 1 of 1
[2023-12-07T17:03:12.531+0000] {taskinstance.py:1382} INFO - Executing <Task(PythonOperator): main_task> on 2023-01-10 00:00:00+00:00
[2023-12-07T17:03:12.536+0000] {standard_task_runner.py:57} INFO - Started process 6832 to run task
[2023-12-07T17:03:12.540+0000] {standard_task_runner.py:84} INFO - Running: ['***', 'tasks', 'run', 'my_scraping_dag', 'main_task', 'scheduled__2023-01-10T00:00:00+00:00', '--job-id', '1858', '--raw', '--subdir', 'DAGS_FOLDER/main.py', '--cfg-path', '/tmp/tmpkxnicxiy']
[2023-12-07T17:03:12.547+0000] {standard_task_runner.py:85} INFO - Job 1858: Subtask main_task
[2023-12-07T17:03:12.591+0000] {task_command.py:416} INFO - Running <TaskInstance: my_scraping_dag.main_task scheduled__2023-01-10T00:00:00+00:00 [running]> on host 63b0c7e341c0
[2023-12-07T17:03:12.670+0000] {taskinstance.py:1662} INFO - Exporting env vars: AIRFLOW_CTX_DAG_OWNER='***' AIRFLOW_CTX_DAG_ID='my_scraping_dag' AIRFLOW_CTX_TASK_ID='main_task' AIRFLOW_CTX_EXECUTION_DATE='2023-01-10T00:00:00+00:00' AIRFLOW_CTX_TRY_NUMBER='1' AIRFLOW_CTX_DAG_RUN_ID='scheduled__2023-01-10T00:00:00+00:00'
[2023-12-07T17:03:12.727+0000] {logging_mixin.py:154} INFO - base_url: https://tuncbotanik.com
[2023-12-07T17:03:12.731+0000] {python.py:194} INFO - Done. Returned value was: ('https://tuncbotanik.com', {'User-Agent': 'Mozilla/5.0 (Macintosh; Intel Mac OS X 10_15_7) AppleWebKit/537.36 (KHTML, like Gecko) Chrome/119.0.0.0 Safari/537.36', 'Accept-Language': 'tr-TR,tr;q=0.9,en-US;q=0.8,en;q=0.7'}, {'dbname': 'plant', 'user': 'aozgokme', 'password': '***', 'host': 'localhost', 'port': '5432'})
[2023-12-07T17:03:12.754+0000] {taskinstance.py:1400} INFO - Marking task as SUCCESS. dag_id=my_scraping_dag, task_id=main_task, execution_date=20230110T000000, start_date=20231207T170312, end_date=20231207T170312
[2023-12-07T17:03:12.824+0000] {local_task_job_runner.py:228} INFO - Task exited with return code 0
[2023-12-07T17:03:12.892+0000] {taskinstance.py:2778} INFO - 0 downstream tasks scheduled from follow-on schedule check
[2023-12-07T17:18:19.815+0000] {taskinstance.py:1159} INFO - Dependencies all met for dep_context=non-requeueable deps ti=<TaskInstance: my_scraping_dag.main_task scheduled__2023-01-10T00:00:00+00:00 [queued]>
[2023-12-07T17:18:19.862+0000] {taskinstance.py:1159} INFO - Dependencies all met for dep_context=requeueable deps ti=<TaskInstance: my_scraping_dag.main_task scheduled__2023-01-10T00:00:00+00:00 [queued]>
[2023-12-07T17:18:19.874+0000] {taskinstance.py:1361} INFO - Starting attempt 1 of 1
[2023-12-07T17:18:19.960+0000] {taskinstance.py:1382} INFO - Executing <Task(PythonOperator): main_task> on 2023-01-10 00:00:00+00:00
[2023-12-07T17:18:19.970+0000] {standard_task_runner.py:57} INFO - Started process 8563 to run task
[2023-12-07T17:18:19.979+0000] {standard_task_runner.py:84} INFO - Running: ['***', 'tasks', 'run', 'my_scraping_dag', 'main_task', 'scheduled__2023-01-10T00:00:00+00:00', '--job-id', '2539', '--raw', '--subdir', 'DAGS_FOLDER/main.py', '--cfg-path', '/tmp/tmp0ap8dfts']
[2023-12-07T17:18:19.994+0000] {standard_task_runner.py:85} INFO - Job 2539: Subtask main_task
[2023-12-07T17:18:20.127+0000] {task_command.py:416} INFO - Running <TaskInstance: my_scraping_dag.main_task scheduled__2023-01-10T00:00:00+00:00 [running]> on host 63b0c7e341c0
[2023-12-07T17:18:20.270+0000] {taskinstance.py:1662} INFO - Exporting env vars: AIRFLOW_CTX_DAG_OWNER='***' AIRFLOW_CTX_DAG_ID='my_scraping_dag' AIRFLOW_CTX_TASK_ID='main_task' AIRFLOW_CTX_EXECUTION_DATE='2023-01-10T00:00:00+00:00' AIRFLOW_CTX_TRY_NUMBER='1' AIRFLOW_CTX_DAG_RUN_ID='scheduled__2023-01-10T00:00:00+00:00'
[2023-12-07T17:18:20.995+0000] {taskinstance.py:1937} ERROR - Task failed with exception
Traceback (most recent call last):
  File "/home/airflow/.local/lib/python3.8/site-packages/airflow/operators/python.py", line 192, in execute
    return_value = self.execute_callable()
  File "/home/airflow/.local/lib/python3.8/site-packages/airflow/operators/python.py", line 209, in execute_callable
    return self.python_callable(*self.op_args, **self.op_kwargs)
  File "/opt/airflow/dags/main.py", line 80, in main
    insert_data_to_db(products, db_params)
  File "/opt/airflow/dags/main.py", line 43, in insert_data_to_db
    with psycopg2.connect(**db_params) as conn:
  File "/home/airflow/.local/lib/python3.8/site-packages/psycopg2/__init__.py", line 122, in connect
    conn = _connect(dsn, connection_factory=connection_factory, **kwasync)
psycopg2.OperationalError: connection to server at "localhost" (127.0.0.1), port 5432 failed: Connection refused
	Is the server running on that host and accepting TCP/IP connections?
connection to server at "localhost" (::1), port 5432 failed: Cannot assign requested address
	Is the server running on that host and accepting TCP/IP connections?

[2023-12-07T17:18:20.999+0000] {taskinstance.py:1400} INFO - Marking task as FAILED. dag_id=my_scraping_dag, task_id=main_task, execution_date=20230110T000000, start_date=20231207T171819, end_date=20231207T171820
[2023-12-07T17:18:21.005+0000] {standard_task_runner.py:104} ERROR - Failed to execute job 2539 for task main_task (connection to server at "localhost" (127.0.0.1), port 5432 failed: Connection refused
	Is the server running on that host and accepting TCP/IP connections?
connection to server at "localhost" (::1), port 5432 failed: Cannot assign requested address
	Is the server running on that host and accepting TCP/IP connections?
; 8563)
[2023-12-07T17:18:21.044+0000] {local_task_job_runner.py:228} INFO - Task exited with return code 1
[2023-12-07T17:18:21.052+0000] {taskinstance.py:2778} INFO - 0 downstream tasks scheduled from follow-on schedule check
[2023-12-07T17:22:38.015+0000] {taskinstance.py:1159} INFO - Dependencies all met for dep_context=non-requeueable deps ti=<TaskInstance: my_scraping_dag.main_task scheduled__2023-01-10T00:00:00+00:00 [queued]>
[2023-12-07T17:22:38.034+0000] {taskinstance.py:1159} INFO - Dependencies all met for dep_context=requeueable deps ti=<TaskInstance: my_scraping_dag.main_task scheduled__2023-01-10T00:00:00+00:00 [queued]>
[2023-12-07T17:22:38.039+0000] {taskinstance.py:1361} INFO - Starting attempt 1 of 1
[2023-12-07T17:22:38.087+0000] {taskinstance.py:1382} INFO - Executing <Task(PythonOperator): main_task> on 2023-01-10 00:00:00+00:00
[2023-12-07T17:22:38.091+0000] {standard_task_runner.py:57} INFO - Started process 9357 to run task
[2023-12-07T17:22:38.099+0000] {standard_task_runner.py:84} INFO - Running: ['***', 'tasks', 'run', 'my_scraping_dag', 'main_task', 'scheduled__2023-01-10T00:00:00+00:00', '--job-id', '2881', '--raw', '--subdir', 'DAGS_FOLDER/main.py', '--cfg-path', '/tmp/tmphe9zn2ur']
[2023-12-07T17:22:38.118+0000] {standard_task_runner.py:85} INFO - Job 2881: Subtask main_task
[2023-12-07T17:22:38.210+0000] {task_command.py:416} INFO - Running <TaskInstance: my_scraping_dag.main_task scheduled__2023-01-10T00:00:00+00:00 [running]> on host 63b0c7e341c0
[2023-12-07T17:22:38.396+0000] {taskinstance.py:1662} INFO - Exporting env vars: AIRFLOW_CTX_DAG_OWNER='***' AIRFLOW_CTX_DAG_ID='my_scraping_dag' AIRFLOW_CTX_TASK_ID='main_task' AIRFLOW_CTX_EXECUTION_DATE='2023-01-10T00:00:00+00:00' AIRFLOW_CTX_TRY_NUMBER='1' AIRFLOW_CTX_DAG_RUN_ID='scheduled__2023-01-10T00:00:00+00:00'
[2023-12-07T17:22:39.116+0000] {taskinstance.py:1937} ERROR - Task failed with exception
Traceback (most recent call last):
  File "/home/airflow/.local/lib/python3.8/site-packages/airflow/operators/python.py", line 192, in execute
    return_value = self.execute_callable()
  File "/home/airflow/.local/lib/python3.8/site-packages/airflow/operators/python.py", line 209, in execute_callable
    return self.python_callable(*self.op_args, **self.op_kwargs)
  File "/opt/airflow/dags/main.py", line 73, in main
    insert_data_to_db(products, db_params)
  File "/opt/airflow/dags/main.py", line 40, in insert_data_to_db
    with psycopg2.connect(**db_params) as conn:
  File "/home/airflow/.local/lib/python3.8/site-packages/psycopg2/__init__.py", line 122, in connect
    conn = _connect(dsn, connection_factory=connection_factory, **kwasync)
psycopg2.OperationalError: connection to server at "localhost" (127.0.0.1), port 5432 failed: Connection refused
	Is the server running on that host and accepting TCP/IP connections?
connection to server at "localhost" (::1), port 5432 failed: Cannot assign requested address
	Is the server running on that host and accepting TCP/IP connections?

[2023-12-07T17:22:39.121+0000] {taskinstance.py:1400} INFO - Marking task as FAILED. dag_id=my_scraping_dag, task_id=main_task, execution_date=20230110T000000, start_date=20231207T172238, end_date=20231207T172239
[2023-12-07T17:22:39.127+0000] {standard_task_runner.py:104} ERROR - Failed to execute job 2881 for task main_task (connection to server at "localhost" (127.0.0.1), port 5432 failed: Connection refused
	Is the server running on that host and accepting TCP/IP connections?
connection to server at "localhost" (::1), port 5432 failed: Cannot assign requested address
	Is the server running on that host and accepting TCP/IP connections?
; 9357)
[2023-12-07T17:22:39.163+0000] {local_task_job_runner.py:228} INFO - Task exited with return code 1
[2023-12-07T17:22:39.174+0000] {taskinstance.py:2778} INFO - 0 downstream tasks scheduled from follow-on schedule check
[2023-12-07T17:28:19.148+0000] {taskinstance.py:1159} INFO - Dependencies all met for dep_context=non-requeueable deps ti=<TaskInstance: my_scraping_dag.main_task scheduled__2023-01-10T00:00:00+00:00 [queued]>
[2023-12-07T17:28:19.166+0000] {taskinstance.py:1159} INFO - Dependencies all met for dep_context=requeueable deps ti=<TaskInstance: my_scraping_dag.main_task scheduled__2023-01-10T00:00:00+00:00 [queued]>
[2023-12-07T17:28:19.167+0000] {taskinstance.py:1361} INFO - Starting attempt 1 of 1
[2023-12-07T17:28:19.184+0000] {taskinstance.py:1382} INFO - Executing <Task(PythonOperator): main_task> on 2023-01-10 00:00:00+00:00
[2023-12-07T17:28:19.211+0000] {standard_task_runner.py:57} INFO - Started process 10194 to run task
[2023-12-07T17:28:19.217+0000] {standard_task_runner.py:84} INFO - Running: ['***', 'tasks', 'run', 'my_scraping_dag', 'main_task', 'scheduled__2023-01-10T00:00:00+00:00', '--job-id', '3223', '--raw', '--subdir', 'DAGS_FOLDER/main.py', '--cfg-path', '/tmp/tmp4or94opz']
[2023-12-07T17:28:19.230+0000] {standard_task_runner.py:85} INFO - Job 3223: Subtask main_task
[2023-12-07T17:28:19.317+0000] {task_command.py:416} INFO - Running <TaskInstance: my_scraping_dag.main_task scheduled__2023-01-10T00:00:00+00:00 [running]> on host 63b0c7e341c0
[2023-12-07T17:28:19.453+0000] {taskinstance.py:1662} INFO - Exporting env vars: AIRFLOW_CTX_DAG_OWNER='***' AIRFLOW_CTX_DAG_ID='my_scraping_dag' AIRFLOW_CTX_TASK_ID='main_task' AIRFLOW_CTX_EXECUTION_DATE='2023-01-10T00:00:00+00:00' AIRFLOW_CTX_TRY_NUMBER='1' AIRFLOW_CTX_DAG_RUN_ID='scheduled__2023-01-10T00:00:00+00:00'
[2023-12-07T17:28:20.170+0000] {taskinstance.py:1937} ERROR - Task failed with exception
Traceback (most recent call last):
  File "/home/airflow/.local/lib/python3.8/site-packages/airflow/operators/python.py", line 192, in execute
    return_value = self.execute_callable()
  File "/home/airflow/.local/lib/python3.8/site-packages/airflow/operators/python.py", line 209, in execute_callable
    return self.python_callable(*self.op_args, **self.op_kwargs)
  File "/opt/airflow/dags/main.py", line 73, in main
    insert_data_to_db(products, db_params)
  File "/opt/airflow/dags/main.py", line 40, in insert_data_to_db
    with psycopg2.connect(**db_params) as conn:
  File "/home/airflow/.local/lib/python3.8/site-packages/psycopg2/__init__.py", line 122, in connect
    conn = _connect(dsn, connection_factory=connection_factory, **kwasync)
psycopg2.OperationalError: connection to server at "localhost" (127.0.0.1), port 5432 failed: Connection refused
	Is the server running on that host and accepting TCP/IP connections?
connection to server at "localhost" (::1), port 5432 failed: Cannot assign requested address
	Is the server running on that host and accepting TCP/IP connections?

[2023-12-07T17:28:20.175+0000] {taskinstance.py:1400} INFO - Marking task as FAILED. dag_id=my_scraping_dag, task_id=main_task, execution_date=20230110T000000, start_date=20231207T172819, end_date=20231207T172820
[2023-12-07T17:28:20.180+0000] {standard_task_runner.py:104} ERROR - Failed to execute job 3223 for task main_task (connection to server at "localhost" (127.0.0.1), port 5432 failed: Connection refused
	Is the server running on that host and accepting TCP/IP connections?
connection to server at "localhost" (::1), port 5432 failed: Cannot assign requested address
	Is the server running on that host and accepting TCP/IP connections?
; 10194)
[2023-12-07T17:28:20.219+0000] {local_task_job_runner.py:228} INFO - Task exited with return code 1
[2023-12-07T17:28:20.227+0000] {taskinstance.py:2778} INFO - 0 downstream tasks scheduled from follow-on schedule check
