[2023-12-07T14:45:48.762+0000] {taskinstance.py:1159} INFO - Dependencies all met for dep_context=non-requeueable deps ti=<TaskInstance: my_scraping_dag.main_task scheduled__2023-02-17T00:00:00+00:00 [queued]>
[2023-12-07T14:45:48.766+0000] {taskinstance.py:1159} INFO - Dependencies all met for dep_context=requeueable deps ti=<TaskInstance: my_scraping_dag.main_task scheduled__2023-02-17T00:00:00+00:00 [queued]>
[2023-12-07T14:45:48.766+0000] {taskinstance.py:1361} INFO - Starting attempt 1 of 1
[2023-12-07T14:45:48.772+0000] {taskinstance.py:1382} INFO - Executing <Task(PythonOperator): main_task> on 2023-02-17 00:00:00+00:00
[2023-12-07T14:45:48.774+0000] {standard_task_runner.py:57} INFO - Started process 487 to run task
[2023-12-07T14:45:48.777+0000] {standard_task_runner.py:84} INFO - Running: ['***', 'tasks', 'run', 'my_scraping_dag', 'main_task', 'scheduled__2023-02-17T00:00:00+00:00', '--job-id', '59', '--raw', '--subdir', 'DAGS_FOLDER/main.py', '--cfg-path', '/tmp/tmpb2dgjoy2']
[2023-12-07T14:45:48.779+0000] {standard_task_runner.py:85} INFO - Job 59: Subtask main_task
[2023-12-07T14:45:48.815+0000] {task_command.py:416} INFO - Running <TaskInstance: my_scraping_dag.main_task scheduled__2023-02-17T00:00:00+00:00 [running]> on host 63b0c7e341c0
[2023-12-07T14:45:48.854+0000] {taskinstance.py:1662} INFO - Exporting env vars: AIRFLOW_CTX_DAG_OWNER='***' AIRFLOW_CTX_DAG_ID='my_scraping_dag' AIRFLOW_CTX_TASK_ID='main_task' AIRFLOW_CTX_EXECUTION_DATE='2023-02-17T00:00:00+00:00' AIRFLOW_CTX_TRY_NUMBER='1' AIRFLOW_CTX_DAG_RUN_ID='scheduled__2023-02-17T00:00:00+00:00'
[2023-12-07T14:45:48.855+0000] {taskinstance.py:1937} ERROR - Task failed with exception
Traceback (most recent call last):
  File "/usr/local/lib/python3.8/configparser.py", line 846, in items
    d.update(self._sections[section])
KeyError: 'web'

During handling of the above exception, another exception occurred:

Traceback (most recent call last):
  File "/home/airflow/.local/lib/python3.8/site-packages/airflow/operators/python.py", line 192, in execute
    return_value = self.execute_callable()
  File "/home/airflow/.local/lib/python3.8/site-packages/airflow/operators/python.py", line 209, in execute_callable
    return self.python_callable(*self.op_args, **self.op_kwargs)
  File "/opt/airflow/dags/main.py", line 61, in main
    config = get_config('web')
  File "/opt/airflow/dags/main.py", line 23, in get_config
    return {key: value for key, value in parser.items(section)}
  File "/usr/local/lib/python3.8/configparser.py", line 849, in items
    raise NoSectionError(section)
configparser.NoSectionError: No section: 'web'
[2023-12-07T14:45:48.859+0000] {taskinstance.py:1400} INFO - Marking task as FAILED. dag_id=my_scraping_dag, task_id=main_task, execution_date=20230217T000000, start_date=20231207T144548, end_date=20231207T144548
[2023-12-07T14:45:48.864+0000] {standard_task_runner.py:104} ERROR - Failed to execute job 59 for task main_task (No section: 'web'; 487)
[2023-12-07T14:45:48.869+0000] {local_task_job_runner.py:228} INFO - Task exited with return code 1
[2023-12-07T14:45:48.885+0000] {taskinstance.py:2778} INFO - 0 downstream tasks scheduled from follow-on schedule check
[2023-12-07T14:51:36.039+0000] {taskinstance.py:1159} INFO - Dependencies all met for dep_context=non-requeueable deps ti=<TaskInstance: my_scraping_dag.main_task scheduled__2023-02-17T00:00:00+00:00 [queued]>
[2023-12-07T14:51:36.043+0000] {taskinstance.py:1159} INFO - Dependencies all met for dep_context=requeueable deps ti=<TaskInstance: my_scraping_dag.main_task scheduled__2023-02-17T00:00:00+00:00 [queued]>
[2023-12-07T14:51:36.043+0000] {taskinstance.py:1361} INFO - Starting attempt 1 of 1
[2023-12-07T14:51:36.048+0000] {taskinstance.py:1382} INFO - Executing <Task(PythonOperator): main_task> on 2023-02-17 00:00:00+00:00
[2023-12-07T14:51:36.051+0000] {standard_task_runner.py:57} INFO - Started process 833 to run task
[2023-12-07T14:51:36.053+0000] {standard_task_runner.py:84} INFO - Running: ['***', 'tasks', 'run', 'my_scraping_dag', 'main_task', 'scheduled__2023-02-17T00:00:00+00:00', '--job-id', '158', '--raw', '--subdir', 'DAGS_FOLDER/main.py', '--cfg-path', '/tmp/tmp6b1zg0cj']
[2023-12-07T14:51:36.055+0000] {standard_task_runner.py:85} INFO - Job 158: Subtask main_task
[2023-12-07T14:51:36.080+0000] {task_command.py:416} INFO - Running <TaskInstance: my_scraping_dag.main_task scheduled__2023-02-17T00:00:00+00:00 [running]> on host 63b0c7e341c0
[2023-12-07T14:51:36.112+0000] {taskinstance.py:1662} INFO - Exporting env vars: AIRFLOW_CTX_DAG_OWNER='***' AIRFLOW_CTX_DAG_ID='my_scraping_dag' AIRFLOW_CTX_TASK_ID='main_task' AIRFLOW_CTX_EXECUTION_DATE='2023-02-17T00:00:00+00:00' AIRFLOW_CTX_TRY_NUMBER='1' AIRFLOW_CTX_DAG_RUN_ID='scheduled__2023-02-17T00:00:00+00:00'
[2023-12-07T14:51:36.113+0000] {taskinstance.py:1937} ERROR - Task failed with exception
Traceback (most recent call last):
  File "/usr/local/lib/python3.8/configparser.py", line 846, in items
    d.update(self._sections[section])
KeyError: 'web'

During handling of the above exception, another exception occurred:

Traceback (most recent call last):
  File "/home/airflow/.local/lib/python3.8/site-packages/airflow/operators/python.py", line 192, in execute
    return_value = self.execute_callable()
  File "/home/airflow/.local/lib/python3.8/site-packages/airflow/operators/python.py", line 209, in execute_callable
    return self.python_callable(*self.op_args, **self.op_kwargs)
  File "/opt/airflow/dags/main.py", line 61, in main
    config = get_config('web')
  File "/opt/airflow/dags/main.py", line 23, in get_config
    return {key: value for key, value in parser.items(section)}
  File "/usr/local/lib/python3.8/configparser.py", line 849, in items
    raise NoSectionError(section)
configparser.NoSectionError: No section: 'web'
[2023-12-07T14:51:36.118+0000] {taskinstance.py:1400} INFO - Marking task as FAILED. dag_id=my_scraping_dag, task_id=main_task, execution_date=20230217T000000, start_date=20231207T145136, end_date=20231207T145136
[2023-12-07T14:51:36.124+0000] {standard_task_runner.py:104} ERROR - Failed to execute job 158 for task main_task (No section: 'web'; 833)
[2023-12-07T14:51:36.145+0000] {local_task_job_runner.py:228} INFO - Task exited with return code 1
[2023-12-07T14:51:36.157+0000] {taskinstance.py:2778} INFO - 0 downstream tasks scheduled from follow-on schedule check
[2023-12-07T15:00:00.926+0000] {taskinstance.py:1159} INFO - Dependencies all met for dep_context=non-requeueable deps ti=<TaskInstance: my_scraping_dag.main_task scheduled__2023-02-17T00:00:00+00:00 [queued]>
[2023-12-07T15:00:00.930+0000] {taskinstance.py:1159} INFO - Dependencies all met for dep_context=requeueable deps ti=<TaskInstance: my_scraping_dag.main_task scheduled__2023-02-17T00:00:00+00:00 [queued]>
[2023-12-07T15:00:00.931+0000] {taskinstance.py:1361} INFO - Starting attempt 1 of 1
[2023-12-07T15:00:00.941+0000] {taskinstance.py:1382} INFO - Executing <Task(PythonOperator): main_task> on 2023-02-17 00:00:00+00:00
[2023-12-07T15:00:00.944+0000] {standard_task_runner.py:57} INFO - Started process 1457 to run task
[2023-12-07T15:00:00.947+0000] {standard_task_runner.py:84} INFO - Running: ['***', 'tasks', 'run', 'my_scraping_dag', 'main_task', 'scheduled__2023-02-17T00:00:00+00:00', '--job-id', '362', '--raw', '--subdir', 'DAGS_FOLDER/main.py', '--cfg-path', '/tmp/tmpzy9zatyb']
[2023-12-07T15:00:00.949+0000] {standard_task_runner.py:85} INFO - Job 362: Subtask main_task
[2023-12-07T15:00:00.977+0000] {task_command.py:416} INFO - Running <TaskInstance: my_scraping_dag.main_task scheduled__2023-02-17T00:00:00+00:00 [running]> on host 63b0c7e341c0
[2023-12-07T15:00:01.011+0000] {taskinstance.py:1662} INFO - Exporting env vars: AIRFLOW_CTX_DAG_OWNER='***' AIRFLOW_CTX_DAG_ID='my_scraping_dag' AIRFLOW_CTX_TASK_ID='main_task' AIRFLOW_CTX_EXECUTION_DATE='2023-02-17T00:00:00+00:00' AIRFLOW_CTX_TRY_NUMBER='1' AIRFLOW_CTX_DAG_RUN_ID='scheduled__2023-02-17T00:00:00+00:00'
[2023-12-07T15:00:01.012+0000] {taskinstance.py:1937} ERROR - Task failed with exception
Traceback (most recent call last):
  File "/usr/local/lib/python3.8/configparser.py", line 846, in items
    d.update(self._sections[section])
KeyError: 'web'

During handling of the above exception, another exception occurred:

Traceback (most recent call last):
  File "/home/airflow/.local/lib/python3.8/site-packages/airflow/operators/python.py", line 192, in execute
    return_value = self.execute_callable()
  File "/home/airflow/.local/lib/python3.8/site-packages/airflow/operators/python.py", line 209, in execute_callable
    return self.python_callable(*self.op_args, **self.op_kwargs)
  File "/opt/airflow/dags/main.py", line 60, in main
    config = get_config('web')
  File "/opt/airflow/dags/main.py", line 22, in get_config
    return {key: value for key, value in parser.items(section)}
  File "/usr/local/lib/python3.8/configparser.py", line 849, in items
    raise NoSectionError(section)
configparser.NoSectionError: No section: 'web'
[2023-12-07T15:00:01.016+0000] {taskinstance.py:1400} INFO - Marking task as FAILED. dag_id=my_scraping_dag, task_id=main_task, execution_date=20230217T000000, start_date=20231207T150000, end_date=20231207T150001
[2023-12-07T15:00:01.021+0000] {standard_task_runner.py:104} ERROR - Failed to execute job 362 for task main_task (No section: 'web'; 1457)
[2023-12-07T15:00:01.040+0000] {local_task_job_runner.py:228} INFO - Task exited with return code 1
[2023-12-07T15:00:01.053+0000] {taskinstance.py:2778} INFO - 0 downstream tasks scheduled from follow-on schedule check
[2023-12-07T15:10:51.161+0000] {taskinstance.py:1159} INFO - Dependencies all met for dep_context=non-requeueable deps ti=<TaskInstance: my_scraping_dag.main_task scheduled__2023-02-17T00:00:00+00:00 [queued]>
[2023-12-07T15:10:51.169+0000] {taskinstance.py:1159} INFO - Dependencies all met for dep_context=requeueable deps ti=<TaskInstance: my_scraping_dag.main_task scheduled__2023-02-17T00:00:00+00:00 [queued]>
[2023-12-07T15:10:51.172+0000] {taskinstance.py:1361} INFO - Starting attempt 1 of 1
[2023-12-07T15:10:51.183+0000] {taskinstance.py:1382} INFO - Executing <Task(PythonOperator): main_task> on 2023-02-17 00:00:00+00:00
[2023-12-07T15:10:51.188+0000] {standard_task_runner.py:57} INFO - Started process 1940 to run task
[2023-12-07T15:10:51.191+0000] {standard_task_runner.py:84} INFO - Running: ['***', 'tasks', 'run', 'my_scraping_dag', 'main_task', 'scheduled__2023-02-17T00:00:00+00:00', '--job-id', '469', '--raw', '--subdir', 'DAGS_FOLDER/main.py', '--cfg-path', '/tmp/tmp0kwpkmp7']
[2023-12-07T15:10:51.195+0000] {standard_task_runner.py:85} INFO - Job 469: Subtask main_task
[2023-12-07T15:10:51.230+0000] {task_command.py:416} INFO - Running <TaskInstance: my_scraping_dag.main_task scheduled__2023-02-17T00:00:00+00:00 [running]> on host 63b0c7e341c0
[2023-12-07T15:10:51.273+0000] {taskinstance.py:1662} INFO - Exporting env vars: AIRFLOW_CTX_DAG_OWNER='***' AIRFLOW_CTX_DAG_ID='my_scraping_dag' AIRFLOW_CTX_TASK_ID='main_task' AIRFLOW_CTX_EXECUTION_DATE='2023-02-17T00:00:00+00:00' AIRFLOW_CTX_TRY_NUMBER='1' AIRFLOW_CTX_DAG_RUN_ID='scheduled__2023-02-17T00:00:00+00:00'
[2023-12-07T15:10:51.274+0000] {taskinstance.py:1937} ERROR - Task failed with exception
Traceback (most recent call last):
  File "/usr/local/lib/python3.8/configparser.py", line 846, in items
    d.update(self._sections[section])
KeyError: 'web'

During handling of the above exception, another exception occurred:

Traceback (most recent call last):
  File "/home/airflow/.local/lib/python3.8/site-packages/airflow/operators/python.py", line 192, in execute
    return_value = self.execute_callable()
  File "/home/airflow/.local/lib/python3.8/site-packages/airflow/operators/python.py", line 209, in execute_callable
    return self.python_callable(*self.op_args, **self.op_kwargs)
  File "/opt/airflow/dags/main.py", line 63, in main
    config = get_config('web')
  File "/opt/airflow/dags/main.py", line 14, in get_config
    return {key: value for key, value in parser.items(section)}
  File "/usr/local/lib/python3.8/configparser.py", line 849, in items
    raise NoSectionError(section)
configparser.NoSectionError: No section: 'web'
[2023-12-07T15:10:51.282+0000] {taskinstance.py:1400} INFO - Marking task as FAILED. dag_id=my_scraping_dag, task_id=main_task, execution_date=20230217T000000, start_date=20231207T151051, end_date=20231207T151051
[2023-12-07T15:10:51.288+0000] {standard_task_runner.py:104} ERROR - Failed to execute job 469 for task main_task (No section: 'web'; 1940)
[2023-12-07T15:10:51.324+0000] {local_task_job_runner.py:228} INFO - Task exited with return code 1
[2023-12-07T15:10:51.333+0000] {taskinstance.py:2778} INFO - 0 downstream tasks scheduled from follow-on schedule check
[2023-12-07T15:12:16.560+0000] {taskinstance.py:1159} INFO - Dependencies all met for dep_context=non-requeueable deps ti=<TaskInstance: my_scraping_dag.main_task scheduled__2023-02-17T00:00:00+00:00 [queued]>
[2023-12-07T15:12:16.564+0000] {taskinstance.py:1159} INFO - Dependencies all met for dep_context=requeueable deps ti=<TaskInstance: my_scraping_dag.main_task scheduled__2023-02-17T00:00:00+00:00 [queued]>
[2023-12-07T15:12:16.564+0000] {taskinstance.py:1361} INFO - Starting attempt 1 of 1
[2023-12-07T15:12:16.575+0000] {taskinstance.py:1382} INFO - Executing <Task(PythonOperator): main_task> on 2023-02-17 00:00:00+00:00
[2023-12-07T15:12:16.577+0000] {standard_task_runner.py:57} INFO - Started process 2164 to run task
[2023-12-07T15:12:16.580+0000] {standard_task_runner.py:84} INFO - Running: ['***', 'tasks', 'run', 'my_scraping_dag', 'main_task', 'scheduled__2023-02-17T00:00:00+00:00', '--job-id', '558', '--raw', '--subdir', 'DAGS_FOLDER/main.py', '--cfg-path', '/tmp/tmp0tb8gnta']
[2023-12-07T15:12:16.581+0000] {standard_task_runner.py:85} INFO - Job 558: Subtask main_task
[2023-12-07T15:12:16.604+0000] {task_command.py:416} INFO - Running <TaskInstance: my_scraping_dag.main_task scheduled__2023-02-17T00:00:00+00:00 [running]> on host 63b0c7e341c0
[2023-12-07T15:12:16.640+0000] {taskinstance.py:1662} INFO - Exporting env vars: AIRFLOW_CTX_DAG_OWNER='***' AIRFLOW_CTX_DAG_ID='my_scraping_dag' AIRFLOW_CTX_TASK_ID='main_task' AIRFLOW_CTX_EXECUTION_DATE='2023-02-17T00:00:00+00:00' AIRFLOW_CTX_TRY_NUMBER='1' AIRFLOW_CTX_DAG_RUN_ID='scheduled__2023-02-17T00:00:00+00:00'
[2023-12-07T15:12:16.641+0000] {taskinstance.py:1937} ERROR - Task failed with exception
Traceback (most recent call last):
  File "/usr/local/lib/python3.8/configparser.py", line 846, in items
    d.update(self._sections[section])
KeyError: 'web'

During handling of the above exception, another exception occurred:

Traceback (most recent call last):
  File "/home/airflow/.local/lib/python3.8/site-packages/airflow/operators/python.py", line 192, in execute
    return_value = self.execute_callable()
  File "/home/airflow/.local/lib/python3.8/site-packages/airflow/operators/python.py", line 209, in execute_callable
    return self.python_callable(*self.op_args, **self.op_kwargs)
  File "/opt/airflow/dags/main.py", line 63, in main
    config = get_config('web')
  File "/opt/airflow/dags/main.py", line 14, in get_config
    return {key: value for key, value in parser.items(section)}
  File "/usr/local/lib/python3.8/configparser.py", line 849, in items
    raise NoSectionError(section)
configparser.NoSectionError: No section: 'web'
[2023-12-07T15:12:16.646+0000] {taskinstance.py:1400} INFO - Marking task as FAILED. dag_id=my_scraping_dag, task_id=main_task, execution_date=20230217T000000, start_date=20231207T151216, end_date=20231207T151216
[2023-12-07T15:12:16.651+0000] {standard_task_runner.py:104} ERROR - Failed to execute job 558 for task main_task (No section: 'web'; 2164)
[2023-12-07T15:12:16.672+0000] {local_task_job_runner.py:228} INFO - Task exited with return code 1
[2023-12-07T15:12:16.684+0000] {taskinstance.py:2778} INFO - 0 downstream tasks scheduled from follow-on schedule check
[2023-12-07T16:31:19.489+0000] {taskinstance.py:1159} INFO - Dependencies all met for dep_context=non-requeueable deps ti=<TaskInstance: my_scraping_dag.main_task scheduled__2023-02-17T00:00:00+00:00 [queued]>
[2023-12-07T16:31:19.493+0000] {taskinstance.py:1159} INFO - Dependencies all met for dep_context=requeueable deps ti=<TaskInstance: my_scraping_dag.main_task scheduled__2023-02-17T00:00:00+00:00 [queued]>
[2023-12-07T16:31:19.493+0000] {taskinstance.py:1361} INFO - Starting attempt 1 of 1
[2023-12-07T16:31:19.498+0000] {taskinstance.py:1382} INFO - Executing <Task(PythonOperator): main_task> on 2023-02-17 00:00:00+00:00
[2023-12-07T16:31:19.502+0000] {standard_task_runner.py:57} INFO - Started process 3600 to run task
[2023-12-07T16:31:19.504+0000] {standard_task_runner.py:84} INFO - Running: ['***', 'tasks', 'run', 'my_scraping_dag', 'main_task', 'scheduled__2023-02-17T00:00:00+00:00', '--job-id', '636', '--raw', '--subdir', 'DAGS_FOLDER/main.py', '--cfg-path', '/tmp/tmp0jjq2ewr']
[2023-12-07T16:31:19.507+0000] {standard_task_runner.py:85} INFO - Job 636: Subtask main_task
[2023-12-07T16:31:19.530+0000] {task_command.py:416} INFO - Running <TaskInstance: my_scraping_dag.main_task scheduled__2023-02-17T00:00:00+00:00 [running]> on host 63b0c7e341c0
[2023-12-07T16:31:19.561+0000] {taskinstance.py:1662} INFO - Exporting env vars: AIRFLOW_CTX_DAG_OWNER='***' AIRFLOW_CTX_DAG_ID='my_scraping_dag' AIRFLOW_CTX_TASK_ID='main_task' AIRFLOW_CTX_EXECUTION_DATE='2023-02-17T00:00:00+00:00' AIRFLOW_CTX_TRY_NUMBER='1' AIRFLOW_CTX_DAG_RUN_ID='scheduled__2023-02-17T00:00:00+00:00'
[2023-12-07T16:31:19.561+0000] {taskinstance.py:1937} ERROR - Task failed with exception
Traceback (most recent call last):
  File "/usr/local/lib/python3.8/configparser.py", line 846, in items
    d.update(self._sections[section])
KeyError: 'web'

During handling of the above exception, another exception occurred:

Traceback (most recent call last):
  File "/home/airflow/.local/lib/python3.8/site-packages/airflow/operators/python.py", line 192, in execute
    return_value = self.execute_callable()
  File "/home/airflow/.local/lib/python3.8/site-packages/airflow/operators/python.py", line 209, in execute_callable
    return self.python_callable(*self.op_args, **self.op_kwargs)
  File "/opt/airflow/dags/main.py", line 60, in main
    config = get_config('web')
  File "/opt/airflow/dags/main.py", line 22, in get_config
    return {key: value for key, value in parser.items(section)}
  File "/usr/local/lib/python3.8/configparser.py", line 849, in items
    raise NoSectionError(section)
configparser.NoSectionError: No section: 'web'
[2023-12-07T16:31:19.565+0000] {taskinstance.py:1400} INFO - Marking task as FAILED. dag_id=my_scraping_dag, task_id=main_task, execution_date=20230217T000000, start_date=20231207T163119, end_date=20231207T163119
[2023-12-07T16:31:19.569+0000] {standard_task_runner.py:104} ERROR - Failed to execute job 636 for task main_task (No section: 'web'; 3600)
[2023-12-07T16:31:19.597+0000] {local_task_job_runner.py:228} INFO - Task exited with return code 1
[2023-12-07T16:31:19.608+0000] {taskinstance.py:2778} INFO - 0 downstream tasks scheduled from follow-on schedule check
[2023-12-07T16:40:59.561+0000] {taskinstance.py:1159} INFO - Dependencies all met for dep_context=non-requeueable deps ti=<TaskInstance: my_scraping_dag.main_task scheduled__2023-02-17T00:00:00+00:00 [queued]>
[2023-12-07T16:40:59.565+0000] {taskinstance.py:1159} INFO - Dependencies all met for dep_context=requeueable deps ti=<TaskInstance: my_scraping_dag.main_task scheduled__2023-02-17T00:00:00+00:00 [queued]>
[2023-12-07T16:40:59.566+0000] {taskinstance.py:1361} INFO - Starting attempt 1 of 1
[2023-12-07T16:40:59.571+0000] {taskinstance.py:1382} INFO - Executing <Task(PythonOperator): main_task> on 2023-02-17 00:00:00+00:00
[2023-12-07T16:40:59.573+0000] {standard_task_runner.py:57} INFO - Started process 4521 to run task
[2023-12-07T16:40:59.575+0000] {standard_task_runner.py:84} INFO - Running: ['***', 'tasks', 'run', 'my_scraping_dag', 'main_task', 'scheduled__2023-02-17T00:00:00+00:00', '--job-id', '978', '--raw', '--subdir', 'DAGS_FOLDER/main.py', '--cfg-path', '/tmp/tmpqamd7ywn']
[2023-12-07T16:40:59.577+0000] {standard_task_runner.py:85} INFO - Job 978: Subtask main_task
[2023-12-07T16:40:59.598+0000] {task_command.py:416} INFO - Running <TaskInstance: my_scraping_dag.main_task scheduled__2023-02-17T00:00:00+00:00 [running]> on host 63b0c7e341c0
[2023-12-07T16:40:59.631+0000] {taskinstance.py:1662} INFO - Exporting env vars: AIRFLOW_CTX_DAG_OWNER='***' AIRFLOW_CTX_DAG_ID='my_scraping_dag' AIRFLOW_CTX_TASK_ID='main_task' AIRFLOW_CTX_EXECUTION_DATE='2023-02-17T00:00:00+00:00' AIRFLOW_CTX_TRY_NUMBER='1' AIRFLOW_CTX_DAG_RUN_ID='scheduled__2023-02-17T00:00:00+00:00'
[2023-12-07T16:40:59.632+0000] {taskinstance.py:1937} ERROR - Task failed with exception
Traceback (most recent call last):
  File "/usr/local/lib/python3.8/configparser.py", line 846, in items
    d.update(self._sections[section])
KeyError: 'web'

During handling of the above exception, another exception occurred:

Traceback (most recent call last):
  File "/home/airflow/.local/lib/python3.8/site-packages/airflow/operators/python.py", line 192, in execute
    return_value = self.execute_callable()
  File "/home/airflow/.local/lib/python3.8/site-packages/airflow/operators/python.py", line 209, in execute_callable
    return self.python_callable(*self.op_args, **self.op_kwargs)
  File "/opt/airflow/dags/main.py", line 60, in main
    config = get_config('web')
  File "/opt/airflow/dags/main.py", line 22, in get_config
    return {key: value for key, value in parser.items(section)}
  File "/usr/local/lib/python3.8/configparser.py", line 849, in items
    raise NoSectionError(section)
configparser.NoSectionError: No section: 'web'
[2023-12-07T16:40:59.636+0000] {taskinstance.py:1400} INFO - Marking task as FAILED. dag_id=my_scraping_dag, task_id=main_task, execution_date=20230217T000000, start_date=20231207T164059, end_date=20231207T164059
[2023-12-07T16:40:59.641+0000] {standard_task_runner.py:104} ERROR - Failed to execute job 978 for task main_task (No section: 'web'; 4521)
[2023-12-07T16:40:59.670+0000] {local_task_job_runner.py:228} INFO - Task exited with return code 1
[2023-12-07T16:40:59.700+0000] {taskinstance.py:2778} INFO - 0 downstream tasks scheduled from follow-on schedule check
[2023-12-07T17:00:06.100+0000] {taskinstance.py:1159} INFO - Dependencies all met for dep_context=non-requeueable deps ti=<TaskInstance: my_scraping_dag.main_task scheduled__2023-02-17T00:00:00+00:00 [queued]>
[2023-12-07T17:00:06.103+0000] {taskinstance.py:1159} INFO - Dependencies all met for dep_context=requeueable deps ti=<TaskInstance: my_scraping_dag.main_task scheduled__2023-02-17T00:00:00+00:00 [queued]>
[2023-12-07T17:00:06.103+0000] {taskinstance.py:1361} INFO - Starting attempt 1 of 1
[2023-12-07T17:00:06.109+0000] {taskinstance.py:1382} INFO - Executing <Task(PythonOperator): main_task> on 2023-02-17 00:00:00+00:00
[2023-12-07T17:00:06.112+0000] {standard_task_runner.py:57} INFO - Started process 5679 to run task
[2023-12-07T17:00:06.114+0000] {standard_task_runner.py:84} INFO - Running: ['***', 'tasks', 'run', 'my_scraping_dag', 'main_task', 'scheduled__2023-02-17T00:00:00+00:00', '--job-id', '1322', '--raw', '--subdir', 'DAGS_FOLDER/main.py', '--cfg-path', '/tmp/tmpk0idgsyl']
[2023-12-07T17:00:06.115+0000] {standard_task_runner.py:85} INFO - Job 1322: Subtask main_task
[2023-12-07T17:00:06.136+0000] {task_command.py:416} INFO - Running <TaskInstance: my_scraping_dag.main_task scheduled__2023-02-17T00:00:00+00:00 [running]> on host 63b0c7e341c0
[2023-12-07T17:00:06.166+0000] {taskinstance.py:1662} INFO - Exporting env vars: AIRFLOW_CTX_DAG_OWNER='***' AIRFLOW_CTX_DAG_ID='my_scraping_dag' AIRFLOW_CTX_TASK_ID='main_task' AIRFLOW_CTX_EXECUTION_DATE='2023-02-17T00:00:00+00:00' AIRFLOW_CTX_TRY_NUMBER='1' AIRFLOW_CTX_DAG_RUN_ID='scheduled__2023-02-17T00:00:00+00:00'
[2023-12-07T17:00:06.182+0000] {taskinstance.py:1937} ERROR - Task failed with exception
Traceback (most recent call last):
  File "/home/airflow/.local/lib/python3.8/site-packages/airflow/operators/python.py", line 192, in execute
    return_value = self.execute_callable()
  File "/home/airflow/.local/lib/python3.8/site-packages/airflow/operators/python.py", line 209, in execute_callable
    return self.python_callable(*self.op_args, **self.op_kwargs)
  File "/opt/airflow/dags/main.py", line 33, in main
    'host': get_config('localhost'),
  File "/opt/airflow/dags/main.py", line 20, in get_config
    return Variable.get(key)
  File "/home/airflow/.local/lib/python3.8/site-packages/airflow/models/variable.py", line 140, in get
    raise KeyError(f"Variable {key} does not exist")
KeyError: 'Variable localhost does not exist'
[2023-12-07T17:00:06.186+0000] {taskinstance.py:1400} INFO - Marking task as FAILED. dag_id=my_scraping_dag, task_id=main_task, execution_date=20230217T000000, start_date=20231207T170006, end_date=20231207T170006
[2023-12-07T17:00:06.191+0000] {standard_task_runner.py:104} ERROR - Failed to execute job 1322 for task main_task ('Variable localhost does not exist'; 5679)
[2023-12-07T17:00:06.206+0000] {local_task_job_runner.py:228} INFO - Task exited with return code 1
[2023-12-07T17:00:06.217+0000] {taskinstance.py:2778} INFO - 0 downstream tasks scheduled from follow-on schedule check
[2023-12-07T17:03:30.991+0000] {taskinstance.py:1159} INFO - Dependencies all met for dep_context=non-requeueable deps ti=<TaskInstance: my_scraping_dag.main_task scheduled__2023-02-17T00:00:00+00:00 [queued]>
[2023-12-07T17:03:31.000+0000] {taskinstance.py:1159} INFO - Dependencies all met for dep_context=requeueable deps ti=<TaskInstance: my_scraping_dag.main_task scheduled__2023-02-17T00:00:00+00:00 [queued]>
[2023-12-07T17:03:31.001+0000] {taskinstance.py:1361} INFO - Starting attempt 1 of 1
[2023-12-07T17:03:31.031+0000] {taskinstance.py:1382} INFO - Executing <Task(PythonOperator): main_task> on 2023-02-17 00:00:00+00:00
[2023-12-07T17:03:31.035+0000] {standard_task_runner.py:57} INFO - Started process 6984 to run task
[2023-12-07T17:03:31.039+0000] {standard_task_runner.py:84} INFO - Running: ['***', 'tasks', 'run', 'my_scraping_dag', 'main_task', 'scheduled__2023-02-17T00:00:00+00:00', '--job-id', '1935', '--raw', '--subdir', 'DAGS_FOLDER/main.py', '--cfg-path', '/tmp/tmpjo79zqxg']
[2023-12-07T17:03:31.042+0000] {standard_task_runner.py:85} INFO - Job 1935: Subtask main_task
[2023-12-07T17:03:31.087+0000] {task_command.py:416} INFO - Running <TaskInstance: my_scraping_dag.main_task scheduled__2023-02-17T00:00:00+00:00 [running]> on host 63b0c7e341c0
[2023-12-07T17:03:31.144+0000] {taskinstance.py:1662} INFO - Exporting env vars: AIRFLOW_CTX_DAG_OWNER='***' AIRFLOW_CTX_DAG_ID='my_scraping_dag' AIRFLOW_CTX_TASK_ID='main_task' AIRFLOW_CTX_EXECUTION_DATE='2023-02-17T00:00:00+00:00' AIRFLOW_CTX_TRY_NUMBER='1' AIRFLOW_CTX_DAG_RUN_ID='scheduled__2023-02-17T00:00:00+00:00'
[2023-12-07T17:03:31.188+0000] {logging_mixin.py:154} INFO - base_url: https://tuncbotanik.com
[2023-12-07T17:03:31.189+0000] {python.py:194} INFO - Done. Returned value was: ('https://tuncbotanik.com', {'User-Agent': 'Mozilla/5.0 (Macintosh; Intel Mac OS X 10_15_7) AppleWebKit/537.36 (KHTML, like Gecko) Chrome/119.0.0.0 Safari/537.36', 'Accept-Language': 'tr-TR,tr;q=0.9,en-US;q=0.8,en;q=0.7'}, {'dbname': 'plant', 'user': 'aozgokme', 'password': '***', 'host': 'localhost', 'port': '5432'})
[2023-12-07T17:03:31.210+0000] {taskinstance.py:1400} INFO - Marking task as SUCCESS. dag_id=my_scraping_dag, task_id=main_task, execution_date=20230217T000000, start_date=20231207T170330, end_date=20231207T170331
[2023-12-07T17:03:31.257+0000] {local_task_job_runner.py:228} INFO - Task exited with return code 0
[2023-12-07T17:03:31.310+0000] {taskinstance.py:2778} INFO - 0 downstream tasks scheduled from follow-on schedule check
[2023-12-07T17:18:29.399+0000] {taskinstance.py:1159} INFO - Dependencies all met for dep_context=non-requeueable deps ti=<TaskInstance: my_scraping_dag.main_task scheduled__2023-02-17T00:00:00+00:00 [queued]>
[2023-12-07T17:18:29.403+0000] {taskinstance.py:1159} INFO - Dependencies all met for dep_context=requeueable deps ti=<TaskInstance: my_scraping_dag.main_task scheduled__2023-02-17T00:00:00+00:00 [queued]>
[2023-12-07T17:18:29.403+0000] {taskinstance.py:1361} INFO - Starting attempt 1 of 1
[2023-12-07T17:18:29.409+0000] {taskinstance.py:1382} INFO - Executing <Task(PythonOperator): main_task> on 2023-02-17 00:00:00+00:00
[2023-12-07T17:18:29.412+0000] {standard_task_runner.py:57} INFO - Started process 8639 to run task
[2023-12-07T17:18:29.414+0000] {standard_task_runner.py:84} INFO - Running: ['***', 'tasks', 'run', 'my_scraping_dag', 'main_task', 'scheduled__2023-02-17T00:00:00+00:00', '--job-id', '2577', '--raw', '--subdir', 'DAGS_FOLDER/main.py', '--cfg-path', '/tmp/tmp57mggdan']
[2023-12-07T17:18:29.416+0000] {standard_task_runner.py:85} INFO - Job 2577: Subtask main_task
[2023-12-07T17:18:29.442+0000] {task_command.py:416} INFO - Running <TaskInstance: my_scraping_dag.main_task scheduled__2023-02-17T00:00:00+00:00 [running]> on host 63b0c7e341c0
[2023-12-07T17:18:29.482+0000] {taskinstance.py:1662} INFO - Exporting env vars: AIRFLOW_CTX_DAG_OWNER='***' AIRFLOW_CTX_DAG_ID='my_scraping_dag' AIRFLOW_CTX_TASK_ID='main_task' AIRFLOW_CTX_EXECUTION_DATE='2023-02-17T00:00:00+00:00' AIRFLOW_CTX_TRY_NUMBER='1' AIRFLOW_CTX_DAG_RUN_ID='scheduled__2023-02-17T00:00:00+00:00'
[2023-12-07T17:18:30.218+0000] {taskinstance.py:1937} ERROR - Task failed with exception
Traceback (most recent call last):
  File "/home/airflow/.local/lib/python3.8/site-packages/airflow/operators/python.py", line 192, in execute
    return_value = self.execute_callable()
  File "/home/airflow/.local/lib/python3.8/site-packages/airflow/operators/python.py", line 209, in execute_callable
    return self.python_callable(*self.op_args, **self.op_kwargs)
  File "/opt/airflow/dags/main.py", line 80, in main
    insert_data_to_db(products, db_params)
  File "/opt/airflow/dags/main.py", line 43, in insert_data_to_db
    with psycopg2.connect(**db_params) as conn:
  File "/home/airflow/.local/lib/python3.8/site-packages/psycopg2/__init__.py", line 122, in connect
    conn = _connect(dsn, connection_factory=connection_factory, **kwasync)
psycopg2.OperationalError: connection to server at "localhost" (127.0.0.1), port 5432 failed: Connection refused
	Is the server running on that host and accepting TCP/IP connections?
connection to server at "localhost" (::1), port 5432 failed: Cannot assign requested address
	Is the server running on that host and accepting TCP/IP connections?

[2023-12-07T17:18:30.249+0000] {taskinstance.py:1400} INFO - Marking task as FAILED. dag_id=my_scraping_dag, task_id=main_task, execution_date=20230217T000000, start_date=20231207T171829, end_date=20231207T171830
[2023-12-07T17:18:30.335+0000] {standard_task_runner.py:104} ERROR - Failed to execute job 2577 for task main_task (connection to server at "localhost" (127.0.0.1), port 5432 failed: Connection refused
	Is the server running on that host and accepting TCP/IP connections?
connection to server at "localhost" (::1), port 5432 failed: Cannot assign requested address
	Is the server running on that host and accepting TCP/IP connections?
; 8639)
[2023-12-07T17:18:30.355+0000] {local_task_job_runner.py:228} INFO - Task exited with return code 1
[2023-12-07T17:18:30.375+0000] {taskinstance.py:2778} INFO - 0 downstream tasks scheduled from follow-on schedule check
[2023-12-07T17:22:47.584+0000] {taskinstance.py:1159} INFO - Dependencies all met for dep_context=non-requeueable deps ti=<TaskInstance: my_scraping_dag.main_task scheduled__2023-02-17T00:00:00+00:00 [queued]>
[2023-12-07T17:22:47.590+0000] {taskinstance.py:1159} INFO - Dependencies all met for dep_context=requeueable deps ti=<TaskInstance: my_scraping_dag.main_task scheduled__2023-02-17T00:00:00+00:00 [queued]>
[2023-12-07T17:22:47.591+0000] {taskinstance.py:1361} INFO - Starting attempt 1 of 1
[2023-12-07T17:22:47.690+0000] {taskinstance.py:1382} INFO - Executing <Task(PythonOperator): main_task> on 2023-02-17 00:00:00+00:00
[2023-12-07T17:22:47.693+0000] {standard_task_runner.py:57} INFO - Started process 9435 to run task
[2023-12-07T17:22:47.696+0000] {standard_task_runner.py:84} INFO - Running: ['***', 'tasks', 'run', 'my_scraping_dag', 'main_task', 'scheduled__2023-02-17T00:00:00+00:00', '--job-id', '2919', '--raw', '--subdir', 'DAGS_FOLDER/main.py', '--cfg-path', '/tmp/tmpik5otql_']
[2023-12-07T17:22:47.698+0000] {standard_task_runner.py:85} INFO - Job 2919: Subtask main_task
[2023-12-07T17:22:47.729+0000] {task_command.py:416} INFO - Running <TaskInstance: my_scraping_dag.main_task scheduled__2023-02-17T00:00:00+00:00 [running]> on host 63b0c7e341c0
[2023-12-07T17:22:47.774+0000] {taskinstance.py:1662} INFO - Exporting env vars: AIRFLOW_CTX_DAG_OWNER='***' AIRFLOW_CTX_DAG_ID='my_scraping_dag' AIRFLOW_CTX_TASK_ID='main_task' AIRFLOW_CTX_EXECUTION_DATE='2023-02-17T00:00:00+00:00' AIRFLOW_CTX_TRY_NUMBER='1' AIRFLOW_CTX_DAG_RUN_ID='scheduled__2023-02-17T00:00:00+00:00'
[2023-12-07T17:22:48.550+0000] {taskinstance.py:1937} ERROR - Task failed with exception
Traceback (most recent call last):
  File "/home/airflow/.local/lib/python3.8/site-packages/airflow/operators/python.py", line 192, in execute
    return_value = self.execute_callable()
  File "/home/airflow/.local/lib/python3.8/site-packages/airflow/operators/python.py", line 209, in execute_callable
    return self.python_callable(*self.op_args, **self.op_kwargs)
  File "/opt/airflow/dags/main.py", line 73, in main
    insert_data_to_db(products, db_params)
  File "/opt/airflow/dags/main.py", line 40, in insert_data_to_db
    with psycopg2.connect(**db_params) as conn:
  File "/home/airflow/.local/lib/python3.8/site-packages/psycopg2/__init__.py", line 122, in connect
    conn = _connect(dsn, connection_factory=connection_factory, **kwasync)
psycopg2.OperationalError: connection to server at "localhost" (127.0.0.1), port 5432 failed: Connection refused
	Is the server running on that host and accepting TCP/IP connections?
connection to server at "localhost" (::1), port 5432 failed: Cannot assign requested address
	Is the server running on that host and accepting TCP/IP connections?

[2023-12-07T17:22:48.566+0000] {taskinstance.py:1400} INFO - Marking task as FAILED. dag_id=my_scraping_dag, task_id=main_task, execution_date=20230217T000000, start_date=20231207T172247, end_date=20231207T172248
[2023-12-07T17:22:48.644+0000] {standard_task_runner.py:104} ERROR - Failed to execute job 2919 for task main_task (connection to server at "localhost" (127.0.0.1), port 5432 failed: Connection refused
	Is the server running on that host and accepting TCP/IP connections?
connection to server at "localhost" (::1), port 5432 failed: Cannot assign requested address
	Is the server running on that host and accepting TCP/IP connections?
; 9435)
[2023-12-07T17:22:48.672+0000] {local_task_job_runner.py:228} INFO - Task exited with return code 1
[2023-12-07T17:22:48.687+0000] {taskinstance.py:2778} INFO - 0 downstream tasks scheduled from follow-on schedule check
[2023-12-07T17:28:28.506+0000] {taskinstance.py:1159} INFO - Dependencies all met for dep_context=non-requeueable deps ti=<TaskInstance: my_scraping_dag.main_task scheduled__2023-02-17T00:00:00+00:00 [queued]>
[2023-12-07T17:28:28.512+0000] {taskinstance.py:1159} INFO - Dependencies all met for dep_context=requeueable deps ti=<TaskInstance: my_scraping_dag.main_task scheduled__2023-02-17T00:00:00+00:00 [queued]>
[2023-12-07T17:28:28.512+0000] {taskinstance.py:1361} INFO - Starting attempt 1 of 1
[2023-12-07T17:28:28.519+0000] {taskinstance.py:1382} INFO - Executing <Task(PythonOperator): main_task> on 2023-02-17 00:00:00+00:00
[2023-12-07T17:28:28.522+0000] {standard_task_runner.py:57} INFO - Started process 10276 to run task
[2023-12-07T17:28:28.524+0000] {standard_task_runner.py:84} INFO - Running: ['***', 'tasks', 'run', 'my_scraping_dag', 'main_task', 'scheduled__2023-02-17T00:00:00+00:00', '--job-id', '3261', '--raw', '--subdir', 'DAGS_FOLDER/main.py', '--cfg-path', '/tmp/tmpa2u6u023']
[2023-12-07T17:28:28.526+0000] {standard_task_runner.py:85} INFO - Job 3261: Subtask main_task
[2023-12-07T17:28:28.557+0000] {task_command.py:416} INFO - Running <TaskInstance: my_scraping_dag.main_task scheduled__2023-02-17T00:00:00+00:00 [running]> on host 63b0c7e341c0
[2023-12-07T17:28:28.605+0000] {taskinstance.py:1662} INFO - Exporting env vars: AIRFLOW_CTX_DAG_OWNER='***' AIRFLOW_CTX_DAG_ID='my_scraping_dag' AIRFLOW_CTX_TASK_ID='main_task' AIRFLOW_CTX_EXECUTION_DATE='2023-02-17T00:00:00+00:00' AIRFLOW_CTX_TRY_NUMBER='1' AIRFLOW_CTX_DAG_RUN_ID='scheduled__2023-02-17T00:00:00+00:00'
[2023-12-07T17:28:29.364+0000] {taskinstance.py:1937} ERROR - Task failed with exception
Traceback (most recent call last):
  File "/home/airflow/.local/lib/python3.8/site-packages/airflow/operators/python.py", line 192, in execute
    return_value = self.execute_callable()
  File "/home/airflow/.local/lib/python3.8/site-packages/airflow/operators/python.py", line 209, in execute_callable
    return self.python_callable(*self.op_args, **self.op_kwargs)
  File "/opt/airflow/dags/main.py", line 73, in main
    insert_data_to_db(products, db_params)
  File "/opt/airflow/dags/main.py", line 40, in insert_data_to_db
    with psycopg2.connect(**db_params) as conn:
  File "/home/airflow/.local/lib/python3.8/site-packages/psycopg2/__init__.py", line 122, in connect
    conn = _connect(dsn, connection_factory=connection_factory, **kwasync)
psycopg2.OperationalError: connection to server at "localhost" (127.0.0.1), port 5432 failed: Connection refused
	Is the server running on that host and accepting TCP/IP connections?
connection to server at "localhost" (::1), port 5432 failed: Cannot assign requested address
	Is the server running on that host and accepting TCP/IP connections?

[2023-12-07T17:28:29.384+0000] {taskinstance.py:1400} INFO - Marking task as FAILED. dag_id=my_scraping_dag, task_id=main_task, execution_date=20230217T000000, start_date=20231207T172828, end_date=20231207T172829
[2023-12-07T17:28:29.411+0000] {standard_task_runner.py:104} ERROR - Failed to execute job 3261 for task main_task (connection to server at "localhost" (127.0.0.1), port 5432 failed: Connection refused
	Is the server running on that host and accepting TCP/IP connections?
connection to server at "localhost" (::1), port 5432 failed: Cannot assign requested address
	Is the server running on that host and accepting TCP/IP connections?
; 10276)
[2023-12-07T17:28:29.460+0000] {local_task_job_runner.py:228} INFO - Task exited with return code 1
[2023-12-07T17:28:29.480+0000] {taskinstance.py:2778} INFO - 0 downstream tasks scheduled from follow-on schedule check
[2023-12-09T07:34:18.715+0000] {taskinstance.py:1159} INFO - Dependencies all met for dep_context=non-requeueable deps ti=<TaskInstance: my_scraping_dag.main_task scheduled__2023-02-17T00:00:00+00:00 [queued]>
[2023-12-09T07:34:18.719+0000] {taskinstance.py:1159} INFO - Dependencies all met for dep_context=requeueable deps ti=<TaskInstance: my_scraping_dag.main_task scheduled__2023-02-17T00:00:00+00:00 [queued]>
[2023-12-09T07:34:18.719+0000] {taskinstance.py:1361} INFO - Starting attempt 1 of 1
[2023-12-09T07:34:18.729+0000] {taskinstance.py:1382} INFO - Executing <Task(PythonOperator): main_task> on 2023-02-17 00:00:00+00:00
[2023-12-09T07:34:18.732+0000] {standard_task_runner.py:57} INFO - Started process 688 to run task
[2023-12-09T07:34:18.734+0000] {standard_task_runner.py:84} INFO - Running: ['***', 'tasks', 'run', 'my_scraping_dag', 'main_task', 'scheduled__2023-02-17T00:00:00+00:00', '--job-id', '51', '--raw', '--subdir', 'DAGS_FOLDER/main.py', '--cfg-path', '/tmp/tmp2n3j76aq']
[2023-12-09T07:34:18.735+0000] {standard_task_runner.py:85} INFO - Job 51: Subtask main_task
[2023-12-09T07:34:18.760+0000] {task_command.py:416} INFO - Running <TaskInstance: my_scraping_dag.main_task scheduled__2023-02-17T00:00:00+00:00 [running]> on host 36b5ef2505c9
[2023-12-09T07:34:18.799+0000] {taskinstance.py:1662} INFO - Exporting env vars: AIRFLOW_CTX_DAG_OWNER='***' AIRFLOW_CTX_DAG_ID='my_scraping_dag' AIRFLOW_CTX_TASK_ID='main_task' AIRFLOW_CTX_EXECUTION_DATE='2023-02-17T00:00:00+00:00' AIRFLOW_CTX_TRY_NUMBER='1' AIRFLOW_CTX_DAG_RUN_ID='scheduled__2023-02-17T00:00:00+00:00'
[2023-12-09T07:34:18.806+0000] {taskinstance.py:1937} ERROR - Task failed with exception
Traceback (most recent call last):
  File "/home/airflow/.local/lib/python3.8/site-packages/airflow/operators/python.py", line 192, in execute
    return_value = self.execute_callable()
  File "/home/airflow/.local/lib/python3.8/site-packages/airflow/operators/python.py", line 209, in execute_callable
    return self.python_callable(*self.op_args, **self.op_kwargs)
  File "/opt/airflow/dags/main.py", line 64, in main
    base_url = Variable.get('base_url')
  File "/home/airflow/.local/lib/python3.8/site-packages/airflow/models/variable.py", line 140, in get
    raise KeyError(f"Variable {key} does not exist")
KeyError: 'Variable base_url does not exist'
[2023-12-09T07:34:18.813+0000] {taskinstance.py:1400} INFO - Marking task as FAILED. dag_id=my_scraping_dag, task_id=main_task, execution_date=20230217T000000, start_date=20231209T073418, end_date=20231209T073418
[2023-12-09T07:34:18.828+0000] {standard_task_runner.py:104} ERROR - Failed to execute job 51 for task main_task ('Variable base_url does not exist'; 688)
[2023-12-09T07:34:18.866+0000] {local_task_job_runner.py:228} INFO - Task exited with return code 1
[2023-12-09T07:34:18.881+0000] {taskinstance.py:2778} INFO - 0 downstream tasks scheduled from follow-on schedule check
