[2023-12-07T16:33:19.599+0000] {taskinstance.py:1159} INFO - Dependencies all met for dep_context=non-requeueable deps ti=<TaskInstance: my_scraping_dag.main_task scheduled__2023-07-27T00:00:00+00:00 [queued]>
[2023-12-07T16:33:19.603+0000] {taskinstance.py:1159} INFO - Dependencies all met for dep_context=requeueable deps ti=<TaskInstance: my_scraping_dag.main_task scheduled__2023-07-27T00:00:00+00:00 [queued]>
[2023-12-07T16:33:19.604+0000] {taskinstance.py:1361} INFO - Starting attempt 1 of 1
[2023-12-07T16:33:19.609+0000] {taskinstance.py:1382} INFO - Executing <Task(PythonOperator): main_task> on 2023-07-27 00:00:00+00:00
[2023-12-07T16:33:19.612+0000] {standard_task_runner.py:57} INFO - Started process 3978 to run task
[2023-12-07T16:33:19.614+0000] {standard_task_runner.py:84} INFO - Running: ['***', 'tasks', 'run', 'my_scraping_dag', 'main_task', 'scheduled__2023-07-27T00:00:00+00:00', '--job-id', '796', '--raw', '--subdir', 'DAGS_FOLDER/main.py', '--cfg-path', '/tmp/tmpwnsxi0og']
[2023-12-07T16:33:19.616+0000] {standard_task_runner.py:85} INFO - Job 796: Subtask main_task
[2023-12-07T16:33:19.640+0000] {task_command.py:416} INFO - Running <TaskInstance: my_scraping_dag.main_task scheduled__2023-07-27T00:00:00+00:00 [running]> on host 63b0c7e341c0
[2023-12-07T16:33:19.669+0000] {taskinstance.py:1662} INFO - Exporting env vars: AIRFLOW_CTX_DAG_OWNER='***' AIRFLOW_CTX_DAG_ID='my_scraping_dag' AIRFLOW_CTX_TASK_ID='main_task' AIRFLOW_CTX_EXECUTION_DATE='2023-07-27T00:00:00+00:00' AIRFLOW_CTX_TRY_NUMBER='1' AIRFLOW_CTX_DAG_RUN_ID='scheduled__2023-07-27T00:00:00+00:00'
[2023-12-07T16:33:19.670+0000] {taskinstance.py:1937} ERROR - Task failed with exception
Traceback (most recent call last):
  File "/usr/local/lib/python3.8/configparser.py", line 846, in items
    d.update(self._sections[section])
KeyError: 'web'

During handling of the above exception, another exception occurred:

Traceback (most recent call last):
  File "/home/airflow/.local/lib/python3.8/site-packages/airflow/operators/python.py", line 192, in execute
    return_value = self.execute_callable()
  File "/home/airflow/.local/lib/python3.8/site-packages/airflow/operators/python.py", line 209, in execute_callable
    return self.python_callable(*self.op_args, **self.op_kwargs)
  File "/opt/airflow/dags/main.py", line 60, in main
    config = get_config('web')
  File "/opt/airflow/dags/main.py", line 22, in get_config
    return {key: value for key, value in parser.items(section)}
  File "/usr/local/lib/python3.8/configparser.py", line 849, in items
    raise NoSectionError(section)
configparser.NoSectionError: No section: 'web'
[2023-12-07T16:33:19.674+0000] {taskinstance.py:1400} INFO - Marking task as FAILED. dag_id=my_scraping_dag, task_id=main_task, execution_date=20230727T000000, start_date=20231207T163319, end_date=20231207T163319
[2023-12-07T16:33:19.678+0000] {standard_task_runner.py:104} ERROR - Failed to execute job 796 for task main_task (No section: 'web'; 3978)
[2023-12-07T16:33:19.705+0000] {local_task_job_runner.py:228} INFO - Task exited with return code 1
[2023-12-07T16:33:19.716+0000] {taskinstance.py:2778} INFO - 0 downstream tasks scheduled from follow-on schedule check
[2023-12-07T16:42:14.391+0000] {taskinstance.py:1159} INFO - Dependencies all met for dep_context=non-requeueable deps ti=<TaskInstance: my_scraping_dag.main_task scheduled__2023-07-27T00:00:00+00:00 [queued]>
[2023-12-07T16:42:14.396+0000] {taskinstance.py:1159} INFO - Dependencies all met for dep_context=requeueable deps ti=<TaskInstance: my_scraping_dag.main_task scheduled__2023-07-27T00:00:00+00:00 [queued]>
[2023-12-07T16:42:14.396+0000] {taskinstance.py:1361} INFO - Starting attempt 1 of 1
[2023-12-07T16:42:14.402+0000] {taskinstance.py:1382} INFO - Executing <Task(PythonOperator): main_task> on 2023-07-27 00:00:00+00:00
[2023-12-07T16:42:14.406+0000] {standard_task_runner.py:57} INFO - Started process 4877 to run task
[2023-12-07T16:42:14.409+0000] {standard_task_runner.py:84} INFO - Running: ['***', 'tasks', 'run', 'my_scraping_dag', 'main_task', 'scheduled__2023-07-27T00:00:00+00:00', '--job-id', '1141', '--raw', '--subdir', 'DAGS_FOLDER/main.py', '--cfg-path', '/tmp/tmph3vnybo6']
[2023-12-07T16:42:14.411+0000] {standard_task_runner.py:85} INFO - Job 1141: Subtask main_task
[2023-12-07T16:42:14.440+0000] {task_command.py:416} INFO - Running <TaskInstance: my_scraping_dag.main_task scheduled__2023-07-27T00:00:00+00:00 [running]> on host 63b0c7e341c0
[2023-12-07T16:42:14.478+0000] {taskinstance.py:1662} INFO - Exporting env vars: AIRFLOW_CTX_DAG_OWNER='***' AIRFLOW_CTX_DAG_ID='my_scraping_dag' AIRFLOW_CTX_TASK_ID='main_task' AIRFLOW_CTX_EXECUTION_DATE='2023-07-27T00:00:00+00:00' AIRFLOW_CTX_TRY_NUMBER='1' AIRFLOW_CTX_DAG_RUN_ID='scheduled__2023-07-27T00:00:00+00:00'
[2023-12-07T16:42:14.479+0000] {taskinstance.py:1937} ERROR - Task failed with exception
Traceback (most recent call last):
  File "/usr/local/lib/python3.8/configparser.py", line 846, in items
    d.update(self._sections[section])
KeyError: 'web'

During handling of the above exception, another exception occurred:

Traceback (most recent call last):
  File "/home/airflow/.local/lib/python3.8/site-packages/airflow/operators/python.py", line 192, in execute
    return_value = self.execute_callable()
  File "/home/airflow/.local/lib/python3.8/site-packages/airflow/operators/python.py", line 209, in execute_callable
    return self.python_callable(*self.op_args, **self.op_kwargs)
  File "/opt/airflow/dags/main.py", line 60, in main
    config = get_config('web')
  File "/opt/airflow/dags/main.py", line 22, in get_config
    return {key: value for key, value in parser.items(section)}
  File "/usr/local/lib/python3.8/configparser.py", line 849, in items
    raise NoSectionError(section)
configparser.NoSectionError: No section: 'web'
[2023-12-07T16:42:14.483+0000] {taskinstance.py:1400} INFO - Marking task as FAILED. dag_id=my_scraping_dag, task_id=main_task, execution_date=20230727T000000, start_date=20231207T164214, end_date=20231207T164214
[2023-12-07T16:42:14.489+0000] {standard_task_runner.py:104} ERROR - Failed to execute job 1141 for task main_task (No section: 'web'; 4877)
[2023-12-07T16:42:14.501+0000] {local_task_job_runner.py:228} INFO - Task exited with return code 1
[2023-12-07T16:42:14.515+0000] {taskinstance.py:2778} INFO - 0 downstream tasks scheduled from follow-on schedule check
[2023-12-07T17:01:07.859+0000] {taskinstance.py:1159} INFO - Dependencies all met for dep_context=non-requeueable deps ti=<TaskInstance: my_scraping_dag.main_task scheduled__2023-07-27T00:00:00+00:00 [queued]>
[2023-12-07T17:01:07.870+0000] {taskinstance.py:1159} INFO - Dependencies all met for dep_context=requeueable deps ti=<TaskInstance: my_scraping_dag.main_task scheduled__2023-07-27T00:00:00+00:00 [queued]>
[2023-12-07T17:01:07.870+0000] {taskinstance.py:1361} INFO - Starting attempt 1 of 1
[2023-12-07T17:01:07.906+0000] {taskinstance.py:1382} INFO - Executing <Task(PythonOperator): main_task> on 2023-07-27 00:00:00+00:00
[2023-12-07T17:01:07.909+0000] {standard_task_runner.py:57} INFO - Started process 6208 to run task
[2023-12-07T17:01:07.911+0000] {standard_task_runner.py:84} INFO - Running: ['***', 'tasks', 'run', 'my_scraping_dag', 'main_task', 'scheduled__2023-07-27T00:00:00+00:00', '--job-id', '1570', '--raw', '--subdir', 'DAGS_FOLDER/main.py', '--cfg-path', '/tmp/tmplf0leppa']
[2023-12-07T17:01:07.913+0000] {standard_task_runner.py:85} INFO - Job 1570: Subtask main_task
[2023-12-07T17:01:07.952+0000] {task_command.py:416} INFO - Running <TaskInstance: my_scraping_dag.main_task scheduled__2023-07-27T00:00:00+00:00 [running]> on host 63b0c7e341c0
[2023-12-07T17:01:08.007+0000] {taskinstance.py:1662} INFO - Exporting env vars: AIRFLOW_CTX_DAG_OWNER='***' AIRFLOW_CTX_DAG_ID='my_scraping_dag' AIRFLOW_CTX_TASK_ID='main_task' AIRFLOW_CTX_EXECUTION_DATE='2023-07-27T00:00:00+00:00' AIRFLOW_CTX_TRY_NUMBER='1' AIRFLOW_CTX_DAG_RUN_ID='scheduled__2023-07-27T00:00:00+00:00'
[2023-12-07T17:01:08.050+0000] {logging_mixin.py:154} INFO - base_url: https://tuncbotanik.com
[2023-12-07T17:01:08.052+0000] {python.py:194} INFO - Done. Returned value was: ('https://tuncbotanik.com', {'User-Agent': 'Mozilla/5.0 (Macintosh; Intel Mac OS X 10_15_7) AppleWebKit/537.36 (KHTML, like Gecko) Chrome/119.0.0.0 Safari/537.36', 'Accept-Language': 'tr-TR,tr;q=0.9,en-US;q=0.8,en;q=0.7'}, {'dbname': 'plant', 'user': 'aozgokme', 'password': '***', 'host': 'localhost', 'port': '5432'})
[2023-12-07T17:01:08.078+0000] {taskinstance.py:1400} INFO - Marking task as SUCCESS. dag_id=my_scraping_dag, task_id=main_task, execution_date=20230727T000000, start_date=20231207T170107, end_date=20231207T170108
[2023-12-07T17:01:08.128+0000] {local_task_job_runner.py:228} INFO - Task exited with return code 0
[2023-12-07T17:01:08.164+0000] {taskinstance.py:2778} INFO - 0 downstream tasks scheduled from follow-on schedule check
[2023-12-07T17:04:24.019+0000] {taskinstance.py:1159} INFO - Dependencies all met for dep_context=non-requeueable deps ti=<TaskInstance: my_scraping_dag.main_task scheduled__2023-07-27T00:00:00+00:00 [queued]>
[2023-12-07T17:04:24.026+0000] {taskinstance.py:1159} INFO - Dependencies all met for dep_context=requeueable deps ti=<TaskInstance: my_scraping_dag.main_task scheduled__2023-07-27T00:00:00+00:00 [queued]>
[2023-12-07T17:04:24.030+0000] {taskinstance.py:1361} INFO - Starting attempt 1 of 1
[2023-12-07T17:04:24.041+0000] {taskinstance.py:1382} INFO - Executing <Task(PythonOperator): main_task> on 2023-07-27 00:00:00+00:00
[2023-12-07T17:04:24.045+0000] {standard_task_runner.py:57} INFO - Started process 7648 to run task
[2023-12-07T17:04:24.049+0000] {standard_task_runner.py:84} INFO - Running: ['***', 'tasks', 'run', 'my_scraping_dag', 'main_task', 'scheduled__2023-07-27T00:00:00+00:00', '--job-id', '2254', '--raw', '--subdir', 'DAGS_FOLDER/main.py', '--cfg-path', '/tmp/tmpb_oqe_tn']
[2023-12-07T17:04:24.051+0000] {standard_task_runner.py:85} INFO - Job 2254: Subtask main_task
[2023-12-07T17:04:24.079+0000] {task_command.py:416} INFO - Running <TaskInstance: my_scraping_dag.main_task scheduled__2023-07-27T00:00:00+00:00 [running]> on host 63b0c7e341c0
[2023-12-07T17:04:24.131+0000] {taskinstance.py:1662} INFO - Exporting env vars: AIRFLOW_CTX_DAG_OWNER='***' AIRFLOW_CTX_DAG_ID='my_scraping_dag' AIRFLOW_CTX_TASK_ID='main_task' AIRFLOW_CTX_EXECUTION_DATE='2023-07-27T00:00:00+00:00' AIRFLOW_CTX_TRY_NUMBER='1' AIRFLOW_CTX_DAG_RUN_ID='scheduled__2023-07-27T00:00:00+00:00'
[2023-12-07T17:04:24.162+0000] {logging_mixin.py:154} INFO - base_url: https://tuncbotanik.com
[2023-12-07T17:04:24.163+0000] {python.py:194} INFO - Done. Returned value was: ('https://tuncbotanik.com', {'User-Agent': 'Mozilla/5.0 (Macintosh; Intel Mac OS X 10_15_7) AppleWebKit/537.36 (KHTML, like Gecko) Chrome/119.0.0.0 Safari/537.36', 'Accept-Language': 'tr-TR,tr;q=0.9,en-US;q=0.8,en;q=0.7'}, {'dbname': 'plant', 'user': 'aozgokme', 'password': '***', 'host': 'localhost', 'port': '5432'})
[2023-12-07T17:04:24.179+0000] {taskinstance.py:1400} INFO - Marking task as SUCCESS. dag_id=my_scraping_dag, task_id=main_task, execution_date=20230727T000000, start_date=20231207T170424, end_date=20231207T170424
[2023-12-07T17:04:24.224+0000] {local_task_job_runner.py:228} INFO - Task exited with return code 0
[2023-12-07T17:04:24.267+0000] {taskinstance.py:2778} INFO - 0 downstream tasks scheduled from follow-on schedule check
[2023-12-07T17:19:01.098+0000] {taskinstance.py:1159} INFO - Dependencies all met for dep_context=non-requeueable deps ti=<TaskInstance: my_scraping_dag.main_task scheduled__2023-07-27T00:00:00+00:00 [queued]>
[2023-12-07T17:19:01.104+0000] {taskinstance.py:1159} INFO - Dependencies all met for dep_context=requeueable deps ti=<TaskInstance: my_scraping_dag.main_task scheduled__2023-07-27T00:00:00+00:00 [queued]>
[2023-12-07T17:19:01.104+0000] {taskinstance.py:1361} INFO - Starting attempt 1 of 1
[2023-12-07T17:19:01.112+0000] {taskinstance.py:1382} INFO - Executing <Task(PythonOperator): main_task> on 2023-07-27 00:00:00+00:00
[2023-12-07T17:19:01.115+0000] {standard_task_runner.py:57} INFO - Started process 8969 to run task
[2023-12-07T17:19:01.117+0000] {standard_task_runner.py:84} INFO - Running: ['***', 'tasks', 'run', 'my_scraping_dag', 'main_task', 'scheduled__2023-07-27T00:00:00+00:00', '--job-id', '2737', '--raw', '--subdir', 'DAGS_FOLDER/main.py', '--cfg-path', '/tmp/tmp9k40znvb']
[2023-12-07T17:19:01.119+0000] {standard_task_runner.py:85} INFO - Job 2737: Subtask main_task
[2023-12-07T17:19:01.154+0000] {task_command.py:416} INFO - Running <TaskInstance: my_scraping_dag.main_task scheduled__2023-07-27T00:00:00+00:00 [running]> on host 63b0c7e341c0
[2023-12-07T17:19:01.199+0000] {taskinstance.py:1662} INFO - Exporting env vars: AIRFLOW_CTX_DAG_OWNER='***' AIRFLOW_CTX_DAG_ID='my_scraping_dag' AIRFLOW_CTX_TASK_ID='main_task' AIRFLOW_CTX_EXECUTION_DATE='2023-07-27T00:00:00+00:00' AIRFLOW_CTX_TRY_NUMBER='1' AIRFLOW_CTX_DAG_RUN_ID='scheduled__2023-07-27T00:00:00+00:00'
[2023-12-07T17:19:01.947+0000] {taskinstance.py:1937} ERROR - Task failed with exception
Traceback (most recent call last):
  File "/home/airflow/.local/lib/python3.8/site-packages/airflow/operators/python.py", line 192, in execute
    return_value = self.execute_callable()
  File "/home/airflow/.local/lib/python3.8/site-packages/airflow/operators/python.py", line 209, in execute_callable
    return self.python_callable(*self.op_args, **self.op_kwargs)
  File "/opt/airflow/dags/main.py", line 80, in main
    insert_data_to_db(products, db_params)
  File "/opt/airflow/dags/main.py", line 43, in insert_data_to_db
    with psycopg2.connect(**db_params) as conn:
  File "/home/airflow/.local/lib/python3.8/site-packages/psycopg2/__init__.py", line 122, in connect
    conn = _connect(dsn, connection_factory=connection_factory, **kwasync)
psycopg2.OperationalError: connection to server at "localhost" (127.0.0.1), port 5432 failed: Connection refused
	Is the server running on that host and accepting TCP/IP connections?
connection to server at "localhost" (::1), port 5432 failed: Cannot assign requested address
	Is the server running on that host and accepting TCP/IP connections?

[2023-12-07T17:19:01.952+0000] {taskinstance.py:1400} INFO - Marking task as FAILED. dag_id=my_scraping_dag, task_id=main_task, execution_date=20230727T000000, start_date=20231207T171901, end_date=20231207T171901
[2023-12-07T17:19:01.961+0000] {standard_task_runner.py:104} ERROR - Failed to execute job 2737 for task main_task (connection to server at "localhost" (127.0.0.1), port 5432 failed: Connection refused
	Is the server running on that host and accepting TCP/IP connections?
connection to server at "localhost" (::1), port 5432 failed: Cannot assign requested address
	Is the server running on that host and accepting TCP/IP connections?
; 8969)
[2023-12-07T17:19:01.975+0000] {local_task_job_runner.py:228} INFO - Task exited with return code 1
[2023-12-07T17:19:01.992+0000] {taskinstance.py:2778} INFO - 0 downstream tasks scheduled from follow-on schedule check
[2023-12-07T17:23:18.578+0000] {taskinstance.py:1159} INFO - Dependencies all met for dep_context=non-requeueable deps ti=<TaskInstance: my_scraping_dag.main_task scheduled__2023-07-27T00:00:00+00:00 [queued]>
[2023-12-07T17:23:18.583+0000] {taskinstance.py:1159} INFO - Dependencies all met for dep_context=requeueable deps ti=<TaskInstance: my_scraping_dag.main_task scheduled__2023-07-27T00:00:00+00:00 [queued]>
[2023-12-07T17:23:18.584+0000] {taskinstance.py:1361} INFO - Starting attempt 1 of 1
[2023-12-07T17:23:18.594+0000] {taskinstance.py:1382} INFO - Executing <Task(PythonOperator): main_task> on 2023-07-27 00:00:00+00:00
[2023-12-07T17:23:18.597+0000] {standard_task_runner.py:57} INFO - Started process 9765 to run task
[2023-12-07T17:23:18.600+0000] {standard_task_runner.py:84} INFO - Running: ['***', 'tasks', 'run', 'my_scraping_dag', 'main_task', 'scheduled__2023-07-27T00:00:00+00:00', '--job-id', '3079', '--raw', '--subdir', 'DAGS_FOLDER/main.py', '--cfg-path', '/tmp/tmprwbotbeb']
[2023-12-07T17:23:18.602+0000] {standard_task_runner.py:85} INFO - Job 3079: Subtask main_task
[2023-12-07T17:23:18.631+0000] {task_command.py:416} INFO - Running <TaskInstance: my_scraping_dag.main_task scheduled__2023-07-27T00:00:00+00:00 [running]> on host 63b0c7e341c0
[2023-12-07T17:23:18.675+0000] {taskinstance.py:1662} INFO - Exporting env vars: AIRFLOW_CTX_DAG_OWNER='***' AIRFLOW_CTX_DAG_ID='my_scraping_dag' AIRFLOW_CTX_TASK_ID='main_task' AIRFLOW_CTX_EXECUTION_DATE='2023-07-27T00:00:00+00:00' AIRFLOW_CTX_TRY_NUMBER='1' AIRFLOW_CTX_DAG_RUN_ID='scheduled__2023-07-27T00:00:00+00:00'
[2023-12-07T17:23:19.441+0000] {taskinstance.py:1937} ERROR - Task failed with exception
Traceback (most recent call last):
  File "/home/airflow/.local/lib/python3.8/site-packages/airflow/operators/python.py", line 192, in execute
    return_value = self.execute_callable()
  File "/home/airflow/.local/lib/python3.8/site-packages/airflow/operators/python.py", line 209, in execute_callable
    return self.python_callable(*self.op_args, **self.op_kwargs)
  File "/opt/airflow/dags/main.py", line 73, in main
    insert_data_to_db(products, db_params)
  File "/opt/airflow/dags/main.py", line 40, in insert_data_to_db
    with psycopg2.connect(**db_params) as conn:
  File "/home/airflow/.local/lib/python3.8/site-packages/psycopg2/__init__.py", line 122, in connect
    conn = _connect(dsn, connection_factory=connection_factory, **kwasync)
psycopg2.OperationalError: connection to server at "localhost" (127.0.0.1), port 5432 failed: Connection refused
	Is the server running on that host and accepting TCP/IP connections?
connection to server at "localhost" (::1), port 5432 failed: Cannot assign requested address
	Is the server running on that host and accepting TCP/IP connections?

[2023-12-07T17:23:19.492+0000] {taskinstance.py:1400} INFO - Marking task as FAILED. dag_id=my_scraping_dag, task_id=main_task, execution_date=20230727T000000, start_date=20231207T172318, end_date=20231207T172319
[2023-12-07T17:23:19.571+0000] {standard_task_runner.py:104} ERROR - Failed to execute job 3079 for task main_task (connection to server at "localhost" (127.0.0.1), port 5432 failed: Connection refused
	Is the server running on that host and accepting TCP/IP connections?
connection to server at "localhost" (::1), port 5432 failed: Cannot assign requested address
	Is the server running on that host and accepting TCP/IP connections?
; 9765)
[2023-12-07T17:23:19.605+0000] {local_task_job_runner.py:228} INFO - Task exited with return code 1
[2023-12-07T17:23:19.628+0000] {taskinstance.py:2778} INFO - 0 downstream tasks scheduled from follow-on schedule check
[2023-12-07T17:29:00.295+0000] {taskinstance.py:1159} INFO - Dependencies all met for dep_context=non-requeueable deps ti=<TaskInstance: my_scraping_dag.main_task scheduled__2023-07-27T00:00:00+00:00 [queued]>
[2023-12-07T17:29:00.299+0000] {taskinstance.py:1159} INFO - Dependencies all met for dep_context=requeueable deps ti=<TaskInstance: my_scraping_dag.main_task scheduled__2023-07-27T00:00:00+00:00 [queued]>
[2023-12-07T17:29:00.299+0000] {taskinstance.py:1361} INFO - Starting attempt 1 of 1
[2023-12-07T17:29:00.306+0000] {taskinstance.py:1382} INFO - Executing <Task(PythonOperator): main_task> on 2023-07-27 00:00:00+00:00
[2023-12-07T17:29:00.308+0000] {standard_task_runner.py:57} INFO - Started process 10609 to run task
[2023-12-07T17:29:00.310+0000] {standard_task_runner.py:84} INFO - Running: ['***', 'tasks', 'run', 'my_scraping_dag', 'main_task', 'scheduled__2023-07-27T00:00:00+00:00', '--job-id', '3421', '--raw', '--subdir', 'DAGS_FOLDER/main.py', '--cfg-path', '/tmp/tmp7289igwm']
[2023-12-07T17:29:00.312+0000] {standard_task_runner.py:85} INFO - Job 3421: Subtask main_task
[2023-12-07T17:29:00.340+0000] {task_command.py:416} INFO - Running <TaskInstance: my_scraping_dag.main_task scheduled__2023-07-27T00:00:00+00:00 [running]> on host 63b0c7e341c0
[2023-12-07T17:29:00.384+0000] {taskinstance.py:1662} INFO - Exporting env vars: AIRFLOW_CTX_DAG_OWNER='***' AIRFLOW_CTX_DAG_ID='my_scraping_dag' AIRFLOW_CTX_TASK_ID='main_task' AIRFLOW_CTX_EXECUTION_DATE='2023-07-27T00:00:00+00:00' AIRFLOW_CTX_TRY_NUMBER='1' AIRFLOW_CTX_DAG_RUN_ID='scheduled__2023-07-27T00:00:00+00:00'
[2023-12-07T17:29:01.146+0000] {taskinstance.py:1937} ERROR - Task failed with exception
Traceback (most recent call last):
  File "/home/airflow/.local/lib/python3.8/site-packages/airflow/operators/python.py", line 192, in execute
    return_value = self.execute_callable()
  File "/home/airflow/.local/lib/python3.8/site-packages/airflow/operators/python.py", line 209, in execute_callable
    return self.python_callable(*self.op_args, **self.op_kwargs)
  File "/opt/airflow/dags/main.py", line 73, in main
    insert_data_to_db(products, db_params)
  File "/opt/airflow/dags/main.py", line 40, in insert_data_to_db
    with psycopg2.connect(**db_params) as conn:
  File "/home/airflow/.local/lib/python3.8/site-packages/psycopg2/__init__.py", line 122, in connect
    conn = _connect(dsn, connection_factory=connection_factory, **kwasync)
psycopg2.OperationalError: connection to server at "localhost" (127.0.0.1), port 5432 failed: Connection refused
	Is the server running on that host and accepting TCP/IP connections?
connection to server at "localhost" (::1), port 5432 failed: Cannot assign requested address
	Is the server running on that host and accepting TCP/IP connections?

[2023-12-07T17:29:01.165+0000] {taskinstance.py:1400} INFO - Marking task as FAILED. dag_id=my_scraping_dag, task_id=main_task, execution_date=20230727T000000, start_date=20231207T172900, end_date=20231207T172901
[2023-12-07T17:29:01.224+0000] {standard_task_runner.py:104} ERROR - Failed to execute job 3421 for task main_task (connection to server at "localhost" (127.0.0.1), port 5432 failed: Connection refused
	Is the server running on that host and accepting TCP/IP connections?
connection to server at "localhost" (::1), port 5432 failed: Cannot assign requested address
	Is the server running on that host and accepting TCP/IP connections?
; 10609)
[2023-12-07T17:29:01.247+0000] {local_task_job_runner.py:228} INFO - Task exited with return code 1
[2023-12-07T17:29:01.264+0000] {taskinstance.py:2778} INFO - 0 downstream tasks scheduled from follow-on schedule check
