[2023-12-07T16:33:55.363+0000] {taskinstance.py:1159} INFO - Dependencies all met for dep_context=non-requeueable deps ti=<TaskInstance: my_scraping_dag.main_task scheduled__2023-09-22T00:00:00+00:00 [queued]>
[2023-12-07T16:33:55.367+0000] {taskinstance.py:1159} INFO - Dependencies all met for dep_context=requeueable deps ti=<TaskInstance: my_scraping_dag.main_task scheduled__2023-09-22T00:00:00+00:00 [queued]>
[2023-12-07T16:33:55.368+0000] {taskinstance.py:1361} INFO - Starting attempt 1 of 1
[2023-12-07T16:33:55.375+0000] {taskinstance.py:1382} INFO - Executing <Task(PythonOperator): main_task> on 2023-09-22 00:00:00+00:00
[2023-12-07T16:33:55.377+0000] {standard_task_runner.py:57} INFO - Started process 4106 to run task
[2023-12-07T16:33:55.380+0000] {standard_task_runner.py:84} INFO - Running: ['***', 'tasks', 'run', 'my_scraping_dag', 'main_task', 'scheduled__2023-09-22T00:00:00+00:00', '--job-id', '853', '--raw', '--subdir', 'DAGS_FOLDER/main.py', '--cfg-path', '/tmp/tmpldcysiuw']
[2023-12-07T16:33:55.381+0000] {standard_task_runner.py:85} INFO - Job 853: Subtask main_task
[2023-12-07T16:33:55.405+0000] {task_command.py:416} INFO - Running <TaskInstance: my_scraping_dag.main_task scheduled__2023-09-22T00:00:00+00:00 [running]> on host 63b0c7e341c0
[2023-12-07T16:33:55.440+0000] {taskinstance.py:1662} INFO - Exporting env vars: AIRFLOW_CTX_DAG_OWNER='***' AIRFLOW_CTX_DAG_ID='my_scraping_dag' AIRFLOW_CTX_TASK_ID='main_task' AIRFLOW_CTX_EXECUTION_DATE='2023-09-22T00:00:00+00:00' AIRFLOW_CTX_TRY_NUMBER='1' AIRFLOW_CTX_DAG_RUN_ID='scheduled__2023-09-22T00:00:00+00:00'
[2023-12-07T16:33:55.441+0000] {taskinstance.py:1937} ERROR - Task failed with exception
Traceback (most recent call last):
  File "/usr/local/lib/python3.8/configparser.py", line 846, in items
    d.update(self._sections[section])
KeyError: 'web'

During handling of the above exception, another exception occurred:

Traceback (most recent call last):
  File "/home/airflow/.local/lib/python3.8/site-packages/airflow/operators/python.py", line 192, in execute
    return_value = self.execute_callable()
  File "/home/airflow/.local/lib/python3.8/site-packages/airflow/operators/python.py", line 209, in execute_callable
    return self.python_callable(*self.op_args, **self.op_kwargs)
  File "/opt/airflow/dags/main.py", line 60, in main
    config = get_config('web')
  File "/opt/airflow/dags/main.py", line 22, in get_config
    return {key: value for key, value in parser.items(section)}
  File "/usr/local/lib/python3.8/configparser.py", line 849, in items
    raise NoSectionError(section)
configparser.NoSectionError: No section: 'web'
[2023-12-07T16:33:55.445+0000] {taskinstance.py:1400} INFO - Marking task as FAILED. dag_id=my_scraping_dag, task_id=main_task, execution_date=20230922T000000, start_date=20231207T163355, end_date=20231207T163355
[2023-12-07T16:33:55.449+0000] {standard_task_runner.py:104} ERROR - Failed to execute job 853 for task main_task (No section: 'web'; 4106)
[2023-12-07T16:33:55.473+0000] {local_task_job_runner.py:228} INFO - Task exited with return code 1
[2023-12-07T16:33:55.485+0000] {taskinstance.py:2778} INFO - 0 downstream tasks scheduled from follow-on schedule check
[2023-12-07T16:42:40.172+0000] {taskinstance.py:1159} INFO - Dependencies all met for dep_context=non-requeueable deps ti=<TaskInstance: my_scraping_dag.main_task scheduled__2023-09-22T00:00:00+00:00 [queued]>
[2023-12-07T16:42:40.175+0000] {taskinstance.py:1159} INFO - Dependencies all met for dep_context=requeueable deps ti=<TaskInstance: my_scraping_dag.main_task scheduled__2023-09-22T00:00:00+00:00 [queued]>
[2023-12-07T16:42:40.176+0000] {taskinstance.py:1361} INFO - Starting attempt 1 of 1
[2023-12-07T16:42:40.182+0000] {taskinstance.py:1382} INFO - Executing <Task(PythonOperator): main_task> on 2023-09-22 00:00:00+00:00
[2023-12-07T16:42:40.184+0000] {standard_task_runner.py:57} INFO - Started process 4999 to run task
[2023-12-07T16:42:40.187+0000] {standard_task_runner.py:84} INFO - Running: ['***', 'tasks', 'run', 'my_scraping_dag', 'main_task', 'scheduled__2023-09-22T00:00:00+00:00', '--job-id', '1198', '--raw', '--subdir', 'DAGS_FOLDER/main.py', '--cfg-path', '/tmp/tmp6kfcuw5m']
[2023-12-07T16:42:40.189+0000] {standard_task_runner.py:85} INFO - Job 1198: Subtask main_task
[2023-12-07T16:42:40.221+0000] {task_command.py:416} INFO - Running <TaskInstance: my_scraping_dag.main_task scheduled__2023-09-22T00:00:00+00:00 [running]> on host 63b0c7e341c0
[2023-12-07T16:42:40.266+0000] {taskinstance.py:1662} INFO - Exporting env vars: AIRFLOW_CTX_DAG_OWNER='***' AIRFLOW_CTX_DAG_ID='my_scraping_dag' AIRFLOW_CTX_TASK_ID='main_task' AIRFLOW_CTX_EXECUTION_DATE='2023-09-22T00:00:00+00:00' AIRFLOW_CTX_TRY_NUMBER='1' AIRFLOW_CTX_DAG_RUN_ID='scheduled__2023-09-22T00:00:00+00:00'
[2023-12-07T16:42:40.268+0000] {taskinstance.py:1937} ERROR - Task failed with exception
Traceback (most recent call last):
  File "/usr/local/lib/python3.8/configparser.py", line 846, in items
    d.update(self._sections[section])
KeyError: 'web'

During handling of the above exception, another exception occurred:

Traceback (most recent call last):
  File "/home/airflow/.local/lib/python3.8/site-packages/airflow/operators/python.py", line 192, in execute
    return_value = self.execute_callable()
  File "/home/airflow/.local/lib/python3.8/site-packages/airflow/operators/python.py", line 209, in execute_callable
    return self.python_callable(*self.op_args, **self.op_kwargs)
  File "/opt/airflow/dags/main.py", line 60, in main
    config = get_config('web')
  File "/opt/airflow/dags/main.py", line 22, in get_config
    return {key: value for key, value in parser.items(section)}
  File "/usr/local/lib/python3.8/configparser.py", line 849, in items
    raise NoSectionError(section)
configparser.NoSectionError: No section: 'web'
[2023-12-07T16:42:40.275+0000] {taskinstance.py:1400} INFO - Marking task as FAILED. dag_id=my_scraping_dag, task_id=main_task, execution_date=20230922T000000, start_date=20231207T164240, end_date=20231207T164240
[2023-12-07T16:42:40.288+0000] {standard_task_runner.py:104} ERROR - Failed to execute job 1198 for task main_task (No section: 'web'; 4999)
[2023-12-07T16:42:40.320+0000] {local_task_job_runner.py:228} INFO - Task exited with return code 1
[2023-12-07T16:42:40.334+0000] {taskinstance.py:2778} INFO - 0 downstream tasks scheduled from follow-on schedule check
[2023-12-07T17:01:26.404+0000] {taskinstance.py:1159} INFO - Dependencies all met for dep_context=non-requeueable deps ti=<TaskInstance: my_scraping_dag.main_task scheduled__2023-09-22T00:00:00+00:00 [queued]>
[2023-12-07T17:01:26.411+0000] {taskinstance.py:1159} INFO - Dependencies all met for dep_context=requeueable deps ti=<TaskInstance: my_scraping_dag.main_task scheduled__2023-09-22T00:00:00+00:00 [queued]>
[2023-12-07T17:01:26.412+0000] {taskinstance.py:1361} INFO - Starting attempt 1 of 1
[2023-12-07T17:01:26.430+0000] {taskinstance.py:1382} INFO - Executing <Task(PythonOperator): main_task> on 2023-09-22 00:00:00+00:00
[2023-12-07T17:01:26.439+0000] {standard_task_runner.py:57} INFO - Started process 6436 to run task
[2023-12-07T17:01:26.444+0000] {standard_task_runner.py:84} INFO - Running: ['***', 'tasks', 'run', 'my_scraping_dag', 'main_task', 'scheduled__2023-09-22T00:00:00+00:00', '--job-id', '1684', '--raw', '--subdir', 'DAGS_FOLDER/main.py', '--cfg-path', '/tmp/tmp3ea4ihf6']
[2023-12-07T17:01:26.447+0000] {standard_task_runner.py:85} INFO - Job 1684: Subtask main_task
[2023-12-07T17:01:26.492+0000] {task_command.py:416} INFO - Running <TaskInstance: my_scraping_dag.main_task scheduled__2023-09-22T00:00:00+00:00 [running]> on host 63b0c7e341c0
[2023-12-07T17:01:26.596+0000] {taskinstance.py:1662} INFO - Exporting env vars: AIRFLOW_CTX_DAG_OWNER='***' AIRFLOW_CTX_DAG_ID='my_scraping_dag' AIRFLOW_CTX_TASK_ID='main_task' AIRFLOW_CTX_EXECUTION_DATE='2023-09-22T00:00:00+00:00' AIRFLOW_CTX_TRY_NUMBER='1' AIRFLOW_CTX_DAG_RUN_ID='scheduled__2023-09-22T00:00:00+00:00'
[2023-12-07T17:01:26.642+0000] {logging_mixin.py:154} INFO - base_url: https://tuncbotanik.com
[2023-12-07T17:01:26.647+0000] {python.py:194} INFO - Done. Returned value was: ('https://tuncbotanik.com', {'User-Agent': 'Mozilla/5.0 (Macintosh; Intel Mac OS X 10_15_7) AppleWebKit/537.36 (KHTML, like Gecko) Chrome/119.0.0.0 Safari/537.36', 'Accept-Language': 'tr-TR,tr;q=0.9,en-US;q=0.8,en;q=0.7'}, {'dbname': 'plant', 'user': 'aozgokme', 'password': '***', 'host': 'localhost', 'port': '5432'})
[2023-12-07T17:01:26.684+0000] {taskinstance.py:1400} INFO - Marking task as SUCCESS. dag_id=my_scraping_dag, task_id=main_task, execution_date=20230922T000000, start_date=20231207T170126, end_date=20231207T170126
[2023-12-07T17:01:26.738+0000] {local_task_job_runner.py:228} INFO - Task exited with return code 0
[2023-12-07T17:01:26.760+0000] {taskinstance.py:2778} INFO - 1 downstream tasks scheduled from follow-on schedule check
[2023-12-07T17:04:48.021+0000] {taskinstance.py:1159} INFO - Dependencies all met for dep_context=non-requeueable deps ti=<TaskInstance: my_scraping_dag.main_task scheduled__2023-09-22T00:00:00+00:00 [queued]>
[2023-12-07T17:04:48.028+0000] {taskinstance.py:1159} INFO - Dependencies all met for dep_context=requeueable deps ti=<TaskInstance: my_scraping_dag.main_task scheduled__2023-09-22T00:00:00+00:00 [queued]>
[2023-12-07T17:04:48.028+0000] {taskinstance.py:1361} INFO - Starting attempt 1 of 1
[2023-12-07T17:04:48.052+0000] {taskinstance.py:1382} INFO - Executing <Task(PythonOperator): main_task> on 2023-09-22 00:00:00+00:00
[2023-12-07T17:04:48.055+0000] {standard_task_runner.py:57} INFO - Started process 7890 to run task
[2023-12-07T17:04:48.059+0000] {standard_task_runner.py:84} INFO - Running: ['***', 'tasks', 'run', 'my_scraping_dag', 'main_task', 'scheduled__2023-09-22T00:00:00+00:00', '--job-id', '2370', '--raw', '--subdir', 'DAGS_FOLDER/main.py', '--cfg-path', '/tmp/tmp4q7jp96o']
[2023-12-07T17:04:48.061+0000] {standard_task_runner.py:85} INFO - Job 2370: Subtask main_task
[2023-12-07T17:04:48.095+0000] {task_command.py:416} INFO - Running <TaskInstance: my_scraping_dag.main_task scheduled__2023-09-22T00:00:00+00:00 [running]> on host 63b0c7e341c0
[2023-12-07T17:04:48.134+0000] {taskinstance.py:1662} INFO - Exporting env vars: AIRFLOW_CTX_DAG_OWNER='***' AIRFLOW_CTX_DAG_ID='my_scraping_dag' AIRFLOW_CTX_TASK_ID='main_task' AIRFLOW_CTX_EXECUTION_DATE='2023-09-22T00:00:00+00:00' AIRFLOW_CTX_TRY_NUMBER='1' AIRFLOW_CTX_DAG_RUN_ID='scheduled__2023-09-22T00:00:00+00:00'
[2023-12-07T17:04:48.173+0000] {logging_mixin.py:154} INFO - base_url: https://tuncbotanik.com
[2023-12-07T17:04:48.175+0000] {python.py:194} INFO - Done. Returned value was: ('https://tuncbotanik.com', {'User-Agent': 'Mozilla/5.0 (Macintosh; Intel Mac OS X 10_15_7) AppleWebKit/537.36 (KHTML, like Gecko) Chrome/119.0.0.0 Safari/537.36', 'Accept-Language': 'tr-TR,tr;q=0.9,en-US;q=0.8,en;q=0.7'}, {'dbname': 'plant', 'user': 'aozgokme', 'password': '***', 'host': 'localhost', 'port': '5432'})
[2023-12-07T17:04:48.194+0000] {taskinstance.py:1400} INFO - Marking task as SUCCESS. dag_id=my_scraping_dag, task_id=main_task, execution_date=20230922T000000, start_date=20231207T170448, end_date=20231207T170448
[2023-12-07T17:04:48.233+0000] {local_task_job_runner.py:228} INFO - Task exited with return code 0
[2023-12-07T17:04:48.255+0000] {taskinstance.py:2778} INFO - 1 downstream tasks scheduled from follow-on schedule check
[2023-12-07T17:19:11.978+0000] {taskinstance.py:1159} INFO - Dependencies all met for dep_context=non-requeueable deps ti=<TaskInstance: my_scraping_dag.main_task scheduled__2023-09-22T00:00:00+00:00 [queued]>
[2023-12-07T17:19:11.997+0000] {taskinstance.py:1159} INFO - Dependencies all met for dep_context=requeueable deps ti=<TaskInstance: my_scraping_dag.main_task scheduled__2023-09-22T00:00:00+00:00 [queued]>
[2023-12-07T17:19:11.998+0000] {taskinstance.py:1361} INFO - Starting attempt 1 of 1
[2023-12-07T17:19:12.009+0000] {taskinstance.py:1382} INFO - Executing <Task(PythonOperator): main_task> on 2023-09-22 00:00:00+00:00
[2023-12-07T17:19:12.017+0000] {standard_task_runner.py:57} INFO - Started process 9087 to run task
[2023-12-07T17:19:12.020+0000] {standard_task_runner.py:84} INFO - Running: ['***', 'tasks', 'run', 'my_scraping_dag', 'main_task', 'scheduled__2023-09-22T00:00:00+00:00', '--job-id', '2794', '--raw', '--subdir', 'DAGS_FOLDER/main.py', '--cfg-path', '/tmp/tmpmcfqe_hi']
[2023-12-07T17:19:12.024+0000] {standard_task_runner.py:85} INFO - Job 2794: Subtask main_task
[2023-12-07T17:19:12.062+0000] {task_command.py:416} INFO - Running <TaskInstance: my_scraping_dag.main_task scheduled__2023-09-22T00:00:00+00:00 [running]> on host 63b0c7e341c0
[2023-12-07T17:19:12.111+0000] {taskinstance.py:1662} INFO - Exporting env vars: AIRFLOW_CTX_DAG_OWNER='***' AIRFLOW_CTX_DAG_ID='my_scraping_dag' AIRFLOW_CTX_TASK_ID='main_task' AIRFLOW_CTX_EXECUTION_DATE='2023-09-22T00:00:00+00:00' AIRFLOW_CTX_TRY_NUMBER='1' AIRFLOW_CTX_DAG_RUN_ID='scheduled__2023-09-22T00:00:00+00:00'
[2023-12-07T17:19:12.769+0000] {taskinstance.py:1937} ERROR - Task failed with exception
Traceback (most recent call last):
  File "/home/airflow/.local/lib/python3.8/site-packages/airflow/operators/python.py", line 192, in execute
    return_value = self.execute_callable()
  File "/home/airflow/.local/lib/python3.8/site-packages/airflow/operators/python.py", line 209, in execute_callable
    return self.python_callable(*self.op_args, **self.op_kwargs)
  File "/opt/airflow/dags/main.py", line 80, in main
    insert_data_to_db(products, db_params)
  File "/opt/airflow/dags/main.py", line 43, in insert_data_to_db
    with psycopg2.connect(**db_params) as conn:
  File "/home/airflow/.local/lib/python3.8/site-packages/psycopg2/__init__.py", line 122, in connect
    conn = _connect(dsn, connection_factory=connection_factory, **kwasync)
psycopg2.OperationalError: connection to server at "localhost" (127.0.0.1), port 5432 failed: Connection refused
	Is the server running on that host and accepting TCP/IP connections?
connection to server at "localhost" (::1), port 5432 failed: Cannot assign requested address
	Is the server running on that host and accepting TCP/IP connections?

[2023-12-07T17:19:12.773+0000] {taskinstance.py:1400} INFO - Marking task as FAILED. dag_id=my_scraping_dag, task_id=main_task, execution_date=20230922T000000, start_date=20231207T171911, end_date=20231207T171912
[2023-12-07T17:19:12.778+0000] {standard_task_runner.py:104} ERROR - Failed to execute job 2794 for task main_task (connection to server at "localhost" (127.0.0.1), port 5432 failed: Connection refused
	Is the server running on that host and accepting TCP/IP connections?
connection to server at "localhost" (::1), port 5432 failed: Cannot assign requested address
	Is the server running on that host and accepting TCP/IP connections?
; 9087)
[2023-12-07T17:19:12.801+0000] {local_task_job_runner.py:228} INFO - Task exited with return code 1
[2023-12-07T17:19:12.809+0000] {taskinstance.py:2778} INFO - 0 downstream tasks scheduled from follow-on schedule check
[2023-12-07T17:23:30.925+0000] {taskinstance.py:1159} INFO - Dependencies all met for dep_context=non-requeueable deps ti=<TaskInstance: my_scraping_dag.main_task scheduled__2023-09-22T00:00:00+00:00 [queued]>
[2023-12-07T17:23:30.931+0000] {taskinstance.py:1159} INFO - Dependencies all met for dep_context=requeueable deps ti=<TaskInstance: my_scraping_dag.main_task scheduled__2023-09-22T00:00:00+00:00 [queued]>
[2023-12-07T17:23:30.932+0000] {taskinstance.py:1361} INFO - Starting attempt 1 of 1
[2023-12-07T17:23:30.945+0000] {taskinstance.py:1382} INFO - Executing <Task(PythonOperator): main_task> on 2023-09-22 00:00:00+00:00
[2023-12-07T17:23:30.949+0000] {standard_task_runner.py:57} INFO - Started process 9890 to run task
[2023-12-07T17:23:30.952+0000] {standard_task_runner.py:84} INFO - Running: ['***', 'tasks', 'run', 'my_scraping_dag', 'main_task', 'scheduled__2023-09-22T00:00:00+00:00', '--job-id', '3136', '--raw', '--subdir', 'DAGS_FOLDER/main.py', '--cfg-path', '/tmp/tmp650hr_8x']
[2023-12-07T17:23:30.954+0000] {standard_task_runner.py:85} INFO - Job 3136: Subtask main_task
[2023-12-07T17:23:30.996+0000] {task_command.py:416} INFO - Running <TaskInstance: my_scraping_dag.main_task scheduled__2023-09-22T00:00:00+00:00 [running]> on host 63b0c7e341c0
[2023-12-07T17:23:31.074+0000] {taskinstance.py:1662} INFO - Exporting env vars: AIRFLOW_CTX_DAG_OWNER='***' AIRFLOW_CTX_DAG_ID='my_scraping_dag' AIRFLOW_CTX_TASK_ID='main_task' AIRFLOW_CTX_EXECUTION_DATE='2023-09-22T00:00:00+00:00' AIRFLOW_CTX_TRY_NUMBER='1' AIRFLOW_CTX_DAG_RUN_ID='scheduled__2023-09-22T00:00:00+00:00'
[2023-12-07T17:23:32.107+0000] {taskinstance.py:1937} ERROR - Task failed with exception
Traceback (most recent call last):
  File "/home/airflow/.local/lib/python3.8/site-packages/airflow/operators/python.py", line 192, in execute
    return_value = self.execute_callable()
  File "/home/airflow/.local/lib/python3.8/site-packages/airflow/operators/python.py", line 209, in execute_callable
    return self.python_callable(*self.op_args, **self.op_kwargs)
  File "/opt/airflow/dags/main.py", line 73, in main
    insert_data_to_db(products, db_params)
  File "/opt/airflow/dags/main.py", line 40, in insert_data_to_db
    with psycopg2.connect(**db_params) as conn:
  File "/home/airflow/.local/lib/python3.8/site-packages/psycopg2/__init__.py", line 122, in connect
    conn = _connect(dsn, connection_factory=connection_factory, **kwasync)
psycopg2.OperationalError: connection to server at "localhost" (127.0.0.1), port 5432 failed: Connection refused
	Is the server running on that host and accepting TCP/IP connections?
connection to server at "localhost" (::1), port 5432 failed: Cannot assign requested address
	Is the server running on that host and accepting TCP/IP connections?

[2023-12-07T17:23:32.114+0000] {taskinstance.py:1400} INFO - Marking task as FAILED. dag_id=my_scraping_dag, task_id=main_task, execution_date=20230922T000000, start_date=20231207T172330, end_date=20231207T172332
[2023-12-07T17:23:32.120+0000] {standard_task_runner.py:104} ERROR - Failed to execute job 3136 for task main_task (connection to server at "localhost" (127.0.0.1), port 5432 failed: Connection refused
	Is the server running on that host and accepting TCP/IP connections?
connection to server at "localhost" (::1), port 5432 failed: Cannot assign requested address
	Is the server running on that host and accepting TCP/IP connections?
; 9890)
[2023-12-07T17:23:32.153+0000] {local_task_job_runner.py:228} INFO - Task exited with return code 1
[2023-12-07T17:23:32.165+0000] {taskinstance.py:2778} INFO - 0 downstream tasks scheduled from follow-on schedule check
[2023-12-07T17:29:09.328+0000] {taskinstance.py:1159} INFO - Dependencies all met for dep_context=non-requeueable deps ti=<TaskInstance: my_scraping_dag.main_task scheduled__2023-09-22T00:00:00+00:00 [queued]>
[2023-12-07T17:29:09.333+0000] {taskinstance.py:1159} INFO - Dependencies all met for dep_context=requeueable deps ti=<TaskInstance: my_scraping_dag.main_task scheduled__2023-09-22T00:00:00+00:00 [queued]>
[2023-12-07T17:29:09.333+0000] {taskinstance.py:1361} INFO - Starting attempt 1 of 1
[2023-12-07T17:29:09.343+0000] {taskinstance.py:1382} INFO - Executing <Task(PythonOperator): main_task> on 2023-09-22 00:00:00+00:00
[2023-12-07T17:29:09.347+0000] {standard_task_runner.py:57} INFO - Started process 10721 to run task
[2023-12-07T17:29:09.349+0000] {standard_task_runner.py:84} INFO - Running: ['***', 'tasks', 'run', 'my_scraping_dag', 'main_task', 'scheduled__2023-09-22T00:00:00+00:00', '--job-id', '3478', '--raw', '--subdir', 'DAGS_FOLDER/main.py', '--cfg-path', '/tmp/tmpj3b6gaii']
[2023-12-07T17:29:09.351+0000] {standard_task_runner.py:85} INFO - Job 3478: Subtask main_task
[2023-12-07T17:29:09.398+0000] {task_command.py:416} INFO - Running <TaskInstance: my_scraping_dag.main_task scheduled__2023-09-22T00:00:00+00:00 [running]> on host 63b0c7e341c0
[2023-12-07T17:29:09.466+0000] {taskinstance.py:1662} INFO - Exporting env vars: AIRFLOW_CTX_DAG_OWNER='***' AIRFLOW_CTX_DAG_ID='my_scraping_dag' AIRFLOW_CTX_TASK_ID='main_task' AIRFLOW_CTX_EXECUTION_DATE='2023-09-22T00:00:00+00:00' AIRFLOW_CTX_TRY_NUMBER='1' AIRFLOW_CTX_DAG_RUN_ID='scheduled__2023-09-22T00:00:00+00:00'
[2023-12-07T17:29:10.353+0000] {taskinstance.py:1937} ERROR - Task failed with exception
Traceback (most recent call last):
  File "/home/airflow/.local/lib/python3.8/site-packages/airflow/operators/python.py", line 192, in execute
    return_value = self.execute_callable()
  File "/home/airflow/.local/lib/python3.8/site-packages/airflow/operators/python.py", line 209, in execute_callable
    return self.python_callable(*self.op_args, **self.op_kwargs)
  File "/opt/airflow/dags/main.py", line 73, in main
    insert_data_to_db(products, db_params)
  File "/opt/airflow/dags/main.py", line 40, in insert_data_to_db
    with psycopg2.connect(**db_params) as conn:
  File "/home/airflow/.local/lib/python3.8/site-packages/psycopg2/__init__.py", line 122, in connect
    conn = _connect(dsn, connection_factory=connection_factory, **kwasync)
psycopg2.OperationalError: connection to server at "localhost" (127.0.0.1), port 5432 failed: Connection refused
	Is the server running on that host and accepting TCP/IP connections?
connection to server at "localhost" (::1), port 5432 failed: Cannot assign requested address
	Is the server running on that host and accepting TCP/IP connections?

[2023-12-07T17:29:10.358+0000] {taskinstance.py:1400} INFO - Marking task as FAILED. dag_id=my_scraping_dag, task_id=main_task, execution_date=20230922T000000, start_date=20231207T172909, end_date=20231207T172910
[2023-12-07T17:29:10.363+0000] {standard_task_runner.py:104} ERROR - Failed to execute job 3478 for task main_task (connection to server at "localhost" (127.0.0.1), port 5432 failed: Connection refused
	Is the server running on that host and accepting TCP/IP connections?
connection to server at "localhost" (::1), port 5432 failed: Cannot assign requested address
	Is the server running on that host and accepting TCP/IP connections?
; 10721)
[2023-12-07T17:29:10.406+0000] {local_task_job_runner.py:228} INFO - Task exited with return code 1
[2023-12-07T17:29:10.416+0000] {taskinstance.py:2778} INFO - 0 downstream tasks scheduled from follow-on schedule check
[2023-12-09T07:35:23.839+0000] {taskinstance.py:1159} INFO - Dependencies all met for dep_context=non-requeueable deps ti=<TaskInstance: my_scraping_dag.main_task scheduled__2023-09-22T00:00:00+00:00 [queued]>
[2023-12-09T07:35:23.843+0000] {taskinstance.py:1159} INFO - Dependencies all met for dep_context=requeueable deps ti=<TaskInstance: my_scraping_dag.main_task scheduled__2023-09-22T00:00:00+00:00 [queued]>
[2023-12-09T07:35:23.843+0000] {taskinstance.py:1361} INFO - Starting attempt 1 of 1
[2023-12-09T07:35:23.851+0000] {taskinstance.py:1382} INFO - Executing <Task(PythonOperator): main_task> on 2023-09-22 00:00:00+00:00
[2023-12-09T07:35:23.854+0000] {standard_task_runner.py:57} INFO - Started process 1146 to run task
[2023-12-09T07:35:23.856+0000] {standard_task_runner.py:84} INFO - Running: ['***', 'tasks', 'run', 'my_scraping_dag', 'main_task', 'scheduled__2023-09-22T00:00:00+00:00', '--job-id', '268', '--raw', '--subdir', 'DAGS_FOLDER/main.py', '--cfg-path', '/tmp/tmpqp8jq32l']
[2023-12-09T07:35:23.858+0000] {standard_task_runner.py:85} INFO - Job 268: Subtask main_task
[2023-12-09T07:35:23.883+0000] {task_command.py:416} INFO - Running <TaskInstance: my_scraping_dag.main_task scheduled__2023-09-22T00:00:00+00:00 [running]> on host 36b5ef2505c9
[2023-12-09T07:35:23.925+0000] {taskinstance.py:1662} INFO - Exporting env vars: AIRFLOW_CTX_DAG_OWNER='***' AIRFLOW_CTX_DAG_ID='my_scraping_dag' AIRFLOW_CTX_TASK_ID='main_task' AIRFLOW_CTX_EXECUTION_DATE='2023-09-22T00:00:00+00:00' AIRFLOW_CTX_TRY_NUMBER='1' AIRFLOW_CTX_DAG_RUN_ID='scheduled__2023-09-22T00:00:00+00:00'
[2023-12-09T07:35:23.930+0000] {taskinstance.py:1937} ERROR - Task failed with exception
Traceback (most recent call last):
  File "/home/airflow/.local/lib/python3.8/site-packages/airflow/operators/python.py", line 192, in execute
    return_value = self.execute_callable()
  File "/home/airflow/.local/lib/python3.8/site-packages/airflow/operators/python.py", line 209, in execute_callable
    return self.python_callable(*self.op_args, **self.op_kwargs)
  File "/opt/airflow/dags/main.py", line 64, in main
    base_url = Variable.get('base_url')
  File "/home/airflow/.local/lib/python3.8/site-packages/airflow/models/variable.py", line 140, in get
    raise KeyError(f"Variable {key} does not exist")
KeyError: 'Variable base_url does not exist'
[2023-12-09T07:35:23.935+0000] {taskinstance.py:1400} INFO - Marking task as FAILED. dag_id=my_scraping_dag, task_id=main_task, execution_date=20230922T000000, start_date=20231209T073523, end_date=20231209T073523
[2023-12-09T07:35:23.943+0000] {standard_task_runner.py:104} ERROR - Failed to execute job 268 for task main_task ('Variable base_url does not exist'; 1146)
[2023-12-09T07:35:23.949+0000] {local_task_job_runner.py:228} INFO - Task exited with return code 1
[2023-12-09T07:35:23.985+0000] {taskinstance.py:2778} INFO - 0 downstream tasks scheduled from follow-on schedule check
