[2023-12-07T18:38:17.111+0000] {taskinstance.py:1159} INFO - Dependencies all met for dep_context=non-requeueable deps ti=<TaskInstance: my_scraping_dag.main_task manual__2023-12-07T18:38:16.413455+00:00 [queued]>
[2023-12-07T18:38:17.114+0000] {taskinstance.py:1159} INFO - Dependencies all met for dep_context=requeueable deps ti=<TaskInstance: my_scraping_dag.main_task manual__2023-12-07T18:38:16.413455+00:00 [queued]>
[2023-12-07T18:38:17.114+0000] {taskinstance.py:1361} INFO - Starting attempt 1 of 1
[2023-12-07T18:38:17.120+0000] {taskinstance.py:1382} INFO - Executing <Task(PythonOperator): main_task> on 2023-12-07 18:38:16.413455+00:00
[2023-12-07T18:38:17.122+0000] {standard_task_runner.py:57} INFO - Started process 11468 to run task
[2023-12-07T18:38:17.124+0000] {standard_task_runner.py:84} INFO - Running: ['***', 'tasks', 'run', 'my_scraping_dag', 'main_task', 'manual__2023-12-07T18:38:16.413455+00:00', '--job-id', '3562', '--raw', '--subdir', 'DAGS_FOLDER/main.py', '--cfg-path', '/tmp/tmp2pzu5ktc']
[2023-12-07T18:38:17.126+0000] {standard_task_runner.py:85} INFO - Job 3562: Subtask main_task
[2023-12-07T18:38:17.146+0000] {task_command.py:416} INFO - Running <TaskInstance: my_scraping_dag.main_task manual__2023-12-07T18:38:16.413455+00:00 [running]> on host 63b0c7e341c0
[2023-12-07T18:38:17.175+0000] {taskinstance.py:1662} INFO - Exporting env vars: AIRFLOW_CTX_DAG_OWNER='***' AIRFLOW_CTX_DAG_ID='my_scraping_dag' AIRFLOW_CTX_TASK_ID='main_task' AIRFLOW_CTX_EXECUTION_DATE='2023-12-07T18:38:16.413455+00:00' AIRFLOW_CTX_TRY_NUMBER='1' AIRFLOW_CTX_DAG_RUN_ID='manual__2023-12-07T18:38:16.413455+00:00'
[2023-12-07T18:38:17.183+0000] {logging_mixin.py:154} INFO - {'dbname': 'plant', 'user': 'aozgokme', 'password': 'aHNW2zvg', 'host': 'localhost', 'port': '5432'}
[2023-12-07T18:38:17.787+0000] {logging_mixin.py:154} INFO - ['https://tuncbotanik.com/kategori/kampanyali-urunler/31', 'https://tuncbotanik.com/kategori/poster/42', 'https://tuncbotanik.com/kategori/tablo/41', 'https://tuncbotanik.com/kategori/dekorasyon/40', 'https://tuncbotanik.com/kategori/yapay-bitki/43', 'https://tuncbotanik.com/kategori/tibbi-ve-aromatik-bitkiler/36', 'https://tuncbotanik.com/kategori/cit-bitkileri/1', 'https://tuncbotanik.com/kategori/calilar/2', 'https://tuncbotanik.com/kategori/ibreli-bitkiler/3', 'https://tuncbotanik.com/kategori/bonsai/23', 'https://tuncbotanik.com/kategori/sarilici-bitkiler/4', 'https://tuncbotanik.com/kategori/yer-ortuculer/5', 'https://tuncbotanik.com/kategori/agaclar/6', 'https://tuncbotanik.com/kategori/meyve-fidanlari/9', 'https://tuncbotanik.com/kategori/cicekli-bitkiler/10', 'https://tuncbotanik.com/kategori/salon-ofis-bitkileri/11', 'https://tuncbotanik.com/kategori/tohumlar/12', 'https://tuncbotanik.com/kategori/sukulent-ve-kaktusler/16', 'https://tuncbotanik.com/kategori/bahce-malzemeleri/17', 'https://tuncbotanik.com/kategori/otsu-tropik-bitkiler/18', 'https://tuncbotanik.com/kategori/tum-urunler/22']
[2023-12-07T18:38:18.097+0000] {logging_mixin.py:154} INFO - [{'Category': 'KAMPANYALI ÜRÜNLER', 'Title': 'ZAKKUM ÇİÇEĞİ 20 ADET - Nerium Oleander Dış Mekan Çiçeği', 'Price': '1.651,00 TL', 'Supplier': 'Tunç Botanik'}, {'Category': 'KAMPANYALI ÜRÜNLER', 'Title': 'ARAP YASEMİNİ 10 ADET PERGOLA FORMLU 40-60 CM', 'Price': '1.651,30 TL', 'Supplier': 'Tunç Botanik'}, {'Category': 'KAMPANYALI ÜRÜNLER', 'Title': 'ARAP YASEMİNİ 5 ADET PERGOLA FORMLU 40-60 CM', 'Price': '868,69 TL', 'Supplier': 'Tunç Botanik'}, {'Category': 'KAMPANYALI ÜRÜNLER', 'Title': 'ARAP YASEMİNİ 3 ADET PERGOLA FORMLU 40-60 CM', 'Price': '564,34 TL', 'Supplier': 'Tunç Botanik'}, {'Category': 'KAMPANYALI ÜRÜNLER', 'Title': 'ARAP YASEMİNİ PERGOLA FORMLU 40-60 CM', 'Price': '209,37 TL', 'Supplier': 'Tunç Botanik'}, {'Category': 'KAMPANYALI ÜRÜNLER', 'Title': 'LİGUSTRUM KURTBAĞRI 20 ADET 100-120 cm - ÇİT BİTKİSİ (BÜYÜK BOY)', 'Price': '1.472,00 TL', 'Supplier': 'Tunç Botanik'}, {'Category': 'KAMPANYALI ÜRÜNLER', 'Title': 'LİGUSTRUM KURTBAĞRI 10 ADET 100-120 cm - ÇİT BİTKİSİ (BÜYÜK BOY)', 'Price': '788,07 TL', 'Supplier': 'Tunç Botanik'}, {'Category': 'KAMPANYALI ÜRÜNLER', 'Title': 'LİGUSTRUM KURTBAĞRI 5 ADET 100-120 cm - ÇİT BİTKİSİ (BÜYÜK BOY)', 'Price': '471,90 TL', 'Supplier': 'Tunç Botanik'}, {'Category': 'KAMPANYALI ÜRÜNLER', 'Title': 'LİGUSTRUM KURTBAĞRI 3 ADET 100-120 cm - ÇİT BİTKİSİ (BÜYÜK BOY)', 'Price': '314,60 TL', 'Supplier': 'Tunç Botanik'}, {'Category': 'KAMPANYALI ÜRÜNLER', 'Title': 'LİGUSTRUM KURTBAĞRI 100-120 cm - ÇİT BİTKİSİ (BÜYÜK BOY)', 'Price': '125,20 TL', 'Supplier': 'Tunç Botanik'}, {'Category': 'KAMPANYALI ÜRÜNLER', 'Title': 'MAVİ SERVİ - AŞILI ÇİT BİTKİSİ (ARİZONA SERVİSİ)', 'Price': '135,73 TL', 'Supplier': 'Tunç Botanik'}, {'Category': 'KAMPANYALI ÜRÜNLER', 'Title': 'MAVİ SERVİ 3 ADET - AŞILI ÇİT BİTKİSİ (ARİZONA SERVİSİ)', 'Price': '388,24 TL', 'Supplier': 'Tunç Botanik'}]
[2023-12-07T18:38:18.098+0000] {logging_mixin.py:154} INFO - {'dbname': 'plant', 'user': 'aozgokme', 'password': 'aHNW2zvg', 'host': 'localhost', 'port': '5432'}
[2023-12-07T18:38:18.098+0000] {taskinstance.py:1937} ERROR - Task failed with exception
Traceback (most recent call last):
  File "/home/airflow/.local/lib/python3.8/site-packages/airflow/operators/python.py", line 192, in execute
    return_value = self.execute_callable()
  File "/home/airflow/.local/lib/python3.8/site-packages/airflow/operators/python.py", line 209, in execute_callable
    return self.python_callable(*self.op_args, **self.op_kwargs)
  File "/opt/airflow/dags/main.py", line 77, in main
    insert_data_to_db(products, db_params)
  File "/opt/airflow/dags/main.py", line 41, in insert_data_to_db
    with psycopg2.connect(**db_params) as conn:
  File "/home/airflow/.local/lib/python3.8/site-packages/psycopg2/__init__.py", line 122, in connect
    conn = _connect(dsn, connection_factory=connection_factory, **kwasync)
psycopg2.OperationalError: connection to server at "localhost" (127.0.0.1), port 5432 failed: Connection refused
	Is the server running on that host and accepting TCP/IP connections?
connection to server at "localhost" (::1), port 5432 failed: Cannot assign requested address
	Is the server running on that host and accepting TCP/IP connections?

[2023-12-07T18:38:18.105+0000] {taskinstance.py:1400} INFO - Marking task as FAILED. dag_id=my_scraping_dag, task_id=main_task, execution_date=20231207T183816, start_date=20231207T183817, end_date=20231207T183818
[2023-12-07T18:38:18.110+0000] {standard_task_runner.py:104} ERROR - Failed to execute job 3562 for task main_task (connection to server at "localhost" (127.0.0.1), port 5432 failed: Connection refused
	Is the server running on that host and accepting TCP/IP connections?
connection to server at "localhost" (::1), port 5432 failed: Cannot assign requested address
	Is the server running on that host and accepting TCP/IP connections?
; 11468)
[2023-12-07T18:38:18.149+0000] {local_task_job_runner.py:228} INFO - Task exited with return code 1
[2023-12-07T18:38:18.158+0000] {taskinstance.py:2778} INFO - 0 downstream tasks scheduled from follow-on schedule check
