[2023-12-07T14:45:27.514+0000] {taskinstance.py:1159} INFO - Dependencies all met for dep_context=non-requeueable deps ti=<TaskInstance: my_scraping_dag.main_task scheduled__2023-01-14T00:00:00+00:00 [queued]>
[2023-12-07T14:45:27.519+0000] {taskinstance.py:1159} INFO - Dependencies all met for dep_context=requeueable deps ti=<TaskInstance: my_scraping_dag.main_task scheduled__2023-01-14T00:00:00+00:00 [queued]>
[2023-12-07T14:45:27.519+0000] {taskinstance.py:1361} INFO - Starting attempt 1 of 1
[2023-12-07T14:45:27.553+0000] {taskinstance.py:1382} INFO - Executing <Task(PythonOperator): main_task> on 2023-01-14 00:00:00+00:00
[2023-12-07T14:45:27.555+0000] {standard_task_runner.py:57} INFO - Started process 407 to run task
[2023-12-07T14:45:27.557+0000] {standard_task_runner.py:84} INFO - Running: ['***', 'tasks', 'run', 'my_scraping_dag', 'main_task', 'scheduled__2023-01-14T00:00:00+00:00', '--job-id', '25', '--raw', '--subdir', 'DAGS_FOLDER/main.py', '--cfg-path', '/tmp/tmpypy5qu5s']
[2023-12-07T14:45:27.559+0000] {standard_task_runner.py:85} INFO - Job 25: Subtask main_task
[2023-12-07T14:45:27.590+0000] {task_command.py:416} INFO - Running <TaskInstance: my_scraping_dag.main_task scheduled__2023-01-14T00:00:00+00:00 [running]> on host 63b0c7e341c0
[2023-12-07T14:45:27.627+0000] {taskinstance.py:1662} INFO - Exporting env vars: AIRFLOW_CTX_DAG_OWNER='***' AIRFLOW_CTX_DAG_ID='my_scraping_dag' AIRFLOW_CTX_TASK_ID='main_task' AIRFLOW_CTX_EXECUTION_DATE='2023-01-14T00:00:00+00:00' AIRFLOW_CTX_TRY_NUMBER='1' AIRFLOW_CTX_DAG_RUN_ID='scheduled__2023-01-14T00:00:00+00:00'
[2023-12-07T14:45:27.628+0000] {taskinstance.py:1937} ERROR - Task failed with exception
Traceback (most recent call last):
  File "/usr/local/lib/python3.8/configparser.py", line 846, in items
    d.update(self._sections[section])
KeyError: 'web'

During handling of the above exception, another exception occurred:

Traceback (most recent call last):
  File "/home/airflow/.local/lib/python3.8/site-packages/airflow/operators/python.py", line 192, in execute
    return_value = self.execute_callable()
  File "/home/airflow/.local/lib/python3.8/site-packages/airflow/operators/python.py", line 209, in execute_callable
    return self.python_callable(*self.op_args, **self.op_kwargs)
  File "/opt/airflow/dags/main.py", line 61, in main
    config = get_config('web')
  File "/opt/airflow/dags/main.py", line 23, in get_config
    return {key: value for key, value in parser.items(section)}
  File "/usr/local/lib/python3.8/configparser.py", line 849, in items
    raise NoSectionError(section)
configparser.NoSectionError: No section: 'web'
[2023-12-07T14:45:27.633+0000] {taskinstance.py:1400} INFO - Marking task as FAILED. dag_id=my_scraping_dag, task_id=main_task, execution_date=20230114T000000, start_date=20231207T144527, end_date=20231207T144527
[2023-12-07T14:45:27.640+0000] {standard_task_runner.py:104} ERROR - Failed to execute job 25 for task main_task (No section: 'web'; 407)
[2023-12-07T14:45:27.650+0000] {local_task_job_runner.py:228} INFO - Task exited with return code 1
[2023-12-07T14:45:27.694+0000] {taskinstance.py:2778} INFO - 0 downstream tasks scheduled from follow-on schedule check
[2023-12-07T14:51:20.594+0000] {taskinstance.py:1159} INFO - Dependencies all met for dep_context=non-requeueable deps ti=<TaskInstance: my_scraping_dag.main_task scheduled__2023-01-14T00:00:00+00:00 [queued]>
[2023-12-07T14:51:20.598+0000] {taskinstance.py:1159} INFO - Dependencies all met for dep_context=requeueable deps ti=<TaskInstance: my_scraping_dag.main_task scheduled__2023-01-14T00:00:00+00:00 [queued]>
[2023-12-07T14:51:20.599+0000] {taskinstance.py:1361} INFO - Starting attempt 1 of 1
[2023-12-07T14:51:20.625+0000] {taskinstance.py:1382} INFO - Executing <Task(PythonOperator): main_task> on 2023-01-14 00:00:00+00:00
[2023-12-07T14:51:20.628+0000] {standard_task_runner.py:57} INFO - Started process 754 to run task
[2023-12-07T14:51:20.630+0000] {standard_task_runner.py:84} INFO - Running: ['***', 'tasks', 'run', 'my_scraping_dag', 'main_task', 'scheduled__2023-01-14T00:00:00+00:00', '--job-id', '124', '--raw', '--subdir', 'DAGS_FOLDER/main.py', '--cfg-path', '/tmp/tmpnf7nz650']
[2023-12-07T14:51:20.633+0000] {standard_task_runner.py:85} INFO - Job 124: Subtask main_task
[2023-12-07T14:51:20.660+0000] {task_command.py:416} INFO - Running <TaskInstance: my_scraping_dag.main_task scheduled__2023-01-14T00:00:00+00:00 [running]> on host 63b0c7e341c0
[2023-12-07T14:51:20.701+0000] {taskinstance.py:1662} INFO - Exporting env vars: AIRFLOW_CTX_DAG_OWNER='***' AIRFLOW_CTX_DAG_ID='my_scraping_dag' AIRFLOW_CTX_TASK_ID='main_task' AIRFLOW_CTX_EXECUTION_DATE='2023-01-14T00:00:00+00:00' AIRFLOW_CTX_TRY_NUMBER='1' AIRFLOW_CTX_DAG_RUN_ID='scheduled__2023-01-14T00:00:00+00:00'
[2023-12-07T14:51:20.703+0000] {taskinstance.py:1937} ERROR - Task failed with exception
Traceback (most recent call last):
  File "/usr/local/lib/python3.8/configparser.py", line 846, in items
    d.update(self._sections[section])
KeyError: 'web'

During handling of the above exception, another exception occurred:

Traceback (most recent call last):
  File "/home/airflow/.local/lib/python3.8/site-packages/airflow/operators/python.py", line 192, in execute
    return_value = self.execute_callable()
  File "/home/airflow/.local/lib/python3.8/site-packages/airflow/operators/python.py", line 209, in execute_callable
    return self.python_callable(*self.op_args, **self.op_kwargs)
  File "/opt/airflow/dags/main.py", line 61, in main
    config = get_config('web')
  File "/opt/airflow/dags/main.py", line 23, in get_config
    return {key: value for key, value in parser.items(section)}
  File "/usr/local/lib/python3.8/configparser.py", line 849, in items
    raise NoSectionError(section)
configparser.NoSectionError: No section: 'web'
[2023-12-07T14:51:20.709+0000] {taskinstance.py:1400} INFO - Marking task as FAILED. dag_id=my_scraping_dag, task_id=main_task, execution_date=20230114T000000, start_date=20231207T145120, end_date=20231207T145120
[2023-12-07T14:51:20.715+0000] {standard_task_runner.py:104} ERROR - Failed to execute job 124 for task main_task (No section: 'web'; 754)
[2023-12-07T14:51:20.722+0000] {local_task_job_runner.py:228} INFO - Task exited with return code 1
[2023-12-07T14:51:20.737+0000] {taskinstance.py:2778} INFO - 0 downstream tasks scheduled from follow-on schedule check
[2023-12-07T14:59:48.871+0000] {taskinstance.py:1159} INFO - Dependencies all met for dep_context=non-requeueable deps ti=<TaskInstance: my_scraping_dag.main_task scheduled__2023-01-14T00:00:00+00:00 [queued]>
[2023-12-07T14:59:48.876+0000] {taskinstance.py:1159} INFO - Dependencies all met for dep_context=requeueable deps ti=<TaskInstance: my_scraping_dag.main_task scheduled__2023-01-14T00:00:00+00:00 [queued]>
[2023-12-07T14:59:48.876+0000] {taskinstance.py:1361} INFO - Starting attempt 1 of 1
[2023-12-07T14:59:48.895+0000] {taskinstance.py:1382} INFO - Executing <Task(PythonOperator): main_task> on 2023-01-14 00:00:00+00:00
[2023-12-07T14:59:48.898+0000] {standard_task_runner.py:57} INFO - Started process 1390 to run task
[2023-12-07T14:59:48.900+0000] {standard_task_runner.py:84} INFO - Running: ['***', 'tasks', 'run', 'my_scraping_dag', 'main_task', 'scheduled__2023-01-14T00:00:00+00:00', '--job-id', '328', '--raw', '--subdir', 'DAGS_FOLDER/main.py', '--cfg-path', '/tmp/tmpfkwzpqny']
[2023-12-07T14:59:48.903+0000] {standard_task_runner.py:85} INFO - Job 328: Subtask main_task
[2023-12-07T14:59:48.932+0000] {task_command.py:416} INFO - Running <TaskInstance: my_scraping_dag.main_task scheduled__2023-01-14T00:00:00+00:00 [running]> on host 63b0c7e341c0
[2023-12-07T14:59:48.968+0000] {taskinstance.py:1662} INFO - Exporting env vars: AIRFLOW_CTX_DAG_OWNER='***' AIRFLOW_CTX_DAG_ID='my_scraping_dag' AIRFLOW_CTX_TASK_ID='main_task' AIRFLOW_CTX_EXECUTION_DATE='2023-01-14T00:00:00+00:00' AIRFLOW_CTX_TRY_NUMBER='1' AIRFLOW_CTX_DAG_RUN_ID='scheduled__2023-01-14T00:00:00+00:00'
[2023-12-07T14:59:48.969+0000] {taskinstance.py:1937} ERROR - Task failed with exception
Traceback (most recent call last):
  File "/usr/local/lib/python3.8/configparser.py", line 846, in items
    d.update(self._sections[section])
KeyError: 'web'

During handling of the above exception, another exception occurred:

Traceback (most recent call last):
  File "/home/airflow/.local/lib/python3.8/site-packages/airflow/operators/python.py", line 192, in execute
    return_value = self.execute_callable()
  File "/home/airflow/.local/lib/python3.8/site-packages/airflow/operators/python.py", line 209, in execute_callable
    return self.python_callable(*self.op_args, **self.op_kwargs)
  File "/opt/airflow/dags/main.py", line 60, in main
    config = get_config('web')
  File "/opt/airflow/dags/main.py", line 22, in get_config
    return {key: value for key, value in parser.items(section)}
  File "/usr/local/lib/python3.8/configparser.py", line 849, in items
    raise NoSectionError(section)
configparser.NoSectionError: No section: 'web'
[2023-12-07T14:59:48.975+0000] {taskinstance.py:1400} INFO - Marking task as FAILED. dag_id=my_scraping_dag, task_id=main_task, execution_date=20230114T000000, start_date=20231207T145948, end_date=20231207T145948
[2023-12-07T14:59:48.982+0000] {standard_task_runner.py:104} ERROR - Failed to execute job 328 for task main_task (No section: 'web'; 1390)
[2023-12-07T14:59:48.992+0000] {local_task_job_runner.py:228} INFO - Task exited with return code 1
[2023-12-07T14:59:49.030+0000] {taskinstance.py:2778} INFO - 0 downstream tasks scheduled from follow-on schedule check
[2023-12-07T15:10:42.094+0000] {taskinstance.py:1159} INFO - Dependencies all met for dep_context=non-requeueable deps ti=<TaskInstance: my_scraping_dag.main_task scheduled__2023-01-14T00:00:00+00:00 [queued]>
[2023-12-07T15:10:42.100+0000] {taskinstance.py:1159} INFO - Dependencies all met for dep_context=requeueable deps ti=<TaskInstance: my_scraping_dag.main_task scheduled__2023-01-14T00:00:00+00:00 [queued]>
[2023-12-07T15:10:42.100+0000] {taskinstance.py:1361} INFO - Starting attempt 1 of 1
[2023-12-07T15:10:42.125+0000] {taskinstance.py:1382} INFO - Executing <Task(PythonOperator): main_task> on 2023-01-14 00:00:00+00:00
[2023-12-07T15:10:42.128+0000] {standard_task_runner.py:57} INFO - Started process 1872 to run task
[2023-12-07T15:10:42.131+0000] {standard_task_runner.py:84} INFO - Running: ['***', 'tasks', 'run', 'my_scraping_dag', 'main_task', 'scheduled__2023-01-14T00:00:00+00:00', '--job-id', '435', '--raw', '--subdir', 'DAGS_FOLDER/main.py', '--cfg-path', '/tmp/tmpunp_zin3']
[2023-12-07T15:10:42.132+0000] {standard_task_runner.py:85} INFO - Job 435: Subtask main_task
[2023-12-07T15:10:42.163+0000] {task_command.py:416} INFO - Running <TaskInstance: my_scraping_dag.main_task scheduled__2023-01-14T00:00:00+00:00 [running]> on host 63b0c7e341c0
[2023-12-07T15:10:42.205+0000] {taskinstance.py:1662} INFO - Exporting env vars: AIRFLOW_CTX_DAG_OWNER='***' AIRFLOW_CTX_DAG_ID='my_scraping_dag' AIRFLOW_CTX_TASK_ID='main_task' AIRFLOW_CTX_EXECUTION_DATE='2023-01-14T00:00:00+00:00' AIRFLOW_CTX_TRY_NUMBER='1' AIRFLOW_CTX_DAG_RUN_ID='scheduled__2023-01-14T00:00:00+00:00'
[2023-12-07T15:10:42.206+0000] {taskinstance.py:1937} ERROR - Task failed with exception
Traceback (most recent call last):
  File "/usr/local/lib/python3.8/configparser.py", line 846, in items
    d.update(self._sections[section])
KeyError: 'web'

During handling of the above exception, another exception occurred:

Traceback (most recent call last):
  File "/home/airflow/.local/lib/python3.8/site-packages/airflow/operators/python.py", line 192, in execute
    return_value = self.execute_callable()
  File "/home/airflow/.local/lib/python3.8/site-packages/airflow/operators/python.py", line 209, in execute_callable
    return self.python_callable(*self.op_args, **self.op_kwargs)
  File "/opt/airflow/dags/main.py", line 63, in main
    config = get_config('web')
  File "/opt/airflow/dags/main.py", line 14, in get_config
    return {key: value for key, value in parser.items(section)}
  File "/usr/local/lib/python3.8/configparser.py", line 849, in items
    raise NoSectionError(section)
configparser.NoSectionError: No section: 'web'
[2023-12-07T15:10:42.210+0000] {taskinstance.py:1400} INFO - Marking task as FAILED. dag_id=my_scraping_dag, task_id=main_task, execution_date=20230114T000000, start_date=20231207T151042, end_date=20231207T151042
[2023-12-07T15:10:42.215+0000] {standard_task_runner.py:104} ERROR - Failed to execute job 435 for task main_task (No section: 'web'; 1872)
[2023-12-07T15:10:42.223+0000] {local_task_job_runner.py:228} INFO - Task exited with return code 1
[2023-12-07T15:10:42.231+0000] {taskinstance.py:2778} INFO - 0 downstream tasks scheduled from follow-on schedule check
[2023-12-07T15:12:03.260+0000] {taskinstance.py:1159} INFO - Dependencies all met for dep_context=non-requeueable deps ti=<TaskInstance: my_scraping_dag.main_task scheduled__2023-01-14T00:00:00+00:00 [queued]>
[2023-12-07T15:12:03.266+0000] {taskinstance.py:1159} INFO - Dependencies all met for dep_context=requeueable deps ti=<TaskInstance: my_scraping_dag.main_task scheduled__2023-01-14T00:00:00+00:00 [queued]>
[2023-12-07T15:12:03.267+0000] {taskinstance.py:1361} INFO - Starting attempt 1 of 1
[2023-12-07T15:12:03.278+0000] {taskinstance.py:1382} INFO - Executing <Task(PythonOperator): main_task> on 2023-01-14 00:00:00+00:00
[2023-12-07T15:12:03.282+0000] {standard_task_runner.py:57} INFO - Started process 2084 to run task
[2023-12-07T15:12:03.289+0000] {standard_task_runner.py:84} INFO - Running: ['***', 'tasks', 'run', 'my_scraping_dag', 'main_task', 'scheduled__2023-01-14T00:00:00+00:00', '--job-id', '524', '--raw', '--subdir', 'DAGS_FOLDER/main.py', '--cfg-path', '/tmp/tmp8zmtkx0i']
[2023-12-07T15:12:03.291+0000] {standard_task_runner.py:85} INFO - Job 524: Subtask main_task
[2023-12-07T15:12:03.325+0000] {task_command.py:416} INFO - Running <TaskInstance: my_scraping_dag.main_task scheduled__2023-01-14T00:00:00+00:00 [running]> on host 63b0c7e341c0
[2023-12-07T15:12:03.365+0000] {taskinstance.py:1662} INFO - Exporting env vars: AIRFLOW_CTX_DAG_OWNER='***' AIRFLOW_CTX_DAG_ID='my_scraping_dag' AIRFLOW_CTX_TASK_ID='main_task' AIRFLOW_CTX_EXECUTION_DATE='2023-01-14T00:00:00+00:00' AIRFLOW_CTX_TRY_NUMBER='1' AIRFLOW_CTX_DAG_RUN_ID='scheduled__2023-01-14T00:00:00+00:00'
[2023-12-07T15:12:03.367+0000] {taskinstance.py:1937} ERROR - Task failed with exception
Traceback (most recent call last):
  File "/usr/local/lib/python3.8/configparser.py", line 846, in items
    d.update(self._sections[section])
KeyError: 'web'

During handling of the above exception, another exception occurred:

Traceback (most recent call last):
  File "/home/airflow/.local/lib/python3.8/site-packages/airflow/operators/python.py", line 192, in execute
    return_value = self.execute_callable()
  File "/home/airflow/.local/lib/python3.8/site-packages/airflow/operators/python.py", line 209, in execute_callable
    return self.python_callable(*self.op_args, **self.op_kwargs)
  File "/opt/airflow/dags/main.py", line 63, in main
    config = get_config('web')
  File "/opt/airflow/dags/main.py", line 14, in get_config
    return {key: value for key, value in parser.items(section)}
  File "/usr/local/lib/python3.8/configparser.py", line 849, in items
    raise NoSectionError(section)
configparser.NoSectionError: No section: 'web'
[2023-12-07T15:12:03.371+0000] {taskinstance.py:1400} INFO - Marking task as FAILED. dag_id=my_scraping_dag, task_id=main_task, execution_date=20230114T000000, start_date=20231207T151203, end_date=20231207T151203
[2023-12-07T15:12:03.377+0000] {standard_task_runner.py:104} ERROR - Failed to execute job 524 for task main_task (No section: 'web'; 2084)
[2023-12-07T15:12:03.417+0000] {local_task_job_runner.py:228} INFO - Task exited with return code 1
[2023-12-07T15:12:03.425+0000] {taskinstance.py:2778} INFO - 0 downstream tasks scheduled from follow-on schedule check
[2023-12-07T16:30:49.669+0000] {taskinstance.py:1159} INFO - Dependencies all met for dep_context=non-requeueable deps ti=<TaskInstance: my_scraping_dag.main_task scheduled__2023-01-14T00:00:00+00:00 [queued]>
[2023-12-07T16:30:49.674+0000] {taskinstance.py:1159} INFO - Dependencies all met for dep_context=requeueable deps ti=<TaskInstance: my_scraping_dag.main_task scheduled__2023-01-14T00:00:00+00:00 [queued]>
[2023-12-07T16:30:49.675+0000] {taskinstance.py:1361} INFO - Starting attempt 1 of 1
[2023-12-07T16:30:49.694+0000] {taskinstance.py:1382} INFO - Executing <Task(PythonOperator): main_task> on 2023-01-14 00:00:00+00:00
[2023-12-07T16:30:49.699+0000] {standard_task_runner.py:57} INFO - Started process 3522 to run task
[2023-12-07T16:30:49.704+0000] {standard_task_runner.py:84} INFO - Running: ['***', 'tasks', 'run', 'my_scraping_dag', 'main_task', 'scheduled__2023-01-14T00:00:00+00:00', '--job-id', '602', '--raw', '--subdir', 'DAGS_FOLDER/main.py', '--cfg-path', '/tmp/tmpfu2cgq88']
[2023-12-07T16:30:49.708+0000] {standard_task_runner.py:85} INFO - Job 602: Subtask main_task
[2023-12-07T16:30:49.743+0000] {task_command.py:416} INFO - Running <TaskInstance: my_scraping_dag.main_task scheduled__2023-01-14T00:00:00+00:00 [running]> on host 63b0c7e341c0
[2023-12-07T16:30:49.780+0000] {taskinstance.py:1662} INFO - Exporting env vars: AIRFLOW_CTX_DAG_OWNER='***' AIRFLOW_CTX_DAG_ID='my_scraping_dag' AIRFLOW_CTX_TASK_ID='main_task' AIRFLOW_CTX_EXECUTION_DATE='2023-01-14T00:00:00+00:00' AIRFLOW_CTX_TRY_NUMBER='1' AIRFLOW_CTX_DAG_RUN_ID='scheduled__2023-01-14T00:00:00+00:00'
[2023-12-07T16:30:49.782+0000] {taskinstance.py:1937} ERROR - Task failed with exception
Traceback (most recent call last):
  File "/usr/local/lib/python3.8/configparser.py", line 846, in items
    d.update(self._sections[section])
KeyError: 'web'

During handling of the above exception, another exception occurred:

Traceback (most recent call last):
  File "/home/airflow/.local/lib/python3.8/site-packages/airflow/operators/python.py", line 192, in execute
    return_value = self.execute_callable()
  File "/home/airflow/.local/lib/python3.8/site-packages/airflow/operators/python.py", line 209, in execute_callable
    return self.python_callable(*self.op_args, **self.op_kwargs)
  File "/opt/airflow/dags/main.py", line 60, in main
    config = get_config('web')
  File "/opt/airflow/dags/main.py", line 22, in get_config
    return {key: value for key, value in parser.items(section)}
  File "/usr/local/lib/python3.8/configparser.py", line 849, in items
    raise NoSectionError(section)
configparser.NoSectionError: No section: 'web'
[2023-12-07T16:30:49.789+0000] {taskinstance.py:1400} INFO - Marking task as FAILED. dag_id=my_scraping_dag, task_id=main_task, execution_date=20230114T000000, start_date=20231207T163049, end_date=20231207T163049
[2023-12-07T16:30:49.797+0000] {standard_task_runner.py:104} ERROR - Failed to execute job 602 for task main_task (No section: 'web'; 3522)
[2023-12-07T16:30:49.839+0000] {local_task_job_runner.py:228} INFO - Task exited with return code 1
[2023-12-07T16:30:49.852+0000] {taskinstance.py:2778} INFO - 0 downstream tasks scheduled from follow-on schedule check
[2023-12-07T16:40:47.228+0000] {taskinstance.py:1159} INFO - Dependencies all met for dep_context=non-requeueable deps ti=<TaskInstance: my_scraping_dag.main_task scheduled__2023-01-14T00:00:00+00:00 [queued]>
[2023-12-07T16:40:47.232+0000] {taskinstance.py:1159} INFO - Dependencies all met for dep_context=requeueable deps ti=<TaskInstance: my_scraping_dag.main_task scheduled__2023-01-14T00:00:00+00:00 [queued]>
[2023-12-07T16:40:47.233+0000] {taskinstance.py:1361} INFO - Starting attempt 1 of 1
[2023-12-07T16:40:47.253+0000] {taskinstance.py:1382} INFO - Executing <Task(PythonOperator): main_task> on 2023-01-14 00:00:00+00:00
[2023-12-07T16:40:47.256+0000] {standard_task_runner.py:57} INFO - Started process 4448 to run task
[2023-12-07T16:40:47.258+0000] {standard_task_runner.py:84} INFO - Running: ['***', 'tasks', 'run', 'my_scraping_dag', 'main_task', 'scheduled__2023-01-14T00:00:00+00:00', '--job-id', '944', '--raw', '--subdir', 'DAGS_FOLDER/main.py', '--cfg-path', '/tmp/tmp4mf_ds1x']
[2023-12-07T16:40:47.260+0000] {standard_task_runner.py:85} INFO - Job 944: Subtask main_task
[2023-12-07T16:40:47.288+0000] {task_command.py:416} INFO - Running <TaskInstance: my_scraping_dag.main_task scheduled__2023-01-14T00:00:00+00:00 [running]> on host 63b0c7e341c0
[2023-12-07T16:40:47.325+0000] {taskinstance.py:1662} INFO - Exporting env vars: AIRFLOW_CTX_DAG_OWNER='***' AIRFLOW_CTX_DAG_ID='my_scraping_dag' AIRFLOW_CTX_TASK_ID='main_task' AIRFLOW_CTX_EXECUTION_DATE='2023-01-14T00:00:00+00:00' AIRFLOW_CTX_TRY_NUMBER='1' AIRFLOW_CTX_DAG_RUN_ID='scheduled__2023-01-14T00:00:00+00:00'
[2023-12-07T16:40:47.326+0000] {taskinstance.py:1937} ERROR - Task failed with exception
Traceback (most recent call last):
  File "/usr/local/lib/python3.8/configparser.py", line 846, in items
    d.update(self._sections[section])
KeyError: 'web'

During handling of the above exception, another exception occurred:

Traceback (most recent call last):
  File "/home/airflow/.local/lib/python3.8/site-packages/airflow/operators/python.py", line 192, in execute
    return_value = self.execute_callable()
  File "/home/airflow/.local/lib/python3.8/site-packages/airflow/operators/python.py", line 209, in execute_callable
    return self.python_callable(*self.op_args, **self.op_kwargs)
  File "/opt/airflow/dags/main.py", line 60, in main
    config = get_config('web')
  File "/opt/airflow/dags/main.py", line 22, in get_config
    return {key: value for key, value in parser.items(section)}
  File "/usr/local/lib/python3.8/configparser.py", line 849, in items
    raise NoSectionError(section)
configparser.NoSectionError: No section: 'web'
[2023-12-07T16:40:47.332+0000] {taskinstance.py:1400} INFO - Marking task as FAILED. dag_id=my_scraping_dag, task_id=main_task, execution_date=20230114T000000, start_date=20231207T164047, end_date=20231207T164047
[2023-12-07T16:40:47.338+0000] {standard_task_runner.py:104} ERROR - Failed to execute job 944 for task main_task (No section: 'web'; 4448)
[2023-12-07T16:40:47.351+0000] {local_task_job_runner.py:228} INFO - Task exited with return code 1
[2023-12-07T16:40:47.393+0000] {taskinstance.py:2778} INFO - 0 downstream tasks scheduled from follow-on schedule check
[2023-12-07T16:59:52.766+0000] {taskinstance.py:1159} INFO - Dependencies all met for dep_context=non-requeueable deps ti=<TaskInstance: my_scraping_dag.main_task scheduled__2023-01-14T00:00:00+00:00 [queued]>
[2023-12-07T16:59:52.772+0000] {taskinstance.py:1159} INFO - Dependencies all met for dep_context=requeueable deps ti=<TaskInstance: my_scraping_dag.main_task scheduled__2023-01-14T00:00:00+00:00 [queued]>
[2023-12-07T16:59:52.772+0000] {taskinstance.py:1361} INFO - Starting attempt 1 of 1
[2023-12-07T16:59:52.800+0000] {taskinstance.py:1382} INFO - Executing <Task(PythonOperator): main_task> on 2023-01-14 00:00:00+00:00
[2023-12-07T16:59:52.803+0000] {standard_task_runner.py:57} INFO - Started process 5606 to run task
[2023-12-07T16:59:52.805+0000] {standard_task_runner.py:84} INFO - Running: ['***', 'tasks', 'run', 'my_scraping_dag', 'main_task', 'scheduled__2023-01-14T00:00:00+00:00', '--job-id', '1288', '--raw', '--subdir', 'DAGS_FOLDER/main.py', '--cfg-path', '/tmp/tmp97e5yavn']
[2023-12-07T16:59:52.807+0000] {standard_task_runner.py:85} INFO - Job 1288: Subtask main_task
[2023-12-07T16:59:52.838+0000] {task_command.py:416} INFO - Running <TaskInstance: my_scraping_dag.main_task scheduled__2023-01-14T00:00:00+00:00 [running]> on host 63b0c7e341c0
[2023-12-07T16:59:52.878+0000] {taskinstance.py:1662} INFO - Exporting env vars: AIRFLOW_CTX_DAG_OWNER='***' AIRFLOW_CTX_DAG_ID='my_scraping_dag' AIRFLOW_CTX_TASK_ID='main_task' AIRFLOW_CTX_EXECUTION_DATE='2023-01-14T00:00:00+00:00' AIRFLOW_CTX_TRY_NUMBER='1' AIRFLOW_CTX_DAG_RUN_ID='scheduled__2023-01-14T00:00:00+00:00'
[2023-12-07T16:59:52.910+0000] {taskinstance.py:1937} ERROR - Task failed with exception
Traceback (most recent call last):
  File "/home/airflow/.local/lib/python3.8/site-packages/airflow/operators/python.py", line 192, in execute
    return_value = self.execute_callable()
  File "/home/airflow/.local/lib/python3.8/site-packages/airflow/operators/python.py", line 209, in execute_callable
    return self.python_callable(*self.op_args, **self.op_kwargs)
  File "/opt/airflow/dags/main.py", line 33, in main
    'host': get_config('localhost'),
  File "/opt/airflow/dags/main.py", line 20, in get_config
    return Variable.get(key)
  File "/home/airflow/.local/lib/python3.8/site-packages/airflow/models/variable.py", line 140, in get
    raise KeyError(f"Variable {key} does not exist")
KeyError: 'Variable localhost does not exist'
[2023-12-07T16:59:52.917+0000] {taskinstance.py:1400} INFO - Marking task as FAILED. dag_id=my_scraping_dag, task_id=main_task, execution_date=20230114T000000, start_date=20231207T165952, end_date=20231207T165952
[2023-12-07T16:59:52.935+0000] {standard_task_runner.py:104} ERROR - Failed to execute job 1288 for task main_task ('Variable localhost does not exist'; 5606)
[2023-12-07T16:59:52.979+0000] {local_task_job_runner.py:228} INFO - Task exited with return code 1
[2023-12-07T16:59:53.016+0000] {taskinstance.py:2778} INFO - 0 downstream tasks scheduled from follow-on schedule check
[2023-12-07T17:03:12.856+0000] {taskinstance.py:1159} INFO - Dependencies all met for dep_context=non-requeueable deps ti=<TaskInstance: my_scraping_dag.main_task scheduled__2023-01-14T00:00:00+00:00 [queued]>
[2023-12-07T17:03:12.860+0000] {taskinstance.py:1159} INFO - Dependencies all met for dep_context=requeueable deps ti=<TaskInstance: my_scraping_dag.main_task scheduled__2023-01-14T00:00:00+00:00 [queued]>
[2023-12-07T17:03:12.860+0000] {taskinstance.py:1361} INFO - Starting attempt 1 of 1
[2023-12-07T17:03:12.883+0000] {taskinstance.py:1382} INFO - Executing <Task(PythonOperator): main_task> on 2023-01-14 00:00:00+00:00
[2023-12-07T17:03:12.889+0000] {standard_task_runner.py:57} INFO - Started process 6845 to run task
[2023-12-07T17:03:12.895+0000] {standard_task_runner.py:84} INFO - Running: ['***', 'tasks', 'run', 'my_scraping_dag', 'main_task', 'scheduled__2023-01-14T00:00:00+00:00', '--job-id', '1865', '--raw', '--subdir', 'DAGS_FOLDER/main.py', '--cfg-path', '/tmp/tmp48o7brbr']
[2023-12-07T17:03:12.901+0000] {standard_task_runner.py:85} INFO - Job 1865: Subtask main_task
[2023-12-07T17:03:12.947+0000] {task_command.py:416} INFO - Running <TaskInstance: my_scraping_dag.main_task scheduled__2023-01-14T00:00:00+00:00 [running]> on host 63b0c7e341c0
[2023-12-07T17:03:13.002+0000] {taskinstance.py:1662} INFO - Exporting env vars: AIRFLOW_CTX_DAG_OWNER='***' AIRFLOW_CTX_DAG_ID='my_scraping_dag' AIRFLOW_CTX_TASK_ID='main_task' AIRFLOW_CTX_EXECUTION_DATE='2023-01-14T00:00:00+00:00' AIRFLOW_CTX_TRY_NUMBER='1' AIRFLOW_CTX_DAG_RUN_ID='scheduled__2023-01-14T00:00:00+00:00'
[2023-12-07T17:03:13.031+0000] {logging_mixin.py:154} INFO - base_url: https://tuncbotanik.com
[2023-12-07T17:03:13.033+0000] {python.py:194} INFO - Done. Returned value was: ('https://tuncbotanik.com', {'User-Agent': 'Mozilla/5.0 (Macintosh; Intel Mac OS X 10_15_7) AppleWebKit/537.36 (KHTML, like Gecko) Chrome/119.0.0.0 Safari/537.36', 'Accept-Language': 'tr-TR,tr;q=0.9,en-US;q=0.8,en;q=0.7'}, {'dbname': 'plant', 'user': 'aozgokme', 'password': '***', 'host': 'localhost', 'port': '5432'})
[2023-12-07T17:03:13.054+0000] {taskinstance.py:1400} INFO - Marking task as SUCCESS. dag_id=my_scraping_dag, task_id=main_task, execution_date=20230114T000000, start_date=20231207T170312, end_date=20231207T170313
[2023-12-07T17:03:13.104+0000] {local_task_job_runner.py:228} INFO - Task exited with return code 0
[2023-12-07T17:03:13.149+0000] {taskinstance.py:2778} INFO - 0 downstream tasks scheduled from follow-on schedule check
[2023-12-07T17:18:20.388+0000] {taskinstance.py:1159} INFO - Dependencies all met for dep_context=non-requeueable deps ti=<TaskInstance: my_scraping_dag.main_task scheduled__2023-01-14T00:00:00+00:00 [queued]>
[2023-12-07T17:18:20.399+0000] {taskinstance.py:1159} INFO - Dependencies all met for dep_context=requeueable deps ti=<TaskInstance: my_scraping_dag.main_task scheduled__2023-01-14T00:00:00+00:00 [queued]>
[2023-12-07T17:18:20.403+0000] {taskinstance.py:1361} INFO - Starting attempt 1 of 1
[2023-12-07T17:18:20.417+0000] {taskinstance.py:1382} INFO - Executing <Task(PythonOperator): main_task> on 2023-01-14 00:00:00+00:00
[2023-12-07T17:18:20.428+0000] {standard_task_runner.py:57} INFO - Started process 8569 to run task
[2023-12-07T17:18:20.437+0000] {standard_task_runner.py:84} INFO - Running: ['***', 'tasks', 'run', 'my_scraping_dag', 'main_task', 'scheduled__2023-01-14T00:00:00+00:00', '--job-id', '2543', '--raw', '--subdir', 'DAGS_FOLDER/main.py', '--cfg-path', '/tmp/tmpyyzs9ur4']
[2023-12-07T17:18:20.443+0000] {standard_task_runner.py:85} INFO - Job 2543: Subtask main_task
[2023-12-07T17:18:20.490+0000] {task_command.py:416} INFO - Running <TaskInstance: my_scraping_dag.main_task scheduled__2023-01-14T00:00:00+00:00 [running]> on host 63b0c7e341c0
[2023-12-07T17:18:20.538+0000] {taskinstance.py:1662} INFO - Exporting env vars: AIRFLOW_CTX_DAG_OWNER='***' AIRFLOW_CTX_DAG_ID='my_scraping_dag' AIRFLOW_CTX_TASK_ID='main_task' AIRFLOW_CTX_EXECUTION_DATE='2023-01-14T00:00:00+00:00' AIRFLOW_CTX_TRY_NUMBER='1' AIRFLOW_CTX_DAG_RUN_ID='scheduled__2023-01-14T00:00:00+00:00'
[2023-12-07T17:18:21.202+0000] {taskinstance.py:1937} ERROR - Task failed with exception
Traceback (most recent call last):
  File "/home/airflow/.local/lib/python3.8/site-packages/airflow/operators/python.py", line 192, in execute
    return_value = self.execute_callable()
  File "/home/airflow/.local/lib/python3.8/site-packages/airflow/operators/python.py", line 209, in execute_callable
    return self.python_callable(*self.op_args, **self.op_kwargs)
  File "/opt/airflow/dags/main.py", line 80, in main
    insert_data_to_db(products, db_params)
  File "/opt/airflow/dags/main.py", line 43, in insert_data_to_db
    with psycopg2.connect(**db_params) as conn:
  File "/home/airflow/.local/lib/python3.8/site-packages/psycopg2/__init__.py", line 122, in connect
    conn = _connect(dsn, connection_factory=connection_factory, **kwasync)
psycopg2.OperationalError: connection to server at "localhost" (127.0.0.1), port 5432 failed: Connection refused
	Is the server running on that host and accepting TCP/IP connections?
connection to server at "localhost" (::1), port 5432 failed: Cannot assign requested address
	Is the server running on that host and accepting TCP/IP connections?

[2023-12-07T17:18:21.207+0000] {taskinstance.py:1400} INFO - Marking task as FAILED. dag_id=my_scraping_dag, task_id=main_task, execution_date=20230114T000000, start_date=20231207T171820, end_date=20231207T171821
[2023-12-07T17:18:21.211+0000] {standard_task_runner.py:104} ERROR - Failed to execute job 2543 for task main_task (connection to server at "localhost" (127.0.0.1), port 5432 failed: Connection refused
	Is the server running on that host and accepting TCP/IP connections?
connection to server at "localhost" (::1), port 5432 failed: Cannot assign requested address
	Is the server running on that host and accepting TCP/IP connections?
; 8569)
[2023-12-07T17:18:21.252+0000] {local_task_job_runner.py:228} INFO - Task exited with return code 1
[2023-12-07T17:18:21.260+0000] {taskinstance.py:2778} INFO - 0 downstream tasks scheduled from follow-on schedule check
[2023-12-07T17:22:38.564+0000] {taskinstance.py:1159} INFO - Dependencies all met for dep_context=non-requeueable deps ti=<TaskInstance: my_scraping_dag.main_task scheduled__2023-01-14T00:00:00+00:00 [queued]>
[2023-12-07T17:22:38.572+0000] {taskinstance.py:1159} INFO - Dependencies all met for dep_context=requeueable deps ti=<TaskInstance: my_scraping_dag.main_task scheduled__2023-01-14T00:00:00+00:00 [queued]>
[2023-12-07T17:22:38.572+0000] {taskinstance.py:1361} INFO - Starting attempt 1 of 1
[2023-12-07T17:22:38.585+0000] {taskinstance.py:1382} INFO - Executing <Task(PythonOperator): main_task> on 2023-01-14 00:00:00+00:00
[2023-12-07T17:22:38.588+0000] {standard_task_runner.py:57} INFO - Started process 9363 to run task
[2023-12-07T17:22:38.591+0000] {standard_task_runner.py:84} INFO - Running: ['***', 'tasks', 'run', 'my_scraping_dag', 'main_task', 'scheduled__2023-01-14T00:00:00+00:00', '--job-id', '2885', '--raw', '--subdir', 'DAGS_FOLDER/main.py', '--cfg-path', '/tmp/tmpbznj85og']
[2023-12-07T17:22:38.594+0000] {standard_task_runner.py:85} INFO - Job 2885: Subtask main_task
[2023-12-07T17:22:38.635+0000] {task_command.py:416} INFO - Running <TaskInstance: my_scraping_dag.main_task scheduled__2023-01-14T00:00:00+00:00 [running]> on host 63b0c7e341c0
[2023-12-07T17:22:38.705+0000] {taskinstance.py:1662} INFO - Exporting env vars: AIRFLOW_CTX_DAG_OWNER='***' AIRFLOW_CTX_DAG_ID='my_scraping_dag' AIRFLOW_CTX_TASK_ID='main_task' AIRFLOW_CTX_EXECUTION_DATE='2023-01-14T00:00:00+00:00' AIRFLOW_CTX_TRY_NUMBER='1' AIRFLOW_CTX_DAG_RUN_ID='scheduled__2023-01-14T00:00:00+00:00'
[2023-12-07T17:22:39.342+0000] {taskinstance.py:1937} ERROR - Task failed with exception
Traceback (most recent call last):
  File "/home/airflow/.local/lib/python3.8/site-packages/airflow/operators/python.py", line 192, in execute
    return_value = self.execute_callable()
  File "/home/airflow/.local/lib/python3.8/site-packages/airflow/operators/python.py", line 209, in execute_callable
    return self.python_callable(*self.op_args, **self.op_kwargs)
  File "/opt/airflow/dags/main.py", line 73, in main
    insert_data_to_db(products, db_params)
  File "/opt/airflow/dags/main.py", line 40, in insert_data_to_db
    with psycopg2.connect(**db_params) as conn:
  File "/home/airflow/.local/lib/python3.8/site-packages/psycopg2/__init__.py", line 122, in connect
    conn = _connect(dsn, connection_factory=connection_factory, **kwasync)
psycopg2.OperationalError: connection to server at "localhost" (127.0.0.1), port 5432 failed: Connection refused
	Is the server running on that host and accepting TCP/IP connections?
connection to server at "localhost" (::1), port 5432 failed: Cannot assign requested address
	Is the server running on that host and accepting TCP/IP connections?

[2023-12-07T17:22:39.346+0000] {taskinstance.py:1400} INFO - Marking task as FAILED. dag_id=my_scraping_dag, task_id=main_task, execution_date=20230114T000000, start_date=20231207T172238, end_date=20231207T172239
[2023-12-07T17:22:39.350+0000] {standard_task_runner.py:104} ERROR - Failed to execute job 2885 for task main_task (connection to server at "localhost" (127.0.0.1), port 5432 failed: Connection refused
	Is the server running on that host and accepting TCP/IP connections?
connection to server at "localhost" (::1), port 5432 failed: Cannot assign requested address
	Is the server running on that host and accepting TCP/IP connections?
; 9363)
[2023-12-07T17:22:39.373+0000] {local_task_job_runner.py:228} INFO - Task exited with return code 1
[2023-12-07T17:22:39.381+0000] {taskinstance.py:2778} INFO - 0 downstream tasks scheduled from follow-on schedule check
[2023-12-07T17:28:19.554+0000] {taskinstance.py:1159} INFO - Dependencies all met for dep_context=non-requeueable deps ti=<TaskInstance: my_scraping_dag.main_task scheduled__2023-01-14T00:00:00+00:00 [queued]>
[2023-12-07T17:28:19.568+0000] {taskinstance.py:1159} INFO - Dependencies all met for dep_context=requeueable deps ti=<TaskInstance: my_scraping_dag.main_task scheduled__2023-01-14T00:00:00+00:00 [queued]>
[2023-12-07T17:28:19.569+0000] {taskinstance.py:1361} INFO - Starting attempt 1 of 1
[2023-12-07T17:28:19.578+0000] {taskinstance.py:1382} INFO - Executing <Task(PythonOperator): main_task> on 2023-01-14 00:00:00+00:00
[2023-12-07T17:28:19.586+0000] {standard_task_runner.py:57} INFO - Started process 10199 to run task
[2023-12-07T17:28:19.590+0000] {standard_task_runner.py:84} INFO - Running: ['***', 'tasks', 'run', 'my_scraping_dag', 'main_task', 'scheduled__2023-01-14T00:00:00+00:00', '--job-id', '3227', '--raw', '--subdir', 'DAGS_FOLDER/main.py', '--cfg-path', '/tmp/tmppz079gvm']
[2023-12-07T17:28:19.594+0000] {standard_task_runner.py:85} INFO - Job 3227: Subtask main_task
[2023-12-07T17:28:19.645+0000] {task_command.py:416} INFO - Running <TaskInstance: my_scraping_dag.main_task scheduled__2023-01-14T00:00:00+00:00 [running]> on host 63b0c7e341c0
[2023-12-07T17:28:19.694+0000] {taskinstance.py:1662} INFO - Exporting env vars: AIRFLOW_CTX_DAG_OWNER='***' AIRFLOW_CTX_DAG_ID='my_scraping_dag' AIRFLOW_CTX_TASK_ID='main_task' AIRFLOW_CTX_EXECUTION_DATE='2023-01-14T00:00:00+00:00' AIRFLOW_CTX_TRY_NUMBER='1' AIRFLOW_CTX_DAG_RUN_ID='scheduled__2023-01-14T00:00:00+00:00'
[2023-12-07T17:28:20.331+0000] {taskinstance.py:1937} ERROR - Task failed with exception
Traceback (most recent call last):
  File "/home/airflow/.local/lib/python3.8/site-packages/airflow/operators/python.py", line 192, in execute
    return_value = self.execute_callable()
  File "/home/airflow/.local/lib/python3.8/site-packages/airflow/operators/python.py", line 209, in execute_callable
    return self.python_callable(*self.op_args, **self.op_kwargs)
  File "/opt/airflow/dags/main.py", line 73, in main
    insert_data_to_db(products, db_params)
  File "/opt/airflow/dags/main.py", line 40, in insert_data_to_db
    with psycopg2.connect(**db_params) as conn:
  File "/home/airflow/.local/lib/python3.8/site-packages/psycopg2/__init__.py", line 122, in connect
    conn = _connect(dsn, connection_factory=connection_factory, **kwasync)
psycopg2.OperationalError: connection to server at "localhost" (127.0.0.1), port 5432 failed: Connection refused
	Is the server running on that host and accepting TCP/IP connections?
connection to server at "localhost" (::1), port 5432 failed: Cannot assign requested address
	Is the server running on that host and accepting TCP/IP connections?

[2023-12-07T17:28:20.335+0000] {taskinstance.py:1400} INFO - Marking task as FAILED. dag_id=my_scraping_dag, task_id=main_task, execution_date=20230114T000000, start_date=20231207T172819, end_date=20231207T172820
[2023-12-07T17:28:20.339+0000] {standard_task_runner.py:104} ERROR - Failed to execute job 3227 for task main_task (connection to server at "localhost" (127.0.0.1), port 5432 failed: Connection refused
	Is the server running on that host and accepting TCP/IP connections?
connection to server at "localhost" (::1), port 5432 failed: Cannot assign requested address
	Is the server running on that host and accepting TCP/IP connections?
; 10199)
[2023-12-07T17:28:20.366+0000] {local_task_job_runner.py:228} INFO - Task exited with return code 1
[2023-12-07T17:28:20.374+0000] {taskinstance.py:2778} INFO - 0 downstream tasks scheduled from follow-on schedule check
