[2023-12-07T16:34:05.411+0000] {taskinstance.py:1159} INFO - Dependencies all met for dep_context=non-requeueable deps ti=<TaskInstance: my_scraping_dag.main_task scheduled__2023-10-10T00:00:00+00:00 [queued]>
[2023-12-07T16:34:05.414+0000] {taskinstance.py:1159} INFO - Dependencies all met for dep_context=requeueable deps ti=<TaskInstance: my_scraping_dag.main_task scheduled__2023-10-10T00:00:00+00:00 [queued]>
[2023-12-07T16:34:05.415+0000] {taskinstance.py:1361} INFO - Starting attempt 1 of 1
[2023-12-07T16:34:05.422+0000] {taskinstance.py:1382} INFO - Executing <Task(PythonOperator): main_task> on 2023-10-10 00:00:00+00:00
[2023-12-07T16:34:05.425+0000] {standard_task_runner.py:57} INFO - Started process 4147 to run task
[2023-12-07T16:34:05.429+0000] {standard_task_runner.py:84} INFO - Running: ['***', 'tasks', 'run', 'my_scraping_dag', 'main_task', 'scheduled__2023-10-10T00:00:00+00:00', '--job-id', '871', '--raw', '--subdir', 'DAGS_FOLDER/main.py', '--cfg-path', '/tmp/tmp20mmf0fa']
[2023-12-07T16:34:05.431+0000] {standard_task_runner.py:85} INFO - Job 871: Subtask main_task
[2023-12-07T16:34:05.459+0000] {task_command.py:416} INFO - Running <TaskInstance: my_scraping_dag.main_task scheduled__2023-10-10T00:00:00+00:00 [running]> on host 63b0c7e341c0
[2023-12-07T16:34:05.496+0000] {taskinstance.py:1662} INFO - Exporting env vars: AIRFLOW_CTX_DAG_OWNER='***' AIRFLOW_CTX_DAG_ID='my_scraping_dag' AIRFLOW_CTX_TASK_ID='main_task' AIRFLOW_CTX_EXECUTION_DATE='2023-10-10T00:00:00+00:00' AIRFLOW_CTX_TRY_NUMBER='1' AIRFLOW_CTX_DAG_RUN_ID='scheduled__2023-10-10T00:00:00+00:00'
[2023-12-07T16:34:05.497+0000] {taskinstance.py:1937} ERROR - Task failed with exception
Traceback (most recent call last):
  File "/usr/local/lib/python3.8/configparser.py", line 846, in items
    d.update(self._sections[section])
KeyError: 'web'

During handling of the above exception, another exception occurred:

Traceback (most recent call last):
  File "/home/airflow/.local/lib/python3.8/site-packages/airflow/operators/python.py", line 192, in execute
    return_value = self.execute_callable()
  File "/home/airflow/.local/lib/python3.8/site-packages/airflow/operators/python.py", line 209, in execute_callable
    return self.python_callable(*self.op_args, **self.op_kwargs)
  File "/opt/airflow/dags/main.py", line 60, in main
    config = get_config('web')
  File "/opt/airflow/dags/main.py", line 22, in get_config
    return {key: value for key, value in parser.items(section)}
  File "/usr/local/lib/python3.8/configparser.py", line 849, in items
    raise NoSectionError(section)
configparser.NoSectionError: No section: 'web'
[2023-12-07T16:34:05.504+0000] {taskinstance.py:1400} INFO - Marking task as FAILED. dag_id=my_scraping_dag, task_id=main_task, execution_date=20231010T000000, start_date=20231207T163405, end_date=20231207T163405
[2023-12-07T16:34:05.513+0000] {standard_task_runner.py:104} ERROR - Failed to execute job 871 for task main_task (No section: 'web'; 4147)
[2023-12-07T16:34:05.520+0000] {local_task_job_runner.py:228} INFO - Task exited with return code 1
[2023-12-07T16:34:05.557+0000] {taskinstance.py:2778} INFO - 0 downstream tasks scheduled from follow-on schedule check
[2023-12-07T16:42:50.368+0000] {taskinstance.py:1159} INFO - Dependencies all met for dep_context=non-requeueable deps ti=<TaskInstance: my_scraping_dag.main_task scheduled__2023-10-10T00:00:00+00:00 [queued]>
[2023-12-07T16:42:50.373+0000] {taskinstance.py:1159} INFO - Dependencies all met for dep_context=requeueable deps ti=<TaskInstance: my_scraping_dag.main_task scheduled__2023-10-10T00:00:00+00:00 [queued]>
[2023-12-07T16:42:50.373+0000] {taskinstance.py:1361} INFO - Starting attempt 1 of 1
[2023-12-07T16:42:50.405+0000] {taskinstance.py:1382} INFO - Executing <Task(PythonOperator): main_task> on 2023-10-10 00:00:00+00:00
[2023-12-07T16:42:50.407+0000] {standard_task_runner.py:57} INFO - Started process 5040 to run task
[2023-12-07T16:42:50.411+0000] {standard_task_runner.py:84} INFO - Running: ['***', 'tasks', 'run', 'my_scraping_dag', 'main_task', 'scheduled__2023-10-10T00:00:00+00:00', '--job-id', '1216', '--raw', '--subdir', 'DAGS_FOLDER/main.py', '--cfg-path', '/tmp/tmpa60lkh1r']
[2023-12-07T16:42:50.413+0000] {standard_task_runner.py:85} INFO - Job 1216: Subtask main_task
[2023-12-07T16:42:50.468+0000] {task_command.py:416} INFO - Running <TaskInstance: my_scraping_dag.main_task scheduled__2023-10-10T00:00:00+00:00 [running]> on host 63b0c7e341c0
[2023-12-07T16:42:50.537+0000] {taskinstance.py:1662} INFO - Exporting env vars: AIRFLOW_CTX_DAG_OWNER='***' AIRFLOW_CTX_DAG_ID='my_scraping_dag' AIRFLOW_CTX_TASK_ID='main_task' AIRFLOW_CTX_EXECUTION_DATE='2023-10-10T00:00:00+00:00' AIRFLOW_CTX_TRY_NUMBER='1' AIRFLOW_CTX_DAG_RUN_ID='scheduled__2023-10-10T00:00:00+00:00'
[2023-12-07T16:42:50.539+0000] {taskinstance.py:1937} ERROR - Task failed with exception
Traceback (most recent call last):
  File "/usr/local/lib/python3.8/configparser.py", line 846, in items
    d.update(self._sections[section])
KeyError: 'web'

During handling of the above exception, another exception occurred:

Traceback (most recent call last):
  File "/home/airflow/.local/lib/python3.8/site-packages/airflow/operators/python.py", line 192, in execute
    return_value = self.execute_callable()
  File "/home/airflow/.local/lib/python3.8/site-packages/airflow/operators/python.py", line 209, in execute_callable
    return self.python_callable(*self.op_args, **self.op_kwargs)
  File "/opt/airflow/dags/main.py", line 60, in main
    config = get_config('web')
  File "/opt/airflow/dags/main.py", line 22, in get_config
    return {key: value for key, value in parser.items(section)}
  File "/usr/local/lib/python3.8/configparser.py", line 849, in items
    raise NoSectionError(section)
configparser.NoSectionError: No section: 'web'
[2023-12-07T16:42:50.545+0000] {taskinstance.py:1400} INFO - Marking task as FAILED. dag_id=my_scraping_dag, task_id=main_task, execution_date=20231010T000000, start_date=20231207T164250, end_date=20231207T164250
[2023-12-07T16:42:50.552+0000] {standard_task_runner.py:104} ERROR - Failed to execute job 1216 for task main_task (No section: 'web'; 5040)
[2023-12-07T16:42:50.585+0000] {local_task_job_runner.py:228} INFO - Task exited with return code 1
[2023-12-07T16:42:50.610+0000] {taskinstance.py:2778} INFO - 0 downstream tasks scheduled from follow-on schedule check
[2023-12-07T17:01:32.184+0000] {taskinstance.py:1159} INFO - Dependencies all met for dep_context=non-requeueable deps ti=<TaskInstance: my_scraping_dag.main_task scheduled__2023-10-10T00:00:00+00:00 [queued]>
[2023-12-07T17:01:32.190+0000] {taskinstance.py:1159} INFO - Dependencies all met for dep_context=requeueable deps ti=<TaskInstance: my_scraping_dag.main_task scheduled__2023-10-10T00:00:00+00:00 [queued]>
[2023-12-07T17:01:32.190+0000] {taskinstance.py:1361} INFO - Starting attempt 1 of 1
[2023-12-07T17:01:32.218+0000] {taskinstance.py:1382} INFO - Executing <Task(PythonOperator): main_task> on 2023-10-10 00:00:00+00:00
[2023-12-07T17:01:32.221+0000] {standard_task_runner.py:57} INFO - Started process 6507 to run task
[2023-12-07T17:01:32.223+0000] {standard_task_runner.py:84} INFO - Running: ['***', 'tasks', 'run', 'my_scraping_dag', 'main_task', 'scheduled__2023-10-10T00:00:00+00:00', '--job-id', '1719', '--raw', '--subdir', 'DAGS_FOLDER/main.py', '--cfg-path', '/tmp/tmpt01abv4e']
[2023-12-07T17:01:32.225+0000] {standard_task_runner.py:85} INFO - Job 1719: Subtask main_task
[2023-12-07T17:01:32.262+0000] {task_command.py:416} INFO - Running <TaskInstance: my_scraping_dag.main_task scheduled__2023-10-10T00:00:00+00:00 [running]> on host 63b0c7e341c0
[2023-12-07T17:01:32.321+0000] {taskinstance.py:1662} INFO - Exporting env vars: AIRFLOW_CTX_DAG_OWNER='***' AIRFLOW_CTX_DAG_ID='my_scraping_dag' AIRFLOW_CTX_TASK_ID='main_task' AIRFLOW_CTX_EXECUTION_DATE='2023-10-10T00:00:00+00:00' AIRFLOW_CTX_TRY_NUMBER='1' AIRFLOW_CTX_DAG_RUN_ID='scheduled__2023-10-10T00:00:00+00:00'
[2023-12-07T17:01:32.346+0000] {logging_mixin.py:154} INFO - base_url: https://tuncbotanik.com
[2023-12-07T17:01:32.346+0000] {python.py:194} INFO - Done. Returned value was: ('https://tuncbotanik.com', {'User-Agent': 'Mozilla/5.0 (Macintosh; Intel Mac OS X 10_15_7) AppleWebKit/537.36 (KHTML, like Gecko) Chrome/119.0.0.0 Safari/537.36', 'Accept-Language': 'tr-TR,tr;q=0.9,en-US;q=0.8,en;q=0.7'}, {'dbname': 'plant', 'user': 'aozgokme', 'password': '***', 'host': 'localhost', 'port': '5432'})
[2023-12-07T17:01:32.364+0000] {taskinstance.py:1400} INFO - Marking task as SUCCESS. dag_id=my_scraping_dag, task_id=main_task, execution_date=20231010T000000, start_date=20231207T170132, end_date=20231207T170132
[2023-12-07T17:01:32.401+0000] {local_task_job_runner.py:228} INFO - Task exited with return code 0
[2023-12-07T17:01:32.415+0000] {taskinstance.py:2778} INFO - 0 downstream tasks scheduled from follow-on schedule check
[2023-12-07T17:04:53.883+0000] {taskinstance.py:1159} INFO - Dependencies all met for dep_context=non-requeueable deps ti=<TaskInstance: my_scraping_dag.main_task scheduled__2023-10-10T00:00:00+00:00 [queued]>
[2023-12-07T17:04:53.888+0000] {taskinstance.py:1159} INFO - Dependencies all met for dep_context=requeueable deps ti=<TaskInstance: my_scraping_dag.main_task scheduled__2023-10-10T00:00:00+00:00 [queued]>
[2023-12-07T17:04:53.888+0000] {taskinstance.py:1361} INFO - Starting attempt 1 of 1
[2023-12-07T17:04:53.904+0000] {taskinstance.py:1382} INFO - Executing <Task(PythonOperator): main_task> on 2023-10-10 00:00:00+00:00
[2023-12-07T17:04:53.909+0000] {standard_task_runner.py:57} INFO - Started process 7960 to run task
[2023-12-07T17:04:53.912+0000] {standard_task_runner.py:84} INFO - Running: ['***', 'tasks', 'run', 'my_scraping_dag', 'main_task', 'scheduled__2023-10-10T00:00:00+00:00', '--job-id', '2403', '--raw', '--subdir', 'DAGS_FOLDER/main.py', '--cfg-path', '/tmp/tmpkq01uzph']
[2023-12-07T17:04:53.915+0000] {standard_task_runner.py:85} INFO - Job 2403: Subtask main_task
[2023-12-07T17:04:53.949+0000] {task_command.py:416} INFO - Running <TaskInstance: my_scraping_dag.main_task scheduled__2023-10-10T00:00:00+00:00 [running]> on host 63b0c7e341c0
[2023-12-07T17:04:53.998+0000] {taskinstance.py:1662} INFO - Exporting env vars: AIRFLOW_CTX_DAG_OWNER='***' AIRFLOW_CTX_DAG_ID='my_scraping_dag' AIRFLOW_CTX_TASK_ID='main_task' AIRFLOW_CTX_EXECUTION_DATE='2023-10-10T00:00:00+00:00' AIRFLOW_CTX_TRY_NUMBER='1' AIRFLOW_CTX_DAG_RUN_ID='scheduled__2023-10-10T00:00:00+00:00'
[2023-12-07T17:04:54.059+0000] {logging_mixin.py:154} INFO - base_url: https://tuncbotanik.com
[2023-12-07T17:04:54.059+0000] {python.py:194} INFO - Done. Returned value was: ('https://tuncbotanik.com', {'User-Agent': 'Mozilla/5.0 (Macintosh; Intel Mac OS X 10_15_7) AppleWebKit/537.36 (KHTML, like Gecko) Chrome/119.0.0.0 Safari/537.36', 'Accept-Language': 'tr-TR,tr;q=0.9,en-US;q=0.8,en;q=0.7'}, {'dbname': 'plant', 'user': 'aozgokme', 'password': '***', 'host': 'localhost', 'port': '5432'})
[2023-12-07T17:04:54.072+0000] {taskinstance.py:1400} INFO - Marking task as SUCCESS. dag_id=my_scraping_dag, task_id=main_task, execution_date=20231010T000000, start_date=20231207T170453, end_date=20231207T170454
[2023-12-07T17:04:54.128+0000] {local_task_job_runner.py:228} INFO - Task exited with return code 0
[2023-12-07T17:04:54.180+0000] {taskinstance.py:2778} INFO - 0 downstream tasks scheduled from follow-on schedule check
[2023-12-07T17:19:17.885+0000] {taskinstance.py:1159} INFO - Dependencies all met for dep_context=non-requeueable deps ti=<TaskInstance: my_scraping_dag.main_task scheduled__2023-10-10T00:00:00+00:00 [queued]>
[2023-12-07T17:19:17.890+0000] {taskinstance.py:1159} INFO - Dependencies all met for dep_context=requeueable deps ti=<TaskInstance: my_scraping_dag.main_task scheduled__2023-10-10T00:00:00+00:00 [queued]>
[2023-12-07T17:19:17.890+0000] {taskinstance.py:1361} INFO - Starting attempt 1 of 1
[2023-12-07T17:19:17.896+0000] {taskinstance.py:1382} INFO - Executing <Task(PythonOperator): main_task> on 2023-10-10 00:00:00+00:00
[2023-12-07T17:19:17.899+0000] {standard_task_runner.py:57} INFO - Started process 9125 to run task
[2023-12-07T17:19:17.901+0000] {standard_task_runner.py:84} INFO - Running: ['***', 'tasks', 'run', 'my_scraping_dag', 'main_task', 'scheduled__2023-10-10T00:00:00+00:00', '--job-id', '2812', '--raw', '--subdir', 'DAGS_FOLDER/main.py', '--cfg-path', '/tmp/tmpfnl9v6d1']
[2023-12-07T17:19:17.903+0000] {standard_task_runner.py:85} INFO - Job 2812: Subtask main_task
[2023-12-07T17:19:17.929+0000] {task_command.py:416} INFO - Running <TaskInstance: my_scraping_dag.main_task scheduled__2023-10-10T00:00:00+00:00 [running]> on host 63b0c7e341c0
[2023-12-07T17:19:17.973+0000] {taskinstance.py:1662} INFO - Exporting env vars: AIRFLOW_CTX_DAG_OWNER='***' AIRFLOW_CTX_DAG_ID='my_scraping_dag' AIRFLOW_CTX_TASK_ID='main_task' AIRFLOW_CTX_EXECUTION_DATE='2023-10-10T00:00:00+00:00' AIRFLOW_CTX_TRY_NUMBER='1' AIRFLOW_CTX_DAG_RUN_ID='scheduled__2023-10-10T00:00:00+00:00'
[2023-12-07T17:19:18.712+0000] {taskinstance.py:1937} ERROR - Task failed with exception
Traceback (most recent call last):
  File "/home/airflow/.local/lib/python3.8/site-packages/airflow/operators/python.py", line 192, in execute
    return_value = self.execute_callable()
  File "/home/airflow/.local/lib/python3.8/site-packages/airflow/operators/python.py", line 209, in execute_callable
    return self.python_callable(*self.op_args, **self.op_kwargs)
  File "/opt/airflow/dags/main.py", line 80, in main
    insert_data_to_db(products, db_params)
  File "/opt/airflow/dags/main.py", line 43, in insert_data_to_db
    with psycopg2.connect(**db_params) as conn:
  File "/home/airflow/.local/lib/python3.8/site-packages/psycopg2/__init__.py", line 122, in connect
    conn = _connect(dsn, connection_factory=connection_factory, **kwasync)
psycopg2.OperationalError: connection to server at "localhost" (127.0.0.1), port 5432 failed: Connection refused
	Is the server running on that host and accepting TCP/IP connections?
connection to server at "localhost" (::1), port 5432 failed: Cannot assign requested address
	Is the server running on that host and accepting TCP/IP connections?

[2023-12-07T17:19:18.723+0000] {taskinstance.py:1400} INFO - Marking task as FAILED. dag_id=my_scraping_dag, task_id=main_task, execution_date=20231010T000000, start_date=20231207T171917, end_date=20231207T171918
[2023-12-07T17:19:18.730+0000] {standard_task_runner.py:104} ERROR - Failed to execute job 2812 for task main_task (connection to server at "localhost" (127.0.0.1), port 5432 failed: Connection refused
	Is the server running on that host and accepting TCP/IP connections?
connection to server at "localhost" (::1), port 5432 failed: Cannot assign requested address
	Is the server running on that host and accepting TCP/IP connections?
; 9125)
[2023-12-07T17:19:18.759+0000] {local_task_job_runner.py:228} INFO - Task exited with return code 1
[2023-12-07T17:19:18.774+0000] {taskinstance.py:2778} INFO - 0 downstream tasks scheduled from follow-on schedule check
[2023-12-07T17:23:35.470+0000] {taskinstance.py:1159} INFO - Dependencies all met for dep_context=non-requeueable deps ti=<TaskInstance: my_scraping_dag.main_task scheduled__2023-10-10T00:00:00+00:00 [queued]>
[2023-12-07T17:23:35.494+0000] {taskinstance.py:1159} INFO - Dependencies all met for dep_context=requeueable deps ti=<TaskInstance: my_scraping_dag.main_task scheduled__2023-10-10T00:00:00+00:00 [queued]>
[2023-12-07T17:23:35.498+0000] {taskinstance.py:1361} INFO - Starting attempt 1 of 1
[2023-12-07T17:23:35.525+0000] {taskinstance.py:1382} INFO - Executing <Task(PythonOperator): main_task> on 2023-10-10 00:00:00+00:00
[2023-12-07T17:23:35.529+0000] {standard_task_runner.py:57} INFO - Started process 9926 to run task
[2023-12-07T17:23:35.542+0000] {standard_task_runner.py:84} INFO - Running: ['***', 'tasks', 'run', 'my_scraping_dag', 'main_task', 'scheduled__2023-10-10T00:00:00+00:00', '--job-id', '3154', '--raw', '--subdir', 'DAGS_FOLDER/main.py', '--cfg-path', '/tmp/tmpbs0j4k_7']
[2023-12-07T17:23:35.555+0000] {standard_task_runner.py:85} INFO - Job 3154: Subtask main_task
[2023-12-07T17:23:35.622+0000] {task_command.py:416} INFO - Running <TaskInstance: my_scraping_dag.main_task scheduled__2023-10-10T00:00:00+00:00 [running]> on host 63b0c7e341c0
[2023-12-07T17:23:35.706+0000] {taskinstance.py:1662} INFO - Exporting env vars: AIRFLOW_CTX_DAG_OWNER='***' AIRFLOW_CTX_DAG_ID='my_scraping_dag' AIRFLOW_CTX_TASK_ID='main_task' AIRFLOW_CTX_EXECUTION_DATE='2023-10-10T00:00:00+00:00' AIRFLOW_CTX_TRY_NUMBER='1' AIRFLOW_CTX_DAG_RUN_ID='scheduled__2023-10-10T00:00:00+00:00'
[2023-12-07T17:23:36.517+0000] {taskinstance.py:1937} ERROR - Task failed with exception
Traceback (most recent call last):
  File "/home/airflow/.local/lib/python3.8/site-packages/airflow/operators/python.py", line 192, in execute
    return_value = self.execute_callable()
  File "/home/airflow/.local/lib/python3.8/site-packages/airflow/operators/python.py", line 209, in execute_callable
    return self.python_callable(*self.op_args, **self.op_kwargs)
  File "/opt/airflow/dags/main.py", line 73, in main
    insert_data_to_db(products, db_params)
  File "/opt/airflow/dags/main.py", line 40, in insert_data_to_db
    with psycopg2.connect(**db_params) as conn:
  File "/home/airflow/.local/lib/python3.8/site-packages/psycopg2/__init__.py", line 122, in connect
    conn = _connect(dsn, connection_factory=connection_factory, **kwasync)
psycopg2.OperationalError: connection to server at "localhost" (127.0.0.1), port 5432 failed: Connection refused
	Is the server running on that host and accepting TCP/IP connections?
connection to server at "localhost" (::1), port 5432 failed: Cannot assign requested address
	Is the server running on that host and accepting TCP/IP connections?

[2023-12-07T17:23:36.531+0000] {taskinstance.py:1400} INFO - Marking task as FAILED. dag_id=my_scraping_dag, task_id=main_task, execution_date=20231010T000000, start_date=20231207T172335, end_date=20231207T172336
[2023-12-07T17:23:36.542+0000] {standard_task_runner.py:104} ERROR - Failed to execute job 3154 for task main_task (connection to server at "localhost" (127.0.0.1), port 5432 failed: Connection refused
	Is the server running on that host and accepting TCP/IP connections?
connection to server at "localhost" (::1), port 5432 failed: Cannot assign requested address
	Is the server running on that host and accepting TCP/IP connections?
; 9926)
[2023-12-07T17:23:36.552+0000] {local_task_job_runner.py:228} INFO - Task exited with return code 1
[2023-12-07T17:23:36.565+0000] {taskinstance.py:2778} INFO - 0 downstream tasks scheduled from follow-on schedule check
[2023-12-07T17:29:12.867+0000] {taskinstance.py:1159} INFO - Dependencies all met for dep_context=non-requeueable deps ti=<TaskInstance: my_scraping_dag.main_task scheduled__2023-10-10T00:00:00+00:00 [queued]>
[2023-12-07T17:29:12.874+0000] {taskinstance.py:1159} INFO - Dependencies all met for dep_context=requeueable deps ti=<TaskInstance: my_scraping_dag.main_task scheduled__2023-10-10T00:00:00+00:00 [queued]>
[2023-12-07T17:29:12.874+0000] {taskinstance.py:1361} INFO - Starting attempt 1 of 1
[2023-12-07T17:29:12.897+0000] {taskinstance.py:1382} INFO - Executing <Task(PythonOperator): main_task> on 2023-10-10 00:00:00+00:00
[2023-12-07T17:29:12.903+0000] {standard_task_runner.py:57} INFO - Started process 10760 to run task
[2023-12-07T17:29:12.907+0000] {standard_task_runner.py:84} INFO - Running: ['***', 'tasks', 'run', 'my_scraping_dag', 'main_task', 'scheduled__2023-10-10T00:00:00+00:00', '--job-id', '3496', '--raw', '--subdir', 'DAGS_FOLDER/main.py', '--cfg-path', '/tmp/tmp9y1vv4e2']
[2023-12-07T17:29:12.909+0000] {standard_task_runner.py:85} INFO - Job 3496: Subtask main_task
[2023-12-07T17:29:12.963+0000] {task_command.py:416} INFO - Running <TaskInstance: my_scraping_dag.main_task scheduled__2023-10-10T00:00:00+00:00 [running]> on host 63b0c7e341c0
[2023-12-07T17:29:13.163+0000] {taskinstance.py:1662} INFO - Exporting env vars: AIRFLOW_CTX_DAG_OWNER='***' AIRFLOW_CTX_DAG_ID='my_scraping_dag' AIRFLOW_CTX_TASK_ID='main_task' AIRFLOW_CTX_EXECUTION_DATE='2023-10-10T00:00:00+00:00' AIRFLOW_CTX_TRY_NUMBER='1' AIRFLOW_CTX_DAG_RUN_ID='scheduled__2023-10-10T00:00:00+00:00'
[2023-12-07T17:29:14.064+0000] {taskinstance.py:1937} ERROR - Task failed with exception
Traceback (most recent call last):
  File "/home/airflow/.local/lib/python3.8/site-packages/airflow/operators/python.py", line 192, in execute
    return_value = self.execute_callable()
  File "/home/airflow/.local/lib/python3.8/site-packages/airflow/operators/python.py", line 209, in execute_callable
    return self.python_callable(*self.op_args, **self.op_kwargs)
  File "/opt/airflow/dags/main.py", line 73, in main
    insert_data_to_db(products, db_params)
  File "/opt/airflow/dags/main.py", line 40, in insert_data_to_db
    with psycopg2.connect(**db_params) as conn:
  File "/home/airflow/.local/lib/python3.8/site-packages/psycopg2/__init__.py", line 122, in connect
    conn = _connect(dsn, connection_factory=connection_factory, **kwasync)
psycopg2.OperationalError: connection to server at "localhost" (127.0.0.1), port 5432 failed: Connection refused
	Is the server running on that host and accepting TCP/IP connections?
connection to server at "localhost" (::1), port 5432 failed: Cannot assign requested address
	Is the server running on that host and accepting TCP/IP connections?

[2023-12-07T17:29:14.068+0000] {taskinstance.py:1400} INFO - Marking task as FAILED. dag_id=my_scraping_dag, task_id=main_task, execution_date=20231010T000000, start_date=20231207T172912, end_date=20231207T172914
[2023-12-07T17:29:14.075+0000] {standard_task_runner.py:104} ERROR - Failed to execute job 3496 for task main_task (connection to server at "localhost" (127.0.0.1), port 5432 failed: Connection refused
	Is the server running on that host and accepting TCP/IP connections?
connection to server at "localhost" (::1), port 5432 failed: Cannot assign requested address
	Is the server running on that host and accepting TCP/IP connections?
; 10760)
[2023-12-07T17:29:14.089+0000] {local_task_job_runner.py:228} INFO - Task exited with return code 1
[2023-12-07T17:29:14.099+0000] {taskinstance.py:2778} INFO - 0 downstream tasks scheduled from follow-on schedule check
