[2023-11-21T12:54:46.628+0000] {processor.py:157} INFO - Started process (PID=355) to work on /home/airflow/.local/lib/python3.8/site-packages/airflow/example_dags/example_latest_only_with_trigger.py
[2023-11-21T12:54:46.629+0000] {processor.py:829} INFO - Processing file /home/airflow/.local/lib/python3.8/site-packages/airflow/example_dags/example_latest_only_with_trigger.py for tasks to queue
[2023-11-21T12:54:46.629+0000] {logging_mixin.py:154} INFO - [2023-11-21T12:54:46.629+0000] {dagbag.py:536} INFO - Filling up the DagBag from /home/airflow/.local/lib/python3.8/site-packages/airflow/example_dags/example_latest_only_with_trigger.py
[2023-11-21T12:54:46.633+0000] {processor.py:839} INFO - DAG(s) dict_keys(['latest_only_with_trigger']) retrieved from /home/airflow/.local/lib/python3.8/site-packages/airflow/example_dags/example_latest_only_with_trigger.py
[2023-11-21T12:54:46.640+0000] {logging_mixin.py:154} INFO - [2023-11-21T12:54:46.640+0000] {dag.py:2941} INFO - Sync 1 DAGs
[2023-11-21T12:54:46.650+0000] {logging_mixin.py:154} INFO - [2023-11-21T12:54:46.650+0000] {dag.py:3722} INFO - Setting next_dagrun for latest_only_with_trigger to 2023-11-21T08:54:46.650534+00:00, run_after=2023-11-21T12:54:46.650534+00:00
[2023-11-21T12:54:46.658+0000] {processor.py:179} INFO - Processing /home/airflow/.local/lib/python3.8/site-packages/airflow/example_dags/example_latest_only_with_trigger.py took 0.032 seconds
[2023-11-21T12:55:16.677+0000] {processor.py:157} INFO - Started process (PID=591) to work on /home/airflow/.local/lib/python3.8/site-packages/airflow/example_dags/example_latest_only_with_trigger.py
[2023-11-21T12:55:16.678+0000] {processor.py:829} INFO - Processing file /home/airflow/.local/lib/python3.8/site-packages/airflow/example_dags/example_latest_only_with_trigger.py for tasks to queue
[2023-11-21T12:55:16.679+0000] {logging_mixin.py:154} INFO - [2023-11-21T12:55:16.678+0000] {dagbag.py:536} INFO - Filling up the DagBag from /home/airflow/.local/lib/python3.8/site-packages/airflow/example_dags/example_latest_only_with_trigger.py
[2023-11-21T12:55:16.682+0000] {processor.py:839} INFO - DAG(s) dict_keys(['latest_only_with_trigger']) retrieved from /home/airflow/.local/lib/python3.8/site-packages/airflow/example_dags/example_latest_only_with_trigger.py
[2023-11-21T12:55:16.691+0000] {logging_mixin.py:154} INFO - [2023-11-21T12:55:16.691+0000] {dag.py:2941} INFO - Sync 1 DAGs
[2023-11-21T12:55:16.700+0000] {logging_mixin.py:154} INFO - [2023-11-21T12:55:16.700+0000] {dag.py:3722} INFO - Setting next_dagrun for latest_only_with_trigger to 2023-11-21T08:55:16.700753+00:00, run_after=2023-11-21T12:55:16.700753+00:00
[2023-11-21T12:55:16.707+0000] {processor.py:179} INFO - Processing /home/airflow/.local/lib/python3.8/site-packages/airflow/example_dags/example_latest_only_with_trigger.py took 0.031 seconds
[2023-11-21T12:55:47.217+0000] {processor.py:157} INFO - Started process (PID=829) to work on /home/airflow/.local/lib/python3.8/site-packages/airflow/example_dags/example_latest_only_with_trigger.py
[2023-11-21T12:55:47.217+0000] {processor.py:829} INFO - Processing file /home/airflow/.local/lib/python3.8/site-packages/airflow/example_dags/example_latest_only_with_trigger.py for tasks to queue
[2023-11-21T12:55:47.218+0000] {logging_mixin.py:154} INFO - [2023-11-21T12:55:47.218+0000] {dagbag.py:536} INFO - Filling up the DagBag from /home/airflow/.local/lib/python3.8/site-packages/airflow/example_dags/example_latest_only_with_trigger.py
[2023-11-21T12:55:47.221+0000] {processor.py:839} INFO - DAG(s) dict_keys(['latest_only_with_trigger']) retrieved from /home/airflow/.local/lib/python3.8/site-packages/airflow/example_dags/example_latest_only_with_trigger.py
[2023-11-21T12:55:47.231+0000] {logging_mixin.py:154} INFO - [2023-11-21T12:55:47.231+0000] {dag.py:2941} INFO - Sync 1 DAGs
[2023-11-21T12:55:47.241+0000] {logging_mixin.py:154} INFO - [2023-11-21T12:55:47.241+0000] {dag.py:3722} INFO - Setting next_dagrun for latest_only_with_trigger to 2023-11-21T08:55:47.241631+00:00, run_after=2023-11-21T12:55:47.241631+00:00
[2023-11-21T12:55:47.249+0000] {processor.py:179} INFO - Processing /home/airflow/.local/lib/python3.8/site-packages/airflow/example_dags/example_latest_only_with_trigger.py took 0.034 seconds
[2023-11-21T12:56:17.766+0000] {processor.py:157} INFO - Started process (PID=1067) to work on /home/airflow/.local/lib/python3.8/site-packages/airflow/example_dags/example_latest_only_with_trigger.py
[2023-11-21T12:56:17.766+0000] {processor.py:829} INFO - Processing file /home/airflow/.local/lib/python3.8/site-packages/airflow/example_dags/example_latest_only_with_trigger.py for tasks to queue
[2023-11-21T12:56:17.767+0000] {logging_mixin.py:154} INFO - [2023-11-21T12:56:17.767+0000] {dagbag.py:536} INFO - Filling up the DagBag from /home/airflow/.local/lib/python3.8/site-packages/airflow/example_dags/example_latest_only_with_trigger.py
[2023-11-21T12:56:17.770+0000] {processor.py:839} INFO - DAG(s) dict_keys(['latest_only_with_trigger']) retrieved from /home/airflow/.local/lib/python3.8/site-packages/airflow/example_dags/example_latest_only_with_trigger.py
[2023-11-21T12:56:17.779+0000] {logging_mixin.py:154} INFO - [2023-11-21T12:56:17.779+0000] {dag.py:2941} INFO - Sync 1 DAGs
[2023-11-21T12:56:17.789+0000] {logging_mixin.py:154} INFO - [2023-11-21T12:56:17.789+0000] {dag.py:3722} INFO - Setting next_dagrun for latest_only_with_trigger to 2023-11-21T08:56:17.789301+00:00, run_after=2023-11-21T12:56:17.789301+00:00
[2023-11-21T12:56:17.796+0000] {processor.py:179} INFO - Processing /home/airflow/.local/lib/python3.8/site-packages/airflow/example_dags/example_latest_only_with_trigger.py took 0.033 seconds
[2023-11-21T12:56:48.318+0000] {processor.py:157} INFO - Started process (PID=1305) to work on /home/airflow/.local/lib/python3.8/site-packages/airflow/example_dags/example_latest_only_with_trigger.py
[2023-11-21T12:56:48.318+0000] {processor.py:829} INFO - Processing file /home/airflow/.local/lib/python3.8/site-packages/airflow/example_dags/example_latest_only_with_trigger.py for tasks to queue
[2023-11-21T12:56:48.319+0000] {logging_mixin.py:154} INFO - [2023-11-21T12:56:48.318+0000] {dagbag.py:536} INFO - Filling up the DagBag from /home/airflow/.local/lib/python3.8/site-packages/airflow/example_dags/example_latest_only_with_trigger.py
[2023-11-21T12:56:48.323+0000] {processor.py:839} INFO - DAG(s) dict_keys(['latest_only_with_trigger']) retrieved from /home/airflow/.local/lib/python3.8/site-packages/airflow/example_dags/example_latest_only_with_trigger.py
[2023-11-21T12:56:48.333+0000] {logging_mixin.py:154} INFO - [2023-11-21T12:56:48.333+0000] {dag.py:2941} INFO - Sync 1 DAGs
[2023-11-21T12:56:48.343+0000] {logging_mixin.py:154} INFO - [2023-11-21T12:56:48.343+0000] {dag.py:3722} INFO - Setting next_dagrun for latest_only_with_trigger to 2023-11-21T08:56:48.343618+00:00, run_after=2023-11-21T12:56:48.343618+00:00
[2023-11-21T12:56:48.351+0000] {processor.py:179} INFO - Processing /home/airflow/.local/lib/python3.8/site-packages/airflow/example_dags/example_latest_only_with_trigger.py took 0.036 seconds
