[2023-11-21T12:54:46.355+0000] {processor.py:157} INFO - Started process (PID=310) to work on /home/airflow/.local/lib/python3.8/site-packages/airflow/example_dags/example_branch_labels.py
[2023-11-21T12:54:46.356+0000] {processor.py:829} INFO - Processing file /home/airflow/.local/lib/python3.8/site-packages/airflow/example_dags/example_branch_labels.py for tasks to queue
[2023-11-21T12:54:46.357+0000] {logging_mixin.py:154} INFO - [2023-11-21T12:54:46.356+0000] {dagbag.py:536} INFO - Filling up the DagBag from /home/airflow/.local/lib/python3.8/site-packages/airflow/example_dags/example_branch_labels.py
[2023-11-21T12:54:46.361+0000] {processor.py:839} INFO - DAG(s) dict_keys(['example_branch_labels']) retrieved from /home/airflow/.local/lib/python3.8/site-packages/airflow/example_dags/example_branch_labels.py
[2023-11-21T12:54:46.367+0000] {logging_mixin.py:154} INFO - [2023-11-21T12:54:46.367+0000] {dag.py:2941} INFO - Sync 1 DAGs
[2023-11-21T12:54:46.379+0000] {logging_mixin.py:154} INFO - [2023-11-21T12:54:46.379+0000] {dag.py:3722} INFO - Setting next_dagrun for example_branch_labels to 2023-11-20T00:00:00+00:00, run_after=2023-11-21T00:00:00+00:00
[2023-11-21T12:54:46.386+0000] {processor.py:179} INFO - Processing /home/airflow/.local/lib/python3.8/site-packages/airflow/example_dags/example_branch_labels.py took 0.033 seconds
[2023-11-21T12:55:16.409+0000] {processor.py:157} INFO - Started process (PID=546) to work on /home/airflow/.local/lib/python3.8/site-packages/airflow/example_dags/example_branch_labels.py
[2023-11-21T12:55:16.410+0000] {processor.py:829} INFO - Processing file /home/airflow/.local/lib/python3.8/site-packages/airflow/example_dags/example_branch_labels.py for tasks to queue
[2023-11-21T12:55:16.410+0000] {logging_mixin.py:154} INFO - [2023-11-21T12:55:16.410+0000] {dagbag.py:536} INFO - Filling up the DagBag from /home/airflow/.local/lib/python3.8/site-packages/airflow/example_dags/example_branch_labels.py
[2023-11-21T12:55:16.414+0000] {processor.py:839} INFO - DAG(s) dict_keys(['example_branch_labels']) retrieved from /home/airflow/.local/lib/python3.8/site-packages/airflow/example_dags/example_branch_labels.py
[2023-11-21T12:55:16.425+0000] {logging_mixin.py:154} INFO - [2023-11-21T12:55:16.425+0000] {dag.py:2941} INFO - Sync 1 DAGs
[2023-11-21T12:55:16.435+0000] {logging_mixin.py:154} INFO - [2023-11-21T12:55:16.435+0000] {dag.py:3722} INFO - Setting next_dagrun for example_branch_labels to 2023-11-20T00:00:00+00:00, run_after=2023-11-21T00:00:00+00:00
[2023-11-21T12:55:16.443+0000] {processor.py:179} INFO - Processing /home/airflow/.local/lib/python3.8/site-packages/airflow/example_dags/example_branch_labels.py took 0.035 seconds
[2023-11-21T12:55:47.003+0000] {processor.py:157} INFO - Started process (PID=786) to work on /home/airflow/.local/lib/python3.8/site-packages/airflow/example_dags/example_branch_labels.py
[2023-11-21T12:55:47.003+0000] {processor.py:829} INFO - Processing file /home/airflow/.local/lib/python3.8/site-packages/airflow/example_dags/example_branch_labels.py for tasks to queue
[2023-11-21T12:55:47.004+0000] {logging_mixin.py:154} INFO - [2023-11-21T12:55:47.003+0000] {dagbag.py:536} INFO - Filling up the DagBag from /home/airflow/.local/lib/python3.8/site-packages/airflow/example_dags/example_branch_labels.py
[2023-11-21T12:55:47.008+0000] {processor.py:839} INFO - DAG(s) dict_keys(['example_branch_labels']) retrieved from /home/airflow/.local/lib/python3.8/site-packages/airflow/example_dags/example_branch_labels.py
[2023-11-21T12:55:47.019+0000] {logging_mixin.py:154} INFO - [2023-11-21T12:55:47.019+0000] {dag.py:2941} INFO - Sync 1 DAGs
[2023-11-21T12:55:47.029+0000] {logging_mixin.py:154} INFO - [2023-11-21T12:55:47.028+0000] {dag.py:3722} INFO - Setting next_dagrun for example_branch_labels to 2023-11-20T00:00:00+00:00, run_after=2023-11-21T00:00:00+00:00
[2023-11-21T12:55:47.035+0000] {processor.py:179} INFO - Processing /home/airflow/.local/lib/python3.8/site-packages/airflow/example_dags/example_branch_labels.py took 0.034 seconds
[2023-11-21T12:56:17.555+0000] {processor.py:157} INFO - Started process (PID=1024) to work on /home/airflow/.local/lib/python3.8/site-packages/airflow/example_dags/example_branch_labels.py
[2023-11-21T12:56:17.555+0000] {processor.py:829} INFO - Processing file /home/airflow/.local/lib/python3.8/site-packages/airflow/example_dags/example_branch_labels.py for tasks to queue
[2023-11-21T12:56:17.556+0000] {logging_mixin.py:154} INFO - [2023-11-21T12:56:17.556+0000] {dagbag.py:536} INFO - Filling up the DagBag from /home/airflow/.local/lib/python3.8/site-packages/airflow/example_dags/example_branch_labels.py
[2023-11-21T12:56:17.559+0000] {processor.py:839} INFO - DAG(s) dict_keys(['example_branch_labels']) retrieved from /home/airflow/.local/lib/python3.8/site-packages/airflow/example_dags/example_branch_labels.py
[2023-11-21T12:56:17.570+0000] {logging_mixin.py:154} INFO - [2023-11-21T12:56:17.570+0000] {dag.py:2941} INFO - Sync 1 DAGs
[2023-11-21T12:56:17.580+0000] {logging_mixin.py:154} INFO - [2023-11-21T12:56:17.580+0000] {dag.py:3722} INFO - Setting next_dagrun for example_branch_labels to 2023-11-20T00:00:00+00:00, run_after=2023-11-21T00:00:00+00:00
[2023-11-21T12:56:17.587+0000] {processor.py:179} INFO - Processing /home/airflow/.local/lib/python3.8/site-packages/airflow/example_dags/example_branch_labels.py took 0.034 seconds
[2023-11-21T12:56:48.082+0000] {processor.py:157} INFO - Started process (PID=1260) to work on /home/airflow/.local/lib/python3.8/site-packages/airflow/example_dags/example_branch_labels.py
[2023-11-21T12:56:48.082+0000] {processor.py:829} INFO - Processing file /home/airflow/.local/lib/python3.8/site-packages/airflow/example_dags/example_branch_labels.py for tasks to queue
[2023-11-21T12:56:48.083+0000] {logging_mixin.py:154} INFO - [2023-11-21T12:56:48.083+0000] {dagbag.py:536} INFO - Filling up the DagBag from /home/airflow/.local/lib/python3.8/site-packages/airflow/example_dags/example_branch_labels.py
[2023-11-21T12:56:48.087+0000] {processor.py:839} INFO - DAG(s) dict_keys(['example_branch_labels']) retrieved from /home/airflow/.local/lib/python3.8/site-packages/airflow/example_dags/example_branch_labels.py
[2023-11-21T12:56:48.098+0000] {logging_mixin.py:154} INFO - [2023-11-21T12:56:48.098+0000] {dag.py:2941} INFO - Sync 1 DAGs
[2023-11-21T12:56:48.108+0000] {logging_mixin.py:154} INFO - [2023-11-21T12:56:48.108+0000] {dag.py:3722} INFO - Setting next_dagrun for example_branch_labels to 2023-11-20T00:00:00+00:00, run_after=2023-11-21T00:00:00+00:00
[2023-11-21T12:56:48.116+0000] {processor.py:179} INFO - Processing /home/airflow/.local/lib/python3.8/site-packages/airflow/example_dags/example_branch_labels.py took 0.036 seconds
