[2023-11-21T12:54:46.158+0000] {processor.py:157} INFO - Started process (PID=280) to work on /home/airflow/.local/lib/python3.8/site-packages/airflow/example_dags/example_short_circuit_decorator.py
[2023-11-21T12:54:46.159+0000] {processor.py:829} INFO - Processing file /home/airflow/.local/lib/python3.8/site-packages/airflow/example_dags/example_short_circuit_decorator.py for tasks to queue
[2023-11-21T12:54:46.159+0000] {logging_mixin.py:154} INFO - [2023-11-21T12:54:46.159+0000] {dagbag.py:536} INFO - Filling up the DagBag from /home/airflow/.local/lib/python3.8/site-packages/airflow/example_dags/example_short_circuit_decorator.py
[2023-11-21T12:54:46.165+0000] {processor.py:839} INFO - DAG(s) dict_keys(['example_short_circuit_decorator']) retrieved from /home/airflow/.local/lib/python3.8/site-packages/airflow/example_dags/example_short_circuit_decorator.py
[2023-11-21T12:54:46.172+0000] {logging_mixin.py:154} INFO - [2023-11-21T12:54:46.172+0000] {dag.py:2941} INFO - Sync 1 DAGs
[2023-11-21T12:54:46.185+0000] {logging_mixin.py:154} INFO - [2023-11-21T12:54:46.184+0000] {dag.py:3722} INFO - Setting next_dagrun for example_short_circuit_decorator to 2023-11-20T12:54:46.184773+00:00, run_after=2023-11-21T12:54:46.184773+00:00
[2023-11-21T12:54:46.194+0000] {processor.py:179} INFO - Processing /home/airflow/.local/lib/python3.8/site-packages/airflow/example_dags/example_short_circuit_decorator.py took 0.037 seconds
[2023-11-21T12:55:16.242+0000] {processor.py:157} INFO - Started process (PID=516) to work on /home/airflow/.local/lib/python3.8/site-packages/airflow/example_dags/example_short_circuit_decorator.py
[2023-11-21T12:55:16.243+0000] {processor.py:829} INFO - Processing file /home/airflow/.local/lib/python3.8/site-packages/airflow/example_dags/example_short_circuit_decorator.py for tasks to queue
[2023-11-21T12:55:16.243+0000] {logging_mixin.py:154} INFO - [2023-11-21T12:55:16.243+0000] {dagbag.py:536} INFO - Filling up the DagBag from /home/airflow/.local/lib/python3.8/site-packages/airflow/example_dags/example_short_circuit_decorator.py
[2023-11-21T12:55:16.248+0000] {processor.py:839} INFO - DAG(s) dict_keys(['example_short_circuit_decorator']) retrieved from /home/airflow/.local/lib/python3.8/site-packages/airflow/example_dags/example_short_circuit_decorator.py
[2023-11-21T12:55:16.258+0000] {logging_mixin.py:154} INFO - [2023-11-21T12:55:16.258+0000] {dag.py:2941} INFO - Sync 1 DAGs
[2023-11-21T12:55:16.267+0000] {logging_mixin.py:154} INFO - [2023-11-21T12:55:16.267+0000] {dag.py:3722} INFO - Setting next_dagrun for example_short_circuit_decorator to 2023-11-20T12:55:16.267722+00:00, run_after=2023-11-21T12:55:16.267722+00:00
[2023-11-21T12:55:16.274+0000] {processor.py:179} INFO - Processing /home/airflow/.local/lib/python3.8/site-packages/airflow/example_dags/example_short_circuit_decorator.py took 0.034 seconds
[2023-11-21T12:55:46.835+0000] {processor.py:157} INFO - Started process (PID=756) to work on /home/airflow/.local/lib/python3.8/site-packages/airflow/example_dags/example_short_circuit_decorator.py
[2023-11-21T12:55:46.835+0000] {processor.py:829} INFO - Processing file /home/airflow/.local/lib/python3.8/site-packages/airflow/example_dags/example_short_circuit_decorator.py for tasks to queue
[2023-11-21T12:55:46.836+0000] {logging_mixin.py:154} INFO - [2023-11-21T12:55:46.836+0000] {dagbag.py:536} INFO - Filling up the DagBag from /home/airflow/.local/lib/python3.8/site-packages/airflow/example_dags/example_short_circuit_decorator.py
[2023-11-21T12:55:46.841+0000] {processor.py:839} INFO - DAG(s) dict_keys(['example_short_circuit_decorator']) retrieved from /home/airflow/.local/lib/python3.8/site-packages/airflow/example_dags/example_short_circuit_decorator.py
[2023-11-21T12:55:46.852+0000] {logging_mixin.py:154} INFO - [2023-11-21T12:55:46.852+0000] {dag.py:2941} INFO - Sync 1 DAGs
[2023-11-21T12:55:46.862+0000] {logging_mixin.py:154} INFO - [2023-11-21T12:55:46.862+0000] {dag.py:3722} INFO - Setting next_dagrun for example_short_circuit_decorator to 2023-11-20T12:55:46.861874+00:00, run_after=2023-11-21T12:55:46.861874+00:00
[2023-11-21T12:55:46.869+0000] {processor.py:179} INFO - Processing /home/airflow/.local/lib/python3.8/site-packages/airflow/example_dags/example_short_circuit_decorator.py took 0.036 seconds
[2023-11-21T12:56:17.386+0000] {processor.py:157} INFO - Started process (PID=994) to work on /home/airflow/.local/lib/python3.8/site-packages/airflow/example_dags/example_short_circuit_decorator.py
[2023-11-21T12:56:17.386+0000] {processor.py:829} INFO - Processing file /home/airflow/.local/lib/python3.8/site-packages/airflow/example_dags/example_short_circuit_decorator.py for tasks to queue
[2023-11-21T12:56:17.386+0000] {logging_mixin.py:154} INFO - [2023-11-21T12:56:17.386+0000] {dagbag.py:536} INFO - Filling up the DagBag from /home/airflow/.local/lib/python3.8/site-packages/airflow/example_dags/example_short_circuit_decorator.py
[2023-11-21T12:56:17.393+0000] {processor.py:839} INFO - DAG(s) dict_keys(['example_short_circuit_decorator']) retrieved from /home/airflow/.local/lib/python3.8/site-packages/airflow/example_dags/example_short_circuit_decorator.py
[2023-11-21T12:56:17.404+0000] {logging_mixin.py:154} INFO - [2023-11-21T12:56:17.404+0000] {dag.py:2941} INFO - Sync 1 DAGs
[2023-11-21T12:56:17.413+0000] {logging_mixin.py:154} INFO - [2023-11-21T12:56:17.413+0000] {dag.py:3722} INFO - Setting next_dagrun for example_short_circuit_decorator to 2023-11-20T12:56:17.413703+00:00, run_after=2023-11-21T12:56:17.413703+00:00
[2023-11-21T12:56:17.421+0000] {processor.py:179} INFO - Processing /home/airflow/.local/lib/python3.8/site-packages/airflow/example_dags/example_short_circuit_decorator.py took 0.037 seconds
[2023-11-21T12:56:47.938+0000] {processor.py:157} INFO - Started process (PID=1230) to work on /home/airflow/.local/lib/python3.8/site-packages/airflow/example_dags/example_short_circuit_decorator.py
[2023-11-21T12:56:47.938+0000] {processor.py:829} INFO - Processing file /home/airflow/.local/lib/python3.8/site-packages/airflow/example_dags/example_short_circuit_decorator.py for tasks to queue
[2023-11-21T12:56:47.939+0000] {logging_mixin.py:154} INFO - [2023-11-21T12:56:47.939+0000] {dagbag.py:536} INFO - Filling up the DagBag from /home/airflow/.local/lib/python3.8/site-packages/airflow/example_dags/example_short_circuit_decorator.py
[2023-11-21T12:56:47.945+0000] {processor.py:839} INFO - DAG(s) dict_keys(['example_short_circuit_decorator']) retrieved from /home/airflow/.local/lib/python3.8/site-packages/airflow/example_dags/example_short_circuit_decorator.py
[2023-11-21T12:56:47.956+0000] {logging_mixin.py:154} INFO - [2023-11-21T12:56:47.956+0000] {dag.py:2941} INFO - Sync 1 DAGs
[2023-11-21T12:56:47.966+0000] {logging_mixin.py:154} INFO - [2023-11-21T12:56:47.966+0000] {dag.py:3722} INFO - Setting next_dagrun for example_short_circuit_decorator to 2023-11-20T12:56:47.966301+00:00, run_after=2023-11-21T12:56:47.966301+00:00
[2023-11-21T12:56:47.973+0000] {processor.py:179} INFO - Processing /home/airflow/.local/lib/python3.8/site-packages/airflow/example_dags/example_short_circuit_decorator.py took 0.038 seconds
