[2023-11-21T12:54:45.482+0000] {processor.py:157} INFO - Started process (PID=180) to work on /home/airflow/.local/lib/python3.8/site-packages/airflow/example_dags/example_sensor_decorator.py
[2023-11-21T12:54:45.483+0000] {processor.py:829} INFO - Processing file /home/airflow/.local/lib/python3.8/site-packages/airflow/example_dags/example_sensor_decorator.py for tasks to queue
[2023-11-21T12:54:45.484+0000] {logging_mixin.py:154} INFO - [2023-11-21T12:54:45.484+0000] {dagbag.py:536} INFO - Filling up the DagBag from /home/airflow/.local/lib/python3.8/site-packages/airflow/example_dags/example_sensor_decorator.py
[2023-11-21T12:54:45.489+0000] {processor.py:839} INFO - DAG(s) dict_keys(['example_sensor_decorator']) retrieved from /home/airflow/.local/lib/python3.8/site-packages/airflow/example_dags/example_sensor_decorator.py
[2023-11-21T12:54:45.496+0000] {logging_mixin.py:154} INFO - [2023-11-21T12:54:45.496+0000] {dag.py:2941} INFO - Sync 1 DAGs
[2023-11-21T12:54:45.504+0000] {logging_mixin.py:154} INFO - [2023-11-21T12:54:45.503+0000] {dag.py:3722} INFO - Setting next_dagrun for example_sensor_decorator to None, run_after=None
[2023-11-21T12:54:45.511+0000] {processor.py:179} INFO - Processing /home/airflow/.local/lib/python3.8/site-packages/airflow/example_dags/example_sensor_decorator.py took 0.031 seconds
[2023-11-21T12:55:15.705+0000] {processor.py:157} INFO - Started process (PID=418) to work on /home/airflow/.local/lib/python3.8/site-packages/airflow/example_dags/example_sensor_decorator.py
[2023-11-21T12:55:15.706+0000] {processor.py:829} INFO - Processing file /home/airflow/.local/lib/python3.8/site-packages/airflow/example_dags/example_sensor_decorator.py for tasks to queue
[2023-11-21T12:55:15.706+0000] {logging_mixin.py:154} INFO - [2023-11-21T12:55:15.706+0000] {dagbag.py:536} INFO - Filling up the DagBag from /home/airflow/.local/lib/python3.8/site-packages/airflow/example_dags/example_sensor_decorator.py
[2023-11-21T12:55:15.709+0000] {processor.py:839} INFO - DAG(s) dict_keys(['example_sensor_decorator']) retrieved from /home/airflow/.local/lib/python3.8/site-packages/airflow/example_dags/example_sensor_decorator.py
[2023-11-21T12:55:15.718+0000] {logging_mixin.py:154} INFO - [2023-11-21T12:55:15.718+0000] {dag.py:2941} INFO - Sync 1 DAGs
[2023-11-21T12:55:15.725+0000] {logging_mixin.py:154} INFO - [2023-11-21T12:55:15.725+0000] {dag.py:3722} INFO - Setting next_dagrun for example_sensor_decorator to None, run_after=None
[2023-11-21T12:55:15.732+0000] {processor.py:179} INFO - Processing /home/airflow/.local/lib/python3.8/site-packages/airflow/example_dags/example_sensor_decorator.py took 0.028 seconds
[2023-11-21T12:55:46.233+0000] {processor.py:157} INFO - Started process (PID=656) to work on /home/airflow/.local/lib/python3.8/site-packages/airflow/example_dags/example_sensor_decorator.py
[2023-11-21T12:55:46.234+0000] {processor.py:829} INFO - Processing file /home/airflow/.local/lib/python3.8/site-packages/airflow/example_dags/example_sensor_decorator.py for tasks to queue
[2023-11-21T12:55:46.234+0000] {logging_mixin.py:154} INFO - [2023-11-21T12:55:46.234+0000] {dagbag.py:536} INFO - Filling up the DagBag from /home/airflow/.local/lib/python3.8/site-packages/airflow/example_dags/example_sensor_decorator.py
[2023-11-21T12:55:46.237+0000] {processor.py:839} INFO - DAG(s) dict_keys(['example_sensor_decorator']) retrieved from /home/airflow/.local/lib/python3.8/site-packages/airflow/example_dags/example_sensor_decorator.py
[2023-11-21T12:55:46.248+0000] {logging_mixin.py:154} INFO - [2023-11-21T12:55:46.248+0000] {dag.py:2941} INFO - Sync 1 DAGs
[2023-11-21T12:55:46.253+0000] {logging_mixin.py:154} INFO - [2023-11-21T12:55:46.253+0000] {dag.py:3722} INFO - Setting next_dagrun for example_sensor_decorator to None, run_after=None
[2023-11-21T12:55:46.260+0000] {processor.py:179} INFO - Processing /home/airflow/.local/lib/python3.8/site-packages/airflow/example_dags/example_sensor_decorator.py took 0.028 seconds
[2023-11-21T12:56:16.784+0000] {processor.py:157} INFO - Started process (PID=894) to work on /home/airflow/.local/lib/python3.8/site-packages/airflow/example_dags/example_sensor_decorator.py
[2023-11-21T12:56:16.784+0000] {processor.py:829} INFO - Processing file /home/airflow/.local/lib/python3.8/site-packages/airflow/example_dags/example_sensor_decorator.py for tasks to queue
[2023-11-21T12:56:16.785+0000] {logging_mixin.py:154} INFO - [2023-11-21T12:56:16.784+0000] {dagbag.py:536} INFO - Filling up the DagBag from /home/airflow/.local/lib/python3.8/site-packages/airflow/example_dags/example_sensor_decorator.py
[2023-11-21T12:56:16.788+0000] {processor.py:839} INFO - DAG(s) dict_keys(['example_sensor_decorator']) retrieved from /home/airflow/.local/lib/python3.8/site-packages/airflow/example_dags/example_sensor_decorator.py
[2023-11-21T12:56:16.797+0000] {logging_mixin.py:154} INFO - [2023-11-21T12:56:16.797+0000] {dag.py:2941} INFO - Sync 1 DAGs
[2023-11-21T12:56:16.803+0000] {logging_mixin.py:154} INFO - [2023-11-21T12:56:16.803+0000] {dag.py:3722} INFO - Setting next_dagrun for example_sensor_decorator to None, run_after=None
[2023-11-21T12:56:16.810+0000] {processor.py:179} INFO - Processing /home/airflow/.local/lib/python3.8/site-packages/airflow/example_dags/example_sensor_decorator.py took 0.028 seconds
[2023-11-21T12:56:47.272+0000] {processor.py:157} INFO - Started process (PID=1132) to work on /home/airflow/.local/lib/python3.8/site-packages/airflow/example_dags/example_sensor_decorator.py
[2023-11-21T12:56:47.272+0000] {processor.py:829} INFO - Processing file /home/airflow/.local/lib/python3.8/site-packages/airflow/example_dags/example_sensor_decorator.py for tasks to queue
[2023-11-21T12:56:47.272+0000] {logging_mixin.py:154} INFO - [2023-11-21T12:56:47.272+0000] {dagbag.py:536} INFO - Filling up the DagBag from /home/airflow/.local/lib/python3.8/site-packages/airflow/example_dags/example_sensor_decorator.py
[2023-11-21T12:56:47.276+0000] {processor.py:839} INFO - DAG(s) dict_keys(['example_sensor_decorator']) retrieved from /home/airflow/.local/lib/python3.8/site-packages/airflow/example_dags/example_sensor_decorator.py
[2023-11-21T12:56:47.285+0000] {logging_mixin.py:154} INFO - [2023-11-21T12:56:47.285+0000] {dag.py:2941} INFO - Sync 1 DAGs
[2023-11-21T12:56:47.291+0000] {logging_mixin.py:154} INFO - [2023-11-21T12:56:47.291+0000] {dag.py:3722} INFO - Setting next_dagrun for example_sensor_decorator to None, run_after=None
[2023-11-21T12:56:47.299+0000] {processor.py:179} INFO - Processing /home/airflow/.local/lib/python3.8/site-packages/airflow/example_dags/example_sensor_decorator.py took 0.029 seconds
