[2023-11-21T12:54:46.501+0000] {processor.py:157} INFO - Started process (PID=335) to work on /home/airflow/.local/lib/python3.8/site-packages/airflow/example_dags/example_setup_teardown.py
[2023-11-21T12:54:46.501+0000] {processor.py:829} INFO - Processing file /home/airflow/.local/lib/python3.8/site-packages/airflow/example_dags/example_setup_teardown.py for tasks to queue
[2023-11-21T12:54:46.502+0000] {logging_mixin.py:154} INFO - [2023-11-21T12:54:46.502+0000] {dagbag.py:536} INFO - Filling up the DagBag from /home/airflow/.local/lib/python3.8/site-packages/airflow/example_dags/example_setup_teardown.py
[2023-11-21T12:54:46.507+0000] {processor.py:839} INFO - DAG(s) dict_keys(['example_setup_teardown']) retrieved from /home/airflow/.local/lib/python3.8/site-packages/airflow/example_dags/example_setup_teardown.py
[2023-11-21T12:54:46.514+0000] {logging_mixin.py:154} INFO - [2023-11-21T12:54:46.514+0000] {dag.py:2941} INFO - Sync 1 DAGs
[2023-11-21T12:54:46.525+0000] {logging_mixin.py:154} INFO - [2023-11-21T12:54:46.525+0000] {dag.py:3722} INFO - Setting next_dagrun for example_setup_teardown to 2023-11-20T12:54:46.525457+00:00, run_after=2023-11-21T12:54:46.525457+00:00
[2023-11-21T12:54:46.533+0000] {processor.py:179} INFO - Processing /home/airflow/.local/lib/python3.8/site-packages/airflow/example_dags/example_setup_teardown.py took 0.034 seconds
[2023-11-21T12:55:16.595+0000] {processor.py:157} INFO - Started process (PID=573) to work on /home/airflow/.local/lib/python3.8/site-packages/airflow/example_dags/example_setup_teardown.py
[2023-11-21T12:55:16.595+0000] {processor.py:829} INFO - Processing file /home/airflow/.local/lib/python3.8/site-packages/airflow/example_dags/example_setup_teardown.py for tasks to queue
[2023-11-21T12:55:16.596+0000] {logging_mixin.py:154} INFO - [2023-11-21T12:55:16.595+0000] {dagbag.py:536} INFO - Filling up the DagBag from /home/airflow/.local/lib/python3.8/site-packages/airflow/example_dags/example_setup_teardown.py
[2023-11-21T12:55:16.600+0000] {processor.py:839} INFO - DAG(s) dict_keys(['example_setup_teardown']) retrieved from /home/airflow/.local/lib/python3.8/site-packages/airflow/example_dags/example_setup_teardown.py
[2023-11-21T12:55:16.609+0000] {logging_mixin.py:154} INFO - [2023-11-21T12:55:16.609+0000] {dag.py:2941} INFO - Sync 1 DAGs
[2023-11-21T12:55:16.618+0000] {logging_mixin.py:154} INFO - [2023-11-21T12:55:16.618+0000] {dag.py:3722} INFO - Setting next_dagrun for example_setup_teardown to 2023-11-20T12:55:16.618559+00:00, run_after=2023-11-21T12:55:16.618559+00:00
[2023-11-21T12:55:16.625+0000] {processor.py:179} INFO - Processing /home/airflow/.local/lib/python3.8/site-packages/airflow/example_dags/example_setup_teardown.py took 0.032 seconds
[2023-11-21T12:55:47.132+0000] {processor.py:157} INFO - Started process (PID=809) to work on /home/airflow/.local/lib/python3.8/site-packages/airflow/example_dags/example_setup_teardown.py
[2023-11-21T12:55:47.133+0000] {processor.py:829} INFO - Processing file /home/airflow/.local/lib/python3.8/site-packages/airflow/example_dags/example_setup_teardown.py for tasks to queue
[2023-11-21T12:55:47.133+0000] {logging_mixin.py:154} INFO - [2023-11-21T12:55:47.133+0000] {dagbag.py:536} INFO - Filling up the DagBag from /home/airflow/.local/lib/python3.8/site-packages/airflow/example_dags/example_setup_teardown.py
[2023-11-21T12:55:47.137+0000] {processor.py:839} INFO - DAG(s) dict_keys(['example_setup_teardown']) retrieved from /home/airflow/.local/lib/python3.8/site-packages/airflow/example_dags/example_setup_teardown.py
[2023-11-21T12:55:47.146+0000] {logging_mixin.py:154} INFO - [2023-11-21T12:55:47.146+0000] {dag.py:2941} INFO - Sync 1 DAGs
[2023-11-21T12:55:47.156+0000] {logging_mixin.py:154} INFO - [2023-11-21T12:55:47.156+0000] {dag.py:3722} INFO - Setting next_dagrun for example_setup_teardown to 2023-11-20T12:55:47.156222+00:00, run_after=2023-11-21T12:55:47.156222+00:00
[2023-11-21T12:55:47.163+0000] {processor.py:179} INFO - Processing /home/airflow/.local/lib/python3.8/site-packages/airflow/example_dags/example_setup_teardown.py took 0.033 seconds
[2023-11-21T12:56:17.683+0000] {processor.py:157} INFO - Started process (PID=1047) to work on /home/airflow/.local/lib/python3.8/site-packages/airflow/example_dags/example_setup_teardown.py
[2023-11-21T12:56:17.684+0000] {processor.py:829} INFO - Processing file /home/airflow/.local/lib/python3.8/site-packages/airflow/example_dags/example_setup_teardown.py for tasks to queue
[2023-11-21T12:56:17.684+0000] {logging_mixin.py:154} INFO - [2023-11-21T12:56:17.684+0000] {dagbag.py:536} INFO - Filling up the DagBag from /home/airflow/.local/lib/python3.8/site-packages/airflow/example_dags/example_setup_teardown.py
[2023-11-21T12:56:17.688+0000] {processor.py:839} INFO - DAG(s) dict_keys(['example_setup_teardown']) retrieved from /home/airflow/.local/lib/python3.8/site-packages/airflow/example_dags/example_setup_teardown.py
[2023-11-21T12:56:17.698+0000] {logging_mixin.py:154} INFO - [2023-11-21T12:56:17.698+0000] {dag.py:2941} INFO - Sync 1 DAGs
[2023-11-21T12:56:17.707+0000] {logging_mixin.py:154} INFO - [2023-11-21T12:56:17.707+0000] {dag.py:3722} INFO - Setting next_dagrun for example_setup_teardown to 2023-11-20T12:56:17.707258+00:00, run_after=2023-11-21T12:56:17.707258+00:00
[2023-11-21T12:56:17.715+0000] {processor.py:179} INFO - Processing /home/airflow/.local/lib/python3.8/site-packages/airflow/example_dags/example_setup_teardown.py took 0.034 seconds
[2023-11-21T12:56:48.230+0000] {processor.py:157} INFO - Started process (PID=1285) to work on /home/airflow/.local/lib/python3.8/site-packages/airflow/example_dags/example_setup_teardown.py
[2023-11-21T12:56:48.230+0000] {processor.py:829} INFO - Processing file /home/airflow/.local/lib/python3.8/site-packages/airflow/example_dags/example_setup_teardown.py for tasks to queue
[2023-11-21T12:56:48.231+0000] {logging_mixin.py:154} INFO - [2023-11-21T12:56:48.231+0000] {dagbag.py:536} INFO - Filling up the DagBag from /home/airflow/.local/lib/python3.8/site-packages/airflow/example_dags/example_setup_teardown.py
[2023-11-21T12:56:48.235+0000] {processor.py:839} INFO - DAG(s) dict_keys(['example_setup_teardown']) retrieved from /home/airflow/.local/lib/python3.8/site-packages/airflow/example_dags/example_setup_teardown.py
[2023-11-21T12:56:48.245+0000] {logging_mixin.py:154} INFO - [2023-11-21T12:56:48.245+0000] {dag.py:2941} INFO - Sync 1 DAGs
[2023-11-21T12:56:48.255+0000] {logging_mixin.py:154} INFO - [2023-11-21T12:56:48.255+0000] {dag.py:3722} INFO - Setting next_dagrun for example_setup_teardown to 2023-11-20T12:56:48.255471+00:00, run_after=2023-11-21T12:56:48.255471+00:00
[2023-11-21T12:56:48.263+0000] {processor.py:179} INFO - Processing /home/airflow/.local/lib/python3.8/site-packages/airflow/example_dags/example_setup_teardown.py took 0.035 seconds
