[2023-12-07T16:41:44.628+0000] {taskinstance.py:1159} INFO - Dependencies all met for dep_context=non-requeueable deps ti=<TaskInstance: my_scraping_dag.main_task manual__2023-12-07T16:40:41.946667+00:00 [queued]>
[2023-12-07T16:41:44.631+0000] {taskinstance.py:1159} INFO - Dependencies all met for dep_context=requeueable deps ti=<TaskInstance: my_scraping_dag.main_task manual__2023-12-07T16:40:41.946667+00:00 [queued]>
[2023-12-07T16:41:44.632+0000] {taskinstance.py:1361} INFO - Starting attempt 3 of 3
[2023-12-07T16:41:44.637+0000] {taskinstance.py:1382} INFO - Executing <Task(PythonOperator): main_task> on 2023-12-07 16:40:41.946667+00:00
[2023-12-07T16:41:44.639+0000] {standard_task_runner.py:57} INFO - Started process 4726 to run task
[2023-12-07T16:41:44.641+0000] {standard_task_runner.py:84} INFO - Running: ['***', 'tasks', 'run', 'my_scraping_dag', 'main_task', 'manual__2023-12-07T16:40:41.946667+00:00', '--job-id', '1072', '--raw', '--subdir', 'DAGS_FOLDER/main.py', '--cfg-path', '/tmp/tmpxaws7bq2']
[2023-12-07T16:41:44.642+0000] {standard_task_runner.py:85} INFO - Job 1072: Subtask main_task
[2023-12-07T16:41:44.662+0000] {task_command.py:416} INFO - Running <TaskInstance: my_scraping_dag.main_task manual__2023-12-07T16:40:41.946667+00:00 [running]> on host 63b0c7e341c0
[2023-12-07T16:41:44.691+0000] {taskinstance.py:1662} INFO - Exporting env vars: AIRFLOW_CTX_DAG_OWNER='***' AIRFLOW_CTX_DAG_ID='my_scraping_dag' AIRFLOW_CTX_TASK_ID='main_task' AIRFLOW_CTX_EXECUTION_DATE='2023-12-07T16:40:41.946667+00:00' AIRFLOW_CTX_TRY_NUMBER='3' AIRFLOW_CTX_DAG_RUN_ID='manual__2023-12-07T16:40:41.946667+00:00'
[2023-12-07T16:41:44.692+0000] {taskinstance.py:1937} ERROR - Task failed with exception
Traceback (most recent call last):
  File "/usr/local/lib/python3.8/configparser.py", line 846, in items
    d.update(self._sections[section])
KeyError: 'web'

During handling of the above exception, another exception occurred:

Traceback (most recent call last):
  File "/home/airflow/.local/lib/python3.8/site-packages/airflow/operators/python.py", line 192, in execute
    return_value = self.execute_callable()
  File "/home/airflow/.local/lib/python3.8/site-packages/airflow/operators/python.py", line 209, in execute_callable
    return self.python_callable(*self.op_args, **self.op_kwargs)
  File "/opt/airflow/dags/main.py", line 60, in main
    config = get_config('web')
  File "/opt/airflow/dags/main.py", line 22, in get_config
    return {key: value for key, value in parser.items(section)}
  File "/usr/local/lib/python3.8/configparser.py", line 849, in items
    raise NoSectionError(section)
configparser.NoSectionError: No section: 'web'
[2023-12-07T16:41:44.696+0000] {taskinstance.py:1400} INFO - Marking task as FAILED. dag_id=my_scraping_dag, task_id=main_task, execution_date=20231207T164041, start_date=20231207T164144, end_date=20231207T164144
[2023-12-07T16:41:44.700+0000] {standard_task_runner.py:104} ERROR - Failed to execute job 1072 for task main_task (No section: 'web'; 4726)
[2023-12-07T16:41:44.738+0000] {local_task_job_runner.py:228} INFO - Task exited with return code 1
[2023-12-07T16:41:44.750+0000] {taskinstance.py:2778} INFO - 0 downstream tasks scheduled from follow-on schedule check
